Config file loaded successfully.
Feature weights for environment: [-0.23570226 -0.94280904  0.41247896]
Generated optimal policies for all environments.

Running experiment 1/100...
Shuffled Estops: [([(0, 1), (3, 3), (4, 3), (5, None)], 3), ([(0, 3), (1, 3), (2, 1), (5, None)], 0), ([(0, 1), (3, 3), (4, 0), (1, 3), (2, 1), (5, None)], 2)]

Running PBIRL with 1 demonstrations for experiment 1
MCMC completed with acceptance ratio: 1.0000
Using 1950 samples after burn-in.
MAP Solution: [-0.39311052  0.90524922 -0.16120785]
True reward weights: [-0.23570226 -0.94280904  0.41247896]
MAP Policy for current environment:
0.85-VaR-max-normalization for 1 demonstrations: 11.223401
0.9-VaR-max-normalization for 1 demonstrations: 11.961962
0.95-VaR-max-normalization for 1 demonstrations: 12.731394
0.99-VaR-max-normalization for 1 demonstrations: 13.206948
True EVD for 1 demonstrations: 11.510499
Avar bound for threshold 0.1: 12.731394
INSUFFICIENT (12.731394 >= 0.1)
Avar bound for threshold 0.2: 12.731394
INSUFFICIENT (12.731394 >= 0.2)
Avar bound for threshold 0.3: 12.731394
INSUFFICIENT (12.731394 >= 0.3)
Avar bound for threshold 0.4: 12.731394
INSUFFICIENT (12.731394 >= 0.4)

Running PBIRL with 2 demonstrations for experiment 1
MCMC completed with acceptance ratio: 0.5783
Using 1950 samples after burn-in.
MAP Solution: [-0.0910767   0.95057833 -0.29682633]
True reward weights: [-0.23570226 -0.94280904  0.41247896]
MAP Policy for current environment:
0.85-VaR-max-normalization for 2 demonstrations: 3.697024
0.9-VaR-max-normalization for 2 demonstrations: 5.839182
0.95-VaR-max-normalization for 2 demonstrations: 7.699175
0.99-VaR-max-normalization for 2 demonstrations: 8.473647
True EVD for 2 demonstrations: 11.510499
Avar bound for threshold 0.1: 7.699175
INSUFFICIENT (7.699175 >= 0.1)
Avar bound for threshold 0.2: 7.699175
INSUFFICIENT (7.699175 >= 0.2)
Avar bound for threshold 0.3: 7.699175
INSUFFICIENT (7.699175 >= 0.3)
Avar bound for threshold 0.4: 7.699175
INSUFFICIENT (7.699175 >= 0.4)

Running PBIRL with 3 demonstrations for experiment 1
MCMC completed with acceptance ratio: 0.5813
Using 1950 samples after burn-in.
MAP Solution: [-0.58168742  0.79366859  0.17812893]
True reward weights: [-0.23570226 -0.94280904  0.41247896]
MAP Policy for current environment:
0.85-VaR-max-normalization for 3 demonstrations: 2.710460
0.9-VaR-max-normalization for 3 demonstrations: 6.150112
0.95-VaR-max-normalization for 3 demonstrations: 7.645558
0.99-VaR-max-normalization for 3 demonstrations: 8.416085
True EVD for 3 demonstrations: 11.510499
Avar bound for threshold 0.1: 7.645558
INSUFFICIENT (7.645558 >= 0.1)
Avar bound for threshold 0.2: 7.645558
INSUFFICIENT (7.645558 >= 0.2)
Avar bound for threshold 0.3: 7.645558
INSUFFICIENT (7.645558 >= 0.3)
Avar bound for threshold 0.4: 7.645558
INSUFFICIENT (7.645558 >= 0.4)

Running experiment 2/100...
Shuffled Estops: [([(0, 3), (1, 3), (2, 1), (5, None)], 0), ([(0, 1), (3, 3), (4, 0), (1, 3), (2, 1), (5, None)], 2), ([(0, 1), (3, 3), (4, 3), (5, None)], 3)]

Running PBIRL with 1 demonstrations for experiment 2
MCMC completed with acceptance ratio: 0.5913
Using 1950 samples after burn-in.
MAP Solution: [ 4.25937996e-01 -6.66639391e-04 -9.04752109e-01]
True reward weights: [-0.23570226 -0.94280904  0.41247896]
MAP Policy for current environment:
0.85-VaR-max-normalization for 1 demonstrations: 13.969794
0.9-VaR-max-normalization for 1 demonstrations: 15.546848
0.95-VaR-max-normalization for 1 demonstrations: 18.546201
0.99-VaR-max-normalization for 1 demonstrations: 21.392889
True EVD for 1 demonstrations: 8.639518
Avar bound for threshold 0.1: 18.546201
INSUFFICIENT (18.546201 >= 0.1)
Avar bound for threshold 0.2: 18.546201
INSUFFICIENT (18.546201 >= 0.2)
Avar bound for threshold 0.3: 18.546201
INSUFFICIENT (18.546201 >= 0.3)
Avar bound for threshold 0.4: 18.546201
INSUFFICIENT (18.546201 >= 0.4)

Running PBIRL with 2 demonstrations for experiment 2
MCMC completed with acceptance ratio: 0.5940
Using 1950 samples after burn-in.
MAP Solution: [-2.41045633e-01  3.78200886e-04 -9.70513709e-01]
True reward weights: [-0.23570226 -0.94280904  0.41247896]
MAP Policy for current environment:
0.85-VaR-max-normalization for 2 demonstrations: 5.429772
0.9-VaR-max-normalization for 2 demonstrations: 6.995427
0.95-VaR-max-normalization for 2 demonstrations: 7.860215
0.99-VaR-max-normalization for 2 demonstrations: 8.373640
True EVD for 2 demonstrations: 11.510499
Avar bound for threshold 0.1: 7.860215
INSUFFICIENT (7.860215 >= 0.1)
Avar bound for threshold 0.2: 7.860215
INSUFFICIENT (7.860215 >= 0.2)
Avar bound for threshold 0.3: 7.860215
INSUFFICIENT (7.860215 >= 0.3)
Avar bound for threshold 0.4: 7.860215
INSUFFICIENT (7.860215 >= 0.4)

Running PBIRL with 3 demonstrations for experiment 2
MCMC completed with acceptance ratio: 0.5803
Using 1950 samples after burn-in.
MAP Solution: [0.00161795 0.58044076 0.81430087]
True reward weights: [-0.23570226 -0.94280904  0.41247896]
MAP Policy for current environment:
0.85-VaR-max-normalization for 3 demonstrations: 1.099173
0.9-VaR-max-normalization for 3 demonstrations: 1.101361
0.95-VaR-max-normalization for 3 demonstrations: 1.103552
0.99-VaR-max-normalization for 3 demonstrations: 1.105596
True EVD for 3 demonstrations: 0.024532
Avar bound for threshold 0.1: 1.103552
INSUFFICIENT (1.103552 >= 0.1)
Avar bound for threshold 0.2: 1.103552
INSUFFICIENT (1.103552 >= 0.2)
Avar bound for threshold 0.3: 1.103552
INSUFFICIENT (1.103552 >= 0.3)
Avar bound for threshold 0.4: 1.103552
INSUFFICIENT (1.103552 >= 0.4)

Saving results to files...
Results saved successfully.

Running experiment 3/100...
Shuffled Estops: [([(0, 3), (1, 3), (2, 1), (5, None)], 0), ([(0, 1), (3, 3), (4, 0), (1, 3), (2, 1), (5, None)], 2), ([(0, 1), (3, 3), (4, 3), (5, None)], 3)]

Running PBIRL with 1 demonstrations for experiment 3
MCMC completed with acceptance ratio: 0.5913
Using 1950 samples after burn-in.
MAP Solution: [ 0.34255045  0.89571565 -0.28346545]
True reward weights: [-0.23570226 -0.94280904  0.41247896]
MAP Policy for current environment:
0.85-VaR-max-normalization for 1 demonstrations: 4.348374
0.9-VaR-max-normalization for 1 demonstrations: 6.623497
0.95-VaR-max-normalization for 1 demonstrations: 7.723786
0.99-VaR-max-normalization for 1 demonstrations: 8.387265
True EVD for 1 demonstrations: 11.510499
Avar bound for threshold 0.1: 7.723786
INSUFFICIENT (7.723786 >= 0.1)
Avar bound for threshold 0.2: 7.723786
INSUFFICIENT (7.723786 >= 0.2)
Avar bound for threshold 0.3: 7.723786
INSUFFICIENT (7.723786 >= 0.3)
Avar bound for threshold 0.4: 7.723786
INSUFFICIENT (7.723786 >= 0.4)

Running PBIRL with 2 demonstrations for experiment 3
MCMC completed with acceptance ratio: 0.5957
Using 1950 samples after burn-in.
MAP Solution: [-0.30925347  0.00207771 -0.95097738]
True reward weights: [-0.23570226 -0.94280904  0.41247896]
MAP Policy for current environment:
0.85-VaR-max-normalization for 2 demonstrations: 3.017038
0.9-VaR-max-normalization for 2 demonstrations: 6.135023
0.95-VaR-max-normalization for 2 demonstrations: 7.777853
0.99-VaR-max-normalization for 2 demonstrations: 8.295658
True EVD for 2 demonstrations: 11.510499
Avar bound for threshold 0.1: 7.777853
INSUFFICIENT (7.777853 >= 0.1)
Avar bound for threshold 0.2: 7.777853
INSUFFICIENT (7.777853 >= 0.2)
Avar bound for threshold 0.3: 7.777853
INSUFFICIENT (7.777853 >= 0.3)
Avar bound for threshold 0.4: 7.777853
INSUFFICIENT (7.777853 >= 0.4)

Running PBIRL with 3 demonstrations for experiment 3
MCMC completed with acceptance ratio: 0.5877
Using 1950 samples after burn-in.
MAP Solution: [ 0.04996374  0.4999495  -0.86461212]
True reward weights: [-0.23570226 -0.94280904  0.41247896]
MAP Policy for current environment:
0.85-VaR-max-normalization for 3 demonstrations: 5.023422
0.9-VaR-max-normalization for 3 demonstrations: 6.884974
0.95-VaR-max-normalization for 3 demonstrations: 7.801735
0.99-VaR-max-normalization for 3 demonstrations: 8.428694
True EVD for 3 demonstrations: 11.510499
Avar bound for threshold 0.1: 7.801735
INSUFFICIENT (7.801735 >= 0.1)
Avar bound for threshold 0.2: 7.801735
INSUFFICIENT (7.801735 >= 0.2)
Avar bound for threshold 0.3: 7.801735
INSUFFICIENT (7.801735 >= 0.3)
Avar bound for threshold 0.4: 7.801735
INSUFFICIENT (7.801735 >= 0.4)

Running experiment 4/100...
Shuffled Estops: [([(0, 3), (1, 3), (2, 1), (5, None)], 0), ([(0, 1), (3, 3), (4, 3), (5, None)], 3), ([(0, 1), (3, 3), (4, 0), (1, 3), (2, 1), (5, None)], 2)]

Running PBIRL with 1 demonstrations for experiment 4
MCMC completed with acceptance ratio: 0.5837
Using 1950 samples after burn-in.
MAP Solution: [ 0.27627418  0.81339972 -0.51191158]
True reward weights: [-0.23570226 -0.94280904  0.41247896]
MAP Policy for current environment:
0.85-VaR-max-normalization for 1 demonstrations: 4.911843
0.9-VaR-max-normalization for 1 demonstrations: 7.224817
0.95-VaR-max-normalization for 1 demonstrations: 8.029224
0.99-VaR-max-normalization for 1 demonstrations: 8.503029
True EVD for 1 demonstrations: 11.510499
Avar bound for threshold 0.1: 8.029224
INSUFFICIENT (8.029224 >= 0.1)
Avar bound for threshold 0.2: 8.029224
INSUFFICIENT (8.029224 >= 0.2)
Avar bound for threshold 0.3: 8.029224
INSUFFICIENT (8.029224 >= 0.3)
Avar bound for threshold 0.4: 8.029224
INSUFFICIENT (8.029224 >= 0.4)

Running PBIRL with 2 demonstrations for experiment 4
MCMC completed with acceptance ratio: 0.6050
Using 1950 samples after burn-in.
MAP Solution: [-0.36282767  0.913561   -0.18374544]
True reward weights: [-0.23570226 -0.94280904  0.41247896]
MAP Policy for current environment:
0.85-VaR-max-normalization for 2 demonstrations: 3.854590
0.9-VaR-max-normalization for 2 demonstrations: 6.273037
0.95-VaR-max-normalization for 2 demonstrations: 7.853331
0.99-VaR-max-normalization for 2 demonstrations: 8.455534
True EVD for 2 demonstrations: 11.510499
Avar bound for threshold 0.1: 7.853331
INSUFFICIENT (7.853331 >= 0.1)
Avar bound for threshold 0.2: 7.853331
INSUFFICIENT (7.853331 >= 0.2)
Avar bound for threshold 0.3: 7.853331
INSUFFICIENT (7.853331 >= 0.3)
Avar bound for threshold 0.4: 7.853331
INSUFFICIENT (7.853331 >= 0.4)

Running PBIRL with 3 demonstrations for experiment 4
MCMC completed with acceptance ratio: 0.5920
Using 1950 samples after burn-in.
MAP Solution: [ 0.35019701  0.91639881 -0.19384343]
True reward weights: [-0.23570226 -0.94280904  0.41247896]
MAP Policy for current environment:
0.85-VaR-max-normalization for 3 demonstrations: 2.693286
0.9-VaR-max-normalization for 3 demonstrations: 5.934932
0.95-VaR-max-normalization for 3 demonstrations: 7.179248
0.99-VaR-max-normalization for 3 demonstrations: 8.291540
True EVD for 3 demonstrations: 11.510499
Avar bound for threshold 0.1: 7.179248
INSUFFICIENT (7.179248 >= 0.1)
Avar bound for threshold 0.2: 7.179248
INSUFFICIENT (7.179248 >= 0.2)
Avar bound for threshold 0.3: 7.179248
INSUFFICIENT (7.179248 >= 0.3)
Avar bound for threshold 0.4: 7.179248
INSUFFICIENT (7.179248 >= 0.4)

Saving results to files...
Results saved successfully.

Running experiment 5/100...
Shuffled Estops: [([(0, 3), (1, 3), (2, 1), (5, None)], 0), ([(0, 1), (3, 3), (4, 0), (1, 3), (2, 1), (5, None)], 2), ([(0, 1), (3, 3), (4, 3), (5, None)], 3)]

Running PBIRL with 1 demonstrations for experiment 5
MCMC completed with acceptance ratio: 0.6020
Using 1950 samples after burn-in.
MAP Solution: [ 0.47599443  0.77438951 -0.41683352]
True reward weights: [-0.23570226 -0.94280904  0.41247896]
MAP Policy for current environment:
0.85-VaR-max-normalization for 1 demonstrations: 3.003775
0.9-VaR-max-normalization for 1 demonstrations: 6.193436
0.95-VaR-max-normalization for 1 demonstrations: 7.611403
0.99-VaR-max-normalization for 1 demonstrations: 8.383065
True EVD for 1 demonstrations: 11.510499
Avar bound for threshold 0.1: 7.611403
INSUFFICIENT (7.611403 >= 0.1)
Avar bound for threshold 0.2: 7.611403
INSUFFICIENT (7.611403 >= 0.2)
Avar bound for threshold 0.3: 7.611403
INSUFFICIENT (7.611403 >= 0.3)
Avar bound for threshold 0.4: 7.611403
INSUFFICIENT (7.611403 >= 0.4)

Running PBIRL with 2 demonstrations for experiment 5
MCMC completed with acceptance ratio: 0.6030
Using 1950 samples after burn-in.
MAP Solution: [-0.97313412  0.00104971  0.2302366 ]
True reward weights: [-0.23570226 -0.94280904  0.41247896]
MAP Policy for current environment:
0.85-VaR-max-normalization for 2 demonstrations: 1.100305
0.9-VaR-max-normalization for 2 demonstrations: 1.102110
0.95-VaR-max-normalization for 2 demonstrations: 1.104027
0.99-VaR-max-normalization for 2 demonstrations: 1.105584
True EVD for 2 demonstrations: 0.024532
Avar bound for threshold 0.1: 1.104027
INSUFFICIENT (1.104027 >= 0.1)
Avar bound for threshold 0.2: 1.104027
INSUFFICIENT (1.104027 >= 0.2)
Avar bound for threshold 0.3: 1.104027
INSUFFICIENT (1.104027 >= 0.3)
Avar bound for threshold 0.4: 1.104027
INSUFFICIENT (1.104027 >= 0.4)

Running PBIRL with 3 demonstrations for experiment 5
MCMC completed with acceptance ratio: 0.5983
Using 1950 samples after burn-in.
MAP Solution: [-0.00740893  0.9530796  -0.30262911]
True reward weights: [-0.23570226 -0.94280904  0.41247896]
MAP Policy for current environment:
0.85-VaR-max-normalization for 3 demonstrations: 3.575207
0.9-VaR-max-normalization for 3 demonstrations: 6.072099
0.95-VaR-max-normalization for 3 demonstrations: 7.641344
0.99-VaR-max-normalization for 3 demonstrations: 8.337622
True EVD for 3 demonstrations: 11.510499
Avar bound for threshold 0.1: 7.641344
INSUFFICIENT (7.641344 >= 0.1)
Avar bound for threshold 0.2: 7.641344
INSUFFICIENT (7.641344 >= 0.2)
Avar bound for threshold 0.3: 7.641344
INSUFFICIENT (7.641344 >= 0.3)
Avar bound for threshold 0.4: 7.641344
INSUFFICIENT (7.641344 >= 0.4)

Running experiment 6/100...
Shuffled Estops: [([(0, 1), (3, 3), (4, 3), (5, None)], 3), ([(0, 3), (1, 3), (2, 1), (5, None)], 0), ([(0, 1), (3, 3), (4, 0), (1, 3), (2, 1), (5, None)], 2)]

Running PBIRL with 1 demonstrations for experiment 6
MCMC completed with acceptance ratio: 1.0000
Using 1950 samples after burn-in.
MAP Solution: [-0.41278828  0.6355902   0.65240396]
True reward weights: [-0.23570226 -0.94280904  0.41247896]
MAP Policy for current environment:
0.85-VaR-max-normalization for 1 demonstrations: 1.074153
0.9-VaR-max-normalization for 1 demonstrations: 1.078455
0.95-VaR-max-normalization for 1 demonstrations: 1.082232
0.99-VaR-max-normalization for 1 demonstrations: 1.085125
True EVD for 1 demonstrations: 0.238830
Avar bound for threshold 0.1: 1.082232
INSUFFICIENT (1.082232 >= 0.1)
Avar bound for threshold 0.2: 1.082232
INSUFFICIENT (1.082232 >= 0.2)
Avar bound for threshold 0.3: 1.082232
INSUFFICIENT (1.082232 >= 0.3)
Avar bound for threshold 0.4: 1.082232
INSUFFICIENT (1.082232 >= 0.4)

Running PBIRL with 2 demonstrations for experiment 6
MCMC completed with acceptance ratio: 0.5823
Using 1950 samples after burn-in.
MAP Solution: [-0.08741416  0.95075249 -0.29736925]
True reward weights: [-0.23570226 -0.94280904  0.41247896]
MAP Policy for current environment:
0.85-VaR-max-normalization for 2 demonstrations: 4.061664
0.9-VaR-max-normalization for 2 demonstrations: 6.466655
0.95-VaR-max-normalization for 2 demonstrations: 7.829386
0.99-VaR-max-normalization for 2 demonstrations: 8.467857
True EVD for 2 demonstrations: 11.510499
Avar bound for threshold 0.1: 7.829386
INSUFFICIENT (7.829386 >= 0.1)
Avar bound for threshold 0.2: 7.829386
INSUFFICIENT (7.829386 >= 0.2)
Avar bound for threshold 0.3: 7.829386
INSUFFICIENT (7.829386 >= 0.3)
Avar bound for threshold 0.4: 7.829386
INSUFFICIENT (7.829386 >= 0.4)

Running PBIRL with 3 demonstrations for experiment 6
MCMC completed with acceptance ratio: 0.5773
Using 1950 samples after burn-in.
MAP Solution: [-0.81001904  0.51751266 -0.27577128]
True reward weights: [-0.23570226 -0.94280904  0.41247896]
MAP Policy for current environment:
0.85-VaR-max-normalization for 3 demonstrations: 3.962679
0.9-VaR-max-normalization for 3 demonstrations: 6.536698
0.95-VaR-max-normalization for 3 demonstrations: 7.720646
0.99-VaR-max-normalization for 3 demonstrations: 8.325088
True EVD for 3 demonstrations: 11.510499
Avar bound for threshold 0.1: 7.720646
INSUFFICIENT (7.720646 >= 0.1)
Avar bound for threshold 0.2: 7.720646
INSUFFICIENT (7.720646 >= 0.2)
Avar bound for threshold 0.3: 7.720646
INSUFFICIENT (7.720646 >= 0.3)
Avar bound for threshold 0.4: 7.720646
INSUFFICIENT (7.720646 >= 0.4)

Saving results to files...
Results saved successfully.

Running experiment 7/100...
Shuffled Estops: [([(0, 1), (3, 3), (4, 3), (5, None)], 3), ([(0, 3), (1, 3), (2, 1), (5, None)], 0), ([(0, 1), (3, 3), (4, 0), (1, 3), (2, 1), (5, None)], 2)]

Running PBIRL with 1 demonstrations for experiment 7
MCMC completed with acceptance ratio: 1.0000
Using 1950 samples after burn-in.
MAP Solution: [ 0.09194984  0.95090051 -0.29552233]
True reward weights: [-0.23570226 -0.94280904  0.41247896]
MAP Policy for current environment:
0.85-VaR-max-normalization for 1 demonstrations: 11.124889
