Config file loaded successfully.
Config file loaded successfully.
Feature weights for environment: [-0.97266673 -0.03083248  0.23014951]
Feature weights for environment: [-0.35835056 -0.08647525  0.92957351]
Feature weights for environment: [-0.71046942 -0.64188771  0.28846728]
Feature weights for environment: [-0.89578956 -0.24432685  0.37130237]
Feature weights for environment: [-0.7282924  -0.22722733  0.64649665]
Feature weights for environment: [-0.75022399 -0.57596895  0.32469021]
Feature weights for environment: [-0.70842322 -0.26108332  0.65572254]
Feature weights for environment: [-0.74635145 -0.57484795  0.33542412]
Feature weights for environment: [-0.0505111  -0.01531811  0.99860602]
Feature weights for environment: [-0.76518493 -0.64328377  0.02603879]
Feature weights for environment: [-0.87829137 -0.24439244  0.41094598]
Feature weights for environment: [-0.8497926  -0.50850291  0.13884283]
Feature weights for environment: [-0.34477193 -0.32328333  0.88126058]
Feature weights for environment: [-0.43088031 -0.17122291  0.88601629]
Feature weights for environment: [-0.75433776 -0.02805593  0.65588674]
Feature weights for environment: [-0.92032338 -0.11683579  0.37330186]
Feature weights for environment: [-0.76208548 -0.28664819  0.58056743]
Feature weights for environment: [-0.39174849 -0.30341429  0.86860399]
Feature weights for environment: [-0.92648321 -0.16748955  0.33701054]
Feature weights for environment: [-0.61012931 -0.3129562   0.72787406]
Feature weights for environment: [-0.3738588  -0.3262014   0.86822937]
Feature weights for environment: [-0.70965126 -0.6051058   0.36089066]
Feature weights for environment: [-0.74528522 -0.55533186  0.36899385]
Feature weights for environment: [-0.68144434 -0.29187893  0.6711485 ]
Feature weights for environment: [-0.44714936 -0.30119858  0.84222139]
Feature weights for environment: [-0.7333898  -0.47830978  0.48307263]
Feature weights for environment: [-0.65557811 -0.01374154  0.75500233]
Feature weights for environment: [-0.866301   -0.34967581  0.35672034]
Feature weights for environment: [-0.6535586  -0.23072892  0.72085041]
Feature weights for environment: [-0.81326386 -0.04441834  0.5801973 ]
Feature weights for environment: [-0.27534761 -0.19938474  0.94044108]
Feature weights for environment: [-0.90753571 -0.40234227  0.1204144 ]
Feature weights for environment: [-0.32556312 -0.30396656  0.89532842]
Feature weights for environment: [-0.839382   -0.393236    0.37523766]
Feature weights for environment: [-0.94121751 -0.05112011  0.33391067]
Feature weights for environment: [-0.05456508 -0.040557    0.99768621]
Feature weights for environment: [-0.75478167 -0.33513042  0.563908  ]
Feature weights for environment: [-0.49248773 -0.22865786  0.83974486]
Feature weights for environment: [-0.56481614 -0.46100063  0.68444222]
Feature weights for environment: [-0.6667631  -0.57474284  0.47444455]
Feature weights for environment: [-0.46247666 -0.0267168   0.88622884]
Feature weights for environment: [-0.71505276 -0.68463496  0.14133129]
Feature weights for environment: [-0.94655708 -0.29794542  0.12352418]
Feature weights for environment: [-0.88315502 -0.32822573  0.33511952]
Feature weights for environment: [-0.83381491 -0.37890594  0.40147601]
Feature weights for environment: [-0.82098277 -0.18440172  0.54035479]
Feature weights for environment: [-0.73857451 -0.23755048  0.63093381]
Feature weights for environment: [-0.95541883 -0.18852986  0.22722531]
Feature weights for environment: [-0.98484463 -0.1489005   0.08893646]
Feature weights for environment: [-0.47840873 -0.41855607  0.77196885]
Generated optimal policies for all environments.

Running experiment 1/50...
Shuffled Estops: [([(0, 2), (0, 1), (0, 3), (0, 2), (0, 1), (3, 3), (4, 2), (1, 0), (0, 3), (1, 1)], 0), ([(0, 2), (0, 0), (0, 1), (0, 2), (0, 2), (0, 2), (0, 0), (0, 3), (1, 3), (4, 2)], 0), ([(0, 1), (3, 3), (4, 0), (3, 1), (3, 2), (3, 3), (4, 3), (4, 0), (3, 3), (4, 1)], 0), ([(0, 2), (0, 0), (0, 0), (1, 2), (0, 0), (0, 0), (0, 0), (0, 3), (1, 2), (0, 0)], 0), ([(0, 3), (1, 2), (0, 3), (1, 3), (2, 2), (1, 3), (1, 0), (2, 2), (1, 1), (4, 3)], 0), ([(0, 1), (0, 1), (3, 3), (0, 1), (3, 0), (0, 1), (3, 1), (3, 0), (3, 0), (0, 1)], 0), ([(0, 2), (0, 0), (0, 2), (0, 3), (1, 1), (4, 0), (1, 0), (1, 0), (1, 3), (2, 1)], 0), ([(0, 2), (0, 0), (0, 2), (3, 3), (3, 1), (3, 2), (3, 2), (0, 0), (0, 1), (1, 1)], 0), ([(0, 2), (0, 3), (0, 0), (0, 2), (0, 0), (0, 3), (3, 0), (0, 0), (0, 2), (0, 1)], 0), ([(0, 1), (3, 1), (4, 3), (5, None)], 3), ([(0, 1), (3, 0), (0, 0), (0, 1), (3, 2), (0, 0), (0, 2), (0, 2), (0, 3), (1, 3)], 0), ([(0, 3), (0, 2), (0, 2), (0, 3), (1, 0), (1, 3), (4, 3), (5, None)], 0), ([(0, 3), (1, 3), (1, 3), (2, 3), (5, None)], 0), ([(0, 0), (0, 1), (3, 0), (0, 2), (3, 2), (3, 1), (3, 2), (0, 0), (0, 0), (0, 1)], 0), ([(0, 3), (3, 3), (0, 2), (0, 3), (1, 2), (0, 0), (0, 0), (0, 0), (0, 2), (0, 3)], 0)]

Running PBIRL with 1 demonstrations for experiment 1
MCMC completed with acceptance ratio: 0.5938
Using 3250 samples after burn-in.
MAP Solution: [ 0.46386587  0.64222722 -0.61022344]
True reward weights: [-0.97266673 -0.03083248  0.23014951]
MAP Policy for current environment:
0.85-VaR-max-normalization for 1 demonstrations: 9.046656
0.9-VaR-max-normalization for 1 demonstrations: 9.552461
0.95-VaR-max-normalization for 1 demonstrations: 10.057416
0.99-VaR-max-normalization for 1 demonstrations: 10.286884
True EVD for 1 demonstrations: 5.834776
Avar bound for threshold 0.1: 10.057416
INSUFFICIENT (10.057416 >= 0.1)
Avar bound for threshold 0.2: 10.057416
INSUFFICIENT (10.057416 >= 0.2)
Avar bound for threshold 0.3: 10.057416
INSUFFICIENT (10.057416 >= 0.3)
Avar bound for threshold 0.4: 10.057416
INSUFFICIENT (10.057416 >= 0.4)

Running PBIRL with 2 demonstrations for experiment 1
MCMC completed with acceptance ratio: 0.6030
Using 3250 samples after burn-in.
MAP Solution: [-0.02074883  0.94447397  0.3279305 ]
True reward weights: [-0.97266673 -0.03083248  0.23014951]
MAP Policy for current environment:
0.85-VaR-max-normalization for 2 demonstrations: 8.658439
0.9-VaR-max-normalization for 2 demonstrations: 9.420192
0.95-VaR-max-normalization for 2 demonstrations: 9.998977
0.99-VaR-max-normalization for 2 demonstrations: 10.263962
True EVD for 2 demonstrations: 5.834776
Avar bound for threshold 0.1: 9.998977
INSUFFICIENT (9.998977 >= 0.1)
Avar bound for threshold 0.2: 9.998977
INSUFFICIENT (9.998977 >= 0.2)
Avar bound for threshold 0.3: 9.998977
INSUFFICIENT (9.998977 >= 0.3)
Avar bound for threshold 0.4: 9.998977
INSUFFICIENT (9.998977 >= 0.4)

Running PBIRL with 3 demonstrations for experiment 1
MCMC completed with acceptance ratio: 0.6016
Using 3250 samples after burn-in.
MAP Solution: [-0.52459027  0.82777392  0.19898592]
True reward weights: [-0.97266673 -0.03083248  0.23014951]
MAP Policy for current environment:
0.85-VaR-max-normalization for 3 demonstrations: 8.884363
0.9-VaR-max-normalization for 3 demonstrations: 9.492957
0.95-VaR-max-normalization for 3 demonstrations: 9.972971
0.99-VaR-max-normalization for 3 demonstrations: 10.276240
True EVD for 3 demonstrations: 5.834776
Avar bound for threshold 0.1: 9.972971
INSUFFICIENT (9.972971 >= 0.1)
Avar bound for threshold 0.2: 9.972971
INSUFFICIENT (9.972971 >= 0.2)
Avar bound for threshold 0.3: 9.972971
INSUFFICIENT (9.972971 >= 0.3)
Avar bound for threshold 0.4: 9.972971
INSUFFICIENT (9.972971 >= 0.4)

Running PBIRL with 4 demonstrations for experiment 1
MCMC completed with acceptance ratio: 0.6014
Using 3250 samples after burn-in.
MAP Solution: [0.34551662 0.83019753 0.4374818 ]
True reward weights: [-0.97266673 -0.03083248  0.23014951]
MAP Policy for current environment:
0.85-VaR-max-normalization for 4 demonstrations: 8.838274
0.9-VaR-max-normalization for 4 demonstrations: 9.502029
0.95-VaR-max-normalization for 4 demonstrations: 9.947498
0.99-VaR-max-normalization for 4 demonstrations: 10.233612
True EVD for 4 demonstrations: 5.834776
Avar bound for threshold 0.1: 9.947498
INSUFFICIENT (9.947498 >= 0.1)
Avar bound for threshold 0.2: 9.947498
INSUFFICIENT (9.947498 >= 0.2)
Avar bound for threshold 0.3: 9.947498
INSUFFICIENT (9.947498 >= 0.3)
Avar bound for threshold 0.4: 9.947498
INSUFFICIENT (9.947498 >= 0.4)

Running PBIRL with 5 demonstrations for experiment 1
MCMC completed with acceptance ratio: 0.5988
Using 3250 samples after burn-in.
MAP Solution: [-0.44404555  0.89581006 -0.01865152]
True reward weights: [-0.97266673 -0.03083248  0.23014951]
MAP Policy for current environment:
0.85-VaR-max-normalization for 5 demonstrations: 9.018661
0.9-VaR-max-normalization for 5 demonstrations: 9.563613
0.95-VaR-max-normalization for 5 demonstrations: 9.986553
0.99-VaR-max-normalization for 5 demonstrations: 10.225666
True EVD for 5 demonstrations: 5.834776
Avar bound for threshold 0.1: 9.986553
INSUFFICIENT (9.986553 >= 0.1)
Avar bound for threshold 0.2: 9.986553
INSUFFICIENT (9.986553 >= 0.2)
Avar bound for threshold 0.3: 9.986553
INSUFFICIENT (9.986553 >= 0.3)
Avar bound for threshold 0.4: 9.986553
INSUFFICIENT (9.986553 >= 0.4)

Running PBIRL with 6 demonstrations for experiment 1
MCMC completed with acceptance ratio: 0.5918
Using 3250 samples after burn-in.
MAP Solution: [0.0330688  0.95029014 0.30960477]
True reward weights: [-0.97266673 -0.03083248  0.23014951]
MAP Policy for current environment:
0.85-VaR-max-normalization for 6 demonstrations: 9.022860
0.9-VaR-max-normalization for 6 demonstrations: 9.547492
0.95-VaR-max-normalization for 6 demonstrations: 10.002697
0.99-VaR-max-normalization for 6 demonstrations: 10.255952
True EVD for 6 demonstrations: 5.834776
Avar bound for threshold 0.1: 10.002697
INSUFFICIENT (10.002697 >= 0.1)
Avar bound for threshold 0.2: 10.002697
INSUFFICIENT (10.002697 >= 0.2)
Avar bound for threshold 0.3: 10.002697
INSUFFICIENT (10.002697 >= 0.3)
Avar bound for threshold 0.4: 10.002697
INSUFFICIENT (10.002697 >= 0.4)

Running PBIRL with 7 demonstrations for experiment 1
MCMC completed with acceptance ratio: 0.6006
Using 3250 samples after burn-in.
MAP Solution: [-0.34262796  0.93915285 -0.02445416]
True reward weights: [-0.97266673 -0.03083248  0.23014951]
MAP Policy for current environment:
0.85-VaR-max-normalization for 7 demonstrations: 9.192012
0.9-VaR-max-normalization for 7 demonstrations: 9.713645
0.95-VaR-max-normalization for 7 demonstrations: 10.022011
0.99-VaR-max-normalization for 7 demonstrations: 10.270202
True EVD for 7 demonstrations: 5.834776
Avar bound for threshold 0.1: 10.022011
INSUFFICIENT (10.022011 >= 0.1)
Avar bound for threshold 0.2: 10.022011
INSUFFICIENT (10.022011 >= 0.2)
Avar bound for threshold 0.3: 10.022011
INSUFFICIENT (10.022011 >= 0.3)
Avar bound for threshold 0.4: 10.022011
INSUFFICIENT (10.022011 >= 0.4)

Running PBIRL with 8 demonstrations for experiment 1
MCMC completed with acceptance ratio: 0.6078
Using 3250 samples after burn-in.
MAP Solution: [-0.43225155  0.89631882  0.0988492 ]
True reward weights: [-0.97266673 -0.03083248  0.23014951]
MAP Policy for current environment:
0.85-VaR-max-normalization for 8 demonstrations: 8.892601
0.9-VaR-max-normalization for 8 demonstrations: 9.444629
0.95-VaR-max-normalization for 8 demonstrations: 9.985557
0.99-VaR-max-normalization for 8 demonstrations: 10.241303
True EVD for 8 demonstrations: 5.834776
Avar bound for threshold 0.1: 9.985557
INSUFFICIENT (9.985557 >= 0.1)
Avar bound for threshold 0.2: 9.985557
INSUFFICIENT (9.985557 >= 0.2)
Avar bound for threshold 0.3: 9.985557
INSUFFICIENT (9.985557 >= 0.3)
Avar bound for threshold 0.4: 9.985557
INSUFFICIENT (9.985557 >= 0.4)

Running PBIRL with 9 demonstrations for experiment 1
MCMC completed with acceptance ratio: 0.5960
Using 3250 samples after burn-in.
MAP Solution: [ 0.09483502  0.99348026 -0.06327152]
True reward weights: [-0.97266673 -0.03083248  0.23014951]
MAP Policy for current environment:
0.85-VaR-max-normalization for 9 demonstrations: 8.986181
0.9-VaR-max-normalization for 9 demonstrations: 9.533857
0.95-VaR-max-normalization for 9 demonstrations: 9.982974
0.99-VaR-max-normalization for 9 demonstrations: 10.271981
True EVD for 9 demonstrations: 5.834776
Avar bound for threshold 0.1: 9.982974
INSUFFICIENT (9.982974 >= 0.1)
Avar bound for threshold 0.2: 9.982974
INSUFFICIENT (9.982974 >= 0.2)
Avar bound for threshold 0.3: 9.982974
INSUFFICIENT (9.982974 >= 0.3)
Avar bound for threshold 0.4: 9.982974
INSUFFICIENT (9.982974 >= 0.4)

Running PBIRL with 10 demonstrations for experiment 1
MCMC completed with acceptance ratio: 0.6086
Using 3250 samples after burn-in.
MAP Solution: [-0.32249915  0.86765776 -0.3783706 ]
True reward weights: [-0.97266673 -0.03083248  0.23014951]
MAP Policy for current environment:
0.85-VaR-max-normalization for 10 demonstrations: 9.053548
0.9-VaR-max-normalization for 10 demonstrations: 9.629071
0.95-VaR-max-normalization for 10 demonstrations: 10.073569
0.99-VaR-max-normalization for 10 demonstrations: 10.268304
True EVD for 10 demonstrations: 5.834776
Avar bound for threshold 0.1: 10.073569
INSUFFICIENT (10.073569 >= 0.1)
Avar bound for threshold 0.2: 10.073569
INSUFFICIENT (10.073569 >= 0.2)
Avar bound for threshold 0.3: 10.073569
INSUFFICIENT (10.073569 >= 0.3)
Avar bound for threshold 0.4: 10.073569
INSUFFICIENT (10.073569 >= 0.4)

Running PBIRL with 11 demonstrations for experiment 1
MCMC completed with acceptance ratio: 0.6078
Using 3250 samples after burn-in.
MAP Solution: [ 0.34144949  0.91862137 -0.19886434]
True reward weights: [-0.97266673 -0.03083248  0.23014951]
MAP Policy for current environment:
0.85-VaR-max-normalization for 11 demonstrations: 8.816047
0.9-VaR-max-normalization for 11 demonstrations: 9.453381
0.95-VaR-max-normalization for 11 demonstrations: 9.937804
0.99-VaR-max-normalization for 11 demonstrations: 10.254543
True EVD for 11 demonstrations: 5.834776
Avar bound for threshold 0.1: 9.937804
INSUFFICIENT (9.937804 >= 0.1)
Avar bound for threshold 0.2: 9.937804
INSUFFICIENT (9.937804 >= 0.2)
Avar bound for threshold 0.3: 9.937804
INSUFFICIENT (9.937804 >= 0.3)
Avar bound for threshold 0.4: 9.937804
INSUFFICIENT (9.937804 >= 0.4)

Running PBIRL with 12 demonstrations for experiment 1
MCMC completed with acceptance ratio: 0.5688
Using 3250 samples after burn-in.
MAP Solution: [ 0.29607532  0.91861681 -0.26169171]
True reward weights: [-0.97266673 -0.03083248  0.23014951]
MAP Policy for current environment:
0.85-VaR-max-normalization for 12 demonstrations: 6.559121
0.9-VaR-max-normalization for 12 demonstrations: 7.829435
0.95-VaR-max-normalization for 12 demonstrations: 8.771215
0.99-VaR-max-normalization for 12 demonstrations: 9.239584
True EVD for 12 demonstrations: 5.834776
Avar bound for threshold 0.1: 8.771215
INSUFFICIENT (8.771215 >= 0.1)
Avar bound for threshold 0.2: 8.771215
INSUFFICIENT (8.771215 >= 0.2)
Avar bound for threshold 0.3: 8.771215
INSUFFICIENT (8.771215 >= 0.3)
Avar bound for threshold 0.4: 8.771215
INSUFFICIENT (8.771215 >= 0.4)

Running PBIRL with 13 demonstrations for experiment 1
MCMC completed with acceptance ratio: 0.5644
Using 3250 samples after burn-in.
MAP Solution: [-0.05347796  0.9982293   0.02604575]
True reward weights: [-0.97266673 -0.03083248  0.23014951]
MAP Policy for current environment:
0.85-VaR-max-normalization for 13 demonstrations: 6.558733
0.9-VaR-max-normalization for 13 demonstrations: 7.880146
0.95-VaR-max-normalization for 13 demonstrations: 8.746874
0.99-VaR-max-normalization for 13 demonstrations: 9.228113
True EVD for 13 demonstrations: 5.834776
Avar bound for threshold 0.1: 8.746874
INSUFFICIENT (8.746874 >= 0.1)
Avar bound for threshold 0.2: 8.746874
INSUFFICIENT (8.746874 >= 0.2)
Avar bound for threshold 0.3: 8.746874
INSUFFICIENT (8.746874 >= 0.3)
Avar bound for threshold 0.4: 8.746874
INSUFFICIENT (8.746874 >= 0.4)

Running PBIRL with 14 demonstrations for experiment 1
MCMC completed with acceptance ratio: 0.5668
Using 3250 samples after burn-in.
MAP Solution: [-0.50207916  0.8641472  -0.0341487 ]
True reward weights: [-0.97266673 -0.03083248  0.23014951]
MAP Policy for current environment:
0.85-VaR-max-normalization for 14 demonstrations: 7.032832
0.9-VaR-max-normalization for 14 demonstrations: 8.131651
0.95-VaR-max-normalization for 14 demonstrations: 8.735521
0.99-VaR-max-normalization for 14 demonstrations: 9.275765
True EVD for 14 demonstrations: 5.834776
Avar bound for threshold 0.1: 8.735521
INSUFFICIENT (8.735521 >= 0.1)
Avar bound for threshold 0.2: 8.735521
INSUFFICIENT (8.735521 >= 0.2)
Avar bound for threshold 0.3: 8.735521
INSUFFICIENT (8.735521 >= 0.3)
Avar bound for threshold 0.4: 8.735521
INSUFFICIENT (8.735521 >= 0.4)

Running PBIRL with 15 demonstrations for experiment 1
MCMC completed with acceptance ratio: 0.5598
Using 3250 samples after burn-in.
MAP Solution: [-0.49355504  0.86380176 -0.10124198]
True reward weights: [-0.97266673 -0.03083248  0.23014951]
MAP Policy for current environment:
0.85-VaR-max-normalization for 15 demonstrations: 7.143738
0.9-VaR-max-normalization for 15 demonstrations: 8.264189
0.95-VaR-max-normalization for 15 demonstrations: 8.991491
0.99-VaR-max-normalization for 15 demonstrations: 9.288685
True EVD for 15 demonstrations: 5.834776
Avar bound for threshold 0.1: 8.991491
INSUFFICIENT (8.991491 >= 0.1)
Avar bound for threshold 0.2: 8.991491
INSUFFICIENT (8.991491 >= 0.2)
Avar bound for threshold 0.3: 8.991491
INSUFFICIENT (8.991491 >= 0.3)
Avar bound for threshold 0.4: 8.991491
INSUFFICIENT (8.991491 >= 0.4)

Running experiment 2/50...
Shuffled Estops: [([(0, 0), (0, 3), (1, 2), (0, 3), (1, 1), (2, 2), (1, 1), (4, 0), (1, 1), (2, 3)], 0), ([(0, 3), (1, 3), (2, 3), (2, 3), (5, None)], 4), ([(0, 3), (1, 2), (0, 1), (3, 1), (3, 0), (0, 3), (3, 3), (4, 0), (1, 1), (4, 1)], 0), ([(0, 0), (0, 1), (3, 2), (3, 1), (3, 3), (4, 1), (4, 1), (5, None)], 7), ([(0, 1), (3, 2), (3, 0), (0, 1), (3, 3), (4, 2), (3, 1), (3, 1), (3, 2), (3, 3)], 0), ([(0, 3), (1, 3), (4, 2), (1, 2), (0, 2), (0, 0), (0, 3), (1, 3), (2, 0), (2, 1)], 0), ([(0, 3), (1, 2), (4, 2), (3, 0), (0, 0), (0, 1), (3, 2), (3, 2), (3, 1), (3, 2)], 0), ([(0, 3), (1, 0), (0, 0), (0, 1), (1, 3), (2, 1), (5, None)], 6), ([(0, 1), (3, 0), (0, 1), (3, 2), (3, 2), (3, 1), (3, 2), (3, 1), (3, 2), (3, 3)], 0), ([(0, 1), (3, 0), (0, 0), (0, 1), (3, 0), (0, 3), (1, 2), (0, 3), (1, 3), (2, 1)], 0), ([(0, 2), (0, 0), (0, 0), (0, 1), (3, 2), (3, 1), (3, 0), (0, 0), (0, 2), (0, 1)], 0), ([(0, 3), (1, 2), (0, 3), (3, 1), (3, 0), (0, 0), (0, 3), (0, 3), (1, 0), (1, 2)], 0), ([(0, 3), (1, 3), (2, 3), (2, 0), (1, 0), (0, 3), (1, 0), (0, 2), (0, 1), (3, 2)], 0), ([(0, 2), (0, 3), (1, 3), (2, 2), (1, 1), (4, 2), (3, 1), (3, 3), (4, 0), (1, 2)], 0), ([(0, 2), (0, 0), (0, 3), (1, 2), (0, 3), (0, 0), (0, 2), (0, 1), (1, 0), (1, 2)], 0)]

Running PBIRL with 1 demonstrations for experiment 2
MCMC completed with acceptance ratio: 0.6086
Using 3250 samples after burn-in.
MAP Solution: [-0.96040202 -0.27467546  0.04670482]
True reward weights: [-0.35835056 -0.08647525  0.92957351]
MAP Policy for current environment:
0.85-VaR-max-normalization for 1 demonstrations: 1.095894
0.9-VaR-max-normalization for 1 demonstrations: 1.099085
0.95-VaR-max-normalization for 1 demonstrations: 1.102776
0.99-VaR-max-normalization for 1 demonstrations: 1.105487
True EVD for 1 demonstrations: 0.003705
Avar bound for threshold 0.1: 1.102776
INSUFFICIENT (1.102776 >= 0.1)
Avar bound for threshold 0.2: 1.102776
INSUFFICIENT (1.102776 >= 0.2)
Avar bound for threshold 0.3: 1.102776
INSUFFICIENT (1.102776 >= 0.3)
Avar bound for threshold 0.4: 1.102776
INSUFFICIENT (1.102776 >= 0.4)

Running PBIRL with 2 demonstrations for experiment 2
MCMC completed with acceptance ratio: 0.6076
Using 3250 samples after burn-in.
MAP Solution: [0.36401471 0.46008688 0.80982304]
True reward weights: [-0.35835056 -0.08647525  0.92957351]
MAP Policy for current environment:
0.85-VaR-max-normalization for 2 demonstrations: 1.095402
0.9-VaR-max-normalization for 2 demonstrations: 1.098393
0.95-VaR-max-normalization for 2 demonstrations: 1.102765
0.99-VaR-max-normalization for 2 demonstrations: 1.106009
True EVD for 2 demonstrations: 0.000000
Avar bound for threshold 0.1: 1.102765
INSUFFICIENT (1.102765 >= 0.1)
Avar bound for threshold 0.2: 1.102765
INSUFFICIENT (1.102765 >= 0.2)
Avar bound for threshold 0.3: 1.102765
INSUFFICIENT (1.102765 >= 0.3)
Avar bound for threshold 0.4: 1.102765
INSUFFICIENT (1.102765 >= 0.4)

Running PBIRL with 3 demonstrations for experiment 2
MCMC completed with acceptance ratio: 0.5874
Using 3250 samples after burn-in.
MAP Solution: [-0.37138838  0.90094737  0.22442039]
True reward weights: [-0.35835056 -0.08647525  0.92957351]
MAP Policy for current environment:
0.85-VaR-max-normalization for 3 demonstrations: 8.966794
0.9-VaR-max-normalization for 3 demonstrations: 9.602386
0.95-VaR-max-normalization for 3 demonstrations: 9.961034
0.99-VaR-max-normalization for 3 demonstrations: 10.261504
True EVD for 3 demonstrations: 9.818896
Avar bound for threshold 0.1: 9.961034
INSUFFICIENT (9.961034 >= 0.1)
Avar bound for threshold 0.2: 9.961034
INSUFFICIENT (9.961034 >= 0.2)
Avar bound for threshold 0.3: 9.961034
INSUFFICIENT (9.961034 >= 0.3)
Avar bound for threshold 0.4: 9.961034
INSUFFICIENT (9.961034 >= 0.4)

Running PBIRL with 4 demonstrations for experiment 2
MCMC completed with acceptance ratio: 0.6002
Using 3250 samples after burn-in.
MAP Solution: [-0.36802718  0.90577612  0.21006096]
True reward weights: [-0.35835056 -0.08647525  0.92957351]
MAP Policy for current environment:
0.85-VaR-max-normalization for 4 demonstrations: 9.134454
0.9-VaR-max-normalization for 4 demonstrations: 9.684593
0.95-VaR-max-normalization for 4 demonstrations: 10.044612
0.99-VaR-max-normalization for 4 demonstrations: 10.309531
True EVD for 4 demonstrations: 9.818896
Avar bound for threshold 0.1: 10.044612
INSUFFICIENT (10.044612 >= 0.1)
Avar bound for threshold 0.2: 10.044612
INSUFFICIENT (10.044612 >= 0.2)
Avar bound for threshold 0.3: 10.044612
INSUFFICIENT (10.044612 >= 0.3)
Avar bound for threshold 0.4: 10.044612
INSUFFICIENT (10.044612 >= 0.4)

Running PBIRL with 5 demonstrations for experiment 2
MCMC completed with acceptance ratio: 0.5930
Using 3250 samples after burn-in.
MAP Solution: [ 0.16175752  0.96409586 -0.21060314]
True reward weights: [-0.35835056 -0.08647525  0.92957351]
MAP Policy for current environment:
0.85-VaR-max-normalization for 5 demonstrations: 8.902378
0.9-VaR-max-normalization for 5 demonstrations: 9.413017
0.95-VaR-max-normalization for 5 demonstrations: 9.921592
0.99-VaR-max-normalization for 5 demonstrations: 10.274339
True EVD for 5 demonstrations: 9.818896
Avar bound for threshold 0.1: 9.921592
INSUFFICIENT (9.921592 >= 0.1)
Avar bound for threshold 0.2: 9.921592
INSUFFICIENT (9.921592 >= 0.2)
Avar bound for threshold 0.3: 9.921592
INSUFFICIENT (9.921592 >= 0.3)
Avar bound for threshold 0.4: 9.921592
INSUFFICIENT (9.921592 >= 0.4)

Running PBIRL with 6 demonstrations for experiment 2
MCMC completed with acceptance ratio: 0.5936
Using 3250 samples after burn-in.
MAP Solution: [-0.25820526  0.84670595 -0.46520864]
True reward weights: [-0.35835056 -0.08647525  0.92957351]
MAP Policy for current environment:
0.85-VaR-max-normalization for 6 demonstrations: 8.570668
0.9-VaR-max-normalization for 6 demonstrations: 9.294691
0.95-VaR-max-normalization for 6 demonstrations: 9.842464
0.99-VaR-max-normalization for 6 demonstrations: 10.267219
True EVD for 6 demonstrations: 9.818896
Avar bound for threshold 0.1: 9.842464
INSUFFICIENT (9.842464 >= 0.1)
Avar bound for threshold 0.2: 9.842464
INSUFFICIENT (9.842464 >= 0.2)
Avar bound for threshold 0.3: 9.842464
INSUFFICIENT (9.842464 >= 0.3)
Avar bound for threshold 0.4: 9.842464
INSUFFICIENT (9.842464 >= 0.4)

Running PBIRL with 7 demonstrations for experiment 2
MCMC completed with acceptance ratio: 0.5982
Using 3250 samples after burn-in.
MAP Solution: [-0.31304304  0.94949122  0.02169056]
True reward weights: [-0.35835056 -0.08647525  0.92957351]
MAP Policy for current environment:
