Config file loaded successfully.
Feature weights for environment: [-0.43287867 -0.20494655 -0.09382998  0.87281665]
Feature weights for environment: [-0.2322253  -0.00465236  0.43453482  0.87018921]
Feature weights for environment: [-0.6467127  -0.20075906  0.06245093  0.73318372]
Feature weights for environment: [-0.69449962 -0.28165855  0.22055331  0.62425554]
Feature weights for environment: [-0.58844088 -0.39506705 -0.37329827  0.59858814]
Feature weights for environment: [-0.62480116 -0.58775562  0.29021502  0.42419581]
Feature weights for environment: [-0.86648592 -0.43712062 -0.12519764  0.20604187]
Feature weights for environment: [-0.66202557 -0.27713495  0.4113014   0.56191594]
Feature weights for environment: [-0.70843905 -0.48585435  0.3607345   0.3632221 ]
Feature weights for environment: [-0.59500066 -0.16244209  0.37080191  0.69432898]
Feature weights for environment: [-0.0702138  -0.06544465  0.14444996  0.98484579]
Feature weights for environment: [-0.58571354 -0.27832207  0.48101309  0.59000244]
Feature weights for environment: [-0.83842198 -0.21600546  0.03565977  0.49911783]
Feature weights for environment: [-0.27410583  0.06391249  0.48081808  0.83041867]
Feature weights for environment: [-0.67868375 -0.62331644 -0.1171628   0.3703213 ]
Feature weights for environment: [-0.92679793  0.00735039  0.0581375   0.37096037]
Feature weights for environment: [-0.34813921  0.02418599  0.41049361  0.84244235]
Feature weights for environment: [-0.70806601  0.20943992  0.21689523  0.63854045]
Feature weights for environment: [-0.55653737  0.11873141  0.39462253  0.72141671]
Initialized 19 GridWorld environments.
Generated optimal policies for all environments.
Shuffled demonstration order: [16, 12, 9, 19, 18, 6, 5, 10, 15, 21, 11, 17, 1, 14, 22, 13, 2, 23, 4, 24, 7, 8, 0, 3, 20]

Running experiment 1/19...
Shuffled Demos: [(14, 1), (6, 3), (22, 3), (0, 1), (20, 3), (1, 3), (5, 1), (8, 1), (4, 1), (18, 3), (13, 1), (12, 3), (11, 3), (15, 1), (10, 3)]

Running PBIRL with 1 demonstrations for experiment 1
MCMC completed with acceptance ratio: 0.4757
Using 6500 samples after burn-in.
Stored 6500 MCMC samples for demonstration 1
MAP Solution: [-0.14492338 -0.37968575 -0.72880451  0.55107161]
True reward weights: [-0.43287867 -0.20494655 -0.09382998  0.87281665]
MAP Policy for current environment:
Config file loaded successfully.
Feature weights for environment: [-0.43287867 -0.20494655 -0.09382998  0.87281665]
Feature weights for environment: [-0.2322253  -0.00465236  0.43453482  0.87018921]
Feature weights for environment: [-0.6467127  -0.20075906  0.06245093  0.73318372]
Feature weights for environment: [-0.69449962 -0.28165855  0.22055331  0.62425554]
Feature weights for environment: [-0.58844088 -0.39506705 -0.37329827  0.59858814]
Feature weights for environment: [-0.62480116 -0.58775562  0.29021502  0.42419581]
Feature weights for environment: [-0.86648592 -0.43712062 -0.12519764  0.20604187]
Feature weights for environment: [-0.66202557 -0.27713495  0.4113014   0.56191594]
Feature weights for environment: [-0.70843905 -0.48585435  0.3607345   0.3632221 ]
Feature weights for environment: [-0.59500066 -0.16244209  0.37080191  0.69432898]
Feature weights for environment: [-0.0702138  -0.06544465  0.14444996  0.98484579]
Feature weights for environment: [-0.58571354 -0.27832207  0.48101309  0.59000244]
Feature weights for environment: [-0.83842198 -0.21600546  0.03565977  0.49911783]
Feature weights for environment: [-0.27410583  0.06391249  0.48081808  0.83041867]
Feature weights for environment: [-0.67868375 -0.62331644 -0.1171628   0.3703213 ]
Feature weights for environment: [-0.92679793  0.00735039  0.0581375   0.37096037]
Feature weights for environment: [-0.34813921  0.02418599  0.41049361  0.84244235]
Feature weights for environment: [-0.70806601  0.20943992  0.21689523  0.63854045]
Feature weights for environment: [-0.55653737  0.11873141  0.39462253  0.72141671]
Initialized 19 GridWorld environments.
Generated optimal policies for all environments.
Shuffled demonstration order: [16, 12, 9, 19, 18, 6, 5, 10, 15, 21, 11, 17, 1, 14, 22, 13, 2, 23, 4, 24, 7, 8, 0, 3, 20]

Running experiment 1/19...
Same Demos: [(10, 1), (10, 1), (10, 1), (10, 1), (10, 1), (10, 1), (10, 1), (10, 1), (10, 1), (10, 1), (10, 1), (10, 1), (10, 1), (10, 1), (10, 1)]

Running PBIRL with 1 demonstrations for experiment 1
Config file loaded successfully.
Feature weights for environment: [-0.43287867 -0.20494655 -0.09382998  0.87281665]
Feature weights for environment: [-0.2322253  -0.00465236  0.43453482  0.87018921]
Feature weights for environment: [-0.6467127  -0.20075906  0.06245093  0.73318372]
Feature weights for environment: [-0.69449962 -0.28165855  0.22055331  0.62425554]
Feature weights for environment: [-0.58844088 -0.39506705 -0.37329827  0.59858814]
Feature weights for environment: [-0.62480116 -0.58775562  0.29021502  0.42419581]
Feature weights for environment: [-0.86648592 -0.43712062 -0.12519764  0.20604187]
Feature weights for environment: [-0.66202557 -0.27713495  0.4113014   0.56191594]
Feature weights for environment: [-0.70843905 -0.48585435  0.3607345   0.3632221 ]
Feature weights for environment: [-0.59500066 -0.16244209  0.37080191  0.69432898]
Feature weights for environment: [-0.0702138  -0.06544465  0.14444996  0.98484579]
Feature weights for environment: [-0.58571354 -0.27832207  0.48101309  0.59000244]
Feature weights for environment: [-0.83842198 -0.21600546  0.03565977  0.49911783]
Feature weights for environment: [-0.27410583  0.06391249  0.48081808  0.83041867]
Feature weights for environment: [-0.67868375 -0.62331644 -0.1171628   0.3703213 ]
Feature weights for environment: [-0.92679793  0.00735039  0.0581375   0.37096037]
Feature weights for environment: [-0.34813921  0.02418599  0.41049361  0.84244235]
Feature weights for environment: [-0.70806601  0.20943992  0.21689523  0.63854045]
Feature weights for environment: [-0.55653737  0.11873141  0.39462253  0.72141671]
Initialized 19 GridWorld environments.
Generated optimal policies for all environments.
Shuffled demonstration order: [16, 12, 9, 19, 18, 6, 5, 10, 15, 21, 11, 17, 1, 14, 22, 13, 2, 23, 4, 24, 7, 8, 0, 3, 20]

Running experiment 1/19...
Shuffled Demos: [(14, 1), (6, 3), (22, 3), (0, 3), (20, 3), (1, 1), (5, 3), (8, 1), (4, 1), (18, 1), (13, 3), (12, 3), (11, 3), (15, 1), (10, 3)]

Running PBIRL with 1 demonstrations for experiment 1
MCMC completed with acceptance ratio: 0.4984
Using 6500 samples after burn-in.
Stored 6500 MCMC samples for demonstration 1
MAP Solution: [-0.44273566 -0.43019069 -0.78403025 -0.06494362]
True reward weights: [-0.43287867 -0.20494655 -0.09382998  0.87281665]
MAP Policy for current environment:
0.85-VaR-max-normalization for 1 demonstrations: 1.239239
0.9-VaR-max-normalization for 1 demonstrations: 1.347555
0.95-VaR-max-normalization for 1 demonstrations: 1.472388
0.99-VaR-max-normalization for 1 demonstrations: 1.630344
True EVD for 1 demonstrations: 0.005962
Avar bound for threshold 0.1: 1.472388
INSUFFICIENT (1.472388 >= 0.1)
Avar bound for threshold 0.2: 1.472388
INSUFFICIENT (1.472388 >= 0.2)
Avar bound for threshold 0.3: 1.472388
INSUFFICIENT (1.472388 >= 0.3)
Avar bound for threshold 0.4: 1.472388
INSUFFICIENT (1.472388 >= 0.4)

Running PBIRL with 2 demonstrations for experiment 1
MCMC completed with acceptance ratio: 0.3219
Using 6500 samples after burn-in.
Stored 6500 MCMC samples for demonstration 2
MAP Solution: [-0.24191248  0.26660038 -0.0977892   0.92781456]
True reward weights: [-0.43287867 -0.20494655 -0.09382998  0.87281665]
MAP Policy for current environment:
0.85-VaR-max-normalization for 2 demonstrations: 0.016175
0.9-VaR-max-normalization for 2 demonstrations: 0.019119
0.95-VaR-max-normalization for 2 demonstrations: 0.025146
0.99-VaR-max-normalization for 2 demonstrations: 0.387600
True EVD for 2 demonstrations: 0.003369
Avar bound for threshold 0.1: 0.025146
SUFFICIENT (0.025146 < 0.1)
Avar bound for threshold 0.2: 0.025146
SUFFICIENT (0.025146 < 0.2)
Avar bound for threshold 0.3: 0.025146
SUFFICIENT (0.025146 < 0.3)
Avar bound for threshold 0.4: 0.025146
SUFFICIENT (0.025146 < 0.4)

Running PBIRL with 3 demonstrations for experiment 1
MCMC completed with acceptance ratio: 0.3240
Using 6500 samples after burn-in.
Stored 6500 MCMC samples for demonstration 3
MAP Solution: [-0.62578005  0.21432007  0.08497717  0.74514772]
True reward weights: [-0.43287867 -0.20494655 -0.09382998  0.87281665]
MAP Policy for current environment:
0.85-VaR-max-normalization for 3 demonstrations: 0.007029
0.9-VaR-max-normalization for 3 demonstrations: 0.008953
0.95-VaR-max-normalization for 3 demonstrations: 0.011985
0.99-VaR-max-normalization for 3 demonstrations: 0.020013
True EVD for 3 demonstrations: 0.000368
Avar bound for threshold 0.1: 0.011985
SUFFICIENT (0.011985 < 0.1)
Avar bound for threshold 0.2: 0.011985
SUFFICIENT (0.011985 < 0.2)
Avar bound for threshold 0.3: 0.011985
SUFFICIENT (0.011985 < 0.3)
Avar bound for threshold 0.4: 0.011985
SUFFICIENT (0.011985 < 0.4)

Running PBIRL with 4 demonstrations for experiment 1
MCMC completed with acceptance ratio: 0.3192
Using 6500 samples after burn-in.
Stored 6500 MCMC samples for demonstration 4
MAP Solution: [-0.78412598  0.14858034  0.19534995  0.57000766]
True reward weights: [-0.43287867 -0.20494655 -0.09382998  0.87281665]
MAP Policy for current environment:
0.85-VaR-max-normalization for 4 demonstrations: 0.009641
0.9-VaR-max-normalization for 4 demonstrations: 0.011835
0.95-VaR-max-normalization for 4 demonstrations: 0.015924
0.99-VaR-max-normalization for 4 demonstrations: 0.024412
True EVD for 4 demonstrations: 0.001472
Avar bound for threshold 0.1: 0.015924
SUFFICIENT (0.015924 < 0.1)
Avar bound for threshold 0.2: 0.015924
SUFFICIENT (0.015924 < 0.2)
Avar bound for threshold 0.3: 0.015924
SUFFICIENT (0.015924 < 0.3)
Avar bound for threshold 0.4: 0.015924
SUFFICIENT (0.015924 < 0.4)

Running PBIRL with 5 demonstrations for experiment 1
MCMC completed with acceptance ratio: 0.3209
Using 6500 samples after burn-in.
Stored 6500 MCMC samples for demonstration 5
MAP Solution: [-0.01947468  0.37109693 -0.00413437  0.92838069]
True reward weights: [-0.43287867 -0.20494655 -0.09382998  0.87281665]
MAP Policy for current environment:
0.85-VaR-max-normalization for 5 demonstrations: 0.012747
0.9-VaR-max-normalization for 5 demonstrations: 0.015038
0.95-VaR-max-normalization for 5 demonstrations: 0.017735
0.99-VaR-max-normalization for 5 demonstrations: 0.020641
True EVD for 5 demonstrations: 0.003369
Avar bound for threshold 0.1: 0.017735
SUFFICIENT (0.017735 < 0.1)
Avar bound for threshold 0.2: 0.017735
SUFFICIENT (0.017735 < 0.2)
Avar bound for threshold 0.3: 0.017735
SUFFICIENT (0.017735 < 0.3)
Avar bound for threshold 0.4: 0.017735
SUFFICIENT (0.017735 < 0.4)

Running PBIRL with 6 demonstrations for experiment 1
MCMC completed with acceptance ratio: 0.3210
Using 6500 samples after burn-in.
Stored 6500 MCMC samples for demonstration 6
MAP Solution: [-0.58158978  0.10362685  0.39130047  0.70561941]
True reward weights: [-0.43287867 -0.20494655 -0.09382998  0.87281665]
MAP Policy for current environment:
0.85-VaR-max-normalization for 6 demonstrations: 0.000914
0.9-VaR-max-normalization for 6 demonstrations: 0.001251
0.95-VaR-max-normalization for 6 demonstrations: 0.001714
0.99-VaR-max-normalization for 6 demonstrations: 0.002488
True EVD for 6 demonstrations: 0.000000
Avar bound for threshold 0.1: 0.001714
SUFFICIENT (0.001714 < 0.1)
Avar bound for threshold 0.2: 0.001714
SUFFICIENT (0.001714 < 0.2)
Avar bound for threshold 0.3: 0.001714
SUFFICIENT (0.001714 < 0.3)
Avar bound for threshold 0.4: 0.001714
SUFFICIENT (0.001714 < 0.4)

Running PBIRL with 7 demonstrations for experiment 1
MCMC completed with acceptance ratio: 0.3195
Using 6500 samples after burn-in.
Stored 6500 MCMC samples for demonstration 7
MAP Solution: [-0.7135222  -0.3375141  -0.01503267  0.61379502]
True reward weights: [-0.43287867 -0.20494655 -0.09382998  0.87281665]
MAP Policy for current environment:
0.85-VaR-max-normalization for 7 demonstrations: 0.000927
0.9-VaR-max-normalization for 7 demonstrations: 0.001331
0.95-VaR-max-normalization for 7 demonstrations: 0.001789
0.99-VaR-max-normalization for 7 demonstrations: 0.002973
True EVD for 7 demonstrations: 0.000000
Avar bound for threshold 0.1: 0.001789
SUFFICIENT (0.001789 < 0.1)
Avar bound for threshold 0.2: 0.001789
SUFFICIENT (0.001789 < 0.2)
Avar bound for threshold 0.3: 0.001789
SUFFICIENT (0.001789 < 0.3)
Avar bound for threshold 0.4: 0.001789
SUFFICIENT (0.001789 < 0.4)

Running PBIRL with 8 demonstrations for experiment 1
MCMC completed with acceptance ratio: 0.3169
Using 6500 samples after burn-in.
Stored 6500 MCMC samples for demonstration 8
MAP Solution: [-0.63176991 -0.02250222  0.36448818  0.68374615]
True reward weights: [-0.43287867 -0.20494655 -0.09382998  0.87281665]
MAP Policy for current environment:
0.85-VaR-max-normalization for 8 demonstrations: 0.001342
0.9-VaR-max-normalization for 8 demonstrations: 0.001475
0.95-VaR-max-normalization for 8 demonstrations: 0.001648
0.99-VaR-max-normalization for 8 demonstrations: 0.002362
True EVD for 8 demonstrations: 0.001382
Avar bound for threshold 0.1: 0.001648
SUFFICIENT (0.001648 < 0.1)
Avar bound for threshold 0.2: 0.001648
SUFFICIENT (0.001648 < 0.2)
Avar bound for threshold 0.3: 0.001648
SUFFICIENT (0.001648 < 0.3)
Avar bound for threshold 0.4: 0.001648
SUFFICIENT (0.001648 < 0.4)

Running PBIRL with 9 demonstrations for experiment 1
MCMC completed with acceptance ratio: 0.3229
Using 6500 samples after burn-in.
Stored 6500 MCMC samples for demonstration 9
MAP Solution: [-0.62493095 -0.33172302  0.29091424  0.64404196]
True reward weights: [-0.43287867 -0.20494655 -0.09382998  0.87281665]
MAP Policy for current environment:
0.85-VaR-max-normalization for 9 demonstrations: 0.001161
0.9-VaR-max-normalization for 9 demonstrations: 0.001274
0.95-VaR-max-normalization for 9 demonstrations: 0.001430
0.99-VaR-max-normalization for 9 demonstrations: 0.001672
True EVD for 9 demonstrations: 0.001382
Avar bound for threshold 0.1: 0.001430
SUFFICIENT (0.001430 < 0.1)
Avar bound for threshold 0.2: 0.001430
SUFFICIENT (0.001430 < 0.2)
Avar bound for threshold 0.3: 0.001430
SUFFICIENT (0.001430 < 0.3)
Avar bound for threshold 0.4: 0.001430
SUFFICIENT (0.001430 < 0.4)

Running PBIRL with 10 demonstrations for experiment 1
MCMC completed with acceptance ratio: 0.3216
Using 6500 samples after burn-in.
Stored 6500 MCMC samples for demonstration 10
MAP Solution: [-0.65626053 -0.13948972  0.15545888  0.72504984]
True reward weights: [-0.43287867 -0.20494655 -0.09382998  0.87281665]
MAP Policy for current environment:
0.85-VaR-max-normalization for 10 demonstrations: 0.000678
0.9-VaR-max-normalization for 10 demonstrations: 0.001024
0.95-VaR-max-normalization for 10 demonstrations: 0.001432
0.99-VaR-max-normalization for 10 demonstrations: 0.002005
True EVD for 10 demonstrations: 0.000000
Avar bound for threshold 0.1: 0.001432
SUFFICIENT (0.001432 < 0.1)
Avar bound for threshold 0.2: 0.001432
SUFFICIENT (0.001432 < 0.2)
Avar bound for threshold 0.3: 0.001432
SUFFICIENT (0.001432 < 0.3)
Avar bound for threshold 0.4: 0.001432
SUFFICIENT (0.001432 < 0.4)

Running PBIRL with 11 demonstrations for experiment 1
MCMC completed with acceptance ratio: 0.3230
Using 6500 samples after burn-in.
Stored 6500 MCMC samples for demonstration 11
MAP Solution: [-0.85003601 -0.46086374 -0.15628064  0.20154341]
True reward weights: [-0.43287867 -0.20494655 -0.09382998  0.87281665]
MAP Policy for current environment:
0.85-VaR-max-normalization for 11 demonstrations: 0.000631
0.9-VaR-max-normalization for 11 demonstrations: 0.000967
0.95-VaR-max-normalization for 11 demonstrations: 0.001446
0.99-VaR-max-normalization for 11 demonstrations: 0.001939
True EVD for 11 demonstrations: 0.000000
Avar bound for threshold 0.1: 0.001446
SUFFICIENT (0.001446 < 0.1)
Avar bound for threshold 0.2: 0.001446
SUFFICIENT (0.001446 < 0.2)
Avar bound for threshold 0.3: 0.001446
SUFFICIENT (0.001446 < 0.3)
Avar bound for threshold 0.4: 0.001446
SUFFICIENT (0.001446 < 0.4)

Running PBIRL with 12 demonstrations for experiment 1
MCMC completed with acceptance ratio: 0.3226
Using 6500 samples after burn-in.
Stored 6500 MCMC samples for demonstration 12
MAP Solution: [-0.84390808 -0.47715251 -0.12132194  0.21313287]
True reward weights: [-0.43287867 -0.20494655 -0.09382998  0.87281665]
MAP Policy for current environment:
0.85-VaR-max-normalization for 12 demonstrations: 0.001208
0.9-VaR-max-normalization for 12 demonstrations: 0.001343
0.95-VaR-max-normalization for 12 demonstrations: 0.001500
0.99-VaR-max-normalization for 12 demonstrations: 0.001722
True EVD for 12 demonstrations: 0.001382
Avar bound for threshold 0.1: 0.001500
SUFFICIENT (0.001500 < 0.1)
Avar bound for threshold 0.2: 0.001500
SUFFICIENT (0.001500 < 0.2)
Avar bound for threshold 0.3: 0.001500
SUFFICIENT (0.001500 < 0.3)
Avar bound for threshold 0.4: 0.001500
SUFFICIENT (0.001500 < 0.4)

Running PBIRL with 13 demonstrations for experiment 1
MCMC completed with acceptance ratio: 0.3231
Using 6500 samples after burn-in.
Stored 6500 MCMC samples for demonstration 13
MAP Solution: [-0.6547468  -0.27459402  0.2606065   0.65420869]
True reward weights: [-0.43287867 -0.20494655 -0.09382998  0.87281665]
MAP Policy for current environment:
0.85-VaR-max-normalization for 13 demonstrations: 0.001242
0.9-VaR-max-normalization for 13 demonstrations: 0.001349
0.95-VaR-max-normalization for 13 demonstrations: 0.001528
0.99-VaR-max-normalization for 13 demonstrations: 0.001722
True EVD for 13 demonstrations: 0.001382
Avar bound for threshold 0.1: 0.001528
SUFFICIENT (0.001528 < 0.1)
Avar bound for threshold 0.2: 0.001528
SUFFICIENT (0.001528 < 0.2)
Avar bound for threshold 0.3: 0.001528
SUFFICIENT (0.001528 < 0.3)
Avar bound for threshold 0.4: 0.001528
SUFFICIENT (0.001528 < 0.4)

Running PBIRL with 14 demonstrations for experiment 1
MCMC completed with acceptance ratio: 0.3205
Using 6500 samples after burn-in.
Stored 6500 MCMC samples for demonstration 14
MAP Solution: [-0.76928776 -0.32052085 -0.00945697  0.55260591]
True reward weights: [-0.43287867 -0.20494655 -0.09382998  0.87281665]
MAP Policy for current environment:
0.85-VaR-max-normalization for 14 demonstrations: 0.000000
0.9-VaR-max-normalization for 14 demonstrations: 0.000020
0.95-VaR-max-normalization for 14 demonstrations: 0.000223
0.99-VaR-max-normalization for 14 demonstrations: 0.000510
True EVD for 14 demonstrations: 0.000000
Avar bound for threshold 0.1: 0.000223
SUFFICIENT (0.000223 < 0.1)
Avar bound for threshold 0.2: 0.000223
SUFFICIENT (0.000223 < 0.2)
Avar bound for threshold 0.3: 0.000223
SUFFICIENT (0.000223 < 0.3)
Avar bound for threshold 0.4: 0.000223
SUFFICIENT (0.000223 < 0.4)

Running PBIRL with 15 demonstrations for experiment 1
MCMC completed with acceptance ratio: 0.3217
Using 6500 samples after burn-in.
Stored 6500 MCMC samples for demonstration 15
MAP Solution: [-0.5148956  -0.12211874  0.19811503  0.82505756]
True reward weights: [-0.43287867 -0.20494655 -0.09382998  0.87281665]
MAP Policy for current environment:
0.85-VaR-max-normalization for 15 demonstrations: 0.000000
0.9-VaR-max-normalization for 15 demonstrations: 0.000000
0.95-VaR-max-normalization for 15 demonstrations: 0.000131
0.99-VaR-max-normalization for 15 demonstrations: 0.000449
True EVD for 15 demonstrations: 0.000000
Avar bound for threshold 0.1: 0.000131
SUFFICIENT (0.000131 < 0.1)
Avar bound for threshold 0.2: 0.000131
SUFFICIENT (0.000131 < 0.2)
Avar bound for threshold 0.3: 0.000131
SUFFICIENT (0.000131 < 0.3)
Avar bound for threshold 0.4: 0.000131
SUFFICIENT (0.000131 < 0.4)

Running experiment 2/19...
Shuffled Demos: [(21, 3), (18, 3), (16, 3), (3, 3), (5, 1), (19, 1), (22, 3), (10, 3), (2, 3), (6, 1), (7, 1), (4, 1), (1, 3), (17, 3), (9, 1)]

Running PBIRL with 1 demonstrations for experiment 2
MCMC completed with acceptance ratio: 0.5455
Using 6500 samples after burn-in.
Stored 6500 MCMC samples for demonstration 1
MAP Solution: [-0.27274777 -0.43277153 -0.73979094  0.43706615]
True reward weights: [-0.2322253  -0.00465236  0.43453482  0.87018921]
MAP Policy for current environment:
0.85-VaR-max-normalization for 1 demonstrations: 1.388464
0.9-VaR-max-normalization for 1 demonstrations: 1.467303
0.95-VaR-max-normalization for 1 demonstrations: 1.542048
0.99-VaR-max-normalization for 1 demonstrations: 1.682380
True EVD for 1 demonstrations: 0.022784
Avar bound for threshold 0.1: 1.542048
INSUFFICIENT (1.542048 >= 0.1)
Avar bound for threshold 0.2: 1.542048
INSUFFICIENT (1.542048 >= 0.2)
Avar bound for threshold 0.3: 1.542048
INSUFFICIENT (1.542048 >= 0.3)
Avar bound for threshold 0.4: 1.542048
INSUFFICIENT (1.542048 >= 0.4)

Running PBIRL with 2 demonstrations for experiment 2
MCMC completed with acceptance ratio: 0.3223
Using 6500 samples after burn-in.
Stored 6500 MCMC samples for demonstration 2
MAP Solution: [-0.59557067 -0.7129143  -0.18170922  0.32253766]
True reward weights: [-0.2322253  -0.00465236  0.43453482  0.87018921]
MAP Policy for current environment:
0.85-VaR-max-normalization for 2 demonstrations: 0.014105
0.9-VaR-max-normalization for 2 demonstrations: 0.017862
0.95-VaR-max-normalization for 2 demonstrations: 0.023135
0.99-VaR-max-normalization for 2 demonstrations: 0.033385
True EVD for 2 demonstrations: 0.003508
Avar bound for threshold 0.1: 0.023135
SUFFICIENT (0.023135 < 0.1)
Avar bound for threshold 0.2: 0.023135
SUFFICIENT (0.023135 < 0.2)
Avar bound for threshold 0.3: 0.023135
SUFFICIENT (0.023135 < 0.3)
Avar bound for threshold 0.4: 0.023135
SUFFICIENT (0.023135 < 0.4)

Running PBIRL with 3 demonstrations for experiment 2
MCMC completed with acceptance ratio: 0.3263
Using 6500 samples after burn-in.
Stored 6500 MCMC samples for demonstration 3
MAP Solution: [-0.71238753 -0.24488011  0.03860628  0.65654193]
True reward weights: [-0.2322253  -0.00465236  0.43453482  0.87018921]
MAP Policy for current environment:
0.85-VaR-max-normalization for 3 demonstrations: 0.004150
0.9-VaR-max-normalization for 3 demonstrations: 0.005285
0.95-VaR-max-normalization for 3 demonstrations: 0.007002
0.99-VaR-max-normalization for 3 demonstrations: 0.010228
True EVD for 3 demonstrations: 0.000245
Avar bound for threshold 0.1: 0.007002
SUFFICIENT (0.007002 < 0.1)
Avar bound for threshold 0.2: 0.007002
SUFFICIENT (0.007002 < 0.2)
Avar bound for threshold 0.3: 0.007002
SUFFICIENT (0.007002 < 0.3)
Avar bound for threshold 0.4: 0.007002
SUFFICIENT (0.007002 < 0.4)

Running PBIRL with 4 demonstrations for experiment 2
MCMC completed with acceptance ratio: 0.3205
Using 6500 samples after burn-in.
Stored 6500 MCMC samples for demonstration 4
MAP Solution: [-0.62753476 -0.2480272   0.0590436   0.73566058]
True reward weights: [-0.2322253  -0.00465236  0.43453482  0.87018921]
MAP Policy for current environment:
0.85-VaR-max-normalization for 4 demonstrations: 0.004422
0.9-VaR-max-normalization for 4 demonstrations: 0.005778
0.95-VaR-max-normalization for 4 demonstrations: 0.007731
0.99-VaR-max-normalization for 4 demonstrations: 0.010764
True EVD for 4 demonstrations: 0.000245
Avar bound for threshold 0.1: 0.007731
SUFFICIENT (0.007731 < 0.1)
Avar bound for threshold 0.2: 0.007731
SUFFICIENT (0.007731 < 0.2)
Avar bound for threshold 0.3: 0.007731
SUFFICIENT (0.007731 < 0.3)
Avar bound for threshold 0.4: 0.007731
SUFFICIENT (0.007731 < 0.4)

Running PBIRL with 5 demonstrations for experiment 2
MCMC completed with acceptance ratio: 0.3187
Using 6500 samples after burn-in.
Stored 6500 MCMC samples for demonstration 5
MAP Solution: [-0.6984469  -0.3404619   0.03323315  0.6286121 ]
True reward weights: [-0.2322253  -0.00465236  0.43453482  0.87018921]
MAP Policy for current environment:
0.85-VaR-max-normalization for 5 demonstrations: 0.000389
0.9-VaR-max-normalization for 5 demonstrations: 0.000496
0.95-VaR-max-normalization for 5 demonstrations: 0.000630
0.99-VaR-max-normalization for 5 demonstrations: 0.000835
True EVD for 5 demonstrations: 0.000000
Avar bound for threshold 0.1: 0.000630
SUFFICIENT (0.000630 < 0.1)
Avar bound for threshold 0.2: 0.000630
SUFFICIENT (0.000630 < 0.2)
Avar bound for threshold 0.3: 0.000630
SUFFICIENT (0.000630 < 0.3)
Avar bound for threshold 0.4: 0.000630
SUFFICIENT (0.000630 < 0.4)

Running PBIRL with 6 demonstrations for experiment 2
MCMC completed with acceptance ratio: 0.3252
Using 6500 samples after burn-in.
Stored 6500 MCMC samples for demonstration 6
MAP Solution: [-0.58787829  0.00431718  0.38545915  0.71119738]
True reward weights: [-0.2322253  -0.00465236  0.43453482  0.87018921]
MAP Policy for current environment:
0.85-VaR-max-normalization for 6 demonstrations: 0.000506
0.9-VaR-max-normalization for 6 demonstrations: 0.000618
0.95-VaR-max-normalization for 6 demonstrations: 0.000756
0.99-VaR-max-normalization for 6 demonstrations: 0.000946
True EVD for 6 demonstrations: 0.000245
Avar bound for threshold 0.1: 0.000756
SUFFICIENT (0.000756 < 0.1)
Avar bound for threshold 0.2: 0.000756
SUFFICIENT (0.000756 < 0.2)
Avar bound for threshold 0.3: 0.000756
SUFFICIENT (0.000756 < 0.3)
Avar bound for threshold 0.4: 0.000756
SUFFICIENT (0.000756 < 0.4)

Running PBIRL with 7 demonstrations for experiment 2
MCMC completed with acceptance ratio: 0.3249
Using 6500 samples after burn-in.
Stored 6500 MCMC samples for demonstration 7
MAP Solution: [-0.77754002 -0.3763729   0.04959793  0.50131328]
True reward weights: [-0.2322253  -0.00465236  0.43453482  0.87018921]
MAP Policy for current environment:
0.85-VaR-max-normalization for 7 demonstrations: 0.000403
0.9-VaR-max-normalization for 7 demonstrations: 0.000510
0.95-VaR-max-normalization for 7 demonstrations: 0.000656
0.99-VaR-max-normalization for 7 demonstrations: 0.000822
True EVD for 7 demonstrations: 0.000000
Avar bound for threshold 0.1: 0.000656
SUFFICIENT (0.000656 < 0.1)
Avar bound for threshold 0.2: 0.000656
SUFFICIENT (0.000656 < 0.2)
Avar bound for threshold 0.3: 0.000656
SUFFICIENT (0.000656 < 0.3)
Avar bound for threshold 0.4: 0.000656
SUFFICIENT (0.000656 < 0.4)

Running PBIRL with 8 demonstrations for experiment 2
MCMC completed with acceptance ratio: 0.3214
Using 6500 samples after burn-in.
Stored 6500 MCMC samples for demonstration 8
MAP Solution: [-0.60375303 -0.26471794  0.12755663  0.74103711]
True reward weights: [-0.2322253  -0.00465236  0.43453482  0.87018921]
MAP Policy for current environment:
0.85-VaR-max-normalization for 8 demonstrations: 0.000416
0.9-VaR-max-normalization for 8 demonstrations: 0.000513
0.95-VaR-max-normalization for 8 demonstrations: 0.000615
0.99-VaR-max-normalization for 8 demonstrations: 0.000809
True EVD for 8 demonstrations: 0.000000
Avar bound for threshold 0.1: 0.000615
SUFFICIENT (0.000615 < 0.1)
Avar bound for threshold 0.2: 0.000615
SUFFICIENT (0.000615 < 0.2)
Avar bound for threshold 0.3: 0.000615
SUFFICIENT (0.000615 < 0.3)
Avar bound for threshold 0.4: 0.000615
SUFFICIENT (0.000615 < 0.4)

Running PBIRL with 9 demonstrations for experiment 2
MCMC completed with acceptance ratio: 0.3220
Using 6500 samples after burn-in.
Stored 6500 MCMC samples for demonstration 9
MAP Solution: [-0.44314503  0.04967853  0.39756392  0.80193358]
True reward weights: [-0.2322253  -0.00465236  0.43453482  0.87018921]
MAP Policy for current environment:
0.85-VaR-max-normalization for 9 demonstrations: 0.000416
0.9-VaR-max-normalization for 9 demonstrations: 0.000516
0.95-VaR-max-normalization for 9 demonstrations: 0.000680
0.99-VaR-max-normalization for 9 demonstrations: 0.000903
True EVD for 9 demonstrations: 0.000245
Avar bound for threshold 0.1: 0.000680
SUFFICIENT (0.000680 < 0.1)
Avar bound for threshold 0.2: 0.000680
SUFFICIENT (0.000680 < 0.2)
Avar bound for threshold 0.3: 0.000680
SUFFICIENT (0.000680 < 0.3)
Avar bound for threshold 0.4: 0.000680
SUFFICIENT (0.000680 < 0.4)

Running PBIRL with 10 demonstrations for experiment 2
MCMC completed with acceptance ratio: 0.3205
Using 6500 samples after burn-in.
Stored 6500 MCMC samples for demonstration 10
MAP Solution: [-0.79249955 -0.46195015 -0.00482512  0.39814978]
True reward weights: [-0.2322253  -0.00465236  0.43453482  0.87018921]
MAP Policy for current environment:
0.85-VaR-max-normalization for 10 demonstrations: 0.000436
0.9-VaR-max-normalization for 10 demonstrations: 0.000514
0.95-VaR-max-normalization for 10 demonstrations: 0.000605
0.99-VaR-max-normalization for 10 demonstrations: 0.000774
True EVD for 10 demonstrations: 0.000000
Avar bound for threshold 0.1: 0.000605
SUFFICIENT (0.000605 < 0.1)
Avar bound for threshold 0.2: 0.000605
SUFFICIENT (0.000605 < 0.2)
Avar bound for threshold 0.3: 0.000605
SUFFICIENT (0.000605 < 0.3)
Avar bound for threshold 0.4: 0.000605
SUFFICIENT (0.000605 < 0.4)

Running PBIRL with 11 demonstrations for experiment 2
MCMC completed with acceptance ratio: 0.3238
Using 6500 samples after burn-in.
Stored 6500 MCMC samples for demonstration 11
MAP Solution: [-0.84201088  0.00782557  0.10049209  0.52996017]
True reward weights: [-0.2322253  -0.00465236  0.43453482  0.87018921]
MAP Policy for current environment:
0.85-VaR-max-normalization for 11 demonstrations: 0.000427
0.9-VaR-max-normalization for 11 demonstrations: 0.000523
0.95-VaR-max-normalization for 11 demonstrations: 0.000692
0.99-VaR-max-normalization for 11 demonstrations: 0.000902
True EVD for 11 demonstrations: 0.000245
Avar bound for threshold 0.1: 0.000692
SUFFICIENT (0.000692 < 0.1)
Avar bound for threshold 0.2: 0.000692
SUFFICIENT (0.000692 < 0.2)
Avar bound for threshold 0.3: 0.000692
SUFFICIENT (0.000692 < 0.3)
Avar bound for threshold 0.4: 0.000692
SUFFICIENT (0.000692 < 0.4)

Running PBIRL with 12 demonstrations for experiment 2
MCMC completed with acceptance ratio: 0.3242
Using 6500 samples after burn-in.
Stored 6500 MCMC samples for demonstration 12
MAP Solution: [-0.7129011   0.12905717  0.21633302  0.65445878]
True reward weights: [-0.2322253  -0.00465236  0.43453482  0.87018921]
MAP Policy for current environment:
0.85-VaR-max-normalization for 12 demonstrations: 0.000428
0.9-VaR-max-normalization for 12 demonstrations: 0.000536
0.95-VaR-max-normalization for 12 demonstrations: 0.000682
0.99-VaR-max-normalization for 12 demonstrations: 0.000907
True EVD for 12 demonstrations: 0.000245
Avar bound for threshold 0.1: 0.000682
SUFFICIENT (0.000682 < 0.1)
Avar bound for threshold 0.2: 0.000682
SUFFICIENT (0.000682 < 0.2)
Avar bound for threshold 0.3: 0.000682
SUFFICIENT (0.000682 < 0.3)
Avar bound for threshold 0.4: 0.000682
SUFFICIENT (0.000682 < 0.4)

Running PBIRL with 13 demonstrations for experiment 2
MCMC completed with acceptance ratio: 0.3202
Using 6500 samples after burn-in.
Stored 6500 MCMC samples for demonstration 13
MAP Solution: [-0.84748737  0.01501937  0.08080163  0.5244146 ]
True reward weights: [-0.2322253  -0.00465236  0.43453482  0.87018921]
MAP Policy for current environment:
0.85-VaR-max-normalization for 13 demonstrations: 0.000425
0.9-VaR-max-normalization for 13 demonstrations: 0.000552
0.95-VaR-max-normalization for 13 demonstrations: 0.000704
0.99-VaR-max-normalization for 13 demonstrations: 0.000872
True EVD for 13 demonstrations: 0.000245
Avar bound for threshold 0.1: 0.000704
SUFFICIENT (0.000704 < 0.1)
Avar bound for threshold 0.2: 0.000704
SUFFICIENT (0.000704 < 0.2)
Avar bound for threshold 0.3: 0.000704
SUFFICIENT (0.000704 < 0.3)
Avar bound for threshold 0.4: 0.000704
SUFFICIENT (0.000704 < 0.4)

Running PBIRL with 14 demonstrations for experiment 2
MCMC completed with acceptance ratio: 0.3196
Using 6500 samples after burn-in.
Stored 6500 MCMC samples for demonstration 14
MAP Solution: [-0.80327015  0.03528191  0.13166776  0.57980673]
True reward weights: [-0.2322253  -0.00465236  0.43453482  0.87018921]
MAP Policy for current environment:
0.85-VaR-max-normalization for 14 demonstrations: 0.000423
0.9-VaR-max-normalization for 14 demonstrations: 0.000514
0.95-VaR-max-normalization for 14 demonstrations: 0.000664
0.99-VaR-max-normalization for 14 demonstrations: 0.000861
True EVD for 14 demonstrations: 0.000245
Avar bound for threshold 0.1: 0.000664
SUFFICIENT (0.000664 < 0.1)
Avar bound for threshold 0.2: 0.000664
SUFFICIENT (0.000664 < 0.2)
Avar bound for threshold 0.3: 0.000664
SUFFICIENT (0.000664 < 0.3)
Avar bound for threshold 0.4: 0.000664
SUFFICIENT (0.000664 < 0.4)

Running PBIRL with 15 demonstrations for experiment 2
MCMC completed with acceptance ratio: 0.3193
Using 6500 samples after burn-in.
Stored 6500 MCMC samples for demonstration 15
MAP Solution: [-0.762261    0.06638624  0.21442257  0.60710295]
True reward weights: [-0.2322253  -0.00465236  0.43453482  0.87018921]
MAP Policy for current environment:
0.85-VaR-max-normalization for 15 demonstrations: 0.000424
0.9-VaR-max-normalization for 15 demonstrations: 0.000521
0.95-VaR-max-normalization for 15 demonstrations: 0.000657
0.99-VaR-max-normalization for 15 demonstrations: 0.000857
True EVD for 15 demonstrations: 0.000245
Avar bound for threshold 0.1: 0.000657
SUFFICIENT (0.000657 < 0.1)
Avar bound for threshold 0.2: 0.000657
SUFFICIENT (0.000657 < 0.2)
Avar bound for threshold 0.3: 0.000657
SUFFICIENT (0.000657 < 0.3)
Avar bound for threshold 0.4: 0.000657
SUFFICIENT (0.000657 < 0.4)

Saving results to files...
Results saved successfully.

Running experiment 3/19...
Shuffled Demos: [(3, 1), (21, 3), (10, 1), (20, 3), (2, 3), (5, 1), (22, 3), (14, 1), (7, 1), (11, 3), (23, 3), (1, 3), (8, 1), (9, 1), (12, 1)]

Running PBIRL with 1 demonstrations for experiment 3
MCMC completed with acceptance ratio: 0.6207
Using 6500 samples after burn-in.
Stored 6500 MCMC samples for demonstration 1
MAP Solution: [-0.49100674  0.77553664  0.11571486 -0.37955944]
True reward weights: [-0.6467127  -0.20075906  0.06245093  0.73318372]
MAP Policy for current environment:
0.85-VaR-max-normalization for 1 demonstrations: 2.323931
0.9-VaR-max-normalization for 1 demonstrations: 2.854846
0.95-VaR-max-normalization for 1 demonstrations: 3.987226
0.99-VaR-max-normalization for 1 demonstrations: 7.353102
True EVD for 1 demonstrations: 2.017926
Avar bound for threshold 0.1: 3.987226
INSUFFICIENT (3.987226 >= 0.1)
Avar bound for threshold 0.2: 3.987226
INSUFFICIENT (3.987226 >= 0.2)
Avar bound for threshold 0.3: 3.987226
INSUFFICIENT (3.987226 >= 0.3)
Avar bound for threshold 0.4: 3.987226
INSUFFICIENT (3.987226 >= 0.4)

Running PBIRL with 2 demonstrations for experiment 3
MCMC completed with acceptance ratio: 0.4267
Using 6500 samples after burn-in.
Stored 6500 MCMC samples for demonstration 2
MAP Solution: [-0.01737086  0.30006071 -0.68105297  0.66770403]
True reward weights: [-0.6467127  -0.20075906  0.06245093  0.73318372]
MAP Policy for current environment:
0.85-VaR-max-normalization for 2 demonstrations: 1.326895
0.9-VaR-max-normalization for 2 demonstrations: 1.425446
0.95-VaR-max-normalization for 2 demonstrations: 1.535897
0.99-VaR-max-normalization for 2 demonstrations: 1.660917
True EVD for 2 demonstrations: 0.015532
Avar bound for threshold 0.1: 1.535897
INSUFFICIENT (1.535897 >= 0.1)
Avar bound for threshold 0.2: 1.535897
INSUFFICIENT (1.535897 >= 0.2)
Avar bound for threshold 0.3: 1.535897
INSUFFICIENT (1.535897 >= 0.3)
Avar bound for threshold 0.4: 1.535897
INSUFFICIENT (1.535897 >= 0.4)

Running PBIRL with 3 demonstrations for experiment 3
MCMC completed with acceptance ratio: 0.3160
Using 6500 samples after burn-in.
Stored 6500 MCMC samples for demonstration 3
MAP Solution: [-0.73638898 -0.15502422 -0.18249873  0.63276613]
True reward weights: [-0.6467127  -0.20075906  0.06245093  0.73318372]
MAP Policy for current environment:
0.85-VaR-max-normalization for 3 demonstrations: 0.031500
0.9-VaR-max-normalization for 3 demonstrations: 0.039176
0.95-VaR-max-normalization for 3 demonstrations: 0.057261
0.99-VaR-max-normalization for 3 demonstrations: 0.100028
True EVD for 3 demonstrations: 0.000732
Avar bound for threshold 0.1: 0.057261
SUFFICIENT (0.057261 < 0.1)
Avar bound for threshold 0.2: 0.057261
SUFFICIENT (0.057261 < 0.2)
Avar bound for threshold 0.3: 0.057261
SUFFICIENT (0.057261 < 0.3)
Avar bound for threshold 0.4: 0.057261
SUFFICIENT (0.057261 < 0.4)

Running PBIRL with 4 demonstrations for experiment 3
MCMC completed with acceptance ratio: 0.3189
Using 6500 samples after burn-in.
Stored 6500 MCMC samples for demonstration 4
MAP Solution: [-0.75893838 -0.20883155 -0.2902318   0.54421266]
True reward weights: [-0.6467127  -0.20075906  0.06245093  0.73318372]
MAP Policy for current environment:
0.85-VaR-max-normalization for 4 demonstrations: 0.028992
0.9-VaR-max-normalization for 4 demonstrations: 0.039830
0.95-VaR-max-normalization for 4 demonstrations: 0.055591
0.99-VaR-max-normalization for 4 demonstrations: 0.091392
True EVD for 4 demonstrations: 0.000732
Avar bound for threshold 0.1: 0.055591
SUFFICIENT (0.055591 < 0.1)
Avar bound for threshold 0.2: 0.055591
SUFFICIENT (0.055591 < 0.2)
Avar bound for threshold 0.3: 0.055591
SUFFICIENT (0.055591 < 0.3)
Avar bound for threshold 0.4: 0.055591
SUFFICIENT (0.055591 < 0.4)

Running PBIRL with 5 demonstrations for experiment 3
MCMC completed with acceptance ratio: 0.3199
Using 6500 samples after burn-in.
Stored 6500 MCMC samples for demonstration 5
MAP Solution: [-0.58519039 -0.19593784  0.49936123  0.60811095]
True reward weights: [-0.6467127  -0.20075906  0.06245093  0.73318372]
MAP Policy for current environment:
0.85-VaR-max-normalization for 5 demonstrations: 0.029288
0.9-VaR-max-normalization for 5 demonstrations: 0.036994
0.95-VaR-max-normalization for 5 demonstrations: 0.049469
0.99-VaR-max-normalization for 5 demonstrations: 0.100609
True EVD for 5 demonstrations: 0.001494
Avar bound for threshold 0.1: 0.049469
SUFFICIENT (0.049469 < 0.1)
Avar bound for threshold 0.2: 0.049469
SUFFICIENT (0.049469 < 0.2)
Avar bound for threshold 0.3: 0.049469
SUFFICIENT (0.049469 < 0.3)
Avar bound for threshold 0.4: 0.049469
SUFFICIENT (0.049469 < 0.4)

Running PBIRL with 6 demonstrations for experiment 3
MCMC completed with acceptance ratio: 0.3173
Using 6500 samples after burn-in.
Stored 6500 MCMC samples for demonstration 6
MAP Solution: [-0.64672478 -0.25170412  0.45027252  0.56182448]
True reward weights: [-0.6467127  -0.20075906  0.06245093  0.73318372]
MAP Policy for current environment:
0.85-VaR-max-normalization for 6 demonstrations: 0.027088
0.9-VaR-max-normalization for 6 demonstrations: 0.037831
0.95-VaR-max-normalization for 6 demonstrations: 0.057550
0.99-VaR-max-normalization for 6 demonstrations: 0.087336
True EVD for 6 demonstrations: 0.001494
Avar bound for threshold 0.1: 0.057550
SUFFICIENT (0.057550 < 0.1)
Avar bound for threshold 0.2: 0.057550
SUFFICIENT (0.057550 < 0.2)
Avar bound for threshold 0.3: 0.057550
SUFFICIENT (0.057550 < 0.3)
Avar bound for threshold 0.4: 0.057550
SUFFICIENT (0.057550 < 0.4)

Running PBIRL with 7 demonstrations for experiment 3
MCMC completed with acceptance ratio: 0.3183
Using 6500 samples after burn-in.
Stored 6500 MCMC samples for demonstration 7
MAP Solution: [-0.61789734 -0.24651948  0.46813773  0.58161679]
True reward weights: [-0.6467127  -0.20075906  0.06245093  0.73318372]
MAP Policy for current environment:
0.85-VaR-max-normalization for 7 demonstrations: 0.013880
0.9-VaR-max-normalization for 7 demonstrations: 0.016839
0.95-VaR-max-normalization for 7 demonstrations: 0.026212
0.99-VaR-max-normalization for 7 demonstrations: 0.049066
True EVD for 7 demonstrations: 0.004771
Avar bound for threshold 0.1: 0.026212
SUFFICIENT (0.026212 < 0.1)
Avar bound for threshold 0.2: 0.026212
SUFFICIENT (0.026212 < 0.2)
Avar bound for threshold 0.3: 0.026212
SUFFICIENT (0.026212 < 0.3)
Avar bound for threshold 0.4: 0.026212
SUFFICIENT (0.026212 < 0.4)

Running PBIRL with 8 demonstrations for experiment 3
MCMC completed with acceptance ratio: 0.3182
Using 6500 samples after burn-in.
Stored 6500 MCMC samples for demonstration 8
MAP Solution: [-0.64980019 -0.23453563  0.45364485  0.56299122]
True reward weights: [-0.6467127  -0.20075906  0.06245093  0.73318372]
MAP Policy for current environment:
0.85-VaR-max-normalization for 8 demonstrations: 0.029622
0.9-VaR-max-normalization for 8 demonstrations: 0.039471
0.95-VaR-max-normalization for 8 demonstrations: 0.056968
0.99-VaR-max-normalization for 8 demonstrations: 0.083527
True EVD for 8 demonstrations: 0.001494
Avar bound for threshold 0.1: 0.056968
SUFFICIENT (0.056968 < 0.1)
Avar bound for threshold 0.2: 0.056968
SUFFICIENT (0.056968 < 0.2)
Avar bound for threshold 0.3: 0.056968
SUFFICIENT (0.056968 < 0.3)
Avar bound for threshold 0.4: 0.056968
SUFFICIENT (0.056968 < 0.4)

Running PBIRL with 9 demonstrations for experiment 3
MCMC completed with acceptance ratio: 0.3227
Using 6500 samples after burn-in.
Stored 6500 MCMC samples for demonstration 9
MAP Solution: [-0.64834271 -0.28422614  0.44625193  0.54747278]
True reward weights: [-0.6467127  -0.20075906  0.06245093  0.73318372]
MAP Policy for current environment:
0.85-VaR-max-normalization for 9 demonstrations: 0.008571
0.9-VaR-max-normalization for 9 demonstrations: 0.009679
0.95-VaR-max-normalization for 9 demonstrations: 0.011691
0.99-VaR-max-normalization for 9 demonstrations: 0.014470
True EVD for 9 demonstrations: 0.004771
Avar bound for threshold 0.1: 0.011691
SUFFICIENT (0.011691 < 0.1)
Avar bound for threshold 0.2: 0.011691
SUFFICIENT (0.011691 < 0.2)
Avar bound for threshold 0.3: 0.011691
SUFFICIENT (0.011691 < 0.3)
Avar bound for threshold 0.4: 0.011691
SUFFICIENT (0.011691 < 0.4)

Running PBIRL with 10 demonstrations for experiment 3
MCMC completed with acceptance ratio: 0.3204
Using 6500 samples after burn-in.
Stored 6500 MCMC samples for demonstration 10
MAP Solution: [-0.63625533 -0.22062062  0.44692395  0.58886729]
True reward weights: [-0.6467127  -0.20075906  0.06245093  0.73318372]
MAP Policy for current environment:
0.85-VaR-max-normalization for 10 demonstrations: 0.009709
0.9-VaR-max-normalization for 10 demonstrations: 0.012120
0.95-VaR-max-normalization for 10 demonstrations: 0.015633
0.99-VaR-max-normalization for 10 demonstrations: 0.021553
True EVD for 10 demonstrations: 0.001494
Avar bound for threshold 0.1: 0.015633
SUFFICIENT (0.015633 < 0.1)
Avar bound for threshold 0.2: 0.015633
SUFFICIENT (0.015633 < 0.2)
Avar bound for threshold 0.3: 0.015633
SUFFICIENT (0.015633 < 0.3)
Avar bound for threshold 0.4: 0.015633
SUFFICIENT (0.015633 < 0.4)

Running PBIRL with 11 demonstrations for experiment 3
MCMC completed with acceptance ratio: 0.3235
Using 6500 samples after burn-in.
Stored 6500 MCMC samples for demonstration 11
MAP Solution: [-0.68938902 -0.29755282  0.40966811  0.51805128]
True reward weights: [-0.6467127  -0.20075906  0.06245093  0.73318372]
MAP Policy for current environment:
0.85-VaR-max-normalization for 11 demonstrations: 0.011070
0.9-VaR-max-normalization for 11 demonstrations: 0.013361
0.95-VaR-max-normalization for 11 demonstrations: 0.016685
0.99-VaR-max-normalization for 11 demonstrations: 0.021704
True EVD for 11 demonstrations: 0.001494
Avar bound for threshold 0.1: 0.016685
SUFFICIENT (0.016685 < 0.1)
Avar bound for threshold 0.2: 0.016685
SUFFICIENT (0.016685 < 0.2)
Avar bound for threshold 0.3: 0.016685
SUFFICIENT (0.016685 < 0.3)
Avar bound for threshold 0.4: 0.016685
SUFFICIENT (0.016685 < 0.4)

Running PBIRL with 12 demonstrations for experiment 3
MCMC completed with acceptance ratio: 0.3204
Using 6500 samples after burn-in.
Stored 6500 MCMC samples for demonstration 12
MAP Solution: [-0.62389774 -0.26628656  0.38147621  0.62794822]
True reward weights: [-0.6467127  -0.20075906  0.06245093  0.73318372]
MAP Policy for current environment:
0.85-VaR-max-normalization for 12 demonstrations: 0.007740
0.9-VaR-max-normalization for 12 demonstrations: 0.009946
0.95-VaR-max-normalization for 12 demonstrations: 0.013251
0.99-VaR-max-normalization for 12 demonstrations: 0.018542
True EVD for 12 demonstrations: 0.000000
Avar bound for threshold 0.1: 0.013251
SUFFICIENT (0.013251 < 0.1)
Avar bound for threshold 0.2: 0.013251
SUFFICIENT (0.013251 < 0.2)
Avar bound for threshold 0.3: 0.013251
SUFFICIENT (0.013251 < 0.3)
Avar bound for threshold 0.4: 0.013251
SUFFICIENT (0.013251 < 0.4)

Running PBIRL with 13 demonstrations for experiment 3
MCMC completed with acceptance ratio: 0.3243
Using 6500 samples after burn-in.
Stored 6500 MCMC samples for demonstration 13
MAP Solution: [-0.67499551 -0.25593937  0.33810399  0.60378952]
True reward weights: [-0.6467127  -0.20075906  0.06245093  0.73318372]
MAP Policy for current environment:
0.85-VaR-max-normalization for 13 demonstrations: 0.001177
0.9-VaR-max-normalization for 13 demonstrations: 0.001528
0.95-VaR-max-normalization for 13 demonstrations: 0.002078
0.99-VaR-max-normalization for 13 demonstrations: 0.002827
True EVD for 13 demonstrations: 0.000000
Avar bound for threshold 0.1: 0.002078
SUFFICIENT (0.002078 < 0.1)
Avar bound for threshold 0.2: 0.002078
SUFFICIENT (0.002078 < 0.2)
Avar bound for threshold 0.3: 0.002078
SUFFICIENT (0.002078 < 0.3)
Avar bound for threshold 0.4: 0.002078
SUFFICIENT (0.002078 < 0.4)

Running PBIRL with 14 demonstrations for experiment 3
MCMC completed with acceptance ratio: 0.3212
Using 6500 samples after burn-in.
Stored 6500 MCMC samples for demonstration 14
MAP Solution: [-0.72124779 -0.25436265  0.27999978  0.58025976]
True reward weights: [-0.6467127  -0.20075906  0.06245093  0.73318372]
MAP Policy for current environment:
0.85-VaR-max-normalization for 14 demonstrations: 0.001010
0.9-VaR-max-normalization for 14 demonstrations: 0.001382
0.95-VaR-max-normalization for 14 demonstrations: 0.001992
0.99-VaR-max-normalization for 14 demonstrations: 0.002647
True EVD for 14 demonstrations: 0.000000
Avar bound for threshold 0.1: 0.001992
SUFFICIENT (0.001992 < 0.1)
Avar bound for threshold 0.2: 0.001992
SUFFICIENT (0.001992 < 0.2)
Avar bound for threshold 0.3: 0.001992
SUFFICIENT (0.001992 < 0.3)
Avar bound for threshold 0.4: 0.001992
SUFFICIENT (0.001992 < 0.4)

Running PBIRL with 15 demonstrations for experiment 3
MCMC completed with acceptance ratio: 0.3210
Using 6500 samples after burn-in.
Stored 6500 MCMC samples for demonstration 15
MAP Solution: [-0.66248818 -0.26729396  0.34756282  0.60734128]
True reward weights: [-0.6467127  -0.20075906  0.06245093  0.73318372]
MAP Policy for current environment:
0.85-VaR-max-normalization for 15 demonstrations: 0.000945
0.9-VaR-max-normalization for 15 demonstrations: 0.001321
0.95-VaR-max-normalization for 15 demonstrations: 0.001885
0.99-VaR-max-normalization for 15 demonstrations: 0.002699
True EVD for 15 demonstrations: 0.000000
Avar bound for threshold 0.1: 0.001885
SUFFICIENT (0.001885 < 0.1)
Avar bound for threshold 0.2: 0.001885
SUFFICIENT (0.001885 < 0.2)
Avar bound for threshold 0.3: 0.001885
SUFFICIENT (0.001885 < 0.3)
Avar bound for threshold 0.4: 0.001885
SUFFICIENT (0.001885 < 0.4)

Running experiment 4/19...
Shuffled Demos: [(2, 1), (5, 1), (9, 1), (6, 3), (15, 1), (3, 1), (23, 3), (14, 1), (12, 1), (16, 3), (19, 1), (4, 1), (7, 3), (1, 3), (13, 1)]

Running PBIRL with 1 demonstrations for experiment 4
MCMC completed with acceptance ratio: 0.4957
Using 6500 samples after burn-in.
Stored 6500 MCMC samples for demonstration 1
MAP Solution: [-0.56255011  0.20748627 -0.8002487  -0.00942586]
True reward weights: [-0.69449962 -0.28165855  0.22055331  0.62425554]
MAP Policy for current environment:
0.85-VaR-max-normalization for 1 demonstrations: 2.110823
0.9-VaR-max-normalization for 1 demonstrations: 2.447400
0.95-VaR-max-normalization for 1 demonstrations: 2.847382
0.99-VaR-max-normalization for 1 demonstrations: 3.443493
True EVD for 1 demonstrations: 2.205192
Avar bound for threshold 0.1: 2.847382
INSUFFICIENT (2.847382 >= 0.1)
Avar bound for threshold 0.2: 2.847382
INSUFFICIENT (2.847382 >= 0.2)
Avar bound for threshold 0.3: 2.847382
INSUFFICIENT (2.847382 >= 0.3)
Avar bound for threshold 0.4: 2.847382
INSUFFICIENT (2.847382 >= 0.4)

Running PBIRL with 2 demonstrations for experiment 4
MCMC completed with acceptance ratio: 0.3188
Using 6500 samples after burn-in.
Stored 6500 MCMC samples for demonstration 2
MAP Solution: [-0.67998726  0.25179046 -0.16083632  0.66958985]
True reward weights: [-0.69449962 -0.28165855  0.22055331  0.62425554]
MAP Policy for current environment:
0.85-VaR-max-normalization for 2 demonstrations: 0.008770
0.9-VaR-max-normalization for 2 demonstrations: 0.017847
0.95-VaR-max-normalization for 2 demonstrations: 0.031327
0.99-VaR-max-normalization for 2 demonstrations: 1.476621
True EVD for 2 demonstrations: 0.003241
Avar bound for threshold 0.1: 0.031327
SUFFICIENT (0.031327 < 0.1)
Avar bound for threshold 0.2: 0.031327
SUFFICIENT (0.031327 < 0.2)
Avar bound for threshold 0.3: 0.031327
SUFFICIENT (0.031327 < 0.3)
Avar bound for threshold 0.4: 0.031327
SUFFICIENT (0.031327 < 0.4)

Running PBIRL with 3 demonstrations for experiment 4
MCMC completed with acceptance ratio: 0.3252
Using 6500 samples after burn-in.
Stored 6500 MCMC samples for demonstration 3
MAP Solution: [-0.76052262 -0.11494457 -0.4359099   0.46730681]
True reward weights: [-0.69449962 -0.28165855  0.22055331  0.62425554]
MAP Policy for current environment:
0.85-VaR-max-normalization for 3 demonstrations: 0.003637
0.9-VaR-max-normalization for 3 demonstrations: 0.006805
0.95-VaR-max-normalization for 3 demonstrations: 0.015071
0.99-VaR-max-normalization for 3 demonstrations: 0.029477
True EVD for 3 demonstrations: 0.000420
Avar bound for threshold 0.1: 0.015071
SUFFICIENT (0.015071 < 0.1)
Avar bound for threshold 0.2: 0.015071
SUFFICIENT (0.015071 < 0.2)
Avar bound for threshold 0.3: 0.015071
SUFFICIENT (0.015071 < 0.3)
Avar bound for threshold 0.4: 0.015071
SUFFICIENT (0.015071 < 0.4)

Running PBIRL with 4 demonstrations for experiment 4
MCMC completed with acceptance ratio: 0.3235
Using 6500 samples after burn-in.
Stored 6500 MCMC samples for demonstration 4
MAP Solution: [-0.69477704 -0.0572574  -0.078454    0.71263695]
True reward weights: [-0.69449962 -0.28165855  0.22055331  0.62425554]
MAP Policy for current environment:
0.85-VaR-max-normalization for 4 demonstrations: 0.002080
0.9-VaR-max-normalization for 4 demonstrations: 0.002550
0.95-VaR-max-normalization for 4 demonstrations: 0.003036
0.99-VaR-max-normalization for 4 demonstrations: 0.003836
True EVD for 4 demonstrations: 0.000420
Avar bound for threshold 0.1: 0.003036
SUFFICIENT (0.003036 < 0.1)
Avar bound for threshold 0.2: 0.003036
SUFFICIENT (0.003036 < 0.2)
Avar bound for threshold 0.3: 0.003036
SUFFICIENT (0.003036 < 0.3)
Avar bound for threshold 0.4: 0.003036
SUFFICIENT (0.003036 < 0.4)

Running PBIRL with 5 demonstrations for experiment 4
MCMC completed with acceptance ratio: 0.3180
Using 6500 samples after burn-in.
Stored 6500 MCMC samples for demonstration 5
MAP Solution: [-0.53806445 -0.24453048  0.33376877  0.73436361]
True reward weights: [-0.69449962 -0.28165855  0.22055331  0.62425554]
MAP Policy for current environment:
0.85-VaR-max-normalization for 5 demonstrations: 0.000000
0.9-VaR-max-normalization for 5 demonstrations: 0.000000
0.95-VaR-max-normalization for 5 demonstrations: 0.000010
0.99-VaR-max-normalization for 5 demonstrations: 0.000457
True EVD for 5 demonstrations: 0.000000
Avar bound for threshold 0.1: 0.000010
SUFFICIENT (0.000010 < 0.1)
Avar bound for threshold 0.2: 0.000010
SUFFICIENT (0.000010 < 0.2)
Avar bound for threshold 0.3: 0.000010
SUFFICIENT (0.000010 < 0.3)
Avar bound for threshold 0.4: 0.000010
SUFFICIENT (0.000010 < 0.4)

Running PBIRL with 6 demonstrations for experiment 4
MCMC completed with acceptance ratio: 0.3170
Using 6500 samples after burn-in.
Stored 6500 MCMC samples for demonstration 6
MAP Solution: [-0.70130911 -0.39713052  0.20187848  0.55650513]
True reward weights: [-0.69449962 -0.28165855  0.22055331  0.62425554]
MAP Policy for current environment:
0.85-VaR-max-normalization for 6 demonstrations: 0.000000
0.9-VaR-max-normalization for 6 demonstrations: 0.000000
0.95-VaR-max-normalization for 6 demonstrations: 0.000000
0.99-VaR-max-normalization for 6 demonstrations: 0.000433
True EVD for 6 demonstrations: 0.000000
Avar bound for threshold 0.1: 0.000000
SUFFICIENT (0.000000 < 0.1)
Avar bound for threshold 0.2: 0.000000
SUFFICIENT (0.000000 < 0.2)
Avar bound for threshold 0.3: 0.000000
SUFFICIENT (0.000000 < 0.3)
Avar bound for threshold 0.4: 0.000000
SUFFICIENT (0.000000 < 0.4)

Running PBIRL with 7 demonstrations for experiment 4
MCMC completed with acceptance ratio: 0.3169
Using 6500 samples after burn-in.
Stored 6500 MCMC samples for demonstration 7
MAP Solution: [-0.55326489 -0.26106054  0.31578944  0.72527401]
True reward weights: [-0.69449962 -0.28165855  0.22055331  0.62425554]
MAP Policy for current environment:
0.85-VaR-max-normalization for 7 demonstrations: 0.000000
0.9-VaR-max-normalization for 7 demonstrations: 0.000000
0.95-VaR-max-normalization for 7 demonstrations: 0.000000
0.99-VaR-max-normalization for 7 demonstrations: 0.000314
True EVD for 7 demonstrations: 0.000000
Avar bound for threshold 0.1: 0.000000
SUFFICIENT (0.000000 < 0.1)
Avar bound for threshold 0.2: 0.000000
SUFFICIENT (0.000000 < 0.2)
Avar bound for threshold 0.3: 0.000000
SUFFICIENT (0.000000 < 0.3)
Avar bound for threshold 0.4: 0.000000
SUFFICIENT (0.000000 < 0.4)

Running PBIRL with 8 demonstrations for experiment 4
MCMC completed with acceptance ratio: 0.3200
Using 6500 samples after burn-in.
Stored 6500 MCMC samples for demonstration 8
MAP Solution: [-0.70234104 -0.40324518  0.18846219  0.55551092]
True reward weights: [-0.69449962 -0.28165855  0.22055331  0.62425554]
MAP Policy for current environment:
0.85-VaR-max-normalization for 8 demonstrations: 0.000000
0.9-VaR-max-normalization for 8 demonstrations: 0.000000
0.95-VaR-max-normalization for 8 demonstrations: 0.000040
0.99-VaR-max-normalization for 8 demonstrations: 0.000965
True EVD for 8 demonstrations: 0.000000
Avar bound for threshold 0.1: 0.000040
SUFFICIENT (0.000040 < 0.1)
Avar bound for threshold 0.2: 0.000040
SUFFICIENT (0.000040 < 0.2)
Avar bound for threshold 0.3: 0.000040
SUFFICIENT (0.000040 < 0.3)
Avar bound for threshold 0.4: 0.000040
SUFFICIENT (0.000040 < 0.4)

Running PBIRL with 9 demonstrations for experiment 4
MCMC completed with acceptance ratio: 0.3172
Using 6500 samples after burn-in.
Stored 6500 MCMC samples for demonstration 9
MAP Solution: [-0.57128639 -0.26070892  0.34317528  0.6984937 ]
True reward weights: [-0.69449962 -0.28165855  0.22055331  0.62425554]
MAP Policy for current environment:
0.85-VaR-max-normalization for 9 demonstrations: 0.000000
0.9-VaR-max-normalization for 9 demonstrations: 0.000000
0.95-VaR-max-normalization for 9 demonstrations: 0.000000
0.99-VaR-max-normalization for 9 demonstrations: 0.000080
True EVD for 9 demonstrations: 0.000000
Avar bound for threshold 0.1: 0.000000
SUFFICIENT (0.000000 < 0.1)
Avar bound for threshold 0.2: 0.000000
SUFFICIENT (0.000000 < 0.2)
Avar bound for threshold 0.3: 0.000000
SUFFICIENT (0.000000 < 0.3)
Avar bound for threshold 0.4: 0.000000
SUFFICIENT (0.000000 < 0.4)

Running PBIRL with 10 demonstrations for experiment 4
MCMC completed with acceptance ratio: 0.3174
Using 6500 samples after burn-in.
Stored 6500 MCMC samples for demonstration 10
MAP Solution: [-0.67034897 -0.37199806  0.21555655  0.60480168]
True reward weights: [-0.69449962 -0.28165855  0.22055331  0.62425554]
MAP Policy for current environment:
0.85-VaR-max-normalization for 10 demonstrations: 0.000000
0.9-VaR-max-normalization for 10 demonstrations: 0.000000
0.95-VaR-max-normalization for 10 demonstrations: 0.000000
0.99-VaR-max-normalization for 10 demonstrations: 0.000110
True EVD for 10 demonstrations: 0.000000
Avar bound for threshold 0.1: 0.000000
SUFFICIENT (0.000000 < 0.1)
Avar bound for threshold 0.2: 0.000000
SUFFICIENT (0.000000 < 0.2)
Avar bound for threshold 0.3: 0.000000
SUFFICIENT (0.000000 < 0.3)
Avar bound for threshold 0.4: 0.000000
SUFFICIENT (0.000000 < 0.4)

Running PBIRL with 11 demonstrations for experiment 4
MCMC completed with acceptance ratio: 0.3193
Using 6500 samples after burn-in.
Stored 6500 MCMC samples for demonstration 11
MAP Solution: [-0.59941279 -0.28848437  0.31844511  0.67533235]
True reward weights: [-0.69449962 -0.28165855  0.22055331  0.62425554]
MAP Policy for current environment:
0.85-VaR-max-normalization for 11 demonstrations: 0.000000
0.9-VaR-max-normalization for 11 demonstrations: 0.000000
0.95-VaR-max-normalization for 11 demonstrations: 0.000000
0.99-VaR-max-normalization for 11 demonstrations: 0.000117
True EVD for 11 demonstrations: 0.000000
Avar bound for threshold 0.1: 0.000000
SUFFICIENT (0.000000 < 0.1)
Avar bound for threshold 0.2: 0.000000
SUFFICIENT (0.000000 < 0.2)
Avar bound for threshold 0.3: 0.000000
SUFFICIENT (0.000000 < 0.3)
Avar bound for threshold 0.4: 0.000000
SUFFICIENT (0.000000 < 0.4)

Running PBIRL with 12 demonstrations for experiment 4
MCMC completed with acceptance ratio: 0.3138
Using 6500 samples after burn-in.
Stored 6500 MCMC samples for demonstration 12
MAP Solution: [-0.65383379 -0.33870419  0.25927651  0.62494523]
True reward weights: [-0.69449962 -0.28165855  0.22055331  0.62425554]
MAP Policy for current environment:
0.85-VaR-max-normalization for 12 demonstrations: 0.000000
0.9-VaR-max-normalization for 12 demonstrations: 0.000000
0.95-VaR-max-normalization for 12 demonstrations: 0.000000
0.99-VaR-max-normalization for 12 demonstrations: 0.000034
True EVD for 12 demonstrations: 0.000000
Avar bound for threshold 0.1: 0.000000
SUFFICIENT (0.000000 < 0.1)
Avar bound for threshold 0.2: 0.000000
SUFFICIENT (0.000000 < 0.2)
Avar bound for threshold 0.3: 0.000000
SUFFICIENT (0.000000 < 0.3)
Avar bound for threshold 0.4: 0.000000
SUFFICIENT (0.000000 < 0.4)

Running PBIRL with 13 demonstrations for experiment 4
MCMC completed with acceptance ratio: 0.3204
Using 6500 samples after burn-in.
Stored 6500 MCMC samples for demonstration 13
MAP Solution: [-0.63980268 -0.32530064  0.27462029  0.63985602]
True reward weights: [-0.69449962 -0.28165855  0.22055331  0.62425554]
MAP Policy for current environment:
0.85-VaR-max-normalization for 13 demonstrations: 0.000000
0.9-VaR-max-normalization for 13 demonstrations: 0.000000
0.95-VaR-max-normalization for 13 demonstrations: 0.000000
0.99-VaR-max-normalization for 13 demonstrations: 0.000097
True EVD for 13 demonstrations: 0.000000
Avar bound for threshold 0.1: 0.000000
SUFFICIENT (0.000000 < 0.1)
Avar bound for threshold 0.2: 0.000000
SUFFICIENT (0.000000 < 0.2)
Avar bound for threshold 0.3: 0.000000
SUFFICIENT (0.000000 < 0.3)
Avar bound for threshold 0.4: 0.000000
SUFFICIENT (0.000000 < 0.4)

Running PBIRL with 14 demonstrations for experiment 4
MCMC completed with acceptance ratio: 0.3174
Using 6500 samples after burn-in.
Stored 6500 MCMC samples for demonstration 14
MAP Solution: [-0.56435082 -0.26699321  0.32098996  0.71217148]
True reward weights: [-0.69449962 -0.28165855  0.22055331  0.62425554]
MAP Policy for current environment:
