Config file loaded successfully.
Feature weights for environment: [-0.97266673 -0.03083248  0.23014951]
Feature weights for environment: [-0.35835056 -0.08647525  0.92957351]
Feature weights for environment: [-0.71046942 -0.64188771  0.28846728]
Feature weights for environment: [-0.89578956 -0.24432685  0.37130237]
Feature weights for environment: [-0.7282924  -0.22722733  0.64649665]
Feature weights for environment: [-0.75022399 -0.57596895  0.32469021]
Feature weights for environment: [-0.70842322 -0.26108332  0.65572254]
Feature weights for environment: [-0.74635145 -0.57484795  0.33542412]
Feature weights for environment: [-0.0505111  -0.01531811  0.99860602]
Feature weights for environment: [-0.76518493 -0.64328377  0.02603879]
Feature weights for environment: [-0.87829137 -0.24439244  0.41094598]
Feature weights for environment: [-0.8497926  -0.50850291  0.13884283]
Feature weights for environment: [-0.34477193 -0.32328333  0.88126058]
Feature weights for environment: [-0.43088031 -0.17122291  0.88601629]
Feature weights for environment: [-0.75433776 -0.02805593  0.65588674]
Feature weights for environment: [-0.92032338 -0.11683579  0.37330186]
Feature weights for environment: [-0.76208548 -0.28664819  0.58056743]
Feature weights for environment: [-0.39174849 -0.30341429  0.86860399]
Feature weights for environment: [-0.92648321 -0.16748955  0.33701054]
Feature weights for environment: [-0.61012931 -0.3129562   0.72787406]
Feature weights for environment: [-0.3738588  -0.3262014   0.86822937]
Feature weights for environment: [-0.70965126 -0.6051058   0.36089066]
Feature weights for environment: [-0.74528522 -0.55533186  0.36899385]
Feature weights for environment: [-0.68144434 -0.29187893  0.6711485 ]
Feature weights for environment: [-0.44714936 -0.30119858  0.84222139]
Feature weights for environment: [-0.7333898  -0.47830978  0.48307263]
Feature weights for environment: [-0.65557811 -0.01374154  0.75500233]
Feature weights for environment: [-0.866301   -0.34967581  0.35672034]
Feature weights for environment: [-0.6535586  -0.23072892  0.72085041]
Feature weights for environment: [-0.81326386 -0.04441834  0.5801973 ]
Feature weights for environment: [-0.27534761 -0.19938474  0.94044108]
Feature weights for environment: [-0.90753571 -0.40234227  0.1204144 ]
Feature weights for environment: [-0.32556312 -0.30396656  0.89532842]
Feature weights for environment: [-0.839382   -0.393236    0.37523766]
Feature weights for environment: [-0.94121751 -0.05112011  0.33391067]
Feature weights for environment: [-0.05456508 -0.040557    0.99768621]
Feature weights for environment: [-0.75478167 -0.33513042  0.563908  ]
Feature weights for environment: [-0.49248773 -0.22865786  0.83974486]
Feature weights for environment: [-0.56481614 -0.46100063  0.68444222]
Feature weights for environment: [-0.6667631  -0.57474284  0.47444455]
Feature weights for environment: [-0.46247666 -0.0267168   0.88622884]
Feature weights for environment: [-0.71505276 -0.68463496  0.14133129]
Feature weights for environment: [-0.94655708 -0.29794542  0.12352418]
Feature weights for environment: [-0.88315502 -0.32822573  0.33511952]
Feature weights for environment: [-0.83381491 -0.37890594  0.40147601]
Feature weights for environment: [-0.82098277 -0.18440172  0.54035479]
Feature weights for environment: [-0.73857451 -0.23755048  0.63093381]
Feature weights for environment: [-0.95541883 -0.18852986  0.22722531]
Feature weights for environment: [-0.98484463 -0.1489005   0.08893646]
Feature weights for environment: [-0.47840873 -0.41855607  0.77196885]
Generated optimal policies for all environments.

Running experiment 1/50...
Shuffled Demos: [(2, 1), (4, 3), (0, 1)]

Running PBIRL with 1 demonstrations for experiment 1
MCMC completed with acceptance ratio: 0.4774
Using 3250 samples after burn-in.
Stored 3250 MCMC samples for demonstration 1
MAP Solution: [ 0.09408379 -0.67206588  0.7344901 ]
True reward weights: [-0.97266673 -0.03083248  0.23014951]
MAP Policy for current environment:

Running PBIRL with 2 demonstrations for experiment 1
MCMC completed with acceptance ratio: 0.4834
Using 3250 samples after burn-in.
Stored 3250 MCMC samples for demonstration 2
MAP Solution: [-0.60637816 -0.08231937  0.79090394]
True reward weights: [-0.97266673 -0.03083248  0.23014951]
MAP Policy for current environment:

Running PBIRL with 3 demonstrations for experiment 1
MCMC completed with acceptance ratio: 0.2910
Using 3250 samples after burn-in.
Stored 3250 MCMC samples for demonstration 3
MAP Solution: [-0.88807289 -0.15905926  0.43130811]
True reward weights: [-0.97266673 -0.03083248  0.23014951]
MAP Policy for current environment:

Running experiment 2/50...
Shuffled Demos: [(0, 1), (2, 1), (4, 3)]

Running PBIRL with 1 demonstrations for experiment 2
MCMC completed with acceptance ratio: 0.3062
Using 3250 samples after burn-in.
Stored 3250 MCMC samples for demonstration 1
MAP Solution: [-0.92624344 -0.1173006   0.35820897]
True reward weights: [-0.35835056 -0.08647525  0.92957351]
MAP Policy for current environment:

Running PBIRL with 2 demonstrations for experiment 2
Config file loaded successfully.
Feature weights for environment: [-0.97266673 -0.03083248  0.23014951]
Feature weights for environment: [-0.35835056 -0.08647525  0.92957351]
Feature weights for environment: [-0.71046942 -0.64188771  0.28846728]
Feature weights for environment: [-0.89578956 -0.24432685  0.37130237]
Feature weights for environment: [-0.7282924  -0.22722733  0.64649665]
Feature weights for environment: [-0.75022399 -0.57596895  0.32469021]
Feature weights for environment: [-0.70842322 -0.26108332  0.65572254]
Feature weights for environment: [-0.74635145 -0.57484795  0.33542412]
Feature weights for environment: [-0.0505111  -0.01531811  0.99860602]
Feature weights for environment: [-0.76518493 -0.64328377  0.02603879]
Feature weights for environment: [-0.87829137 -0.24439244  0.41094598]
Feature weights for environment: [-0.8497926  -0.50850291  0.13884283]
Feature weights for environment: [-0.34477193 -0.32328333  0.88126058]
Feature weights for environment: [-0.43088031 -0.17122291  0.88601629]
Feature weights for environment: [-0.75433776 -0.02805593  0.65588674]
Feature weights for environment: [-0.92032338 -0.11683579  0.37330186]
Feature weights for environment: [-0.76208548 -0.28664819  0.58056743]
Feature weights for environment: [-0.39174849 -0.30341429  0.86860399]
Feature weights for environment: [-0.92648321 -0.16748955  0.33701054]
Feature weights for environment: [-0.61012931 -0.3129562   0.72787406]
Feature weights for environment: [-0.3738588  -0.3262014   0.86822937]
Feature weights for environment: [-0.70965126 -0.6051058   0.36089066]
Feature weights for environment: [-0.74528522 -0.55533186  0.36899385]
Feature weights for environment: [-0.68144434 -0.29187893  0.6711485 ]
Feature weights for environment: [-0.44714936 -0.30119858  0.84222139]
Feature weights for environment: [-0.7333898  -0.47830978  0.48307263]
Feature weights for environment: [-0.65557811 -0.01374154  0.75500233]
Feature weights for environment: [-0.866301   -0.34967581  0.35672034]
Feature weights for environment: [-0.6535586  -0.23072892  0.72085041]
Feature weights for environment: [-0.81326386 -0.04441834  0.5801973 ]
Feature weights for environment: [-0.27534761 -0.19938474  0.94044108]
Feature weights for environment: [-0.90753571 -0.40234227  0.1204144 ]
Feature weights for environment: [-0.32556312 -0.30396656  0.89532842]
Feature weights for environment: [-0.839382   -0.393236    0.37523766]
Feature weights for environment: [-0.94121751 -0.05112011  0.33391067]
Feature weights for environment: [-0.05456508 -0.040557    0.99768621]
Feature weights for environment: [-0.75478167 -0.33513042  0.563908  ]
Feature weights for environment: [-0.49248773 -0.22865786  0.83974486]
Feature weights for environment: [-0.56481614 -0.46100063  0.68444222]
Feature weights for environment: [-0.6667631  -0.57474284  0.47444455]
Feature weights for environment: [-0.46247666 -0.0267168   0.88622884]
Feature weights for environment: [-0.71505276 -0.68463496  0.14133129]
Feature weights for environment: [-0.94655708 -0.29794542  0.12352418]
Feature weights for environment: [-0.88315502 -0.32822573  0.33511952]
Feature weights for environment: [-0.83381491 -0.37890594  0.40147601]
Feature weights for environment: [-0.82098277 -0.18440172  0.54035479]
Feature weights for environment: [-0.73857451 -0.23755048  0.63093381]
Feature weights for environment: [-0.95541883 -0.18852986  0.22722531]
Feature weights for environment: [-0.98484463 -0.1489005   0.08893646]
Feature weights for environment: [-0.47840873 -0.41855607  0.77196885]
Generated optimal policies for all environments.

Running experiment 1/50...
Shuffled Demos: [(2, 1), (0, 1), (4, 3)]

Running PBIRL with 1 demonstrations for experiment 1
MCMC completed with acceptance ratio: 0.4850
Using 3250 samples after burn-in.
Stored 3250 MCMC samples for demonstration 1
MAP Solution: [-0.26965935 -0.90944748 -0.31652663]
True reward weights: [-0.97266673 -0.03083248  0.23014951]
MAP Policy for current environment:

Running PBIRL with 2 demonstrations for experiment 1
MCMC completed with acceptance ratio: 0.2934
Using 3250 samples after burn-in.
Stored 3250 MCMC samples for demonstration 2
MAP Solution: [-0.95841204 -0.13147679  0.25329868]
True reward weights: [-0.97266673 -0.03083248  0.23014951]
MAP Policy for current environment:

Running PBIRL with 3 demonstrations for experiment 1
MCMC completed with acceptance ratio: 0.3034
Using 3250 samples after burn-in.
Stored 3250 MCMC samples for demonstration 3
MAP Solution: [-0.52243843  0.18265199  0.83288435]
True reward weights: [-0.97266673 -0.03083248  0.23014951]
MAP Policy for current environment:

Running experiment 2/50...
Shuffled Demos: [(2, 1), (4, 3), (0, 1)]

Running PBIRL with 1 demonstrations for experiment 2
MCMC completed with acceptance ratio: 0.4758
Using 3250 samples after burn-in.
Stored 3250 MCMC samples for demonstration 1
MAP Solution: [-0.66791937 -0.14722904  0.72952541]
True reward weights: [-0.35835056 -0.08647525  0.92957351]
MAP Policy for current environment:

Running PBIRL with 2 demonstrations for experiment 2
MCMC completed with acceptance ratio: 0.4734
Using 3250 samples after burn-in.
Stored 3250 MCMC samples for demonstration 2
MAP Solution: [-0.78932289  0.1642787   0.59159267]
True reward weights: [-0.35835056 -0.08647525  0.92957351]
MAP Policy for current environment:

Running PBIRL with 3 demonstrations for experiment 2
MCMC completed with acceptance ratio: 0.3046
Using 3250 samples after burn-in.
Stored 3250 MCMC samples for demonstration 3
MAP Solution: [-0.95326964 -0.27546655  0.12407726]
True reward weights: [-0.35835056 -0.08647525  0.92957351]
MAP Policy for current environment:

Saving results to files...
Results saved successfully.

Running experiment 3/50...
Shuffled Demos: [(4, 3), (2, 1), (0, 1)]

Running PBIRL with 1 demonstrations for experiment 3
MCMC completed with acceptance ratio: 0.4878
Using 3250 samples after burn-in.
Stored 3250 MCMC samples for demonstration 1
MAP Solution: [ 0.63616437 -0.58905026  0.49831184]
True reward weights: [-0.71046942 -0.64188771  0.28846728]
MAP Policy for current environment:

Running PBIRL with 2 demonstrations for experiment 3
MCMC completed with acceptance ratio: 0.4860
Using 3250 samples after burn-in.
Stored 3250 MCMC samples for demonstration 2
MAP Solution: [-0.50901609  0.02436441  0.86041211]
True reward weights: [-0.71046942 -0.64188771  0.28846728]
MAP Policy for current environment:

Running PBIRL with 3 demonstrations for experiment 3
MCMC completed with acceptance ratio: 0.2920
Using 3250 samples after burn-in.
Stored 3250 MCMC samples for demonstration 3
MAP Solution: [-0.48479212  0.32332402  0.81267348]
True reward weights: [-0.71046942 -0.64188771  0.28846728]
MAP Policy for current environment:

Running experiment 4/50...
Shuffled Demos: [(0, 1), (4, 3), (2, 1)]

Running PBIRL with 1 demonstrations for experiment 4
MCMC completed with acceptance ratio: 0.3002
Using 3250 samples after burn-in.
Stored 3250 MCMC samples for demonstration 1
MAP Solution: [-0.95427016 -0.22200573  0.20020468]
True reward weights: [-0.89578956 -0.24432685  0.37130237]
MAP Policy for current environment:

Running PBIRL with 2 demonstrations for experiment 4
MCMC completed with acceptance ratio: 0.2992
Using 3250 samples after burn-in.
Stored 3250 MCMC samples for demonstration 2
MAP Solution: [-0.60345558  0.1519078   0.78279332]
True reward weights: [-0.89578956 -0.24432685  0.37130237]
MAP Policy for current environment:

Running PBIRL with 3 demonstrations for experiment 4
MCMC completed with acceptance ratio: 0.3034
Using 3250 samples after burn-in.
Stored 3250 MCMC samples for demonstration 3
MAP Solution: [-0.86323749 -0.03612499  0.50350374]
True reward weights: [-0.89578956 -0.24432685  0.37130237]
MAP Policy for current environment:

Saving results to files...
Results saved successfully.

Running experiment 5/50...
Shuffled Demos: [(2, 1), (4, 3), (0, 1)]

Running PBIRL with 1 demonstrations for experiment 5
MCMC completed with acceptance ratio: 0.4764
Using 3250 samples after burn-in.
Stored 3250 MCMC samples for demonstration 1
MAP Solution: [ 0.70618755 -0.0342027   0.70719821]
True reward weights: [-0.7282924  -0.22722733  0.64649665]
MAP Policy for current environment:

Running PBIRL with 2 demonstrations for experiment 5
MCMC completed with acceptance ratio: 0.4774
Using 3250 samples after burn-in.
Stored 3250 MCMC samples for demonstration 2
MAP Solution: [ 0.0320805  -0.99831665 -0.04831883]
True reward weights: [-0.7282924  -0.22722733  0.64649665]
MAP Policy for current environment:

Running PBIRL with 3 demonstrations for experiment 5
MCMC completed with acceptance ratio: 0.2904
Using 3250 samples after burn-in.
Stored 3250 MCMC samples for demonstration 3
MAP Solution: [-0.4911229   0.38680646  0.78049923]
True reward weights: [-0.7282924  -0.22722733  0.64649665]
MAP Policy for current environment:

Running experiment 6/50...
Shuffled Demos: [(4, 3), (0, 1), (2, 1)]

Running PBIRL with 1 demonstrations for experiment 6
MCMC completed with acceptance ratio: 0.4868
Using 3250 samples after burn-in.
Stored 3250 MCMC samples for demonstration 1
MAP Solution: [-0.21424968  0.23077886  0.94912496]
True reward weights: [-0.75022399 -0.57596895  0.32469021]
MAP Policy for current environment:

Running PBIRL with 2 demonstrations for experiment 6
MCMC completed with acceptance ratio: 0.3022
Using 3250 samples after burn-in.
Stored 3250 MCMC samples for demonstration 2
MAP Solution: [-0.07180225  0.47302945  0.87811592]
True reward weights: [-0.75022399 -0.57596895  0.32469021]
MAP Policy for current environment:

Running PBIRL with 3 demonstrations for experiment 6
MCMC completed with acceptance ratio: 0.2886
Using 3250 samples after burn-in.
Stored 3250 MCMC samples for demonstration 3
MAP Solution: [-0.70761353 -0.03551033  0.70570681]
True reward weights: [-0.75022399 -0.57596895  0.32469021]
MAP Policy for current environment:

Saving results to files...
Results saved successfully.

Running experiment 7/50...
Shuffled Demos: [(2, 1), (4, 3), (0, 1)]

Running PBIRL with 1 demonstrations for experiment 7
MCMC completed with acceptance ratio: 0.4928
Using 3250 samples after burn-in.
Stored 3250 MCMC samples for demonstration 1
MAP Solution: [-0.86154273 -0.50587078  0.04288204]
True reward weights: [-0.70842322 -0.26108332  0.65572254]
MAP Policy for current environment:

Running PBIRL with 2 demonstrations for experiment 7
MCMC completed with acceptance ratio: 0.4790
Using 3250 samples after burn-in.
Stored 3250 MCMC samples for demonstration 2
MAP Solution: [-0.30686915 -0.12304045  0.943765  ]
True reward weights: [-0.70842322 -0.26108332  0.65572254]
MAP Policy for current environment:

Running PBIRL with 3 demonstrations for experiment 7
MCMC completed with acceptance ratio: 0.2984
Using 3250 samples after burn-in.
Stored 3250 MCMC samples for demonstration 3
MAP Solution: [-0.59300059  0.21274009  0.77658995]
True reward weights: [-0.70842322 -0.26108332  0.65572254]
MAP Policy for current environment:

Running experiment 8/50...
Shuffled Demos: [(0, 1), (2, 1), (4, 3)]

Running PBIRL with 1 demonstrations for experiment 8
MCMC completed with acceptance ratio: 0.2938
Using 3250 samples after burn-in.
Stored 3250 MCMC samples for demonstration 1
MAP Solution: [-0.92074912 -0.07130077  0.38358476]
True reward weights: [-0.74635145 -0.57484795  0.33542412]
MAP Policy for current environment:

Running PBIRL with 2 demonstrations for experiment 8
MCMC completed with acceptance ratio: 0.3002
Using 3250 samples after burn-in.
Stored 3250 MCMC samples for demonstration 2
MAP Solution: [-0.71490762  0.19344613  0.67192685]
True reward weights: [-0.74635145 -0.57484795  0.33542412]
MAP Policy for current environment:

Running PBIRL with 3 demonstrations for experiment 8
MCMC completed with acceptance ratio: 0.2986
Using 3250 samples after burn-in.
Stored 3250 MCMC samples for demonstration 3
MAP Solution: [-0.90968364 -0.07130185  0.40913534]
True reward weights: [-0.74635145 -0.57484795  0.33542412]
MAP Policy for current environment:

Saving results to files...
Results saved successfully.

Running experiment 9/50...
Shuffled Demos: [(0, 1), (2, 1), (4, 3)]

Running PBIRL with 1 demonstrations for experiment 9
MCMC completed with acceptance ratio: 0.3010
Using 3250 samples after burn-in.
Stored 3250 MCMC samples for demonstration 1
MAP Solution: [-0.7887102   0.05832155  0.61199249]
True reward weights: [-0.0505111  -0.01531811  0.99860602]
MAP Policy for current environment:

Running PBIRL with 2 demonstrations for experiment 9
MCMC completed with acceptance ratio: 0.2950
Using 3250 samples after burn-in.
Stored 3250 MCMC samples for demonstration 2
MAP Solution: [-0.56163438  0.2247132   0.79628563]
True reward weights: [-0.0505111  -0.01531811  0.99860602]
MAP Policy for current environment:

Running PBIRL with 3 demonstrations for experiment 9
MCMC completed with acceptance ratio: 0.2956
Using 3250 samples after burn-in.
Stored 3250 MCMC samples for demonstration 3
MAP Solution: [-0.84066964 -0.17540924  0.51235354]
True reward weights: [-0.0505111  -0.01531811  0.99860602]
MAP Policy for current environment:

Running experiment 10/50...
Shuffled Demos: [(0, 1), (2, 1), (4, 3)]

Running PBIRL with 1 demonstrations for experiment 10
MCMC completed with acceptance ratio: 0.2946
Using 3250 samples after burn-in.
Stored 3250 MCMC samples for demonstration 1
MAP Solution: [-0.4774727   0.3838941   0.79034495]
True reward weights: [-0.76518493 -0.64328377  0.02603879]
MAP Policy for current environment:

Running PBIRL with 2 demonstrations for experiment 10
MCMC completed with acceptance ratio: 0.2978
Using 3250 samples after burn-in.
Stored 3250 MCMC samples for demonstration 2
MAP Solution: [-0.35205427  0.25491452  0.90059779]
True reward weights: [-0.76518493 -0.64328377  0.02603879]
MAP Policy for current environment:

Running PBIRL with 3 demonstrations for experiment 10
MCMC completed with acceptance ratio: 0.2968
Using 3250 samples after burn-in.
Stored 3250 MCMC samples for demonstration 3
MAP Solution: [-0.86199718 -0.00870278  0.50683836]
True reward weights: [-0.76518493 -0.64328377  0.02603879]
MAP Policy for current environment:

Saving results to files...
Results saved successfully.

Running experiment 11/50...
Shuffled Demos: [(0, 1), (4, 3), (2, 1)]

Running PBIRL with 1 demonstrations for experiment 11
MCMC completed with acceptance ratio: 0.3000
Using 3250 samples after burn-in.
Stored 3250 MCMC samples for demonstration 1
MAP Solution: [-0.92919161 -0.33052379  0.16539942]
True reward weights: [-0.87829137 -0.24439244  0.41094598]
MAP Policy for current environment:

Running PBIRL with 2 demonstrations for experiment 11
MCMC completed with acceptance ratio: 0.2952
Using 3250 samples after burn-in.
Stored 3250 MCMC samples for demonstration 2
MAP Solution: [-0.69966616  0.11207326  0.70562514]
True reward weights: [-0.87829137 -0.24439244  0.41094598]
MAP Policy for current environment:

Running PBIRL with 3 demonstrations for experiment 11
MCMC completed with acceptance ratio: 0.3044
Using 3250 samples after burn-in.
Stored 3250 MCMC samples for demonstration 3
MAP Solution: [-0.61198687  0.16654882  0.77313231]
True reward weights: [-0.87829137 -0.24439244  0.41094598]
MAP Policy for current environment:

Running experiment 12/50...
Shuffled Demos: [(2, 1), (0, 1), (4, 3)]

Running PBIRL with 1 demonstrations for experiment 12
MCMC completed with acceptance ratio: 0.4806
Using 3250 samples after burn-in.
Stored 3250 MCMC samples for demonstration 1
MAP Solution: [-0.38199416 -0.65564325  0.65131589]
True reward weights: [-0.8497926  -0.50850291  0.13884283]
MAP Policy for current environment:

Running PBIRL with 2 demonstrations for experiment 12
MCMC completed with acceptance ratio: 0.3002
Using 3250 samples after burn-in.
Stored 3250 MCMC samples for demonstration 2
MAP Solution: [-0.16504807  0.40222212  0.90054234]
True reward weights: [-0.8497926  -0.50850291  0.13884283]
MAP Policy for current environment:

Running PBIRL with 3 demonstrations for experiment 12
MCMC completed with acceptance ratio: 0.3002
Using 3250 samples after burn-in.
Stored 3250 MCMC samples for demonstration 3
MAP Solution: [-0.60306426  0.35981542  0.71193143]
True reward weights: [-0.8497926  -0.50850291  0.13884283]
MAP Policy for current environment:

Saving results to files...
Results saved successfully.

Running experiment 13/50...
Shuffled Demos: [(2, 1), (0, 1), (4, 3)]

Running PBIRL with 1 demonstrations for experiment 13
MCMC completed with acceptance ratio: 0.4848
Using 3250 samples after burn-in.
Stored 3250 MCMC samples for demonstration 1
MAP Solution: [ 0.48270742 -0.39688379  0.78068995]
True reward weights: [-0.34477193 -0.32328333  0.88126058]
MAP Policy for current environment:

Running PBIRL with 2 demonstrations for experiment 13
MCMC completed with acceptance ratio: 0.2920
Using 3250 samples after burn-in.
Stored 3250 MCMC samples for demonstration 2
MAP Solution: [-0.53289403  0.0865967   0.84173925]
True reward weights: [-0.34477193 -0.32328333  0.88126058]
MAP Policy for current environment:

Running PBIRL with 3 demonstrations for experiment 13
MCMC completed with acceptance ratio: 0.3010
Using 3250 samples after burn-in.
Stored 3250 MCMC samples for demonstration 3
MAP Solution: [-0.64962839  0.11632991  0.75129908]
True reward weights: [-0.34477193 -0.32328333  0.88126058]
MAP Policy for current environment:

Running experiment 14/50...
Shuffled Demos: [(4, 3), (2, 1), (0, 1)]

Running PBIRL with 1 demonstrations for experiment 14
MCMC completed with acceptance ratio: 0.4890
Using 3250 samples after burn-in.
Stored 3250 MCMC samples for demonstration 1
MAP Solution: [-0.16606843 -0.48433244  0.8589781 ]
True reward weights: [-0.43088031 -0.17122291  0.88601629]
MAP Policy for current environment:

Running PBIRL with 2 demonstrations for experiment 14
MCMC completed with acceptance ratio: 0.4826
Using 3250 samples after burn-in.
Stored 3250 MCMC samples for demonstration 2
MAP Solution: [-0.7519773   0.1230459   0.64760316]
True reward weights: [-0.43088031 -0.17122291  0.88601629]
MAP Policy for current environment:

Running PBIRL with 3 demonstrations for experiment 14
MCMC completed with acceptance ratio: 0.3012
Using 3250 samples after burn-in.
Stored 3250 MCMC samples for demonstration 3
MAP Solution: [-0.71297017  0.17884284  0.67800352]
True reward weights: [-0.43088031 -0.17122291  0.88601629]
MAP Policy for current environment:

Saving results to files...
Results saved successfully.

Running experiment 15/50...
Shuffled Demos: [(2, 1), (0, 1), (4, 3)]

Running PBIRL with 1 demonstrations for experiment 15
MCMC completed with acceptance ratio: 0.4822
Using 3250 samples after burn-in.
Stored 3250 MCMC samples for demonstration 1
MAP Solution: [ 0.11400352 -0.93833525  0.32638958]
True reward weights: [-0.75433776 -0.02805593  0.65588674]
MAP Policy for current environment:

Running PBIRL with 2 demonstrations for experiment 15
MCMC completed with acceptance ratio: 0.2964
Using 3250 samples after burn-in.
Stored 3250 MCMC samples for demonstration 2
MAP Solution: [-0.95799055 -0.23554692  0.16362077]
True reward weights: [-0.75433776 -0.02805593  0.65588674]
MAP Policy for current environment:

Running PBIRL with 3 demonstrations for experiment 15
MCMC completed with acceptance ratio: 0.2994
Using 3250 samples after burn-in.
Stored 3250 MCMC samples for demonstration 3
MAP Solution: [-0.35621831  0.21740267  0.90875992]
True reward weights: [-0.75433776 -0.02805593  0.65588674]
MAP Policy for current environment:

Running experiment 16/50...
Shuffled Demos: [(4, 3), (2, 1), (0, 1)]

Running PBIRL with 1 demonstrations for experiment 16
MCMC completed with acceptance ratio: 0.4794
Using 3250 samples after burn-in.
Stored 3250 MCMC samples for demonstration 1
MAP Solution: [0.12088015 0.07627347 0.98973246]
True reward weights: [-0.92032338 -0.11683579  0.37330186]
MAP Policy for current environment:

Running PBIRL with 2 demonstrations for experiment 16
MCMC completed with acceptance ratio: 0.4800
Using 3250 samples after burn-in.
Stored 3250 MCMC samples for demonstration 2
MAP Solution: [ 0.06213679 -0.99794442  0.01568289]
True reward weights: [-0.92032338 -0.11683579  0.37330186]
MAP Policy for current environment:

Running PBIRL with 3 demonstrations for experiment 16
MCMC completed with acceptance ratio: 0.3046
Using 3250 samples after burn-in.
Stored 3250 MCMC samples for demonstration 3
MAP Solution: [-0.30201608  0.44642222  0.84231437]
True reward weights: [-0.92032338 -0.11683579  0.37330186]
MAP Policy for current environment:

Saving results to files...
Results saved successfully.

Running experiment 17/50...
Shuffled Demos: [(0, 1), (4, 3), (2, 1)]

Running PBIRL with 1 demonstrations for experiment 17
MCMC completed with acceptance ratio: 0.2958
Using 3250 samples after burn-in.
Stored 3250 MCMC samples for demonstration 1
MAP Solution: [-0.70728006  0.10179085  0.69956668]
True reward weights: [-0.76208548 -0.28664819  0.58056743]
MAP Policy for current environment:

Running PBIRL with 2 demonstrations for experiment 17
MCMC completed with acceptance ratio: 0.2986
Using 3250 samples after burn-in.
Stored 3250 MCMC samples for demonstration 2
MAP Solution: [-0.95743955 -0.10558163  0.2686299 ]
True reward weights: [-0.76208548 -0.28664819  0.58056743]
MAP Policy for current environment:

Running PBIRL with 3 demonstrations for experiment 17
MCMC completed with acceptance ratio: 0.2912
Using 3250 samples after burn-in.
Stored 3250 MCMC samples for demonstration 3
MAP Solution: [-0.34218079  0.31734777  0.88442224]
True reward weights: [-0.76208548 -0.28664819  0.58056743]
MAP Policy for current environment:

Running experiment 18/50...
Shuffled Demos: [(4, 3), (2, 1), (0, 1)]

Running PBIRL with 1 demonstrations for experiment 18
MCMC completed with acceptance ratio: 0.4704
Using 3250 samples after burn-in.
Stored 3250 MCMC samples for demonstration 1
MAP Solution: [-0.56113395 -0.70753724  0.42955761]
True reward weights: [-0.39174849 -0.30341429  0.86860399]
MAP Policy for current environment:

Running PBIRL with 2 demonstrations for experiment 18
MCMC completed with acceptance ratio: 0.4820
Using 3250 samples after burn-in.
Stored 3250 MCMC samples for demonstration 2
MAP Solution: [-0.11674193 -0.95961122  0.2559641 ]
True reward weights: [-0.39174849 -0.30341429  0.86860399]
MAP Policy for current environment:

Running PBIRL with 3 demonstrations for experiment 18
MCMC completed with acceptance ratio: 0.2986
Using 3250 samples after burn-in.
Stored 3250 MCMC samples for demonstration 3
MAP Solution: [-0.90471935  0.06447346  0.42110103]
True reward weights: [-0.39174849 -0.30341429  0.86860399]
MAP Policy for current environment:

Saving results to files...
Results saved successfully.

Running experiment 19/50...
Shuffled Demos: [(4, 3), (0, 1), (2, 1)]

Running PBIRL with 1 demonstrations for experiment 19
MCMC completed with acceptance ratio: 0.4814
Using 3250 samples after burn-in.
Stored 3250 MCMC samples for demonstration 1
MAP Solution: [ 0.26360387 -0.74248299  0.61581816]
True reward weights: [-0.92648321 -0.16748955  0.33701054]
MAP Policy for current environment:

Running PBIRL with 2 demonstrations for experiment 19
MCMC completed with acceptance ratio: 0.2978
Using 3250 samples after burn-in.
Stored 3250 MCMC samples for demonstration 2
MAP Solution: [-0.94153922 -0.14627742  0.30349103]
True reward weights: [-0.92648321 -0.16748955  0.33701054]
MAP Policy for current environment:

Running PBIRL with 3 demonstrations for experiment 19
MCMC completed with acceptance ratio: 0.2974
Using 3250 samples after burn-in.
Stored 3250 MCMC samples for demonstration 3
MAP Solution: [-0.34728037  0.41509501  0.84088791]
True reward weights: [-0.92648321 -0.16748955  0.33701054]
MAP Policy for current environment:

Running experiment 20/50...
Shuffled Demos: [(0, 1), (4, 3), (2, 1)]

Running PBIRL with 1 demonstrations for experiment 20
MCMC completed with acceptance ratio: 0.2960
Using 3250 samples after burn-in.
Stored 3250 MCMC samples for demonstration 1
MAP Solution: [-0.90821917 -0.34367882  0.2387945 ]
True reward weights: [-0.61012931 -0.3129562   0.72787406]
MAP Policy for current environment:

Running PBIRL with 2 demonstrations for experiment 20
MCMC completed with acceptance ratio: 0.3060
Using 3250 samples after burn-in.
Stored 3250 MCMC samples for demonstration 2
MAP Solution: [-0.9190332  -0.17724508  0.3520826 ]
True reward weights: [-0.61012931 -0.3129562   0.72787406]
MAP Policy for current environment:

Running PBIRL with 3 demonstrations for experiment 20
MCMC completed with acceptance ratio: 0.3014
Using 3250 samples after burn-in.
Stored 3250 MCMC samples for demonstration 3
MAP Solution: [-0.86163127 -0.0551805   0.50452618]
True reward weights: [-0.61012931 -0.3129562   0.72787406]
MAP Policy for current environment:

Saving results to files...
Results saved successfully.

Running experiment 21/50...
Shuffled Demos: [(2, 1), (0, 1), (4, 3)]

Running PBIRL with 1 demonstrations for experiment 21
MCMC completed with acceptance ratio: 0.4830
Using 3250 samples after burn-in.
Stored 3250 MCMC samples for demonstration 1
MAP Solution: [-0.52489741 -0.82587506  0.2059444 ]
True reward weights: [-0.3738588  -0.3262014   0.86822937]
MAP Policy for current environment:

Running PBIRL with 2 demonstrations for experiment 21
MCMC completed with acceptance ratio: 0.2916
Using 3250 samples after burn-in.
Stored 3250 MCMC samples for demonstration 2
MAP Solution: [-0.92128006 -0.26533931  0.2843204 ]
True reward weights: [-0.3738588  -0.3262014   0.86822937]
MAP Policy for current environment:

Running PBIRL with 3 demonstrations for experiment 21
MCMC completed with acceptance ratio: 0.3090
Using 3250 samples after burn-in.
Stored 3250 MCMC samples for demonstration 3
MAP Solution: [-0.9013994  -0.36190431  0.23770653]
True reward weights: [-0.3738588  -0.3262014   0.86822937]
MAP Policy for current environment:

Running experiment 22/50...
Shuffled Demos: [(2, 1), (4, 3), (0, 1)]

Running PBIRL with 1 demonstrations for experiment 22
MCMC completed with acceptance ratio: 0.4838
Using 3250 samples after burn-in.
Stored 3250 MCMC samples for demonstration 1
MAP Solution: [-0.5656288  -0.22447471  0.79352074]
True reward weights: [-0.70965126 -0.6051058   0.36089066]
MAP Policy for current environment:

Running PBIRL with 2 demonstrations for experiment 22
MCMC completed with acceptance ratio: 0.4864
Using 3250 samples after burn-in.
Stored 3250 MCMC samples for demonstration 2
MAP Solution: [-0.85472716 -0.49814644  0.14591642]
True reward weights: [-0.70965126 -0.6051058   0.36089066]
MAP Policy for current environment:

Running PBIRL with 3 demonstrations for experiment 22
MCMC completed with acceptance ratio: 0.2972
Using 3250 samples after burn-in.
Stored 3250 MCMC samples for demonstration 3
MAP Solution: [-0.54207047  0.23826089  0.80584822]
True reward weights: [-0.70965126 -0.6051058   0.36089066]
MAP Policy for current environment:

Saving results to files...
Results saved successfully.

Running experiment 23/50...
Shuffled Demos: [(0, 1), (2, 1), (4, 3)]

Running PBIRL with 1 demonstrations for experiment 23
MCMC completed with acceptance ratio: 0.2916
Using 3250 samples after burn-in.
Stored 3250 MCMC samples for demonstration 1
MAP Solution: [-0.6339502   0.12326021  0.76348809]
True reward weights: [-0.74528522 -0.55533186  0.36899385]
MAP Policy for current environment:

Running PBIRL with 2 demonstrations for experiment 23
MCMC completed with acceptance ratio: 0.2962
Using 3250 samples after burn-in.
Stored 3250 MCMC samples for demonstration 2
MAP Solution: [-0.52422835  0.08962111  0.84684869]
True reward weights: [-0.74528522 -0.55533186  0.36899385]
MAP Policy for current environment:

Running PBIRL with 3 demonstrations for experiment 23
MCMC completed with acceptance ratio: 0.2966
Using 3250 samples after burn-in.
Stored 3250 MCMC samples for demonstration 3
MAP Solution: [-0.92317923 -0.13592433  0.35953399]
True reward weights: [-0.74528522 -0.55533186  0.36899385]
MAP Policy for current environment:

Running experiment 24/50...
Shuffled Demos: [(2, 1), (0, 1), (4, 3)]

Running PBIRL with 1 demonstrations for experiment 24
MCMC completed with acceptance ratio: 0.4740
Using 3250 samples after burn-in.
Stored 3250 MCMC samples for demonstration 1
MAP Solution: [-0.82510195 -0.26102384  0.50107217]
True reward weights: [-0.68144434 -0.29187893  0.6711485 ]
MAP Policy for current environment:

Running PBIRL with 2 demonstrations for experiment 24
MCMC completed with acceptance ratio: 0.2990
Using 3250 samples after burn-in.
Stored 3250 MCMC samples for demonstration 2
MAP Solution: [-0.75157479  0.09394991  0.65292324]
True reward weights: [-0.68144434 -0.29187893  0.6711485 ]
MAP Policy for current environment:

Running PBIRL with 3 demonstrations for experiment 24
MCMC completed with acceptance ratio: 0.3036
Using 3250 samples after burn-in.
Stored 3250 MCMC samples for demonstration 3
MAP Solution: [-0.7056633  -0.06613958  0.70545366]
True reward weights: [-0.68144434 -0.29187893  0.6711485 ]
MAP Policy for current environment:

Saving results to files...
Results saved successfully.

Running experiment 25/50...
Shuffled Demos: [(0, 1), (2, 1), (4, 3)]

Running PBIRL with 1 demonstrations for experiment 25
MCMC completed with acceptance ratio: 0.2908
Using 3250 samples after burn-in.
Stored 3250 MCMC samples for demonstration 1
MAP Solution: [-0.93277602 -0.08290122  0.35079379]
True reward weights: [-0.44714936 -0.30119858  0.84222139]
MAP Policy for current environment:

Running PBIRL with 2 demonstrations for experiment 25
MCMC completed with acceptance ratio: 0.3002
Using 3250 samples after burn-in.
Stored 3250 MCMC samples for demonstration 2
MAP Solution: [-0.34379748  0.46383991  0.81648995]
True reward weights: [-0.44714936 -0.30119858  0.84222139]
MAP Policy for current environment:

Running PBIRL with 3 demonstrations for experiment 25
MCMC completed with acceptance ratio: 0.2954
Using 3250 samples after burn-in.
Stored 3250 MCMC samples for demonstration 3
MAP Solution: [-0.60468739  0.06689246  0.79364889]
True reward weights: [-0.44714936 -0.30119858  0.84222139]
MAP Policy for current environment:

Running experiment 26/50...
Shuffled Demos: [(4, 3), (2, 1), (0, 1)]

Running PBIRL with 1 demonstrations for experiment 26
MCMC completed with acceptance ratio: 0.4924
Using 3250 samples after burn-in.
Stored 3250 MCMC samples for demonstration 1
MAP Solution: [ 0.43314298 -0.78327805  0.4459402 ]
True reward weights: [-0.7333898  -0.47830978  0.48307263]
MAP Policy for current environment:

Running PBIRL with 2 demonstrations for experiment 26
MCMC completed with acceptance ratio: 0.4714
Using 3250 samples after burn-in.
Stored 3250 MCMC samples for demonstration 2
MAP Solution: [0.01966276 0.20260966 0.97906215]
True reward weights: [-0.7333898  -0.47830978  0.48307263]
MAP Policy for current environment:

Running PBIRL with 3 demonstrations for experiment 26
MCMC completed with acceptance ratio: 0.3004
Using 3250 samples after burn-in.
Stored 3250 MCMC samples for demonstration 3
MAP Solution: [-0.69866427 -0.04720748  0.71389053]
True reward weights: [-0.7333898  -0.47830978  0.48307263]
MAP Policy for current environment:

Saving results to files...
Results saved successfully.

Running experiment 27/50...
Shuffled Demos: [(4, 3), (0, 1), (2, 1)]

Running PBIRL with 1 demonstrations for experiment 27
MCMC completed with acceptance ratio: 0.4796
Using 3250 samples after burn-in.
Stored 3250 MCMC samples for demonstration 1
MAP Solution: [-0.53598354 -0.76508919 -0.35687559]
True reward weights: [-0.65557811 -0.01374154  0.75500233]
MAP Policy for current environment:

Running PBIRL with 2 demonstrations for experiment 27
MCMC completed with acceptance ratio: 0.3028
Using 3250 samples after burn-in.
Stored 3250 MCMC samples for demonstration 2
MAP Solution: [-0.89604063  0.06029291  0.43985901]
True reward weights: [-0.65557811 -0.01374154  0.75500233]
MAP Policy for current environment:

Running PBIRL with 3 demonstrations for experiment 27
MCMC completed with acceptance ratio: 0.3042
Using 3250 samples after burn-in.
Stored 3250 MCMC samples for demonstration 3
MAP Solution: [-0.26072414  0.43320292  0.86276194]
True reward weights: [-0.65557811 -0.01374154  0.75500233]
MAP Policy for current environment:

Running experiment 28/50...
Shuffled Demos: [(4, 3), (0, 1), (2, 1)]

Running PBIRL with 1 demonstrations for experiment 28
MCMC completed with acceptance ratio: 0.4886
Using 3250 samples after burn-in.
Stored 3250 MCMC samples for demonstration 1
MAP Solution: [-0.67197415 -0.18139513  0.7180157 ]
True reward weights: [-0.866301   -0.34967581  0.35672034]
MAP Policy for current environment:

Running PBIRL with 2 demonstrations for experiment 28
MCMC completed with acceptance ratio: 0.3044
Using 3250 samples after burn-in.
Stored 3250 MCMC samples for demonstration 2
MAP Solution: [-0.84300413 -0.07109591  0.53318797]
True reward weights: [-0.866301   -0.34967581  0.35672034]
MAP Policy for current environment:

Running PBIRL with 3 demonstrations for experiment 28
MCMC completed with acceptance ratio: 0.3012
Using 3250 samples after burn-in.
Stored 3250 MCMC samples for demonstration 3
MAP Solution: [-0.95161013 -0.21988615  0.21468173]
True reward weights: [-0.866301   -0.34967581  0.35672034]
MAP Policy for current environment:

Saving results to files...
Results saved successfully.

Running experiment 29/50...
Shuffled Demos: [(4, 3), (2, 1), (0, 1)]

Running PBIRL with 1 demonstrations for experiment 29
MCMC completed with acceptance ratio: 0.4946
Using 3250 samples after burn-in.
Stored 3250 MCMC samples for demonstration 1
MAP Solution: [-0.32400313 -0.49393225  0.80687849]
True reward weights: [-0.6535586  -0.23072892  0.72085041]
MAP Policy for current environment:

Running PBIRL with 2 demonstrations for experiment 29
MCMC completed with acceptance ratio: 0.4794
Using 3250 samples after burn-in.
Stored 3250 MCMC samples for demonstration 2
MAP Solution: [ 0.44454154 -0.61718666  0.64920216]
True reward weights: [-0.6535586  -0.23072892  0.72085041]
MAP Policy for current environment:

Running PBIRL with 3 demonstrations for experiment 29
MCMC completed with acceptance ratio: 0.3000
Using 3250 samples after burn-in.
Stored 3250 MCMC samples for demonstration 3
MAP Solution: [-0.76413259  0.11760364  0.63424819]
True reward weights: [-0.6535586  -0.23072892  0.72085041]
MAP Policy for current environment:

Running experiment 30/50...
Shuffled Demos: [(4, 3), (2, 1), (0, 1)]

Running PBIRL with 1 demonstrations for experiment 30
MCMC completed with acceptance ratio: 0.4950
Using 3250 samples after burn-in.
Stored 3250 MCMC samples for demonstration 1
MAP Solution: [-0.62147573 -0.40961122  0.66782226]
True reward weights: [-0.81326386 -0.04441834  0.5801973 ]
MAP Policy for current environment:

Running PBIRL with 2 demonstrations for experiment 30
MCMC completed with acceptance ratio: 0.4898
Using 3250 samples after burn-in.
Stored 3250 MCMC samples for demonstration 2
MAP Solution: [-0.75844988 -0.65171761  0.00423505]
True reward weights: [-0.81326386 -0.04441834  0.5801973 ]
MAP Policy for current environment:

Running PBIRL with 3 demonstrations for experiment 30
MCMC completed with acceptance ratio: 0.2992
Using 3250 samples after burn-in.
Stored 3250 MCMC samples for demonstration 3
MAP Solution: [-0.14571005  0.47926455  0.86549065]
True reward weights: [-0.81326386 -0.04441834  0.5801973 ]
MAP Policy for current environment:

Saving results to files...
Results saved successfully.

Running experiment 31/50...
Shuffled Demos: [(0, 1), (4, 3), (2, 1)]

Running PBIRL with 1 demonstrations for experiment 31
MCMC completed with acceptance ratio: 0.2930
Using 3250 samples after burn-in.
Stored 3250 MCMC samples for demonstration 1
MAP Solution: [-0.43280115  0.219279    0.87441403]
True reward weights: [-0.27534761 -0.19938474  0.94044108]
MAP Policy for current environment:

Running PBIRL with 2 demonstrations for experiment 31
MCMC completed with acceptance ratio: 0.2958
Using 3250 samples after burn-in.
Stored 3250 MCMC samples for demonstration 2
MAP Solution: [-0.64753555  0.14049947  0.74897104]
True reward weights: [-0.27534761 -0.19938474  0.94044108]
MAP Policy for current environment:

Running PBIRL with 3 demonstrations for experiment 31
MCMC completed with acceptance ratio: 0.2920
Using 3250 samples after burn-in.
Stored 3250 MCMC samples for demonstration 3
MAP Solution: [-0.85885432 -0.11866073  0.49828596]
True reward weights: [-0.27534761 -0.19938474  0.94044108]
MAP Policy for current environment:

Running experiment 32/50...
Shuffled Demos: [(0, 1), (4, 3), (2, 1)]

Running PBIRL with 1 demonstrations for experiment 32
MCMC completed with acceptance ratio: 0.2912
Using 3250 samples after burn-in.
Stored 3250 MCMC samples for demonstration 1
MAP Solution: [-0.07632161  0.51035307  0.85657151]
True reward weights: [-0.90753571 -0.40234227  0.1204144 ]
MAP Policy for current environment:

Running PBIRL with 2 demonstrations for experiment 32
MCMC completed with acceptance ratio: 0.2982
Using 3250 samples after burn-in.
Stored 3250 MCMC samples for demonstration 2
MAP Solution: [-0.67764258 -0.02514287  0.73496147]
True reward weights: [-0.90753571 -0.40234227  0.1204144 ]
MAP Policy for current environment:

Running PBIRL with 3 demonstrations for experiment 32
MCMC completed with acceptance ratio: 0.2960
Using 3250 samples after burn-in.
Stored 3250 MCMC samples for demonstration 3
MAP Solution: [-0.80819672  0.13521221  0.57318035]
True reward weights: [-0.90753571 -0.40234227  0.1204144 ]
MAP Policy for current environment:

Saving results to files...
Results saved successfully.

Running experiment 33/50...
Shuffled Demos: [(2, 1), (4, 3), (0, 1)]

Running PBIRL with 1 demonstrations for experiment 33
MCMC completed with acceptance ratio: 0.4868
Using 3250 samples after burn-in.
Stored 3250 MCMC samples for demonstration 1
MAP Solution: [-0.43682408 -0.32781937  0.83768681]
True reward weights: [-0.32556312 -0.30396656  0.89532842]
MAP Policy for current environment:

Running PBIRL with 2 demonstrations for experiment 33
MCMC completed with acceptance ratio: 0.4720
Using 3250 samples after burn-in.
Stored 3250 MCMC samples for demonstration 2
MAP Solution: [ 0.2527069  -0.00511638  0.96752935]
True reward weights: [-0.32556312 -0.30396656  0.89532842]
MAP Policy for current environment:

Running PBIRL with 3 demonstrations for experiment 33
MCMC completed with acceptance ratio: 0.2930
Using 3250 samples after burn-in.
Stored 3250 MCMC samples for demonstration 3
MAP Solution: [-0.31597313  0.26070545  0.91224649]
True reward weights: [-0.32556312 -0.30396656  0.89532842]
MAP Policy for current environment:

Running experiment 34/50...
Shuffled Demos: [(2, 1), (4, 3), (0, 1)]

Running PBIRL with 1 demonstrations for experiment 34
MCMC completed with acceptance ratio: 0.4900
Using 3250 samples after burn-in.
Stored 3250 MCMC samples for demonstration 1
MAP Solution: [-0.8278217  -0.21832378  0.5167649 ]
True reward weights: [-0.839382   -0.393236    0.37523766]
MAP Policy for current environment:

Running PBIRL with 2 demonstrations for experiment 34
MCMC completed with acceptance ratio: 0.4740
Using 3250 samples after burn-in.
Stored 3250 MCMC samples for demonstration 2
MAP Solution: [ 0.39721662 -0.38884549  0.83127501]
True reward weights: [-0.839382   -0.393236    0.37523766]
MAP Policy for current environment:

Running PBIRL with 3 demonstrations for experiment 34
MCMC completed with acceptance ratio: 0.2948
Using 3250 samples after burn-in.
Stored 3250 MCMC samples for demonstration 3
MAP Solution: [-0.89149669 -0.07208633  0.4472552 ]
True reward weights: [-0.839382   -0.393236    0.37523766]
MAP Policy for current environment:

Saving results to files...
Results saved successfully.

Running experiment 35/50...
Shuffled Demos: [(2, 1), (0, 1), (4, 3)]

Running PBIRL with 1 demonstrations for experiment 35
MCMC completed with acceptance ratio: 0.4846
Using 3250 samples after burn-in.
Stored 3250 MCMC samples for demonstration 1
MAP Solution: [ 0.63176947 -0.39231737  0.66854649]
True reward weights: [-0.94121751 -0.05112011  0.33391067]
MAP Policy for current environment:

Running PBIRL with 2 demonstrations for experiment 35
MCMC completed with acceptance ratio: 0.2976
Using 3250 samples after burn-in.
Stored 3250 MCMC samples for demonstration 2
MAP Solution: [-0.83616178  0.07924207  0.54272845]
True reward weights: [-0.94121751 -0.05112011  0.33391067]
MAP Policy for current environment:

Running PBIRL with 3 demonstrations for experiment 35
MCMC completed with acceptance ratio: 0.2944
Using 3250 samples after burn-in.
Stored 3250 MCMC samples for demonstration 3
MAP Solution: [-0.56079852  0.07717828  0.82434734]
True reward weights: [-0.94121751 -0.05112011  0.33391067]
MAP Policy for current environment:

Running experiment 36/50...
Shuffled Demos: [(2, 1), (4, 3), (0, 1)]

Running PBIRL with 1 demonstrations for experiment 36
MCMC completed with acceptance ratio: 0.4910
Using 3250 samples after burn-in.
Stored 3250 MCMC samples for demonstration 1
MAP Solution: [-0.82841898 -0.0110455   0.56      ]
True reward weights: [-0.05456508 -0.040557    0.99768621]
MAP Policy for current environment:

Running PBIRL with 2 demonstrations for experiment 36
MCMC completed with acceptance ratio: 0.4824
Using 3250 samples after burn-in.
Stored 3250 MCMC samples for demonstration 2
MAP Solution: [ 0.12786928 -0.79413311  0.59413976]
True reward weights: [-0.05456508 -0.040557    0.99768621]
MAP Policy for current environment:

Running PBIRL with 3 demonstrations for experiment 36
MCMC completed with acceptance ratio: 0.2980
Using 3250 samples after burn-in.
Stored 3250 MCMC samples for demonstration 3
MAP Solution: [-0.96288703 -0.22506978  0.14897033]
True reward weights: [-0.05456508 -0.040557    0.99768621]
MAP Policy for current environment:

Saving results to files...
Results saved successfully.

Running experiment 37/50...
Shuffled Demos: [(2, 1), (0, 1), (4, 3)]

Running PBIRL with 1 demonstrations for experiment 37
MCMC completed with acceptance ratio: 0.4812
Using 3250 samples after burn-in.
Stored 3250 MCMC samples for demonstration 1
MAP Solution: [-0.05736288 -0.92093241  0.38547763]
True reward weights: [-0.75478167 -0.33513042  0.563908  ]
MAP Policy for current environment:

Running PBIRL with 2 demonstrations for experiment 37
MCMC completed with acceptance ratio: 0.2940
Using 3250 samples after burn-in.
Stored 3250 MCMC samples for demonstration 2
MAP Solution: [-0.67087797  0.05643984  0.73941686]
True reward weights: [-0.75478167 -0.33513042  0.563908  ]
MAP Policy for current environment:

Running PBIRL with 3 demonstrations for experiment 37
MCMC completed with acceptance ratio: 0.2926
Using 3250 samples after burn-in.
Stored 3250 MCMC samples for demonstration 3
MAP Solution: [-0.5352013   0.20281588  0.82001542]
True reward weights: [-0.75478167 -0.33513042  0.563908  ]
MAP Policy for current environment:

Running experiment 38/50...
Shuffled Demos: [(0, 1), (2, 1), (4, 3)]

Running PBIRL with 1 demonstrations for experiment 38
MCMC completed with acceptance ratio: 0.2906
Using 3250 samples after burn-in.
Stored 3250 MCMC samples for demonstration 1
MAP Solution: [-0.70236244  0.05060275  0.71001856]
True reward weights: [-0.49248773 -0.22865786  0.83974486]
MAP Policy for current environment:

Running PBIRL with 2 demonstrations for experiment 38
MCMC completed with acceptance ratio: 0.2962
Using 3250 samples after burn-in.
Stored 3250 MCMC samples for demonstration 2
MAP Solution: [-0.12824696  0.42888179  0.8942109 ]
True reward weights: [-0.49248773 -0.22865786  0.83974486]
MAP Policy for current environment:

Running PBIRL with 3 demonstrations for experiment 38
MCMC completed with acceptance ratio: 0.3018
Using 3250 samples after burn-in.
Stored 3250 MCMC samples for demonstration 3
MAP Solution: [-0.26548661  0.38691479  0.88307067]
True reward weights: [-0.49248773 -0.22865786  0.83974486]
MAP Policy for current environment:

Saving results to files...
Results saved successfully.

Running experiment 39/50...
Shuffled Demos: [(2, 1), (0, 1), (4, 3)]

Running PBIRL with 1 demonstrations for experiment 39
MCMC completed with acceptance ratio: 0.4792
Using 3250 samples after burn-in.
Stored 3250 MCMC samples for demonstration 1
MAP Solution: [-0.38326152  0.25746893  0.88702895]
True reward weights: [-0.56481614 -0.46100063  0.68444222]
MAP Policy for current environment:

Running PBIRL with 2 demonstrations for experiment 39
MCMC completed with acceptance ratio: 0.2978
Using 3250 samples after burn-in.
Stored 3250 MCMC samples for demonstration 2
MAP Solution: [-0.74675836 -0.12847943  0.65256799]
True reward weights: [-0.56481614 -0.46100063  0.68444222]
MAP Policy for current environment:

Running PBIRL with 3 demonstrations for experiment 39
MCMC completed with acceptance ratio: 0.3050
Using 3250 samples after burn-in.
Stored 3250 MCMC samples for demonstration 3
MAP Solution: [-0.77662983 -0.15869565  0.60964071]
True reward weights: [-0.56481614 -0.46100063  0.68444222]
MAP Policy for current environment:

Running experiment 40/50...
Shuffled Demos: [(2, 1), (4, 3), (0, 1)]

Running PBIRL with 1 demonstrations for experiment 40
MCMC completed with acceptance ratio: 0.4832
Using 3250 samples after burn-in.
Stored 3250 MCMC samples for demonstration 1
MAP Solution: [ 0.17796136 -0.29102693  0.9400176 ]
True reward weights: [-0.6667631  -0.57474284  0.47444455]
MAP Policy for current environment:

Running PBIRL with 2 demonstrations for experiment 40
MCMC completed with acceptance ratio: 0.4872
Using 3250 samples after burn-in.
Stored 3250 MCMC samples for demonstration 2
MAP Solution: [ 0.67055651 -0.51642532  0.53259633]
True reward weights: [-0.6667631  -0.57474284  0.47444455]
MAP Policy for current environment:

Running PBIRL with 3 demonstrations for experiment 40
MCMC completed with acceptance ratio: 0.3020
Using 3250 samples after burn-in.
Stored 3250 MCMC samples for demonstration 3
MAP Solution: [-0.20870878  0.37645199  0.90262093]
True reward weights: [-0.6667631  -0.57474284  0.47444455]
MAP Policy for current environment:

Saving results to files...
Results saved successfully.

Running experiment 41/50...
Shuffled Demos: [(4, 3), (0, 1), (2, 1)]

Running PBIRL with 1 demonstrations for experiment 41
MCMC completed with acceptance ratio: 0.4738
Using 3250 samples after burn-in.
Stored 3250 MCMC samples for demonstration 1
MAP Solution: [-0.27237576 -0.67083294  0.68977867]
True reward weights: [-0.46247666 -0.0267168   0.88622884]
MAP Policy for current environment:

Running PBIRL with 2 demonstrations for experiment 41
MCMC completed with acceptance ratio: 0.2956
Using 3250 samples after burn-in.
Stored 3250 MCMC samples for demonstration 2
MAP Solution: [-0.86897579 -0.25102321  0.42646035]
True reward weights: [-0.46247666 -0.0267168   0.88622884]
MAP Policy for current environment:

Running PBIRL with 3 demonstrations for experiment 41
MCMC completed with acceptance ratio: 0.2928
Using 3250 samples after burn-in.
Stored 3250 MCMC samples for demonstration 3
MAP Solution: [-0.9290771  -0.14976769  0.33820908]
True reward weights: [-0.46247666 -0.0267168   0.88622884]
MAP Policy for current environment:

Running experiment 42/50...
Shuffled Demos: [(0, 1), (4, 3), (2, 1)]

Running PBIRL with 1 demonstrations for experiment 42
MCMC completed with acceptance ratio: 0.2846
Using 3250 samples after burn-in.
Stored 3250 MCMC samples for demonstration 1
MAP Solution: [-0.88861936 -0.24608209  0.38703908]
True reward weights: [-0.71505276 -0.68463496  0.14133129]
MAP Policy for current environment:

Running PBIRL with 2 demonstrations for experiment 42
MCMC completed with acceptance ratio: 0.3056
Using 3250 samples after burn-in.
Stored 3250 MCMC samples for demonstration 2
MAP Solution: [-0.78786969 -0.03695371  0.61473228]
True reward weights: [-0.71505276 -0.68463496  0.14133129]
MAP Policy for current environment:

Running PBIRL with 3 demonstrations for experiment 42
MCMC completed with acceptance ratio: 0.2918
Using 3250 samples after burn-in.
Stored 3250 MCMC samples for demonstration 3
MAP Solution: [-0.58353673  0.09603565  0.80638827]
True reward weights: [-0.71505276 -0.68463496  0.14133129]
MAP Policy for current environment:

Saving results to files...
Results saved successfully.

Running experiment 43/50...
Shuffled Demos: [(0, 1), (4, 3), (2, 1)]

Running PBIRL with 1 demonstrations for experiment 43
MCMC completed with acceptance ratio: 0.2966
Using 3250 samples after burn-in.
Stored 3250 MCMC samples for demonstration 1
MAP Solution: [-0.89270698 -0.34794067  0.28637655]
True reward weights: [-0.94655708 -0.29794542  0.12352418]
MAP Policy for current environment:

Running PBIRL with 2 demonstrations for experiment 43
MCMC completed with acceptance ratio: 0.2990
Using 3250 samples after burn-in.
Stored 3250 MCMC samples for demonstration 2
MAP Solution: [-0.82732031 -0.23316182  0.51105446]
True reward weights: [-0.94655708 -0.29794542  0.12352418]
MAP Policy for current environment:

Running PBIRL with 3 demonstrations for experiment 43
MCMC completed with acceptance ratio: 0.3046
Using 3250 samples after burn-in.
Stored 3250 MCMC samples for demonstration 3
MAP Solution: [-0.93997365 -0.26576283  0.21405525]
True reward weights: [-0.94655708 -0.29794542  0.12352418]
MAP Policy for current environment:

Running experiment 44/50...
Shuffled Demos: [(2, 1), (4, 3), (0, 1)]

Running PBIRL with 1 demonstrations for experiment 44
MCMC completed with acceptance ratio: 0.4774
Using 3250 samples after burn-in.
Stored 3250 MCMC samples for demonstration 1
MAP Solution: [0.06850737 0.01384626 0.99755452]
True reward weights: [-0.88315502 -0.32822573  0.33511952]
MAP Policy for current environment:

Running PBIRL with 2 demonstrations for experiment 44
MCMC completed with acceptance ratio: 0.4794
Using 3250 samples after burn-in.
Stored 3250 MCMC samples for demonstration 2
MAP Solution: [-0.05578662  0.2052601   0.97711624]
True reward weights: [-0.88315502 -0.32822573  0.33511952]
MAP Policy for current environment:

Running PBIRL with 3 demonstrations for experiment 44
MCMC completed with acceptance ratio: 0.3002
Using 3250 samples after burn-in.
Stored 3250 MCMC samples for demonstration 3
MAP Solution: [-0.43504005  0.26164835  0.8615569 ]
True reward weights: [-0.88315502 -0.32822573  0.33511952]
MAP Policy for current environment:

Saving results to files...
Results saved successfully.

Running experiment 45/50...
Shuffled Demos: [(2, 1), (4, 3), (0, 1)]

Running PBIRL with 1 demonstrations for experiment 45
MCMC completed with acceptance ratio: 0.4806
Using 3250 samples after burn-in.
Stored 3250 MCMC samples for demonstration 1
MAP Solution: [-0.4415742  -0.8740731   0.20250541]
True reward weights: [-0.83381491 -0.37890594  0.40147601]
MAP Policy for current environment:

Running PBIRL with 2 demonstrations for experiment 45
MCMC completed with acceptance ratio: 0.4812
Using 3250 samples after burn-in.
Stored 3250 MCMC samples for demonstration 2
MAP Solution: [-0.76266686 -0.38564612  0.51924593]
True reward weights: [-0.83381491 -0.37890594  0.40147601]
MAP Policy for current environment:

Running PBIRL with 3 demonstrations for experiment 45
MCMC completed with acceptance ratio: 0.3010
Using 3250 samples after burn-in.
Stored 3250 MCMC samples for demonstration 3
MAP Solution: [-0.23941105  0.32498032  0.91491537]
True reward weights: [-0.83381491 -0.37890594  0.40147601]
MAP Policy for current environment:

Running experiment 46/50...
Shuffled Demos: [(0, 1), (4, 3), (2, 1)]

Running PBIRL with 1 demonstrations for experiment 46
MCMC completed with acceptance ratio: 0.2858
Using 3250 samples after burn-in.
Stored 3250 MCMC samples for demonstration 1
MAP Solution: [-0.78933804 -0.09249067  0.60695217]
True reward weights: [-0.82098277 -0.18440172  0.54035479]
MAP Policy for current environment:

Running PBIRL with 2 demonstrations for experiment 46
MCMC completed with acceptance ratio: 0.2976
Using 3250 samples after burn-in.
Stored 3250 MCMC samples for demonstration 2
MAP Solution: [-0.57413439  0.37568322  0.72748321]
True reward weights: [-0.82098277 -0.18440172  0.54035479]
MAP Policy for current environment:

Running PBIRL with 3 demonstrations for experiment 46
MCMC completed with acceptance ratio: 0.3004
Using 3250 samples after burn-in.
Stored 3250 MCMC samples for demonstration 3
MAP Solution: [-0.848596    0.06260462  0.52532418]
True reward weights: [-0.82098277 -0.18440172  0.54035479]
MAP Policy for current environment:

Saving results to files...
Results saved successfully.

Running experiment 47/50...
Shuffled Demos: [(2, 1), (4, 3), (0, 1)]

Running PBIRL with 1 demonstrations for experiment 47
MCMC completed with acceptance ratio: 0.4906
Using 3250 samples after burn-in.
Stored 3250 MCMC samples for demonstration 1
MAP Solution: [ 0.03433094 -0.85496451  0.51754911]
True reward weights: [-0.73857451 -0.23755048  0.63093381]
MAP Policy for current environment:

Running PBIRL with 2 demonstrations for experiment 47
MCMC completed with acceptance ratio: 0.4766
Using 3250 samples after burn-in.
Stored 3250 MCMC samples for demonstration 2
MAP Solution: [0.07557918 0.08334613 0.99365045]
True reward weights: [-0.73857451 -0.23755048  0.63093381]
MAP Policy for current environment:

Running PBIRL with 3 demonstrations for experiment 47
MCMC completed with acceptance ratio: 0.3010
Using 3250 samples after burn-in.
Stored 3250 MCMC samples for demonstration 3
MAP Solution: [-0.32921523  0.27353761  0.90376685]
True reward weights: [-0.73857451 -0.23755048  0.63093381]
MAP Policy for current environment:

Running experiment 48/50...
Shuffled Demos: [(4, 3), (0, 1), (2, 1)]

Running PBIRL with 1 demonstrations for experiment 48
MCMC completed with acceptance ratio: 0.4796
Using 3250 samples after burn-in.
Stored 3250 MCMC samples for demonstration 1
MAP Solution: [-0.36899391 -0.2147653   0.90427837]
True reward weights: [-0.95541883 -0.18852986  0.22722531]
MAP Policy for current environment:

Running PBIRL with 2 demonstrations for experiment 48
MCMC completed with acceptance ratio: 0.2998
Using 3250 samples after burn-in.
Stored 3250 MCMC samples for demonstration 2
MAP Solution: [-0.8322987   0.04991531  0.55207548]
True reward weights: [-0.95541883 -0.18852986  0.22722531]
MAP Policy for current environment:

Running PBIRL with 3 demonstrations for experiment 48
MCMC completed with acceptance ratio: 0.2914
Using 3250 samples after burn-in.
Stored 3250 MCMC samples for demonstration 3
MAP Solution: [-0.71025896 -0.0651118   0.70092272]
True reward weights: [-0.95541883 -0.18852986  0.22722531]
MAP Policy for current environment:

Saving results to files...
Results saved successfully.

Running experiment 49/50...
Shuffled Demos: [(2, 1), (4, 3), (0, 1)]

Running PBIRL with 1 demonstrations for experiment 49
MCMC completed with acceptance ratio: 0.4856
Using 3250 samples after burn-in.
Stored 3250 MCMC samples for demonstration 1
MAP Solution: [-0.09679092 -0.282255    0.95444415]
True reward weights: [-0.98484463 -0.1489005   0.08893646]
MAP Policy for current environment:

Running PBIRL with 2 demonstrations for experiment 49
MCMC completed with acceptance ratio: 0.4628
Using 3250 samples after burn-in.
Stored 3250 MCMC samples for demonstration 2
MAP Solution: [-0.07333165 -0.01336011  0.99721812]
True reward weights: [-0.98484463 -0.1489005   0.08893646]
MAP Policy for current environment:

Running PBIRL with 3 demonstrations for experiment 49
MCMC completed with acceptance ratio: 0.2958
Using 3250 samples after burn-in.
Stored 3250 MCMC samples for demonstration 3
MAP Solution: [-0.70941231 -0.06610126  0.7016871 ]
True reward weights: [-0.98484463 -0.1489005   0.08893646]
MAP Policy for current environment:

Running experiment 50/50...
Shuffled Demos: [(2, 1), (0, 1), (4, 3)]

Running PBIRL with 1 demonstrations for experiment 50
MCMC completed with acceptance ratio: 0.4892
Using 3250 samples after burn-in.
Stored 3250 MCMC samples for demonstration 1
MAP Solution: [-0.45573957 -0.06962027  0.88738631]
True reward weights: [-0.47840873 -0.41855607  0.77196885]
MAP Policy for current environment:

Running PBIRL with 2 demonstrations for experiment 50
MCMC completed with acceptance ratio: 0.2988
Using 3250 samples after burn-in.
Stored 3250 MCMC samples for demonstration 2
MAP Solution: [-0.59751953  0.13545369  0.79033076]
True reward weights: [-0.47840873 -0.41855607  0.77196885]
MAP Policy for current environment:

Running PBIRL with 3 demonstrations for experiment 50
MCMC completed with acceptance ratio: 0.3004
Using 3250 samples after burn-in.
Stored 3250 MCMC samples for demonstration 3
MAP Solution: [-0.66377874 -0.06487322  0.74511022]
True reward weights: [-0.47840873 -0.41855607  0.77196885]
MAP Policy for current environment:

Saving results to files...
Results saved successfully.
