Config file loaded successfully.
Feature weights for environment: [-0.69171446 -0.20751434  0.69171446]
Generated optimal policies for all environments.

Running experiment 1/50...
Shuffled Demos: [(2, 1), (0, 1), (4, 3)]

Running PBIRL with 1 demonstrations for experiment 1
MCMC completed with acceptance ratio: 0.4853
Using 1950 samples after burn-in.
MAP Solution: [-0.86932566 -0.0117852   0.49409918]
True reward weights: [-0.69171446 -0.20751434  0.69171446]
MAP Policy for current environment:
0.85-VaR-max-normalization for 1 demonstrations: 0.035786
0.9-VaR-max-normalization for 1 demonstrations: 0.039967
0.95-VaR-max-normalization for 1 demonstrations: 0.045348
0.99-VaR-max-normalization for 1 demonstrations: 0.094548
True EVD for 1 demonstrations: 0.002630
Information gain 1 demonstrations: 7.554081
Avar bound for threshold 0.1: 0.045348
SUFFICIENT (0.045348 < 0.1)
Avar bound for threshold 0.2: 0.045348
SUFFICIENT (0.045348 < 0.2)
Avar bound for threshold 0.3: 0.045348
SUFFICIENT (0.045348 < 0.3)
Avar bound for threshold 0.4: 0.045348
SUFFICIENT (0.045348 < 0.4)

Running PBIRL with 2 demonstrations for experiment 1
MCMC completed with acceptance ratio: 0.2843
Using 1950 samples after burn-in.
MAP Solution: [-0.72650658  0.05947323  0.68458098]
True reward weights: [-0.91284746  0.20887644  0.35082781]
MAP Policy for current environment:
0.85-VaR-max-normalization for 2 demonstrations: 0.008182
0.9-VaR-max-normalization for 2 demonstrations: 0.009798
0.95-VaR-max-normalization for 2 demonstrations: 0.011196
0.99-VaR-max-normalization for 2 demonstrations: 0.013923
True EVD for 2 demonstrations: 0.008737
Information gain 2 demonstrations: 7.460749
Avar bound for threshold 0.1: 0.011196
SUFFICIENT (0.011196 < 0.1)
Avar bound for threshold 0.2: 0.011196
SUFFICIENT (0.011196 < 0.2)
Avar bound for threshold 0.3: 0.011196
SUFFICIENT (0.011196 < 0.3)
Avar bound for threshold 0.4: 0.011196
SUFFICIENT (0.011196 < 0.4)

Running PBIRL with 3 demonstrations for experiment 1
MCMC completed with acceptance ratio: 0.2707
Using 1950 samples after burn-in.
MAP Solution: [-0.9162502  -0.02102175  0.40005456]
True reward weights: [-0.429953    0.01085851  0.90278597]
MAP Policy for current environment:
0.85-VaR-max-normalization for 3 demonstrations: 0.002797
0.9-VaR-max-normalization for 3 demonstrations: 0.003196
0.95-VaR-max-normalization for 3 demonstrations: 0.003549
0.99-VaR-max-normalization for 3 demonstrations: 0.004069
True EVD for 3 demonstrations: 0.002798
Information gain 3 demonstrations: 7.540922
Avar bound for threshold 0.1: 0.003549
SUFFICIENT (0.003549 < 0.1)
Avar bound for threshold 0.2: 0.003549
SUFFICIENT (0.003549 < 0.2)
Avar bound for threshold 0.3: 0.003549
SUFFICIENT (0.003549 < 0.3)
Avar bound for threshold 0.4: 0.003549
SUFFICIENT (0.003549 < 0.4)

Running experiment 2/50...
Shuffled Demos: [(2, 1), (4, 3), (0, 1)]

Running PBIRL with 1 demonstrations for experiment 2
MCMC completed with acceptance ratio: 0.4813
Using 1950 samples after burn-in.
MAP Solution: [-0.31987812 -0.22002147  0.92155767]
True reward weights: [-0.31601128  0.40325047  0.8587933 ]
MAP Policy for current environment:
0.85-VaR-max-normalization for 1 demonstrations: 0.033674
0.9-VaR-max-normalization for 1 demonstrations: 0.045743
0.95-VaR-max-normalization for 1 demonstrations: 0.068692
0.99-VaR-max-normalization for 1 demonstrations: 0.091193
True EVD for 1 demonstrations: 0.020705
Information gain 1 demonstrations: 7.549420
Avar bound for threshold 0.1: 0.068692
SUFFICIENT (0.068692 < 0.1)
Avar bound for threshold 0.2: 0.068692
SUFFICIENT (0.068692 < 0.2)
Avar bound for threshold 0.3: 0.068692
SUFFICIENT (0.068692 < 0.3)
Avar bound for threshold 0.4: 0.068692
SUFFICIENT (0.068692 < 0.4)

Running PBIRL with 2 demonstrations for experiment 2
MCMC completed with acceptance ratio: 0.4810
Using 1950 samples after burn-in.
MAP Solution: [-0.9439858  -0.16964852  0.28303744]
True reward weights: [ 0.17778793 -0.13522023  0.97473429]
MAP Policy for current environment:
0.85-VaR-max-normalization for 2 demonstrations: 0.034828
0.9-VaR-max-normalization for 2 demonstrations: 0.039987
0.95-VaR-max-normalization for 2 demonstrations: 0.045993
0.99-VaR-max-normalization for 2 demonstrations: 0.096252
True EVD for 2 demonstrations: 0.017326
Information gain 2 demonstrations: 7.566570
Avar bound for threshold 0.1: 0.045993
SUFFICIENT (0.045993 < 0.1)
Avar bound for threshold 0.2: 0.045993
SUFFICIENT (0.045993 < 0.2)
Avar bound for threshold 0.3: 0.045993
SUFFICIENT (0.045993 < 0.3)
Avar bound for threshold 0.4: 0.045993
SUFFICIENT (0.045993 < 0.4)

Running PBIRL with 3 demonstrations for experiment 2
MCMC completed with acceptance ratio: 0.2770
Using 1950 samples after burn-in.
MAP Solution: [-0.85988447  0.12238065  0.49560233]
True reward weights: [-0.60927818 -0.7699531  -0.189611  ]
MAP Policy for current environment:
0.85-VaR-max-normalization for 3 demonstrations: 0.003180
0.9-VaR-max-normalization for 3 demonstrations: 0.003464
0.95-VaR-max-normalization for 3 demonstrations: 0.003639
0.99-VaR-max-normalization for 3 demonstrations: 0.004519
True EVD for 3 demonstrations: 0.017179
Information gain 3 demonstrations: 7.418562
Avar bound for threshold 0.1: 0.003639
SUFFICIENT (0.003639 < 0.1)
Avar bound for threshold 0.2: 0.003639
SUFFICIENT (0.003639 < 0.2)
Avar bound for threshold 0.3: 0.003639
SUFFICIENT (0.003639 < 0.3)
Avar bound for threshold 0.4: 0.003639
SUFFICIENT (0.003639 < 0.4)

Running experiment 3/50...
Shuffled Demos: [(0, 1), (4, 3), (2, 1)]

Running PBIRL with 1 demonstrations for experiment 3
MCMC completed with acceptance ratio: 0.2823
Using 1950 samples after burn-in.
MAP Solution: [-0.37133621  0.31796928  0.87235598]
True reward weights: [0.49540512 0.57132436 0.65434107]
MAP Policy for current environment:
0.85-VaR-max-normalization for 1 demonstrations: 0.013445
0.9-VaR-max-normalization for 1 demonstrations: 1.098387
0.95-VaR-max-normalization for 1 demonstrations: 1.103764
0.99-VaR-max-normalization for 1 demonstrations: 1.106573
True EVD for 1 demonstrations: 0.000000
Information gain 1 demonstrations: 6.734220
Avar bound for threshold 0.1: 1.103764
INSUFFICIENT (1.103764 >= 0.1)
Avar bound for threshold 0.2: 1.103764
INSUFFICIENT (1.103764 >= 0.2)
Avar bound for threshold 0.3: 1.103764
INSUFFICIENT (1.103764 >= 0.3)
Avar bound for threshold 0.4: 1.103764
INSUFFICIENT (1.103764 >= 0.4)

Running PBIRL with 2 demonstrations for experiment 3
MCMC completed with acceptance ratio: 0.2763
Using 1950 samples after burn-in.
MAP Solution: [-0.72038291  0.19802304  0.66470696]
True reward weights: [-0.79707272 -0.30126108  0.52337066]
MAP Policy for current environment:
0.85-VaR-max-normalization for 2 demonstrations: 0.002940
0.9-VaR-max-normalization for 2 demonstrations: 0.003347
0.95-VaR-max-normalization for 2 demonstrations: 0.003661
0.99-VaR-max-normalization for 2 demonstrations: 0.009148
True EVD for 2 demonstrations: 0.002396
Information gain 2 demonstrations: 7.501973
Avar bound for threshold 0.1: 0.003661
SUFFICIENT (0.003661 < 0.1)
Avar bound for threshold 0.2: 0.003661
SUFFICIENT (0.003661 < 0.2)
Avar bound for threshold 0.3: 0.003661
SUFFICIENT (0.003661 < 0.3)
Avar bound for threshold 0.4: 0.003661
SUFFICIENT (0.003661 < 0.4)

Running PBIRL with 3 demonstrations for experiment 3
MCMC completed with acceptance ratio: 0.2740
Using 1950 samples after burn-in.
MAP Solution: [-0.86355603 -0.02450512  0.50365711]
True reward weights: [-0.40851125  0.04108766  0.91182803]
MAP Policy for current environment:
0.85-VaR-max-normalization for 3 demonstrations: 0.003278
0.9-VaR-max-normalization for 3 demonstrations: 0.003493
0.95-VaR-max-normalization for 3 demonstrations: 0.003697
0.99-VaR-max-normalization for 3 demonstrations: 0.005967
True EVD for 3 demonstrations: 0.002713
Information gain 3 demonstrations: 7.549730
Avar bound for threshold 0.1: 0.003697
SUFFICIENT (0.003697 < 0.1)
Avar bound for threshold 0.2: 0.003697
SUFFICIENT (0.003697 < 0.2)
Avar bound for threshold 0.3: 0.003697
SUFFICIENT (0.003697 < 0.3)
Avar bound for threshold 0.4: 0.003697
SUFFICIENT (0.003697 < 0.4)

Running experiment 4/50...
Shuffled Demos: [(0, 1), (2, 1), (4, 3)]

Running PBIRL with 1 demonstrations for experiment 4
MCMC completed with acceptance ratio: 0.2853
Using 1950 samples after burn-in.
MAP Solution: [-0.57026253  0.17265977  0.80311223]
True reward weights: [-0.81591472 -0.53108626 -0.22854004]
MAP Policy for current environment:
0.85-VaR-max-normalization for 1 demonstrations: 0.007755
0.9-VaR-max-normalization for 1 demonstrations: 0.010464
0.95-VaR-max-normalization for 1 demonstrations: 0.013537
0.99-VaR-max-normalization for 1 demonstrations: 1.104238
True EVD for 1 demonstrations: 0.000000
Information gain 1 demonstrations: 7.315223
Avar bound for threshold 0.1: 0.013537
SUFFICIENT (0.013537 < 0.1)
Avar bound for threshold 0.2: 0.013537
SUFFICIENT (0.013537 < 0.2)
Avar bound for threshold 0.3: 0.013537
SUFFICIENT (0.013537 < 0.3)
Avar bound for threshold 0.4: 0.013537
SUFFICIENT (0.013537 < 0.4)

Running PBIRL with 2 demonstrations for experiment 4
MCMC completed with acceptance ratio: 0.2807
Using 1950 samples after burn-in.
MAP Solution: [-0.77211786  0.09373085  0.62852887]
True reward weights: [-0.49838533  0.31620042  0.80723562]
MAP Policy for current environment:
0.85-VaR-max-normalization for 2 demonstrations: 0.003038
0.9-VaR-max-normalization for 2 demonstrations: 0.003336
0.95-VaR-max-normalization for 2 demonstrations: 0.003659
0.99-VaR-max-normalization for 2 demonstrations: 0.004111
True EVD for 2 demonstrations: 0.000000
Information gain 2 demonstrations: 7.500458
Avar bound for threshold 0.1: 0.003659
SUFFICIENT (0.003659 < 0.1)
Avar bound for threshold 0.2: 0.003659
SUFFICIENT (0.003659 < 0.2)
Avar bound for threshold 0.3: 0.003659
SUFFICIENT (0.003659 < 0.3)
Avar bound for threshold 0.4: 0.003659
SUFFICIENT (0.003659 < 0.4)

Running PBIRL with 3 demonstrations for experiment 4
MCMC completed with acceptance ratio: 0.2787
Using 1950 samples after burn-in.
MAP Solution: [-0.76009935 -0.07986396  0.64488039]
True reward weights: [-0.88531867 -0.45116272  0.11253022]
MAP Policy for current environment:
0.85-VaR-max-normalization for 3 demonstrations: 0.007320
0.9-VaR-max-normalization for 3 demonstrations: 0.008350
0.95-VaR-max-normalization for 3 demonstrations: 0.010575
0.99-VaR-max-normalization for 3 demonstrations: 0.012978
True EVD for 3 demonstrations: 0.000000
Information gain 3 demonstrations: 7.555961
Avar bound for threshold 0.1: 0.010575
SUFFICIENT (0.010575 < 0.1)
Avar bound for threshold 0.2: 0.010575
SUFFICIENT (0.010575 < 0.2)
Avar bound for threshold 0.3: 0.010575
SUFFICIENT (0.010575 < 0.3)
Avar bound for threshold 0.4: 0.010575
SUFFICIENT (0.010575 < 0.4)

Running experiment 5/50...
Shuffled Demos: [(0, 1), (2, 1), (4, 3)]

Running PBIRL with 1 demonstrations for experiment 5
MCMC completed with acceptance ratio: 0.2797
Using 1950 samples after burn-in.
MAP Solution: [-0.92549064 -0.08853652  0.36827755]
True reward weights: [-0.80894015 -0.4333041  -0.39732026]
MAP Policy for current environment:
0.85-VaR-max-normalization for 1 demonstrations: 0.003640
0.9-VaR-max-normalization for 1 demonstrations: 1.098205
0.95-VaR-max-normalization for 1 demonstrations: 1.105111
0.99-VaR-max-normalization for 1 demonstrations: 1.105905
True EVD for 1 demonstrations: 0.000000
Information gain 1 demonstrations: 6.793221
Avar bound for threshold 0.1: 1.105111
INSUFFICIENT (1.105111 >= 0.1)
Avar bound for threshold 0.2: 1.105111
INSUFFICIENT (1.105111 >= 0.2)
Avar bound for threshold 0.3: 1.105111
INSUFFICIENT (1.105111 >= 0.3)
Avar bound for threshold 0.4: 1.105111
INSUFFICIENT (1.105111 >= 0.4)

Running PBIRL with 2 demonstrations for experiment 5
MCMC completed with acceptance ratio: 0.2713
Using 1950 samples after burn-in.
MAP Solution: [-0.8292096   0.07895318  0.55333339]
True reward weights: [-0.96678223 -0.18684083  0.1744208 ]
MAP Policy for current environment:
0.85-VaR-max-normalization for 2 demonstrations: 0.003333
0.9-VaR-max-normalization for 2 demonstrations: 0.003482
0.95-VaR-max-normalization for 2 demonstrations: 0.003668
0.99-VaR-max-normalization for 2 demonstrations: 0.004834
True EVD for 2 demonstrations: 0.000000
Information gain 2 demonstrations: 7.508525
Avar bound for threshold 0.1: 0.003668
SUFFICIENT (0.003668 < 0.1)
Avar bound for threshold 0.2: 0.003668
SUFFICIENT (0.003668 < 0.2)
Avar bound for threshold 0.3: 0.003668
SUFFICIENT (0.003668 < 0.3)
Avar bound for threshold 0.4: 0.003668
SUFFICIENT (0.003668 < 0.4)

Running PBIRL with 3 demonstrations for experiment 5
MCMC completed with acceptance ratio: 0.2833
Using 1950 samples after burn-in.
MAP Solution: [-0.93725816 -0.21893095  0.27132339]
True reward weights: [0.06086116 0.57131176 0.81847345]
MAP Policy for current environment:
0.85-VaR-max-normalization for 3 demonstrations: 0.003161
0.9-VaR-max-normalization for 3 demonstrations: 0.003403
0.95-VaR-max-normalization for 3 demonstrations: 0.003572
0.99-VaR-max-normalization for 3 demonstrations: 0.004542
True EVD for 3 demonstrations: 0.000000
Information gain 3 demonstrations: 7.546022
Avar bound for threshold 0.1: 0.003572
SUFFICIENT (0.003572 < 0.1)
Avar bound for threshold 0.2: 0.003572
SUFFICIENT (0.003572 < 0.2)
Avar bound for threshold 0.3: 0.003572
SUFFICIENT (0.003572 < 0.3)
Avar bound for threshold 0.4: 0.003572
SUFFICIENT (0.003572 < 0.4)

Running experiment 6/50...
Shuffled Demos: [(0, 1), (2, 1), (4, 3)]

Running PBIRL with 1 demonstrations for experiment 6
MCMC completed with acceptance ratio: 0.2760
Using 1950 samples after burn-in.
MAP Solution: [-0.92471452 -0.13861148  0.35452774]
True reward weights: [-0.58202012  0.1557935   0.79811087]
MAP Policy for current environment:
0.85-VaR-max-normalization for 1 demonstrations: 0.003517
0.9-VaR-max-normalization for 1 demonstrations: 0.004036
0.95-VaR-max-normalization for 1 demonstrations: 1.103799
0.99-VaR-max-normalization for 1 demonstrations: 1.105804
True EVD for 1 demonstrations: 0.000576
Information gain 1 demonstrations: 6.960698
Avar bound for threshold 0.1: 1.103799
INSUFFICIENT (1.103799 >= 0.1)
Avar bound for threshold 0.2: 1.103799
INSUFFICIENT (1.103799 >= 0.2)
Avar bound for threshold 0.3: 1.103799
INSUFFICIENT (1.103799 >= 0.3)
Avar bound for threshold 0.4: 1.103799
INSUFFICIENT (1.103799 >= 0.4)

Running PBIRL with 2 demonstrations for experiment 6
MCMC completed with acceptance ratio: 0.2893
Using 1950 samples after burn-in.
MAP Solution: [-0.51479291  0.15427904  0.84331859]
True reward weights: [-0.61229309  0.32262416  0.72181079]
MAP Policy for current environment:
0.85-VaR-max-normalization for 2 demonstrations: 0.005896
0.9-VaR-max-normalization for 2 demonstrations: 0.008322
0.95-VaR-max-normalization for 2 demonstrations: 0.010722
0.99-VaR-max-normalization for 2 demonstrations: 0.013388
True EVD for 2 demonstrations: 0.002398
Information gain 2 demonstrations: 7.531515
Avar bound for threshold 0.1: 0.010722
SUFFICIENT (0.010722 < 0.1)
Avar bound for threshold 0.2: 0.010722
SUFFICIENT (0.010722 < 0.2)
Avar bound for threshold 0.3: 0.010722
SUFFICIENT (0.010722 < 0.3)
Avar bound for threshold 0.4: 0.010722
SUFFICIENT (0.010722 < 0.4)

Running PBIRL with 3 demonstrations for experiment 6
MCMC completed with acceptance ratio: 0.2763
Using 1950 samples after burn-in.
MAP Solution: [-0.68231374  0.18611742  0.70697119]
True reward weights: [-0.2349509   0.38915091  0.89070738]
MAP Policy for current environment:
0.85-VaR-max-normalization for 3 demonstrations: 0.002995
0.9-VaR-max-normalization for 3 demonstrations: 0.003238
0.95-VaR-max-normalization for 3 demonstrations: 0.003557
0.99-VaR-max-normalization for 3 demonstrations: 0.004142
True EVD for 3 demonstrations: 0.000293
Information gain 3 demonstrations: 7.554269
Avar bound for threshold 0.1: 0.003557
SUFFICIENT (0.003557 < 0.1)
Avar bound for threshold 0.2: 0.003557
SUFFICIENT (0.003557 < 0.2)
Avar bound for threshold 0.3: 0.003557
SUFFICIENT (0.003557 < 0.3)
Avar bound for threshold 0.4: 0.003557
SUFFICIENT (0.003557 < 0.4)

Running experiment 7/50...
Shuffled Demos: [(4, 3), (0, 1), (2, 1)]

Running PBIRL with 1 demonstrations for experiment 7
MCMC completed with acceptance ratio: 0.4910
Using 1950 samples after burn-in.
MAP Solution: [ 0.65563184 -0.61896328  0.4324712 ]
True reward weights: [-0.20565071  0.19211775  0.95958249]
MAP Policy for current environment:
0.85-VaR-max-normalization for 1 demonstrations: 0.889438
0.9-VaR-max-normalization for 1 demonstrations: 1.044371
0.95-VaR-max-normalization for 1 demonstrations: 1.352660
0.99-VaR-max-normalization for 1 demonstrations: 1.783367
True EVD for 1 demonstrations: 0.589842
Information gain 1 demonstrations: 7.538626
Avar bound for threshold 0.1: 1.352660
INSUFFICIENT (1.352660 >= 0.1)
Avar bound for threshold 0.2: 1.352660
INSUFFICIENT (1.352660 >= 0.2)
Avar bound for threshold 0.3: 1.352660
INSUFFICIENT (1.352660 >= 0.3)
Avar bound for threshold 0.4: 1.352660
INSUFFICIENT (1.352660 >= 0.4)

Running PBIRL with 2 demonstrations for experiment 7
MCMC completed with acceptance ratio: 0.2820
Using 1950 samples after burn-in.
MAP Solution: [-0.40629948  0.23648655  0.88260684]
True reward weights: [0.22958601 0.23488104 0.94452166]
MAP Policy for current environment:
0.85-VaR-max-normalization for 2 demonstrations: 0.006631
0.9-VaR-max-normalization for 2 demonstrations: 0.008718
0.95-VaR-max-normalization for 2 demonstrations: 0.011679
0.99-VaR-max-normalization for 2 demonstrations: 0.014246
True EVD for 2 demonstrations: 0.004686
Information gain 2 demonstrations: 7.254774
Avar bound for threshold 0.1: 0.011679
SUFFICIENT (0.011679 < 0.1)
Avar bound for threshold 0.2: 0.011679
SUFFICIENT (0.011679 < 0.2)
Avar bound for threshold 0.3: 0.011679
SUFFICIENT (0.011679 < 0.3)
Avar bound for threshold 0.4: 0.011679
SUFFICIENT (0.011679 < 0.4)

Running PBIRL with 3 demonstrations for experiment 7
MCMC completed with acceptance ratio: 0.2817
Using 1950 samples after burn-in.
MAP Solution: [-0.47656993  0.18699846  0.85901844]
True reward weights: [-0.78197444 -0.38607069  0.48935202]
MAP Policy for current environment:
0.85-VaR-max-normalization for 3 demonstrations: 0.007317
0.9-VaR-max-normalization for 3 demonstrations: 0.009239
0.95-VaR-max-normalization for 3 demonstrations: 0.011313
0.99-VaR-max-normalization for 3 demonstrations: 0.014000
True EVD for 3 demonstrations: 0.000000
Information gain 3 demonstrations: 7.534389
Avar bound for threshold 0.1: 0.011313
SUFFICIENT (0.011313 < 0.1)
Avar bound for threshold 0.2: 0.011313
SUFFICIENT (0.011313 < 0.2)
Avar bound for threshold 0.3: 0.011313
SUFFICIENT (0.011313 < 0.3)
Avar bound for threshold 0.4: 0.011313
SUFFICIENT (0.011313 < 0.4)

Running experiment 8/50...
Shuffled Demos: [(2, 1), (0, 1), (4, 3)]

Running PBIRL with 1 demonstrations for experiment 8
MCMC completed with acceptance ratio: 0.4853
Using 1950 samples after burn-in.
MAP Solution: [-0.24538482 -0.96320786  0.10962162]
True reward weights: [0.44566021 0.55330531 0.70373306]
MAP Policy for current environment:
0.85-VaR-max-normalization for 1 demonstrations: 0.026726
0.9-VaR-max-normalization for 1 demonstrations: 0.043239
0.95-VaR-max-normalization for 1 demonstrations: 0.060050
0.99-VaR-max-normalization for 1 demonstrations: 0.081208
True EVD for 1 demonstrations: 0.008265
Information gain 1 demonstrations: 7.550941
Avar bound for threshold 0.1: 0.060050
SUFFICIENT (0.060050 < 0.1)
Avar bound for threshold 0.2: 0.060050
SUFFICIENT (0.060050 < 0.2)
Avar bound for threshold 0.3: 0.060050
SUFFICIENT (0.060050 < 0.3)
Avar bound for threshold 0.4: 0.060050
SUFFICIENT (0.060050 < 0.4)

Running PBIRL with 2 demonstrations for experiment 8
MCMC completed with acceptance ratio: 0.2717
Using 1950 samples after burn-in.
MAP Solution: [-0.33860929  0.33343934  0.87986474]
True reward weights: [0.55102984 0.3480705  0.758428  ]
MAP Policy for current environment:
0.85-VaR-max-normalization for 2 demonstrations: 0.007301
0.9-VaR-max-normalization for 2 demonstrations: 0.009373
0.95-VaR-max-normalization for 2 demonstrations: 0.011877
0.99-VaR-max-normalization for 2 demonstrations: 0.014052
True EVD for 2 demonstrations: 0.016317
Information gain 2 demonstrations: 7.304343
Avar bound for threshold 0.1: 0.011877
SUFFICIENT (0.011877 < 0.1)
Avar bound for threshold 0.2: 0.011877
SUFFICIENT (0.011877 < 0.2)
Avar bound for threshold 0.3: 0.011877
SUFFICIENT (0.011877 < 0.3)
Avar bound for threshold 0.4: 0.011877
SUFFICIENT (0.011877 < 0.4)

Running PBIRL with 3 demonstrations for experiment 8
MCMC completed with acceptance ratio: 0.2850
Using 1950 samples after burn-in.
MAP Solution: [-0.88430499 -0.32906615  0.33124032]
True reward weights: [-0.88932754 -0.412486   -0.19736214]
MAP Policy for current environment:
0.85-VaR-max-normalization for 3 demonstrations: 0.006968
0.9-VaR-max-normalization for 3 demonstrations: 0.008781
0.95-VaR-max-normalization for 3 demonstrations: 0.010723
0.99-VaR-max-normalization for 3 demonstrations: 0.013277
True EVD for 3 demonstrations: 0.002135
Information gain 3 demonstrations: 7.554180
Avar bound for threshold 0.1: 0.010723
SUFFICIENT (0.010723 < 0.1)
Avar bound for threshold 0.2: 0.010723
SUFFICIENT (0.010723 < 0.2)
Avar bound for threshold 0.3: 0.010723
SUFFICIENT (0.010723 < 0.3)
Avar bound for threshold 0.4: 0.010723
SUFFICIENT (0.010723 < 0.4)

Running experiment 9/50...
Shuffled Demos: [(4, 3), (2, 1), (0, 1)]

Running PBIRL with 1 demonstrations for experiment 9
MCMC completed with acceptance ratio: 0.4923
Using 1950 samples after burn-in.
MAP Solution: [ 0.13610525 -0.93082257  0.3391824 ]
True reward weights: [-0.59984375 -0.29988664  0.74179207]
MAP Policy for current environment:
0.85-VaR-max-normalization for 1 demonstrations: 0.030485
0.9-VaR-max-normalization for 1 demonstrations: 0.041446
0.95-VaR-max-normalization for 1 demonstrations: 0.058453
0.99-VaR-max-normalization for 1 demonstrations: 0.098858
True EVD for 1 demonstrations: 0.000877
Information gain 1 demonstrations: 7.550290
Avar bound for threshold 0.1: 0.058453
SUFFICIENT (0.058453 < 0.1)
Avar bound for threshold 0.2: 0.058453
SUFFICIENT (0.058453 < 0.2)
Avar bound for threshold 0.3: 0.058453
SUFFICIENT (0.058453 < 0.3)
Avar bound for threshold 0.4: 0.058453
SUFFICIENT (0.058453 < 0.4)

Running PBIRL with 2 demonstrations for experiment 9
MCMC completed with acceptance ratio: 0.4997
Using 1950 samples after burn-in.
MAP Solution: [-0.27439105  0.37505254  0.88546324]
True reward weights: [ 0.14173798 -0.90406492  0.40320835]
MAP Policy for current environment:
0.85-VaR-max-normalization for 2 demonstrations: 0.026961
0.9-VaR-max-normalization for 2 demonstrations: 0.030799
0.95-VaR-max-normalization for 2 demonstrations: 0.034955
0.99-VaR-max-normalization for 2 demonstrations: 0.086409
True EVD for 2 demonstrations: 0.024706
Information gain 2 demonstrations: 7.552668
Avar bound for threshold 0.1: 0.034955
SUFFICIENT (0.034955 < 0.1)
Avar bound for threshold 0.2: 0.034955
SUFFICIENT (0.034955 < 0.2)
Avar bound for threshold 0.3: 0.034955
SUFFICIENT (0.034955 < 0.3)
Avar bound for threshold 0.4: 0.034955
SUFFICIENT (0.034955 < 0.4)

Running PBIRL with 3 demonstrations for experiment 9
MCMC completed with acceptance ratio: 0.2847
Using 1950 samples after burn-in.
MAP Solution: [-0.5090989   0.18467617  0.84066225]
True reward weights: [-0.67670183 -0.30462943  0.6702802 ]
MAP Policy for current environment:
0.85-VaR-max-normalization for 3 demonstrations: 0.006207
0.9-VaR-max-normalization for 3 demonstrations: 0.008819
0.95-VaR-max-normalization for 3 demonstrations: 0.010899
0.99-VaR-max-normalization for 3 demonstrations: 0.013382
True EVD for 3 demonstrations: 0.000000
Information gain 3 demonstrations: 7.477164
Avar bound for threshold 0.1: 0.010899
SUFFICIENT (0.010899 < 0.1)
Avar bound for threshold 0.2: 0.010899
SUFFICIENT (0.010899 < 0.2)
Avar bound for threshold 0.3: 0.010899
SUFFICIENT (0.010899 < 0.3)
Avar bound for threshold 0.4: 0.010899
SUFFICIENT (0.010899 < 0.4)

Running experiment 10/50...
Shuffled Demos: [(2, 1), (0, 1), (4, 3)]

Running PBIRL with 1 demonstrations for experiment 10
MCMC completed with acceptance ratio: 0.4853
Using 1950 samples after burn-in.
MAP Solution: [-0.52867388  0.29116906  0.79732334]
True reward weights: [-0.77053354 -0.59405394 -0.23103677]
MAP Policy for current environment:
0.85-VaR-max-normalization for 1 demonstrations: 0.038331
0.9-VaR-max-normalization for 1 demonstrations: 0.041984
0.95-VaR-max-normalization for 1 demonstrations: 0.045781
0.99-VaR-max-normalization for 1 demonstrations: 0.090710
True EVD for 1 demonstrations: 0.002829
Information gain 1 demonstrations: 7.549733
Avar bound for threshold 0.1: 0.045781
SUFFICIENT (0.045781 < 0.1)
Avar bound for threshold 0.2: 0.045781
SUFFICIENT (0.045781 < 0.2)
Avar bound for threshold 0.3: 0.045781
SUFFICIENT (0.045781 < 0.3)
Avar bound for threshold 0.4: 0.045781
SUFFICIENT (0.045781 < 0.4)

Running PBIRL with 2 demonstrations for experiment 10
MCMC completed with acceptance ratio: 0.2897
Using 1950 samples after burn-in.
MAP Solution: [-0.60317479  0.27328172  0.74933122]
True reward weights: [-0.06726364 -0.71156087  0.69939741]
MAP Policy for current environment:
0.85-VaR-max-normalization for 2 demonstrations: 0.003149
0.9-VaR-max-normalization for 2 demonstrations: 0.003423
0.95-VaR-max-normalization for 2 demonstrations: 0.003546
0.99-VaR-max-normalization for 2 demonstrations: 0.004220
True EVD for 2 demonstrations: 0.022502
Information gain 2 demonstrations: 7.396210
Avar bound for threshold 0.1: 0.003546
SUFFICIENT (0.003546 < 0.1)
Avar bound for threshold 0.2: 0.003546
SUFFICIENT (0.003546 < 0.2)
Avar bound for threshold 0.3: 0.003546
SUFFICIENT (0.003546 < 0.3)
Avar bound for threshold 0.4: 0.003546
SUFFICIENT (0.003546 < 0.4)

Running PBIRL with 3 demonstrations for experiment 10
MCMC completed with acceptance ratio: 0.2770
Using 1950 samples after burn-in.
MAP Solution: [-0.32231313  0.34656746  0.8809116 ]
True reward weights: [-0.85878532  0.19090699  0.47543906]
MAP Policy for current environment:
0.85-VaR-max-normalization for 3 demonstrations: 0.005855
0.9-VaR-max-normalization for 3 demonstrations: 0.007689
0.95-VaR-max-normalization for 3 demonstrations: 0.010722
0.99-VaR-max-normalization for 3 demonstrations: 0.013466
True EVD for 3 demonstrations: 0.004720
Information gain 3 demonstrations: 7.558388
Avar bound for threshold 0.1: 0.010722
SUFFICIENT (0.010722 < 0.1)
Avar bound for threshold 0.2: 0.010722
SUFFICIENT (0.010722 < 0.2)
Avar bound for threshold 0.3: 0.010722
SUFFICIENT (0.010722 < 0.3)
Avar bound for threshold 0.4: 0.010722
SUFFICIENT (0.010722 < 0.4)

Saving results to files...
Results saved successfully.

Running experiment 11/50...
Shuffled Demos: [(2, 1), (4, 3), (0, 1)]

Running PBIRL with 1 demonstrations for experiment 11
MCMC completed with acceptance ratio: 0.4827
Using 1950 samples after burn-in.
MAP Solution: [-0.87291297 -0.04776823  0.48553181]
True reward weights: [-0.77479218 -0.29764727  0.55776625]
MAP Policy for current environment:
0.85-VaR-max-normalization for 1 demonstrations: 0.036965
0.9-VaR-max-normalization for 1 demonstrations: 0.041656
0.95-VaR-max-normalization for 1 demonstrations: 0.057559
0.99-VaR-max-normalization for 1 demonstrations: 0.094096
True EVD for 1 demonstrations: 0.002557
Information gain 1 demonstrations: 7.551550
Avar bound for threshold 0.1: 0.057559
SUFFICIENT (0.057559 < 0.1)
Avar bound for threshold 0.2: 0.057559
SUFFICIENT (0.057559 < 0.2)
Avar bound for threshold 0.3: 0.057559
SUFFICIENT (0.057559 < 0.3)
Avar bound for threshold 0.4: 0.057559
SUFFICIENT (0.057559 < 0.4)

Running PBIRL with 2 demonstrations for experiment 11
MCMC completed with acceptance ratio: 0.4807
Using 1950 samples after burn-in.
MAP Solution: [-0.59792574 -0.7947459  -0.10422935]
True reward weights: [-0.79873754  0.16291557  0.57920364]
MAP Policy for current environment:
0.85-VaR-max-normalization for 2 demonstrations: 0.028881
0.9-VaR-max-normalization for 2 demonstrations: 0.045405
0.95-VaR-max-normalization for 2 demonstrations: 0.066885
0.99-VaR-max-normalization for 2 demonstrations: 0.087354
True EVD for 2 demonstrations: 0.030072
Information gain 2 demonstrations: 7.558680
Avar bound for threshold 0.1: 0.066885
SUFFICIENT (0.066885 < 0.1)
Avar bound for threshold 0.2: 0.066885
SUFFICIENT (0.066885 < 0.2)
Avar bound for threshold 0.3: 0.066885
SUFFICIENT (0.066885 < 0.3)
Avar bound for threshold 0.4: 0.066885
SUFFICIENT (0.066885 < 0.4)

Running PBIRL with 3 demonstrations for experiment 11
MCMC completed with acceptance ratio: 0.2867
Using 1950 samples after burn-in.
MAP Solution: [-0.54058506  0.33782674  0.77048095]
True reward weights: [-0.67216789 -0.26586975  0.69101636]
MAP Policy for current environment:
0.85-VaR-max-normalization for 3 demonstrations: 0.003325
0.9-VaR-max-normalization for 3 demonstrations: 0.003569
0.95-VaR-max-normalization for 3 demonstrations: 0.003660
0.99-VaR-max-normalization for 3 demonstrations: 0.004306
True EVD for 3 demonstrations: 0.003068
Information gain 3 demonstrations: 7.377706
Avar bound for threshold 0.1: 0.003660
SUFFICIENT (0.003660 < 0.1)
Avar bound for threshold 0.2: 0.003660
SUFFICIENT (0.003660 < 0.2)
Avar bound for threshold 0.3: 0.003660
SUFFICIENT (0.003660 < 0.3)
Avar bound for threshold 0.4: 0.003660
SUFFICIENT (0.003660 < 0.4)

Running experiment 12/50...
Shuffled Demos: [(2, 1), (4, 3), (0, 1)]

Running PBIRL with 1 demonstrations for experiment 12
MCMC completed with acceptance ratio: 0.4933
Using 1950 samples after burn-in.
MAP Solution: [-0.30008855 -0.05779338  0.95215901]
True reward weights: [-0.61921662  0.48507048  0.61747664]
MAP Policy for current environment:
0.85-VaR-max-normalization for 1 demonstrations: 0.029116
0.9-VaR-max-normalization for 1 demonstrations: 0.040091
0.95-VaR-max-normalization for 1 demonstrations: 0.053023
0.99-VaR-max-normalization for 1 demonstrations: 0.086702
True EVD for 1 demonstrations: 0.066789
Information gain 1 demonstrations: 7.550927
Avar bound for threshold 0.1: 0.053023
SUFFICIENT (0.053023 < 0.1)
Avar bound for threshold 0.2: 0.053023
SUFFICIENT (0.053023 < 0.2)
Avar bound for threshold 0.3: 0.053023
SUFFICIENT (0.053023 < 0.3)
Avar bound for threshold 0.4: 0.053023
SUFFICIENT (0.053023 < 0.4)

Running PBIRL with 2 demonstrations for experiment 12
MCMC completed with acceptance ratio: 0.4843
Using 1950 samples after burn-in.
MAP Solution: [0.08093624 0.29696923 0.95145079]
True reward weights: [ 0.16451649 -0.90187534  0.39944362]
MAP Policy for current environment:
0.85-VaR-max-normalization for 2 demonstrations: 0.026436
0.9-VaR-max-normalization for 2 demonstrations: 0.030483
0.95-VaR-max-normalization for 2 demonstrations: 0.033935
0.99-VaR-max-normalization for 2 demonstrations: 0.073056
True EVD for 2 demonstrations: 0.025281
Information gain 2 demonstrations: 7.566738
Avar bound for threshold 0.1: 0.033935
SUFFICIENT (0.033935 < 0.1)
Avar bound for threshold 0.2: 0.033935
SUFFICIENT (0.033935 < 0.2)
Avar bound for threshold 0.3: 0.033935
SUFFICIENT (0.033935 < 0.3)
Avar bound for threshold 0.4: 0.033935
SUFFICIENT (0.033935 < 0.4)

Running PBIRL with 3 demonstrations for experiment 12
MCMC completed with acceptance ratio: 0.2823
Using 1950 samples after burn-in.
MAP Solution: [-0.95018906 -0.10994778  0.29163715]
True reward weights: [0.34172953 0.03791969 0.93903303]
MAP Policy for current environment:
0.85-VaR-max-normalization for 3 demonstrations: 0.003109
0.9-VaR-max-normalization for 3 demonstrations: 0.003336
0.95-VaR-max-normalization for 3 demonstrations: 0.003574
0.99-VaR-max-normalization for 3 demonstrations: 0.003752
True EVD for 3 demonstrations: 0.018920
Information gain 3 demonstrations: 7.479149
Avar bound for threshold 0.1: 0.003574
SUFFICIENT (0.003574 < 0.1)
Avar bound for threshold 0.2: 0.003574
SUFFICIENT (0.003574 < 0.2)
Avar bound for threshold 0.3: 0.003574
SUFFICIENT (0.003574 < 0.3)
Avar bound for threshold 0.4: 0.003574
SUFFICIENT (0.003574 < 0.4)

Running experiment 13/50...
Shuffled Demos: [(2, 1), (4, 3), (0, 1)]

Running PBIRL with 1 demonstrations for experiment 13
MCMC completed with acceptance ratio: 0.4907
Using 1950 samples after burn-in.
MAP Solution: [-0.43954372  0.28269045  0.85257694]
True reward weights: [-0.76444144  0.24269772  0.59726636]
MAP Policy for current environment:
0.85-VaR-max-normalization for 1 demonstrations: 0.027645
0.9-VaR-max-normalization for 1 demonstrations: 0.032634
0.95-VaR-max-normalization for 1 demonstrations: 0.051015
0.99-VaR-max-normalization for 1 demonstrations: 0.093013
True EVD for 1 demonstrations: 0.003356
Information gain 1 demonstrations: 7.524579
Avar bound for threshold 0.1: 0.051015
SUFFICIENT (0.051015 < 0.1)
Avar bound for threshold 0.2: 0.051015
SUFFICIENT (0.051015 < 0.2)
Avar bound for threshold 0.3: 0.051015
SUFFICIENT (0.051015 < 0.3)
Avar bound for threshold 0.4: 0.051015
SUFFICIENT (0.051015 < 0.4)

Running PBIRL with 2 demonstrations for experiment 13
MCMC completed with acceptance ratio: 0.4823
Using 1950 samples after burn-in.
MAP Solution: [-0.95371956 -0.28199633  0.10438905]
True reward weights: [-0.5282548  -0.33020058  0.7822496 ]
MAP Policy for current environment:
0.85-VaR-max-normalization for 2 demonstrations: 0.036314
0.9-VaR-max-normalization for 2 demonstrations: 0.041773
0.95-VaR-max-normalization for 2 demonstrations: 0.058387
0.99-VaR-max-normalization for 2 demonstrations: 0.101007
True EVD for 2 demonstrations: 0.005315
Information gain 2 demonstrations: 7.563908
Avar bound for threshold 0.1: 0.058387
SUFFICIENT (0.058387 < 0.1)
Avar bound for threshold 0.2: 0.058387
SUFFICIENT (0.058387 < 0.2)
Avar bound for threshold 0.3: 0.058387
SUFFICIENT (0.058387 < 0.3)
Avar bound for threshold 0.4: 0.058387
SUFFICIENT (0.058387 < 0.4)

Running PBIRL with 3 demonstrations for experiment 13
MCMC completed with acceptance ratio: 0.2707
Using 1950 samples after burn-in.
MAP Solution: [-0.34323887  0.25303796  0.90452135]
True reward weights: [-0.02241864 -0.83464477  0.55033219]
MAP Policy for current environment:
0.85-VaR-max-normalization for 3 demonstrations: 0.006489
0.9-VaR-max-normalization for 3 demonstrations: 0.008977
0.95-VaR-max-normalization for 3 demonstrations: 0.011383
0.99-VaR-max-normalization for 3 demonstrations: 0.013496
True EVD for 3 demonstrations: 0.018722
Information gain 3 demonstrations: 7.411623
Avar bound for threshold 0.1: 0.011383
SUFFICIENT (0.011383 < 0.1)
Avar bound for threshold 0.2: 0.011383
SUFFICIENT (0.011383 < 0.2)
Avar bound for threshold 0.3: 0.011383
SUFFICIENT (0.011383 < 0.3)
Avar bound for threshold 0.4: 0.011383
SUFFICIENT (0.011383 < 0.4)

Running experiment 14/50...
Shuffled Demos: [(4, 3), (2, 1), (0, 1)]

Running PBIRL with 1 demonstrations for experiment 14
MCMC completed with acceptance ratio: 0.4873
Using 1950 samples after burn-in.
MAP Solution: [-0.69300272 -0.37545625  0.61545093]
True reward weights: [-0.97060878 -0.23961466 -0.02243681]
MAP Policy for current environment:
0.85-VaR-max-normalization for 1 demonstrations: 0.028158
0.9-VaR-max-normalization for 1 demonstrations: 0.031955
0.95-VaR-max-normalization for 1 demonstrations: 0.040440
0.99-VaR-max-normalization for 1 demonstrations: 0.079451
True EVD for 1 demonstrations: 0.004235
Information gain 1 demonstrations: 7.563463
Avar bound for threshold 0.1: 0.040440
SUFFICIENT (0.040440 < 0.1)
Avar bound for threshold 0.2: 0.040440
SUFFICIENT (0.040440 < 0.2)
Avar bound for threshold 0.3: 0.040440
SUFFICIENT (0.040440 < 0.3)
Avar bound for threshold 0.4: 0.040440
SUFFICIENT (0.040440 < 0.4)

Running PBIRL with 2 demonstrations for experiment 14
MCMC completed with acceptance ratio: 0.4857
Using 1950 samples after burn-in.
MAP Solution: [0.34354939 0.20924817 0.91552664]
True reward weights: [-0.4817829   0.22531565  0.84682826]
MAP Policy for current environment:
0.85-VaR-max-normalization for 2 demonstrations: 0.030630
0.9-VaR-max-normalization for 2 demonstrations: 0.045016
0.95-VaR-max-normalization for 2 demonstrations: 0.061458
0.99-VaR-max-normalization for 2 demonstrations: 0.090339
True EVD for 2 demonstrations: 0.014487
Information gain 2 demonstrations: 7.547063
Avar bound for threshold 0.1: 0.061458
SUFFICIENT (0.061458 < 0.1)
Avar bound for threshold 0.2: 0.061458
SUFFICIENT (0.061458 < 0.2)
Avar bound for threshold 0.3: 0.061458
SUFFICIENT (0.061458 < 0.3)
Avar bound for threshold 0.4: 0.061458
SUFFICIENT (0.061458 < 0.4)

Running PBIRL with 3 demonstrations for experiment 14
Config file loaded successfully.
Feature weights for environment: [-0.69171446 -0.20751434  0.69171446]
Generated optimal policies for all environments.

Running experiment 1/50...
Shuffled Demos: [(2, 1), (4, 3), (0, 1)]

Running PBIRL with 1 demonstrations for experiment 1
MCMC completed with acceptance ratio: 0.4853
Using 1950 samples after burn-in.
MAP Solution: [ 0.17477799 -0.49131846  0.85326363]
True reward weights: [-0.69171446 -0.20751434  0.69171446]
MAP Policy for current environment:
0.85-VaR-max-normalization for 1 demonstrations: 0.032093
0.9-VaR-max-normalization for 1 demonstrations: 0.045684
0.95-VaR-max-normalization for 1 demonstrations: 0.061433
0.99-VaR-max-normalization for 1 demonstrations: 0.090123
True EVD for 1 demonstrations: 0.005353
Information gain 1 demonstrations: 7.534501
Avar bound for threshold 0.1: 0.061433
SUFFICIENT (0.061433 < 0.1)
Avar bound for threshold 0.2: 0.061433
SUFFICIENT (0.061433 < 0.2)
Avar bound for threshold 0.3: 0.061433
SUFFICIENT (0.061433 < 0.3)
Avar bound for threshold 0.4: 0.061433
SUFFICIENT (0.061433 < 0.4)

Running PBIRL with 2 demonstrations for experiment 1
MCMC completed with acceptance ratio: 0.4690
Using 1950 samples after burn-in.
MAP Solution: [-0.6014622  -0.79872119 -0.01696097]
True reward weights: [ 0.28292746 -0.61800141  0.73350277]
MAP Policy for current environment:
0.85-VaR-max-normalization for 2 demonstrations: 0.032491
0.9-VaR-max-normalization for 2 demonstrations: 0.045170
0.95-VaR-max-normalization for 2 demonstrations: 0.065281
0.99-VaR-max-normalization for 2 demonstrations: 0.089180
True EVD for 2 demonstrations: 0.000000
Information gain 2 demonstrations: 7.563510
Avar bound for threshold 0.1: 0.065281
SUFFICIENT (0.065281 < 0.1)
Avar bound for threshold 0.2: 0.065281
SUFFICIENT (0.065281 < 0.2)
Avar bound for threshold 0.3: 0.065281
SUFFICIENT (0.065281 < 0.3)
Avar bound for threshold 0.4: 0.065281
SUFFICIENT (0.065281 < 0.4)

Running PBIRL with 3 demonstrations for experiment 1
MCMC completed with acceptance ratio: 0.2823
Using 1950 samples after burn-in.
MAP Solution: [-0.93142499 -0.02014543  0.36337536]
True reward weights: [-0.03441281 -0.33862726  0.94029109]
MAP Policy for current environment:
0.85-VaR-max-normalization for 3 demonstrations: 0.003091
0.9-VaR-max-normalization for 3 demonstrations: 0.003286
0.95-VaR-max-normalization for 3 demonstrations: 0.003597
0.99-VaR-max-normalization for 3 demonstrations: 0.003901
True EVD for 3 demonstrations: 0.016076
Information gain 3 demonstrations: 7.515028
Avar bound for threshold 0.1: 0.003597
SUFFICIENT (0.003597 < 0.1)
Avar bound for threshold 0.2: 0.003597
SUFFICIENT (0.003597 < 0.2)
Avar bound for threshold 0.3: 0.003597
SUFFICIENT (0.003597 < 0.3)
Avar bound for threshold 0.4: 0.003597
SUFFICIENT (0.003597 < 0.4)

Running experiment 2/50...
Shuffled Demos: [(4, 3), (2, 1), (0, 1)]

Running PBIRL with 1 demonstrations for experiment 2
MCMC completed with acceptance ratio: 0.4817
Using 1950 samples after burn-in.
MAP Solution: [ 0.59473979 -0.64355982  0.48178351]
True reward weights: [-0.92676267 -0.37563855 -0.00257698]
MAP Policy for current environment:
0.85-VaR-max-normalization for 1 demonstrations: 0.032779
0.9-VaR-max-normalization for 1 demonstrations: 0.048763
0.95-VaR-max-normalization for 1 demonstrations: 0.065734
0.99-VaR-max-normalization for 1 demonstrations: 0.098444
True EVD for 1 demonstrations: 0.019223
Information gain 1 demonstrations: 7.549436
Avar bound for threshold 0.1: 0.065734
SUFFICIENT (0.065734 < 0.1)
Avar bound for threshold 0.2: 0.065734
SUFFICIENT (0.065734 < 0.2)
Avar bound for threshold 0.3: 0.065734
SUFFICIENT (0.065734 < 0.3)
Avar bound for threshold 0.4: 0.065734
SUFFICIENT (0.065734 < 0.4)

Running PBIRL with 2 demonstrations for experiment 2
MCMC completed with acceptance ratio: 0.4960
Using 1950 samples after burn-in.
MAP Solution: [-0.79510952 -0.09647121  0.59874381]
True reward weights: [-0.74485927 -0.63946904  0.19043114]
MAP Policy for current environment:
0.85-VaR-max-normalization for 2 demonstrations: 0.027810
0.9-VaR-max-normalization for 2 demonstrations: 0.031106
0.95-VaR-max-normalization for 2 demonstrations: 0.045137
0.99-VaR-max-normalization for 2 demonstrations: 0.090735
True EVD for 2 demonstrations: 0.002243
Information gain 2 demonstrations: 7.548664
Avar bound for threshold 0.1: 0.045137
SUFFICIENT (0.045137 < 0.1)
Avar bound for threshold 0.2: 0.045137
SUFFICIENT (0.045137 < 0.2)
Avar bound for threshold 0.3: 0.045137
SUFFICIENT (0.045137 < 0.3)
Avar bound for threshold 0.4: 0.045137
SUFFICIENT (0.045137 < 0.4)

Running PBIRL with 3 demonstrations for experiment 2
MCMC completed with acceptance ratio: 0.2773
Using 1950 samples after burn-in.
MAP Solution: [-0.44022971  0.23861656  0.86559803]
True reward weights: [-0.34368902 -0.20502538  0.91642918]
MAP Policy for current environment:
0.85-VaR-max-normalization for 3 demonstrations: 0.008255
0.9-VaR-max-normalization for 3 demonstrations: 0.009389
0.95-VaR-max-normalization for 3 demonstrations: 0.010940
0.99-VaR-max-normalization for 3 demonstrations: 0.012939
True EVD for 3 demonstrations: 0.002310
Information gain 3 demonstrations: 7.500969
Avar bound for threshold 0.1: 0.010940
SUFFICIENT (0.010940 < 0.1)
Avar bound for threshold 0.2: 0.010940
SUFFICIENT (0.010940 < 0.2)
Avar bound for threshold 0.3: 0.010940
SUFFICIENT (0.010940 < 0.3)
Avar bound for threshold 0.4: 0.010940
SUFFICIENT (0.010940 < 0.4)

Running experiment 3/50...
Shuffled Demos: [(0, 1), (4, 3), (2, 1)]

Running PBIRL with 1 demonstrations for experiment 3
MCMC completed with acceptance ratio: 0.2737
Using 1950 samples after burn-in.
MAP Solution: [-0.53833987  0.24156952  0.80736259]
True reward weights: [-0.33575913  0.25206368  0.90759557]
MAP Policy for current environment:
0.85-VaR-max-normalization for 1 demonstrations: 0.004176
0.9-VaR-max-normalization for 1 demonstrations: 1.102432
0.95-VaR-max-normalization for 1 demonstrations: 1.103565
0.99-VaR-max-normalization for 1 demonstrations: 1.105574
True EVD for 1 demonstrations: 0.001369
Information gain 1 demonstrations: 6.678000
Avar bound for threshold 0.1: 1.103565
INSUFFICIENT (1.103565 >= 0.1)
Avar bound for threshold 0.2: 1.103565
INSUFFICIENT (1.103565 >= 0.2)
Avar bound for threshold 0.3: 1.103565
INSUFFICIENT (1.103565 >= 0.3)
Avar bound for threshold 0.4: 1.103565
INSUFFICIENT (1.103565 >= 0.4)

Running PBIRL with 2 demonstrations for experiment 3
MCMC completed with acceptance ratio: 0.2803
Using 1950 samples after burn-in.
MAP Solution: [-0.84299102  0.05514422  0.53509369]
True reward weights: [-0.67606769 -0.10814489  0.72886018]
MAP Policy for current environment:
0.85-VaR-max-normalization for 2 demonstrations: 0.003012
0.9-VaR-max-normalization for 2 demonstrations: 0.003324
0.95-VaR-max-normalization for 2 demonstrations: 0.003648
0.99-VaR-max-normalization for 2 demonstrations: 0.004205
True EVD for 2 demonstrations: 0.002117
Information gain 2 demonstrations: 7.461674
Avar bound for threshold 0.1: 0.003648
SUFFICIENT (0.003648 < 0.1)
Avar bound for threshold 0.2: 0.003648
SUFFICIENT (0.003648 < 0.2)
Avar bound for threshold 0.3: 0.003648
SUFFICIENT (0.003648 < 0.3)
Avar bound for threshold 0.4: 0.003648
SUFFICIENT (0.003648 < 0.4)

Running PBIRL with 3 demonstrations for experiment 3
MCMC completed with acceptance ratio: 0.2897
Using 1950 samples after burn-in.
MAP Solution: [-0.76394216  0.14639528  0.62845907]
True reward weights: [-0.79291694 -0.07269686  0.60497759]
MAP Policy for current environment:
0.85-VaR-max-normalization for 3 demonstrations: 0.003005
0.9-VaR-max-normalization for 3 demonstrations: 0.003397
0.95-VaR-max-normalization for 3 demonstrations: 0.003522
0.99-VaR-max-normalization for 3 demonstrations: 0.003755
True EVD for 3 demonstrations: 0.000839
Information gain 3 demonstrations: 7.500481
Avar bound for threshold 0.1: 0.003522
SUFFICIENT (0.003522 < 0.1)
Avar bound for threshold 0.2: 0.003522
SUFFICIENT (0.003522 < 0.2)
Avar bound for threshold 0.3: 0.003522
SUFFICIENT (0.003522 < 0.3)
Avar bound for threshold 0.4: 0.003522
SUFFICIENT (0.003522 < 0.4)

Running experiment 4/50...
Shuffled Demos: [(0, 1), (4, 3), (2, 1)]

Running PBIRL with 1 demonstrations for experiment 4
MCMC completed with acceptance ratio: 0.2790
Using 1950 samples after burn-in.
MAP Solution: [-0.58156093  0.30437356  0.75441608]
True reward weights: [-0.46805406  0.25143684  0.84717466]
MAP Policy for current environment:
0.85-VaR-max-normalization for 1 demonstrations: 0.003614
0.9-VaR-max-normalization for 1 demonstrations: 1.085498
0.95-VaR-max-normalization for 1 demonstrations: 1.103543
0.99-VaR-max-normalization for 1 demonstrations: 1.106034
True EVD for 1 demonstrations: 0.000400
Information gain 1 demonstrations: 6.869614
Avar bound for threshold 0.1: 1.103543
INSUFFICIENT (1.103543 >= 0.1)
Avar bound for threshold 0.2: 1.103543
INSUFFICIENT (1.103543 >= 0.2)
Avar bound for threshold 0.3: 1.103543
INSUFFICIENT (1.103543 >= 0.3)
Avar bound for threshold 0.4: 1.103543
INSUFFICIENT (1.103543 >= 0.4)

Running PBIRL with 2 demonstrations for experiment 4
MCMC completed with acceptance ratio: 0.2793
Using 1950 samples after burn-in.
MAP Solution: [-0.88472458  0.05951102  0.46229953]
True reward weights: [-0.59837825  0.18331874  0.77996007]
MAP Policy for current environment:
0.85-VaR-max-normalization for 2 demonstrations: 0.002923
0.9-VaR-max-normalization for 2 demonstrations: 0.003122
0.95-VaR-max-normalization for 2 demonstrations: 0.003552
0.99-VaR-max-normalization for 2 demonstrations: 0.003803
True EVD for 2 demonstrations: 0.000103
Information gain 2 demonstrations: 7.492847
Avar bound for threshold 0.1: 0.003552
SUFFICIENT (0.003552 < 0.1)
Avar bound for threshold 0.2: 0.003552
SUFFICIENT (0.003552 < 0.2)
Avar bound for threshold 0.3: 0.003552
SUFFICIENT (0.003552 < 0.3)
Avar bound for threshold 0.4: 0.003552
SUFFICIENT (0.003552 < 0.4)

Running PBIRL with 3 demonstrations for experiment 4
MCMC completed with acceptance ratio: 0.2873
Using 1950 samples after burn-in.
MAP Solution: [-0.38487431  0.26231104  0.88490942]
True reward weights: [-0.66686172  0.23671237  0.70658524]
MAP Policy for current environment:
0.85-VaR-max-normalization for 3 demonstrations: 0.007428
0.9-VaR-max-normalization for 3 demonstrations: 0.008794
0.95-VaR-max-normalization for 3 demonstrations: 0.011226
0.99-VaR-max-normalization for 3 demonstrations: 0.014072
True EVD for 3 demonstrations: 0.001479
Information gain 3 demonstrations: 7.494657
Avar bound for threshold 0.1: 0.011226
SUFFICIENT (0.011226 < 0.1)
Avar bound for threshold 0.2: 0.011226
SUFFICIENT (0.011226 < 0.2)
Avar bound for threshold 0.3: 0.011226
SUFFICIENT (0.011226 < 0.3)
Avar bound for threshold 0.4: 0.011226
SUFFICIENT (0.011226 < 0.4)

Running experiment 5/50...
Shuffled Demos: [(0, 1), (2, 1), (4, 3)]

Running PBIRL with 1 demonstrations for experiment 5
MCMC completed with acceptance ratio: 0.2767
Using 1950 samples after burn-in.
MAP Solution: [-0.95048332 -0.28294126  0.12855232]
True reward weights: [-0.49882345  0.14712375  0.85412515]
MAP Policy for current environment:
0.85-VaR-max-normalization for 1 demonstrations: 0.003486
0.9-VaR-max-normalization for 1 demonstrations: 0.004268
0.95-VaR-max-normalization for 1 demonstrations: 1.104237
0.99-VaR-max-normalization for 1 demonstrations: 1.105677
True EVD for 1 demonstrations: 0.001314
Information gain 1 demonstrations: 6.945387
Avar bound for threshold 0.1: 1.104237
INSUFFICIENT (1.104237 >= 0.1)
Avar bound for threshold 0.2: 1.104237
INSUFFICIENT (1.104237 >= 0.2)
Avar bound for threshold 0.3: 1.104237
INSUFFICIENT (1.104237 >= 0.3)
Avar bound for threshold 0.4: 1.104237
INSUFFICIENT (1.104237 >= 0.4)

Running PBIRL with 2 demonstrations for experiment 5
MCMC completed with acceptance ratio: 0.2823
Using 1950 samples after burn-in.
MAP Solution: [-0.62566466 -0.0121194   0.77999798]
True reward weights: [-0.60833176 -0.35114209  0.71178066]
MAP Policy for current environment:
0.85-VaR-max-normalization for 2 demonstrations: 0.005999
0.9-VaR-max-normalization for 2 demonstrations: 0.007169
0.95-VaR-max-normalization for 2 demonstrations: 0.010076
0.99-VaR-max-normalization for 2 demonstrations: 0.014371
True EVD for 2 demonstrations: 0.000000
Information gain 2 demonstrations: 7.493590
Avar bound for threshold 0.1: 0.010076
SUFFICIENT (0.010076 < 0.1)
Avar bound for threshold 0.2: 0.010076
SUFFICIENT (0.010076 < 0.2)
Avar bound for threshold 0.3: 0.010076
SUFFICIENT (0.010076 < 0.3)
Avar bound for threshold 0.4: 0.010076
SUFFICIENT (0.010076 < 0.4)

Running PBIRL with 3 demonstrations for experiment 5
MCMC completed with acceptance ratio: 0.2790
Using 1950 samples after burn-in.
MAP Solution: [-0.14662959  0.43460073  0.88860676]
True reward weights: [0.01367686 0.40549693 0.91399408]
MAP Policy for current environment:
0.85-VaR-max-normalization for 3 demonstrations: 0.006225
0.9-VaR-max-normalization for 3 demonstrations: 0.008068
0.95-VaR-max-normalization for 3 demonstrations: 0.011224
0.99-VaR-max-normalization for 3 demonstrations: 0.013902
True EVD for 3 demonstrations: 0.000000
Information gain 3 demonstrations: 7.512073
Avar bound for threshold 0.1: 0.011224
SUFFICIENT (0.011224 < 0.1)
Avar bound for threshold 0.2: 0.011224
SUFFICIENT (0.011224 < 0.2)
Avar bound for threshold 0.3: 0.011224
SUFFICIENT (0.011224 < 0.3)
Avar bound for threshold 0.4: 0.011224
SUFFICIENT (0.011224 < 0.4)

Running experiment 6/50...
Shuffled Demos: [(4, 3), (2, 1), (0, 1)]

Running PBIRL with 1 demonstrations for experiment 6
MCMC completed with acceptance ratio: 0.5023
Using 1950 samples after burn-in.
MAP Solution: [-0.78114015 -0.61588896 -0.10247368]
True reward weights: [0.24813812 0.6694122  0.7002248 ]
MAP Policy for current environment:
0.85-VaR-max-normalization for 1 demonstrations: 0.026209
0.9-VaR-max-normalization for 1 demonstrations: 0.029918
0.95-VaR-max-normalization for 1 demonstrations: 0.034920
0.99-VaR-max-normalization for 1 demonstrations: 0.088167
True EVD for 1 demonstrations: 0.011224
Information gain 1 demonstrations: 7.557947
Avar bound for threshold 0.1: 0.034920
SUFFICIENT (0.034920 < 0.1)
Avar bound for threshold 0.2: 0.034920
SUFFICIENT (0.034920 < 0.2)
Avar bound for threshold 0.3: 0.034920
SUFFICIENT (0.034920 < 0.3)
Avar bound for threshold 0.4: 0.034920
SUFFICIENT (0.034920 < 0.4)

Running PBIRL with 2 demonstrations for experiment 6
MCMC completed with acceptance ratio: 0.4833
Using 1950 samples after burn-in.
MAP Solution: [ 0.525667   -0.55973563  0.64060147]
True reward weights: [ 0.00716666 -0.64348083  0.76542867]
MAP Policy for current environment:
0.85-VaR-max-normalization for 2 demonstrations: 0.030011
0.9-VaR-max-normalization for 2 demonstrations: 0.043578
0.95-VaR-max-normalization for 2 demonstrations: 0.063154
0.99-VaR-max-normalization for 2 demonstrations: 0.094741
True EVD for 2 demonstrations: 0.000000
Information gain 2 demonstrations: 7.548623
Avar bound for threshold 0.1: 0.063154
SUFFICIENT (0.063154 < 0.1)
Avar bound for threshold 0.2: 0.063154
SUFFICIENT (0.063154 < 0.2)
Avar bound for threshold 0.3: 0.063154
SUFFICIENT (0.063154 < 0.3)
Avar bound for threshold 0.4: 0.063154
SUFFICIENT (0.063154 < 0.4)

Running PBIRL with 3 demonstrations for experiment 6
MCMC completed with acceptance ratio: 0.2770
Using 1950 samples after burn-in.
MAP Solution: [-0.71442795  0.040506    0.69853559]
True reward weights: [ 0.58895355 -0.71723659  0.37243174]
MAP Policy for current environment:
0.85-VaR-max-normalization for 3 demonstrations: 0.007418
0.9-VaR-max-normalization for 3 demonstrations: 0.008524
0.95-VaR-max-normalization for 3 demonstrations: 0.011372
