Config file loaded successfully.
Feature weights for environment: [-0.97266673 -0.03083248  0.23014951]
Feature weights for environment: [-0.35835056 -0.08647525  0.92957351]
Feature weights for environment: [-0.71046942 -0.64188771  0.28846728]
Feature weights for environment: [-0.89578956 -0.24432685  0.37130237]
Feature weights for environment: [-0.7282924  -0.22722733  0.64649665]
Feature weights for environment: [-0.75022399 -0.57596895  0.32469021]
Feature weights for environment: [-0.70842322 -0.26108332  0.65572254]
Feature weights for environment: [-0.74635145 -0.57484795  0.33542412]
Feature weights for environment: [-0.0505111  -0.01531811  0.99860602]
Feature weights for environment: [-0.76518493 -0.64328377  0.02603879]
Feature weights for environment: [-0.87829137 -0.24439244  0.41094598]
Feature weights for environment: [-0.8497926  -0.50850291  0.13884283]
Feature weights for environment: [-0.34477193 -0.32328333  0.88126058]
Feature weights for environment: [-0.43088031 -0.17122291  0.88601629]
Feature weights for environment: [-0.75433776 -0.02805593  0.65588674]
Feature weights for environment: [-0.92032338 -0.11683579  0.37330186]
Feature weights for environment: [-0.76208548 -0.28664819  0.58056743]
Feature weights for environment: [-0.39174849 -0.30341429  0.86860399]
Feature weights for environment: [-0.92648321 -0.16748955  0.33701054]
Feature weights for environment: [-0.61012931 -0.3129562   0.72787406]
Feature weights for environment: [-0.3738588  -0.3262014   0.86822937]
Feature weights for environment: [-0.70965126 -0.6051058   0.36089066]
Feature weights for environment: [-0.74528522 -0.55533186  0.36899385]
Feature weights for environment: [-0.68144434 -0.29187893  0.6711485 ]
Feature weights for environment: [-0.44714936 -0.30119858  0.84222139]
Feature weights for environment: [-0.7333898  -0.47830978  0.48307263]
Feature weights for environment: [-0.65557811 -0.01374154  0.75500233]
Feature weights for environment: [-0.866301   -0.34967581  0.35672034]
Feature weights for environment: [-0.6535586  -0.23072892  0.72085041]
Feature weights for environment: [-0.81326386 -0.04441834  0.5801973 ]
Feature weights for environment: [-0.27534761 -0.19938474  0.94044108]
Feature weights for environment: [-0.90753571 -0.40234227  0.1204144 ]
Feature weights for environment: [-0.32556312 -0.30396656  0.89532842]
Feature weights for environment: [-0.839382   -0.393236    0.37523766]
Feature weights for environment: [-0.94121751 -0.05112011  0.33391067]
Feature weights for environment: [-0.05456508 -0.040557    0.99768621]
Feature weights for environment: [-0.75478167 -0.33513042  0.563908  ]
Feature weights for environment: [-0.49248773 -0.22865786  0.83974486]
Feature weights for environment: [-0.56481614 -0.46100063  0.68444222]
Feature weights for environment: [-0.6667631  -0.57474284  0.47444455]
Feature weights for environment: [-0.46247666 -0.0267168   0.88622884]
Feature weights for environment: [-0.71505276 -0.68463496  0.14133129]
Feature weights for environment: [-0.94655708 -0.29794542  0.12352418]
Feature weights for environment: [-0.88315502 -0.32822573  0.33511952]
Feature weights for environment: [-0.83381491 -0.37890594  0.40147601]
Feature weights for environment: [-0.82098277 -0.18440172  0.54035479]
Feature weights for environment: [-0.73857451 -0.23755048  0.63093381]
Feature weights for environment: [-0.95541883 -0.18852986  0.22722531]
Feature weights for environment: [-0.98484463 -0.1489005   0.08893646]
Feature weights for environment: [-0.47840873 -0.41855607  0.77196885]
Generated optimal policies for all environments.

Running experiment 1/50...
Shuffled Demos: [(4, 3), (0, 1), (2, 1)]

Running PBIRL with 1 demonstrations for experiment 1
MCMC completed with acceptance ratio: 0.4563
Using 1950 samples after burn-in.
Stored 1950 MCMC samples for demonstration 1
MAP Solution: [-0.13464294 -0.61776043  0.77475372]
True reward weights: [-0.97266673 -0.03083248  0.23014951]
MAP Policy for current environment:
0.85-VaR-max-normalization for 1 demonstrations: 0.025094
0.9-VaR-max-normalization for 1 demonstrations: 0.038214
Config file loaded successfully.
Feature weights for environment: [-0.97266673 -0.03083248  0.23014951]
Feature weights for environment: [-0.35835056 -0.08647525  0.92957351]
Feature weights for environment: [-0.71046942 -0.64188771  0.28846728]
Feature weights for environment: [-0.89578956 -0.24432685  0.37130237]
Feature weights for environment: [-0.7282924  -0.22722733  0.64649665]
Feature weights for environment: [-0.75022399 -0.57596895  0.32469021]
Feature weights for environment: [-0.70842322 -0.26108332  0.65572254]
Feature weights for environment: [-0.74635145 -0.57484795  0.33542412]
Feature weights for environment: [-0.0505111  -0.01531811  0.99860602]
Feature weights for environment: [-0.76518493 -0.64328377  0.02603879]
Feature weights for environment: [-0.87829137 -0.24439244  0.41094598]
Feature weights for environment: [-0.8497926  -0.50850291  0.13884283]
Feature weights for environment: [-0.34477193 -0.32328333  0.88126058]
Feature weights for environment: [-0.43088031 -0.17122291  0.88601629]
Feature weights for environment: [-0.75433776 -0.02805593  0.65588674]
Feature weights for environment: [-0.92032338 -0.11683579  0.37330186]
Feature weights for environment: [-0.76208548 -0.28664819  0.58056743]
Feature weights for environment: [-0.39174849 -0.30341429  0.86860399]
Feature weights for environment: [-0.92648321 -0.16748955  0.33701054]
Feature weights for environment: [-0.61012931 -0.3129562   0.72787406]
Feature weights for environment: [-0.3738588  -0.3262014   0.86822937]
Feature weights for environment: [-0.70965126 -0.6051058   0.36089066]
Feature weights for environment: [-0.74528522 -0.55533186  0.36899385]
Feature weights for environment: [-0.68144434 -0.29187893  0.6711485 ]
Feature weights for environment: [-0.44714936 -0.30119858  0.84222139]
Feature weights for environment: [-0.7333898  -0.47830978  0.48307263]
Feature weights for environment: [-0.65557811 -0.01374154  0.75500233]
Feature weights for environment: [-0.866301   -0.34967581  0.35672034]
Feature weights for environment: [-0.6535586  -0.23072892  0.72085041]
Feature weights for environment: [-0.81326386 -0.04441834  0.5801973 ]
Feature weights for environment: [-0.27534761 -0.19938474  0.94044108]
Feature weights for environment: [-0.90753571 -0.40234227  0.1204144 ]
Feature weights for environment: [-0.32556312 -0.30396656  0.89532842]
Feature weights for environment: [-0.839382   -0.393236    0.37523766]
Feature weights for environment: [-0.94121751 -0.05112011  0.33391067]
Feature weights for environment: [-0.05456508 -0.040557    0.99768621]
Feature weights for environment: [-0.75478167 -0.33513042  0.563908  ]
Feature weights for environment: [-0.49248773 -0.22865786  0.83974486]
Feature weights for environment: [-0.56481614 -0.46100063  0.68444222]
Feature weights for environment: [-0.6667631  -0.57474284  0.47444455]
Feature weights for environment: [-0.46247666 -0.0267168   0.88622884]
Feature weights for environment: [-0.71505276 -0.68463496  0.14133129]
Feature weights for environment: [-0.94655708 -0.29794542  0.12352418]
Feature weights for environment: [-0.88315502 -0.32822573  0.33511952]
Feature weights for environment: [-0.83381491 -0.37890594  0.40147601]
Feature weights for environment: [-0.82098277 -0.18440172  0.54035479]
Feature weights for environment: [-0.73857451 -0.23755048  0.63093381]
Feature weights for environment: [-0.95541883 -0.18852986  0.22722531]
Feature weights for environment: [-0.98484463 -0.1489005   0.08893646]
Feature weights for environment: [-0.47840873 -0.41855607  0.77196885]
Generated optimal policies for all environments.

Running experiment 1/50...
Shuffled Demos: [(4, 3), (2, 1), (0, 1)]

Running PBIRL with 1 demonstrations for experiment 1
MCMC completed with acceptance ratio: 0.4473
Using 1950 samples after burn-in.
Stored 1950 MCMC samples for demonstration 1
MAP Solution: [-0.15885072 -0.59961823  0.78436244]
True reward weights: [-0.97266673 -0.03083248  0.23014951]
MAP Policy for current environment:
Config file loaded successfully.
Feature weights for environment: [-0.97266673 -0.03083248  0.23014951]
Feature weights for environment: [-0.35835056 -0.08647525  0.92957351]
Feature weights for environment: [-0.71046942 -0.64188771  0.28846728]
Feature weights for environment: [-0.89578956 -0.24432685  0.37130237]
Feature weights for environment: [-0.7282924  -0.22722733  0.64649665]
Feature weights for environment: [-0.75022399 -0.57596895  0.32469021]
Feature weights for environment: [-0.70842322 -0.26108332  0.65572254]
Feature weights for environment: [-0.74635145 -0.57484795  0.33542412]
Feature weights for environment: [-0.0505111  -0.01531811  0.99860602]
Feature weights for environment: [-0.76518493 -0.64328377  0.02603879]
Feature weights for environment: [-0.87829137 -0.24439244  0.41094598]
Feature weights for environment: [-0.8497926  -0.50850291  0.13884283]
Feature weights for environment: [-0.34477193 -0.32328333  0.88126058]
Feature weights for environment: [-0.43088031 -0.17122291  0.88601629]
Feature weights for environment: [-0.75433776 -0.02805593  0.65588674]
Feature weights for environment: [-0.92032338 -0.11683579  0.37330186]
Feature weights for environment: [-0.76208548 -0.28664819  0.58056743]
Feature weights for environment: [-0.39174849 -0.30341429  0.86860399]
Feature weights for environment: [-0.92648321 -0.16748955  0.33701054]
Feature weights for environment: [-0.61012931 -0.3129562   0.72787406]
Feature weights for environment: [-0.3738588  -0.3262014   0.86822937]
Feature weights for environment: [-0.70965126 -0.6051058   0.36089066]
Feature weights for environment: [-0.74528522 -0.55533186  0.36899385]
Feature weights for environment: [-0.68144434 -0.29187893  0.6711485 ]
Feature weights for environment: [-0.44714936 -0.30119858  0.84222139]
Feature weights for environment: [-0.7333898  -0.47830978  0.48307263]
Feature weights for environment: [-0.65557811 -0.01374154  0.75500233]
Feature weights for environment: [-0.866301   -0.34967581  0.35672034]
Feature weights for environment: [-0.6535586  -0.23072892  0.72085041]
Feature weights for environment: [-0.81326386 -0.04441834  0.5801973 ]
Feature weights for environment: [-0.27534761 -0.19938474  0.94044108]
Feature weights for environment: [-0.90753571 -0.40234227  0.1204144 ]
Feature weights for environment: [-0.32556312 -0.30396656  0.89532842]
Feature weights for environment: [-0.839382   -0.393236    0.37523766]
Feature weights for environment: [-0.94121751 -0.05112011  0.33391067]
Feature weights for environment: [-0.05456508 -0.040557    0.99768621]
Feature weights for environment: [-0.75478167 -0.33513042  0.563908  ]
Feature weights for environment: [-0.49248773 -0.22865786  0.83974486]
Feature weights for environment: [-0.56481614 -0.46100063  0.68444222]
Feature weights for environment: [-0.6667631  -0.57474284  0.47444455]
Feature weights for environment: [-0.46247666 -0.0267168   0.88622884]
Feature weights for environment: [-0.71505276 -0.68463496  0.14133129]
Feature weights for environment: [-0.94655708 -0.29794542  0.12352418]
Feature weights for environment: [-0.88315502 -0.32822573  0.33511952]
Feature weights for environment: [-0.83381491 -0.37890594  0.40147601]
Feature weights for environment: [-0.82098277 -0.18440172  0.54035479]
Feature weights for environment: [-0.73857451 -0.23755048  0.63093381]
Feature weights for environment: [-0.95541883 -0.18852986  0.22722531]
Feature weights for environment: [-0.98484463 -0.1489005   0.08893646]
Feature weights for environment: [-0.47840873 -0.41855607  0.77196885]
Generated optimal policies for all environments.

Running experiment 1/50...
Shuffled Demos: [(2, 1), (4, 3), (0, 1)]

Running PBIRL with 1 demonstrations for experiment 1
MCMC completed with acceptance ratio: 0.4617
Using 1950 samples after burn-in.
Stored 1950 MCMC samples for demonstration 1
MAP Solution: [-0.16295637 -0.63100891  0.75846752]
True reward weights: [-0.97266673 -0.03083248  0.23014951]
MAP Policy for current environment:
Information gain 1 demonstrations: nan
0.85-VaR-max-normalization for 1 demonstrations: 0.029558
0.9-VaR-max-normalization for 1 demonstrations: 0.050112
Config file loaded successfully.
Feature weights for environment: [-0.97266673 -0.03083248  0.23014951]
Feature weights for environment: [-0.35835056 -0.08647525  0.92957351]
Feature weights for environment: [-0.71046942 -0.64188771  0.28846728]
Feature weights for environment: [-0.89578956 -0.24432685  0.37130237]
Feature weights for environment: [-0.7282924  -0.22722733  0.64649665]
Feature weights for environment: [-0.75022399 -0.57596895  0.32469021]
Feature weights for environment: [-0.70842322 -0.26108332  0.65572254]
Feature weights for environment: [-0.74635145 -0.57484795  0.33542412]
Feature weights for environment: [-0.0505111  -0.01531811  0.99860602]
Feature weights for environment: [-0.76518493 -0.64328377  0.02603879]
Feature weights for environment: [-0.87829137 -0.24439244  0.41094598]
Feature weights for environment: [-0.8497926  -0.50850291  0.13884283]
Feature weights for environment: [-0.34477193 -0.32328333  0.88126058]
Feature weights for environment: [-0.43088031 -0.17122291  0.88601629]
Feature weights for environment: [-0.75433776 -0.02805593  0.65588674]
Feature weights for environment: [-0.92032338 -0.11683579  0.37330186]
Feature weights for environment: [-0.76208548 -0.28664819  0.58056743]
Feature weights for environment: [-0.39174849 -0.30341429  0.86860399]
Feature weights for environment: [-0.92648321 -0.16748955  0.33701054]
Feature weights for environment: [-0.61012931 -0.3129562   0.72787406]
Feature weights for environment: [-0.3738588  -0.3262014   0.86822937]
Feature weights for environment: [-0.70965126 -0.6051058   0.36089066]
Feature weights for environment: [-0.74528522 -0.55533186  0.36899385]
Feature weights for environment: [-0.68144434 -0.29187893  0.6711485 ]
Feature weights for environment: [-0.44714936 -0.30119858  0.84222139]
Feature weights for environment: [-0.7333898  -0.47830978  0.48307263]
Feature weights for environment: [-0.65557811 -0.01374154  0.75500233]
Feature weights for environment: [-0.866301   -0.34967581  0.35672034]
Feature weights for environment: [-0.6535586  -0.23072892  0.72085041]
Feature weights for environment: [-0.81326386 -0.04441834  0.5801973 ]
Feature weights for environment: [-0.27534761 -0.19938474  0.94044108]
Feature weights for environment: [-0.90753571 -0.40234227  0.1204144 ]
Feature weights for environment: [-0.32556312 -0.30396656  0.89532842]
Feature weights for environment: [-0.839382   -0.393236    0.37523766]
Feature weights for environment: [-0.94121751 -0.05112011  0.33391067]
Feature weights for environment: [-0.05456508 -0.040557    0.99768621]
Feature weights for environment: [-0.75478167 -0.33513042  0.563908  ]
Feature weights for environment: [-0.49248773 -0.22865786  0.83974486]
Feature weights for environment: [-0.56481614 -0.46100063  0.68444222]
Feature weights for environment: [-0.6667631  -0.57474284  0.47444455]
Feature weights for environment: [-0.46247666 -0.0267168   0.88622884]
Feature weights for environment: [-0.71505276 -0.68463496  0.14133129]
Feature weights for environment: [-0.94655708 -0.29794542  0.12352418]
Feature weights for environment: [-0.88315502 -0.32822573  0.33511952]
Feature weights for environment: [-0.83381491 -0.37890594  0.40147601]
Feature weights for environment: [-0.82098277 -0.18440172  0.54035479]
Feature weights for environment: [-0.73857451 -0.23755048  0.63093381]
Feature weights for environment: [-0.95541883 -0.18852986  0.22722531]
Feature weights for environment: [-0.98484463 -0.1489005   0.08893646]
Feature weights for environment: [-0.47840873 -0.41855607  0.77196885]
Generated optimal policies for all environments.

Running experiment 1/50...
Shuffled Demos: [(0, 1), (4, 3), (2, 1)]

Running PBIRL with 1 demonstrations for experiment 1
MCMC completed with acceptance ratio: 0.8690
Using 1950 samples after burn-in.
Stored 1950 MCMC samples for demonstration 1
MAP Solution: [-0.66431095 -0.12584133  0.73678689]
True reward weights: [-0.97266673 -0.03083248  0.23014951]
MAP Policy for current environment:
Information gain 1 demonstrations: nan
Config file loaded successfully.
Feature weights for environment: [-0.97266673 -0.03083248  0.23014951]
Feature weights for environment: [-0.35835056 -0.08647525  0.92957351]
Feature weights for environment: [-0.71046942 -0.64188771  0.28846728]
Feature weights for environment: [-0.89578956 -0.24432685  0.37130237]
Feature weights for environment: [-0.7282924  -0.22722733  0.64649665]
Feature weights for environment: [-0.75022399 -0.57596895  0.32469021]
Feature weights for environment: [-0.70842322 -0.26108332  0.65572254]
Feature weights for environment: [-0.74635145 -0.57484795  0.33542412]
Feature weights for environment: [-0.0505111  -0.01531811  0.99860602]
Feature weights for environment: [-0.76518493 -0.64328377  0.02603879]
Feature weights for environment: [-0.87829137 -0.24439244  0.41094598]
Feature weights for environment: [-0.8497926  -0.50850291  0.13884283]
Feature weights for environment: [-0.34477193 -0.32328333  0.88126058]
Feature weights for environment: [-0.43088031 -0.17122291  0.88601629]
Feature weights for environment: [-0.75433776 -0.02805593  0.65588674]
Feature weights for environment: [-0.92032338 -0.11683579  0.37330186]
Feature weights for environment: [-0.76208548 -0.28664819  0.58056743]
Feature weights for environment: [-0.39174849 -0.30341429  0.86860399]
Feature weights for environment: [-0.92648321 -0.16748955  0.33701054]
Feature weights for environment: [-0.61012931 -0.3129562   0.72787406]
Feature weights for environment: [-0.3738588  -0.3262014   0.86822937]
Feature weights for environment: [-0.70965126 -0.6051058   0.36089066]
Feature weights for environment: [-0.74528522 -0.55533186  0.36899385]
Feature weights for environment: [-0.68144434 -0.29187893  0.6711485 ]
Feature weights for environment: [-0.44714936 -0.30119858  0.84222139]
Feature weights for environment: [-0.7333898  -0.47830978  0.48307263]
Feature weights for environment: [-0.65557811 -0.01374154  0.75500233]
Feature weights for environment: [-0.866301   -0.34967581  0.35672034]
Feature weights for environment: [-0.6535586  -0.23072892  0.72085041]
Feature weights for environment: [-0.81326386 -0.04441834  0.5801973 ]
Feature weights for environment: [-0.27534761 -0.19938474  0.94044108]
Feature weights for environment: [-0.90753571 -0.40234227  0.1204144 ]
Feature weights for environment: [-0.32556312 -0.30396656  0.89532842]
Feature weights for environment: [-0.839382   -0.393236    0.37523766]
Feature weights for environment: [-0.94121751 -0.05112011  0.33391067]
Feature weights for environment: [-0.05456508 -0.040557    0.99768621]
Feature weights for environment: [-0.75478167 -0.33513042  0.563908  ]
Feature weights for environment: [-0.49248773 -0.22865786  0.83974486]
Feature weights for environment: [-0.56481614 -0.46100063  0.68444222]
Feature weights for environment: [-0.6667631  -0.57474284  0.47444455]
Feature weights for environment: [-0.46247666 -0.0267168   0.88622884]
Feature weights for environment: [-0.71505276 -0.68463496  0.14133129]
Feature weights for environment: [-0.94655708 -0.29794542  0.12352418]
Feature weights for environment: [-0.88315502 -0.32822573  0.33511952]
Feature weights for environment: [-0.83381491 -0.37890594  0.40147601]
Feature weights for environment: [-0.82098277 -0.18440172  0.54035479]
Feature weights for environment: [-0.73857451 -0.23755048  0.63093381]
Feature weights for environment: [-0.95541883 -0.18852986  0.22722531]
Feature weights for environment: [-0.98484463 -0.1489005   0.08893646]
Feature weights for environment: [-0.47840873 -0.41855607  0.77196885]
Generated optimal policies for all environments.

Running experiment 1/50...
Shuffled Demos: [(4, 3), (2, 1), (0, 1)]

Running PBIRL with 1 demonstrations for experiment 1
MCMC completed with acceptance ratio: 0.5077
Using 1950 samples after burn-in.
Stored 1950 MCMC samples for demonstration 1
MAP Solution: [-0.48035192 -0.86235602 -0.1600129 ]
True reward weights: [-0.97266673 -0.03083248  0.23014951]
MAP Policy for current environment:
Information gain 1 demonstrations: nan
0.85-VaR-max-normalization for 1 demonstrations: 0.032212
0.9-VaR-max-normalization for 1 demonstrations: 0.044463
0.95-VaR-max-normalization for 1 demonstrations: 0.065018
0.99-VaR-max-normalization for 1 demonstrations: 0.096506
True EVD for 1 demonstrations: 0.000000
Avar bound for threshold 0.1: 0.065018
SUFFICIENT (0.065018 < 0.1)
Avar bound for threshold 0.2: 0.065018
SUFFICIENT (0.065018 < 0.2)
Avar bound for threshold 0.3: 0.065018
SUFFICIENT (0.065018 < 0.3)
Avar bound for threshold 0.4: 0.065018
SUFFICIENT (0.065018 < 0.4)

Running PBIRL with 2 demonstrations for experiment 1
MCMC completed with acceptance ratio: 0.4813
Using 1950 samples after burn-in.
Stored 1950 MCMC samples for demonstration 2
MAP Solution: [-0.4672984   0.29233915  0.83436804]
True reward weights: [0.58907193 0.26630616 0.76293858]
MAP Policy for current environment:
Config file loaded successfully.
Feature weights for environment: [-0.97266673 -0.03083248  0.23014951]
Feature weights for environment: [-0.35835056 -0.08647525  0.92957351]
Feature weights for environment: [-0.71046942 -0.64188771  0.28846728]
Feature weights for environment: [-0.89578956 -0.24432685  0.37130237]
Feature weights for environment: [-0.7282924  -0.22722733  0.64649665]
Feature weights for environment: [-0.75022399 -0.57596895  0.32469021]
Feature weights for environment: [-0.70842322 -0.26108332  0.65572254]
Feature weights for environment: [-0.74635145 -0.57484795  0.33542412]
Feature weights for environment: [-0.0505111  -0.01531811  0.99860602]
Feature weights for environment: [-0.76518493 -0.64328377  0.02603879]
Feature weights for environment: [-0.87829137 -0.24439244  0.41094598]
Feature weights for environment: [-0.8497926  -0.50850291  0.13884283]
Feature weights for environment: [-0.34477193 -0.32328333  0.88126058]
Feature weights for environment: [-0.43088031 -0.17122291  0.88601629]
Feature weights for environment: [-0.75433776 -0.02805593  0.65588674]
Feature weights for environment: [-0.92032338 -0.11683579  0.37330186]
Feature weights for environment: [-0.76208548 -0.28664819  0.58056743]
Feature weights for environment: [-0.39174849 -0.30341429  0.86860399]
Feature weights for environment: [-0.92648321 -0.16748955  0.33701054]
Feature weights for environment: [-0.61012931 -0.3129562   0.72787406]
Feature weights for environment: [-0.3738588  -0.3262014   0.86822937]
Feature weights for environment: [-0.70965126 -0.6051058   0.36089066]
Feature weights for environment: [-0.74528522 -0.55533186  0.36899385]
Feature weights for environment: [-0.68144434 -0.29187893  0.6711485 ]
Feature weights for environment: [-0.44714936 -0.30119858  0.84222139]
Feature weights for environment: [-0.7333898  -0.47830978  0.48307263]
Feature weights for environment: [-0.65557811 -0.01374154  0.75500233]
Feature weights for environment: [-0.866301   -0.34967581  0.35672034]
Feature weights for environment: [-0.6535586  -0.23072892  0.72085041]
Feature weights for environment: [-0.81326386 -0.04441834  0.5801973 ]
Feature weights for environment: [-0.27534761 -0.19938474  0.94044108]
Feature weights for environment: [-0.90753571 -0.40234227  0.1204144 ]
Feature weights for environment: [-0.32556312 -0.30396656  0.89532842]
Feature weights for environment: [-0.839382   -0.393236    0.37523766]
Feature weights for environment: [-0.94121751 -0.05112011  0.33391067]
Feature weights for environment: [-0.05456508 -0.040557    0.99768621]
Feature weights for environment: [-0.75478167 -0.33513042  0.563908  ]
Feature weights for environment: [-0.49248773 -0.22865786  0.83974486]
Feature weights for environment: [-0.56481614 -0.46100063  0.68444222]
Feature weights for environment: [-0.6667631  -0.57474284  0.47444455]
Feature weights for environment: [-0.46247666 -0.0267168   0.88622884]
Feature weights for environment: [-0.71505276 -0.68463496  0.14133129]
Feature weights for environment: [-0.94655708 -0.29794542  0.12352418]
Feature weights for environment: [-0.88315502 -0.32822573  0.33511952]
Feature weights for environment: [-0.83381491 -0.37890594  0.40147601]
Feature weights for environment: [-0.82098277 -0.18440172  0.54035479]
Feature weights for environment: [-0.73857451 -0.23755048  0.63093381]
Feature weights for environment: [-0.95541883 -0.18852986  0.22722531]
Feature weights for environment: [-0.98484463 -0.1489005   0.08893646]
Feature weights for environment: [-0.47840873 -0.41855607  0.77196885]
Generated optimal policies for all environments.

Running experiment 1/50...
Shuffled Demos: [(4, 3), (2, 1), (0, 1)]

Running PBIRL with 1 demonstrations for experiment 1
Config file loaded successfully.
Feature weights for environment: [-0.97266673 -0.03083248  0.23014951]
Feature weights for environment: [-0.35835056 -0.08647525  0.92957351]
Feature weights for environment: [-0.71046942 -0.64188771  0.28846728]
Feature weights for environment: [-0.89578956 -0.24432685  0.37130237]
Feature weights for environment: [-0.7282924  -0.22722733  0.64649665]
Feature weights for environment: [-0.75022399 -0.57596895  0.32469021]
Feature weights for environment: [-0.70842322 -0.26108332  0.65572254]
Feature weights for environment: [-0.74635145 -0.57484795  0.33542412]
Feature weights for environment: [-0.0505111  -0.01531811  0.99860602]
Feature weights for environment: [-0.76518493 -0.64328377  0.02603879]
Feature weights for environment: [-0.87829137 -0.24439244  0.41094598]
Feature weights for environment: [-0.8497926  -0.50850291  0.13884283]
Feature weights for environment: [-0.34477193 -0.32328333  0.88126058]
Feature weights for environment: [-0.43088031 -0.17122291  0.88601629]
Feature weights for environment: [-0.75433776 -0.02805593  0.65588674]
Feature weights for environment: [-0.92032338 -0.11683579  0.37330186]
Feature weights for environment: [-0.76208548 -0.28664819  0.58056743]
Feature weights for environment: [-0.39174849 -0.30341429  0.86860399]
Feature weights for environment: [-0.92648321 -0.16748955  0.33701054]
Feature weights for environment: [-0.61012931 -0.3129562   0.72787406]
Feature weights for environment: [-0.3738588  -0.3262014   0.86822937]
Feature weights for environment: [-0.70965126 -0.6051058   0.36089066]
Feature weights for environment: [-0.74528522 -0.55533186  0.36899385]
Feature weights for environment: [-0.68144434 -0.29187893  0.6711485 ]
Feature weights for environment: [-0.44714936 -0.30119858  0.84222139]
Feature weights for environment: [-0.7333898  -0.47830978  0.48307263]
Feature weights for environment: [-0.65557811 -0.01374154  0.75500233]
Feature weights for environment: [-0.866301   -0.34967581  0.35672034]
Feature weights for environment: [-0.6535586  -0.23072892  0.72085041]
Feature weights for environment: [-0.81326386 -0.04441834  0.5801973 ]
Feature weights for environment: [-0.27534761 -0.19938474  0.94044108]
Feature weights for environment: [-0.90753571 -0.40234227  0.1204144 ]
Feature weights for environment: [-0.32556312 -0.30396656  0.89532842]
Feature weights for environment: [-0.839382   -0.393236    0.37523766]
Feature weights for environment: [-0.94121751 -0.05112011  0.33391067]
Feature weights for environment: [-0.05456508 -0.040557    0.99768621]
Feature weights for environment: [-0.75478167 -0.33513042  0.563908  ]
Feature weights for environment: [-0.49248773 -0.22865786  0.83974486]
Feature weights for environment: [-0.56481614 -0.46100063  0.68444222]
Feature weights for environment: [-0.6667631  -0.57474284  0.47444455]
Feature weights for environment: [-0.46247666 -0.0267168   0.88622884]
Feature weights for environment: [-0.71505276 -0.68463496  0.14133129]
Feature weights for environment: [-0.94655708 -0.29794542  0.12352418]
Feature weights for environment: [-0.88315502 -0.32822573  0.33511952]
Feature weights for environment: [-0.83381491 -0.37890594  0.40147601]
Feature weights for environment: [-0.82098277 -0.18440172  0.54035479]
Feature weights for environment: [-0.73857451 -0.23755048  0.63093381]
Feature weights for environment: [-0.95541883 -0.18852986  0.22722531]
Feature weights for environment: [-0.98484463 -0.1489005   0.08893646]
Feature weights for environment: [-0.47840873 -0.41855607  0.77196885]
Generated optimal policies for all environments.

Running experiment 1/50...
Shuffled Demos: [(4, 3), (2, 1), (0, 1)]

Running PBIRL with 1 demonstrations for experiment 1
MCMC completed with acceptance ratio: 0.4803
Using 1950 samples after burn-in.
Stored 1950 MCMC samples for demonstration 1
MAP Solution: [-0.57726359 -0.07781517  0.81284165]
True reward weights: [-0.97266673 -0.03083248  0.23014951]
MAP Policy for current environment:
Information gain 1 demonstrations: -0.000462
0.85-VaR-max-normalization for 1 demonstrations: 0.027831
0.9-VaR-max-normalization for 1 demonstrations: 0.031052
0.95-VaR-max-normalization for 1 demonstrations: 0.037030
0.99-VaR-max-normalization for 1 demonstrations: 0.086856
True EVD for 1 demonstrations: 0.014245
Avar bound for threshold 0.1: 0.037030
SUFFICIENT (0.037030 < 0.1)
Avar bound for threshold 0.2: 0.037030
SUFFICIENT (0.037030 < 0.2)
Avar bound for threshold 0.3: 0.037030
SUFFICIENT (0.037030 < 0.3)
Avar bound for threshold 0.4: 0.037030
SUFFICIENT (0.037030 < 0.4)

Running PBIRL with 2 demonstrations for experiment 1
MCMC completed with acceptance ratio: 0.4700
Using 1950 samples after burn-in.
Stored 1950 MCMC samples for demonstration 2
MAP Solution: [-0.25841923 -0.18457917  0.94823522]
True reward weights: [ 0.07774187 -0.48080902  0.87337213]
MAP Policy for current environment:
Information gain 2 demonstrations: nan
0.85-VaR-max-normalization for 2 demonstrations: 0.026565
0.9-VaR-max-normalization for 2 demonstrations: 0.037991
0.95-VaR-max-normalization for 2 demonstrations: 0.053823
0.99-VaR-max-normalization for 2 demonstrations: 0.093810
True EVD for 2 demonstrations: 0.027824
Avar bound for threshold 0.1: 0.053823
SUFFICIENT (0.053823 < 0.1)
Avar bound for threshold 0.2: 0.053823
SUFFICIENT (0.053823 < 0.2)
Avar bound for threshold 0.3: 0.053823
SUFFICIENT (0.053823 < 0.3)
Avar bound for threshold 0.4: 0.053823
SUFFICIENT (0.053823 < 0.4)

Running PBIRL with 3 demonstrations for experiment 1
Config file loaded successfully.
Feature weights for environment: [-0.97266673 -0.03083248  0.23014951]
Feature weights for environment: [-0.35835056 -0.08647525  0.92957351]
Feature weights for environment: [-0.71046942 -0.64188771  0.28846728]
Feature weights for environment: [-0.89578956 -0.24432685  0.37130237]
Feature weights for environment: [-0.7282924  -0.22722733  0.64649665]
Feature weights for environment: [-0.75022399 -0.57596895  0.32469021]
Feature weights for environment: [-0.70842322 -0.26108332  0.65572254]
Feature weights for environment: [-0.74635145 -0.57484795  0.33542412]
Feature weights for environment: [-0.0505111  -0.01531811  0.99860602]
Feature weights for environment: [-0.76518493 -0.64328377  0.02603879]
Feature weights for environment: [-0.87829137 -0.24439244  0.41094598]
Feature weights for environment: [-0.8497926  -0.50850291  0.13884283]
Feature weights for environment: [-0.34477193 -0.32328333  0.88126058]
Feature weights for environment: [-0.43088031 -0.17122291  0.88601629]
Feature weights for environment: [-0.75433776 -0.02805593  0.65588674]
Feature weights for environment: [-0.92032338 -0.11683579  0.37330186]
Feature weights for environment: [-0.76208548 -0.28664819  0.58056743]
Feature weights for environment: [-0.39174849 -0.30341429  0.86860399]
Feature weights for environment: [-0.92648321 -0.16748955  0.33701054]
Feature weights for environment: [-0.61012931 -0.3129562   0.72787406]
Feature weights for environment: [-0.3738588  -0.3262014   0.86822937]
Feature weights for environment: [-0.70965126 -0.6051058   0.36089066]
Feature weights for environment: [-0.74528522 -0.55533186  0.36899385]
Feature weights for environment: [-0.68144434 -0.29187893  0.6711485 ]
Feature weights for environment: [-0.44714936 -0.30119858  0.84222139]
Feature weights for environment: [-0.7333898  -0.47830978  0.48307263]
Feature weights for environment: [-0.65557811 -0.01374154  0.75500233]
Feature weights for environment: [-0.866301   -0.34967581  0.35672034]
Feature weights for environment: [-0.6535586  -0.23072892  0.72085041]
Feature weights for environment: [-0.81326386 -0.04441834  0.5801973 ]
Feature weights for environment: [-0.27534761 -0.19938474  0.94044108]
Feature weights for environment: [-0.90753571 -0.40234227  0.1204144 ]
Feature weights for environment: [-0.32556312 -0.30396656  0.89532842]
Feature weights for environment: [-0.839382   -0.393236    0.37523766]
Feature weights for environment: [-0.94121751 -0.05112011  0.33391067]
Feature weights for environment: [-0.05456508 -0.040557    0.99768621]
Feature weights for environment: [-0.75478167 -0.33513042  0.563908  ]
Feature weights for environment: [-0.49248773 -0.22865786  0.83974486]
Feature weights for environment: [-0.56481614 -0.46100063  0.68444222]
Feature weights for environment: [-0.6667631  -0.57474284  0.47444455]
Feature weights for environment: [-0.46247666 -0.0267168   0.88622884]
Feature weights for environment: [-0.71505276 -0.68463496  0.14133129]
Feature weights for environment: [-0.94655708 -0.29794542  0.12352418]
Feature weights for environment: [-0.88315502 -0.32822573  0.33511952]
Feature weights for environment: [-0.83381491 -0.37890594  0.40147601]
Feature weights for environment: [-0.82098277 -0.18440172  0.54035479]
Feature weights for environment: [-0.73857451 -0.23755048  0.63093381]
Feature weights for environment: [-0.95541883 -0.18852986  0.22722531]
Feature weights for environment: [-0.98484463 -0.1489005   0.08893646]
Feature weights for environment: [-0.47840873 -0.41855607  0.77196885]
Generated optimal policies for all environments.

Running experiment 1/50...
Shuffled Demos: [(2, 1), (4, 3), (0, 1)]

Running PBIRL with 1 demonstrations for experiment 1
MCMC completed with acceptance ratio: 0.4907
Using 1950 samples after burn-in.
Stored 1950 MCMC samples for demonstration 1
MAP Solution: [-0.54983933  0.16138648  0.81953103]
True reward weights: [-0.97266673 -0.03083248  0.23014951]
MAP Policy for current environment:
Information gain 1 demonstrations: -0.000835
0.85-VaR-max-normalization for 1 demonstrations: 0.025474
0.9-VaR-max-normalization for 1 demonstrations: 0.028783
0.95-VaR-max-normalization for 1 demonstrations: 0.034306
0.99-VaR-max-normalization for 1 demonstrations: 0.081142
True EVD for 1 demonstrations: 0.005733
Avar bound for threshold 0.1: 0.034306
SUFFICIENT (0.034306 < 0.1)
Avar bound for threshold 0.2: 0.034306
SUFFICIENT (0.034306 < 0.2)
Avar bound for threshold 0.3: 0.034306
SUFFICIENT (0.034306 < 0.3)
Avar bound for threshold 0.4: 0.034306
SUFFICIENT (0.034306 < 0.4)

Running PBIRL with 2 demonstrations for experiment 1
MCMC completed with acceptance ratio: 0.4933
Using 1950 samples after burn-in.
Stored 1950 MCMC samples for demonstration 2
MAP Solution: [4.66344279e-01 3.34915763e-05 8.84603308e-01]
True reward weights: [0.321919   0.63359277 0.70351145]
MAP Policy for current environment:
Information gain 2 demonstrations: -0.000049
0.85-VaR-max-normalization for 2 demonstrations: 0.030632
0.9-VaR-max-normalization for 2 demonstrations: 0.042872
0.95-VaR-max-normalization for 2 demonstrations: 0.060184
0.99-VaR-max-normalization for 2 demonstrations: 0.085895
True EVD for 2 demonstrations: 0.000000
Avar bound for threshold 0.1: 0.060184
SUFFICIENT (0.060184 < 0.1)
Avar bound for threshold 0.2: 0.060184
SUFFICIENT (0.060184 < 0.2)
Avar bound for threshold 0.3: 0.060184
SUFFICIENT (0.060184 < 0.3)
Avar bound for threshold 0.4: 0.060184
SUFFICIENT (0.060184 < 0.4)

Running PBIRL with 3 demonstrations for experiment 1
MCMC completed with acceptance ratio: 0.2830
Using 1950 samples after burn-in.
Stored 1950 MCMC samples for demonstration 3
MAP Solution: [-0.78380893  0.0130222   0.62086551]
True reward weights: [0.5692313  0.29319602 0.76812227]
MAP Policy for current environment:
Information gain 3 demonstrations: -0.008077
0.85-VaR-max-normalization for 3 demonstrations: 0.007775
0.9-VaR-max-normalization for 3 demonstrations: 0.008777
0.95-VaR-max-normalization for 3 demonstrations: 0.011373
0.99-VaR-max-normalization for 3 demonstrations: 0.012953
True EVD for 3 demonstrations: 0.002753
Avar bound for threshold 0.1: 0.011373
SUFFICIENT (0.011373 < 0.1)
Avar bound for threshold 0.2: 0.011373
SUFFICIENT (0.011373 < 0.2)
Avar bound for threshold 0.3: 0.011373
SUFFICIENT (0.011373 < 0.3)
Avar bound for threshold 0.4: 0.011373
SUFFICIENT (0.011373 < 0.4)

Running experiment 2/50...
Shuffled Demos: [(0, 1), (2, 1), (4, 3)]

Running PBIRL with 1 demonstrations for experiment 2
MCMC completed with acceptance ratio: 0.2780
Using 1950 samples after burn-in.
Stored 1950 MCMC samples for demonstration 1
MAP Solution: [-0.73189282  0.2420054   0.63699787]
True reward weights: [-0.35835056 -0.08647525  0.92957351]
MAP Policy for current environment:
Information gain 1 demonstrations: -0.071613
0.85-VaR-max-normalization for 1 demonstrations: 0.003179
0.9-VaR-max-normalization for 1 demonstrations: 0.003508
0.95-VaR-max-normalization for 1 demonstrations: 1.088803
0.99-VaR-max-normalization for 1 demonstrations: 1.105762
True EVD for 1 demonstrations: 0.000000
Avar bound for threshold 0.1: 1.088803
INSUFFICIENT (1.088803 >= 0.1)
Avar bound for threshold 0.2: 1.088803
INSUFFICIENT (1.088803 >= 0.2)
Avar bound for threshold 0.3: 1.088803
INSUFFICIENT (1.088803 >= 0.3)
Avar bound for threshold 0.4: 1.088803
INSUFFICIENT (1.088803 >= 0.4)

Running PBIRL with 2 demonstrations for experiment 2
MCMC completed with acceptance ratio: 0.2820
Using 1950 samples after burn-in.
Stored 1950 MCMC samples for demonstration 2
MAP Solution: [-0.78426872  0.22366023  0.57870431]
True reward weights: [-0.82194029  0.14038135  0.55200293]
MAP Policy for current environment:
Information gain 2 demonstrations: 0.062155
0.85-VaR-max-normalization for 2 demonstrations: 0.002988
0.9-VaR-max-normalization for 2 demonstrations: 0.003259
0.95-VaR-max-normalization for 2 demonstrations: 0.003597
0.99-VaR-max-normalization for 2 demonstrations: 0.003914
True EVD for 2 demonstrations: 0.000349
Avar bound for threshold 0.1: 0.003597
SUFFICIENT (0.003597 < 0.1)
Avar bound for threshold 0.2: 0.003597
SUFFICIENT (0.003597 < 0.2)
Avar bound for threshold 0.3: 0.003597
SUFFICIENT (0.003597 < 0.3)
Avar bound for threshold 0.4: 0.003597
SUFFICIENT (0.003597 < 0.4)

Running PBIRL with 3 demonstrations for experiment 2
MCMC completed with acceptance ratio: 0.2737
Using 1950 samples after burn-in.
Stored 1950 MCMC samples for demonstration 3
MAP Solution: [-0.68202209 -0.10231291  0.72413945]
True reward weights: [-0.11536216  0.43877529  0.89116094]
MAP Policy for current environment:
Information gain 3 demonstrations: 0.002028
0.85-VaR-max-normalization for 3 demonstrations: 0.006621
0.9-VaR-max-normalization for 3 demonstrations: 0.007480
0.95-VaR-max-normalization for 3 demonstrations: 0.010059
0.99-VaR-max-normalization for 3 demonstrations: 0.012712
True EVD for 3 demonstrations: 0.007032
Avar bound for threshold 0.1: 0.010059
SUFFICIENT (0.010059 < 0.1)
Avar bound for threshold 0.2: 0.010059
SUFFICIENT (0.010059 < 0.2)
Avar bound for threshold 0.3: 0.010059
SUFFICIENT (0.010059 < 0.3)
Avar bound for threshold 0.4: 0.010059
SUFFICIENT (0.010059 < 0.4)

Saving results to files...
Results saved successfully.

Running experiment 3/50...
Shuffled Demos: [(2, 1), (0, 1), (4, 3)]

Running PBIRL with 1 demonstrations for experiment 3
MCMC completed with acceptance ratio: 0.4760
Using 1950 samples after burn-in.
Stored 1950 MCMC samples for demonstration 1
MAP Solution: [-0.7212307  -0.00387486  0.6926841 ]
True reward weights: [-0.71046942 -0.64188771  0.28846728]
MAP Policy for current environment:
Information gain 1 demonstrations: -0.000225
0.85-VaR-max-normalization for 1 demonstrations: 0.028077
0.9-VaR-max-normalization for 1 demonstrations: 0.031504
0.95-VaR-max-normalization for 1 demonstrations: 0.052109
0.99-VaR-max-normalization for 1 demonstrations: 0.087249
True EVD for 1 demonstrations: 0.012734
Avar bound for threshold 0.1: 0.052109
SUFFICIENT (0.052109 < 0.1)
Avar bound for threshold 0.2: 0.052109
SUFFICIENT (0.052109 < 0.2)
Avar bound for threshold 0.3: 0.052109
SUFFICIENT (0.052109 < 0.3)
Avar bound for threshold 0.4: 0.052109
SUFFICIENT (0.052109 < 0.4)

Running PBIRL with 2 demonstrations for experiment 3
MCMC completed with acceptance ratio: 0.2913
Using 1950 samples after burn-in.
Stored 1950 MCMC samples for demonstration 2
MAP Solution: [-0.40859957  0.3815189   0.82915   ]
True reward weights: [-0.28612542 -0.75753976  0.58674164]
MAP Policy for current environment:
Information gain 2 demonstrations: -0.014461
0.85-VaR-max-normalization for 2 demonstrations: 0.003012
0.9-VaR-max-normalization for 2 demonstrations: 0.003366
0.95-VaR-max-normalization for 2 demonstrations: 0.003576
0.99-VaR-max-normalization for 2 demonstrations: 0.004161
True EVD for 2 demonstrations: 0.002933
Avar bound for threshold 0.1: 0.003576
SUFFICIENT (0.003576 < 0.1)
Avar bound for threshold 0.2: 0.003576
SUFFICIENT (0.003576 < 0.2)
Avar bound for threshold 0.3: 0.003576
SUFFICIENT (0.003576 < 0.3)
Avar bound for threshold 0.4: 0.003576
SUFFICIENT (0.003576 < 0.4)

Running PBIRL with 3 demonstrations for experiment 3
MCMC completed with acceptance ratio: 0.2867
Using 1950 samples after burn-in.
Stored 1950 MCMC samples for demonstration 3
MAP Solution: [-0.88128309  0.06152032  0.46856735]
True reward weights: [-0.44113566 -0.02004176  0.89721662]
MAP Policy for current environment:
Information gain 3 demonstrations: 0.007306
0.85-VaR-max-normalization for 3 demonstrations: 0.002932
0.9-VaR-max-normalization for 3 demonstrations: 0.003355
0.95-VaR-max-normalization for 3 demonstrations: 0.003665
0.99-VaR-max-normalization for 3 demonstrations: 0.004349
True EVD for 3 demonstrations: 0.000000
Avar bound for threshold 0.1: 0.003665
SUFFICIENT (0.003665 < 0.1)
Avar bound for threshold 0.2: 0.003665
SUFFICIENT (0.003665 < 0.2)
Avar bound for threshold 0.3: 0.003665
SUFFICIENT (0.003665 < 0.3)
Avar bound for threshold 0.4: 0.003665
SUFFICIENT (0.003665 < 0.4)

Running experiment 4/50...
Shuffled Demos: [(4, 3), (2, 1), (0, 1)]

Running PBIRL with 1 demonstrations for experiment 4
MCMC completed with acceptance ratio: 0.4790
Using 1950 samples after burn-in.
Stored 1950 MCMC samples for demonstration 1
MAP Solution: [-0.08807942 -0.1458615   0.98537629]
True reward weights: [-0.89578956 -0.24432685  0.37130237]
MAP Policy for current environment:
Information gain 1 demonstrations: -0.000772
0.85-VaR-max-normalization for 1 demonstrations: 0.030627
0.9-VaR-max-normalization for 1 demonstrations: 0.044096
0.95-VaR-max-normalization for 1 demonstrations: 0.060214
0.99-VaR-max-normalization for 1 demonstrations: 0.086581
True EVD for 1 demonstrations: 0.000000
Avar bound for threshold 0.1: 0.060214
SUFFICIENT (0.060214 < 0.1)
Avar bound for threshold 0.2: 0.060214
SUFFICIENT (0.060214 < 0.2)
Avar bound for threshold 0.3: 0.060214
SUFFICIENT (0.060214 < 0.3)
Avar bound for threshold 0.4: 0.060214
SUFFICIENT (0.060214 < 0.4)

Running PBIRL with 2 demonstrations for experiment 4
MCMC completed with acceptance ratio: 0.4777
Using 1950 samples after burn-in.
Stored 1950 MCMC samples for demonstration 2
MAP Solution: [ 0.19187859 -0.55535224  0.80917643]
True reward weights: [ 0.23203074 -0.69433723  0.68121769]
MAP Policy for current environment:
Information gain 2 demonstrations: -0.001373
0.85-VaR-max-normalization for 2 demonstrations: 0.027162
0.9-VaR-max-normalization for 2 demonstrations: 0.037889
0.95-VaR-max-normalization for 2 demonstrations: 0.058765
0.99-VaR-max-normalization for 2 demonstrations: 0.092531
True EVD for 2 demonstrations: 0.000000
Avar bound for threshold 0.1: 0.058765
SUFFICIENT (0.058765 < 0.1)
Avar bound for threshold 0.2: 0.058765
SUFFICIENT (0.058765 < 0.2)
Avar bound for threshold 0.3: 0.058765
SUFFICIENT (0.058765 < 0.3)
Avar bound for threshold 0.4: 0.058765
SUFFICIENT (0.058765 < 0.4)

Running PBIRL with 3 demonstrations for experiment 4
MCMC completed with acceptance ratio: 0.2767
Using 1950 samples after burn-in.
Stored 1950 MCMC samples for demonstration 3
MAP Solution: [-0.83905996  0.13846247  0.52612407]
True reward weights: [-0.03934389 -0.95840461  0.28268826]
MAP Policy for current environment:
Information gain 3 demonstrations: -0.010439
0.85-VaR-max-normalization for 3 demonstrations: 0.003104
0.9-VaR-max-normalization for 3 demonstrations: 0.003394
0.95-VaR-max-normalization for 3 demonstrations: 0.003614
0.99-VaR-max-normalization for 3 demonstrations: 0.004114
True EVD for 3 demonstrations: 0.000000
Avar bound for threshold 0.1: 0.003614
SUFFICIENT (0.003614 < 0.1)
Avar bound for threshold 0.2: 0.003614
SUFFICIENT (0.003614 < 0.2)
Avar bound for threshold 0.3: 0.003614
SUFFICIENT (0.003614 < 0.3)
Avar bound for threshold 0.4: 0.003614
SUFFICIENT (0.003614 < 0.4)

Saving results to files...
Results saved successfully.

Running experiment 5/50...
Shuffled Demos: [(4, 3), (0, 1), (2, 1)]

Running PBIRL with 1 demonstrations for experiment 5
MCMC completed with acceptance ratio: 0.4903
Using 1950 samples after burn-in.
Stored 1950 MCMC samples for demonstration 1
MAP Solution: [-0.41847494 -0.45864201  0.78391724]
True reward weights: [-0.7282924  -0.22722733  0.64649665]
MAP Policy for current environment:
Information gain 1 demonstrations: -0.000611
0.85-VaR-max-normalization for 1 demonstrations: 0.028441
0.9-VaR-max-normalization for 1 demonstrations: 0.041383
0.95-VaR-max-normalization for 1 demonstrations: 0.060291
0.99-VaR-max-normalization for 1 demonstrations: 0.094320
True EVD for 1 demonstrations: 0.000000
Avar bound for threshold 0.1: 0.060291
SUFFICIENT (0.060291 < 0.1)
Avar bound for threshold 0.2: 0.060291
SUFFICIENT (0.060291 < 0.2)
Avar bound for threshold 0.3: 0.060291
SUFFICIENT (0.060291 < 0.3)
Avar bound for threshold 0.4: 0.060291
SUFFICIENT (0.060291 < 0.4)

Running PBIRL with 2 demonstrations for experiment 5
MCMC completed with acceptance ratio: 0.2883
Using 1950 samples after burn-in.
Stored 1950 MCMC samples for demonstration 2
MAP Solution: [-0.91485066 -0.19838105  0.35170048]
True reward weights: [-0.60623161 -0.79413913  0.04273487]
MAP Policy for current environment:
Information gain 2 demonstrations: -0.020742
0.85-VaR-max-normalization for 2 demonstrations: 0.006726
0.9-VaR-max-normalization for 2 demonstrations: 0.008529
0.95-VaR-max-normalization for 2 demonstrations: 0.010677
0.99-VaR-max-normalization for 2 demonstrations: 0.014127
True EVD for 2 demonstrations: 0.007714
Avar bound for threshold 0.1: 0.010677
SUFFICIENT (0.010677 < 0.1)
Avar bound for threshold 0.2: 0.010677
SUFFICIENT (0.010677 < 0.2)
Avar bound for threshold 0.3: 0.010677
SUFFICIENT (0.010677 < 0.3)
Avar bound for threshold 0.4: 0.010677
SUFFICIENT (0.010677 < 0.4)

Running PBIRL with 3 demonstrations for experiment 5
MCMC completed with acceptance ratio: 0.2813
Using 1950 samples after burn-in.
Stored 1950 MCMC samples for demonstration 3
MAP Solution: [-0.40910372  0.42548954  0.80721298]
True reward weights: [-0.99244454 -0.02983825  0.11901054]
MAP Policy for current environment:
Information gain 3 demonstrations: 0.004918
0.85-VaR-max-normalization for 3 demonstrations: 0.003128
0.9-VaR-max-normalization for 3 demonstrations: 0.003419
0.95-VaR-max-normalization for 3 demonstrations: 0.003681
0.99-VaR-max-normalization for 3 demonstrations: 0.004178
True EVD for 3 demonstrations: 0.000000
Avar bound for threshold 0.1: 0.003681
SUFFICIENT (0.003681 < 0.1)
Avar bound for threshold 0.2: 0.003681
SUFFICIENT (0.003681 < 0.2)
Avar bound for threshold 0.3: 0.003681
SUFFICIENT (0.003681 < 0.3)
Avar bound for threshold 0.4: 0.003681
SUFFICIENT (0.003681 < 0.4)

Running experiment 6/50...
Shuffled Demos: [(4, 3), (2, 1), (0, 1)]

Running PBIRL with 1 demonstrations for experiment 6
MCMC completed with acceptance ratio: 0.4933
Using 1950 samples after burn-in.
Stored 1950 MCMC samples for demonstration 1
MAP Solution: [-0.81843214 -0.23813683  0.52293372]
True reward weights: [-0.75022399 -0.57596895  0.32469021]
MAP Policy for current environment:
Information gain 1 demonstrations: -0.000458
0.85-VaR-max-normalization for 1 demonstrations: 0.026652
0.9-VaR-max-normalization for 1 demonstrations: 0.029718
0.95-VaR-max-normalization for 1 demonstrations: 0.034731
0.99-VaR-max-normalization for 1 demonstrations: 0.088788
True EVD for 1 demonstrations: 0.000528
Avar bound for threshold 0.1: 0.034731
SUFFICIENT (0.034731 < 0.1)
Avar bound for threshold 0.2: 0.034731
SUFFICIENT (0.034731 < 0.2)
Avar bound for threshold 0.3: 0.034731
SUFFICIENT (0.034731 < 0.3)
Avar bound for threshold 0.4: 0.034731
SUFFICIENT (0.034731 < 0.4)

Running PBIRL with 2 demonstrations for experiment 6
MCMC completed with acceptance ratio: 0.4897
Using 1950 samples after burn-in.
Stored 1950 MCMC samples for demonstration 2
MAP Solution: [-0.40497985 -0.86341691  0.30083644]
True reward weights: [-0.84194709 -0.0043523   0.53954255]
MAP Policy for current environment:
Information gain 2 demonstrations: -0.001935
0.85-VaR-max-normalization for 2 demonstrations: 0.033010
0.9-VaR-max-normalization for 2 demonstrations: 0.043228
0.95-VaR-max-normalization for 2 demonstrations: 0.060464
0.99-VaR-max-normalization for 2 demonstrations: 0.091650
True EVD for 2 demonstrations: 0.000000
Avar bound for threshold 0.1: 0.060464
SUFFICIENT (0.060464 < 0.1)
Avar bound for threshold 0.2: 0.060464
SUFFICIENT (0.060464 < 0.2)
Avar bound for threshold 0.3: 0.060464
SUFFICIENT (0.060464 < 0.3)
Avar bound for threshold 0.4: 0.060464
SUFFICIENT (0.060464 < 0.4)

Running PBIRL with 3 demonstrations for experiment 6
MCMC completed with acceptance ratio: 0.2653
Using 1950 samples after burn-in.
Stored 1950 MCMC samples for demonstration 3
MAP Solution: [-0.21783822  0.46475479  0.85822462]
True reward weights: [ 0.56388567 -0.21474286  0.79744496]
MAP Policy for current environment:
Information gain 3 demonstrations: -0.007658
0.85-VaR-max-normalization for 3 demonstrations: 0.003019
0.9-VaR-max-normalization for 3 demonstrations: 0.003245
0.95-VaR-max-normalization for 3 demonstrations: 0.003524
0.99-VaR-max-normalization for 3 demonstrations: 0.003763
True EVD for 3 demonstrations: 0.000000
Avar bound for threshold 0.1: 0.003524
SUFFICIENT (0.003524 < 0.1)
Avar bound for threshold 0.2: 0.003524
SUFFICIENT (0.003524 < 0.2)
Avar bound for threshold 0.3: 0.003524
SUFFICIENT (0.003524 < 0.3)
Avar bound for threshold 0.4: 0.003524
SUFFICIENT (0.003524 < 0.4)

Saving results to files...
Results saved successfully.

Running experiment 7/50...
Shuffled Demos: [(2, 1), (4, 3), (0, 1)]

Running PBIRL with 1 demonstrations for experiment 7
MCMC completed with acceptance ratio: 0.4810
Using 1950 samples after burn-in.
Stored 1950 MCMC samples for demonstration 1
MAP Solution: [-0.70526942 -0.70854116  0.02375867]
True reward weights: [-0.70842322 -0.26108332  0.65572254]
MAP Policy for current environment:
Information gain 1 demonstrations: -0.000641
0.85-VaR-max-normalization for 1 demonstrations: 0.033043
0.9-VaR-max-normalization for 1 demonstrations: 0.043959
0.95-VaR-max-normalization for 1 demonstrations: 0.067451
0.99-VaR-max-normalization for 1 demonstrations: 0.090907
True EVD for 1 demonstrations: 0.084467
Avar bound for threshold 0.1: 0.067451
SUFFICIENT (0.067451 < 0.1)
Avar bound for threshold 0.2: 0.067451
SUFFICIENT (0.067451 < 0.2)
Avar bound for threshold 0.3: 0.067451
SUFFICIENT (0.067451 < 0.3)
Avar bound for threshold 0.4: 0.067451
SUFFICIENT (0.067451 < 0.4)

Running PBIRL with 2 demonstrations for experiment 7
MCMC completed with acceptance ratio: 0.4820
Using 1950 samples after burn-in.
Stored 1950 MCMC samples for demonstration 2
MAP Solution: [0.53648668 0.1793288  0.82463521]
True reward weights: [-0.43900686  0.60532112  0.66397238]
MAP Policy for current environment:
Information gain 2 demonstrations: 0.000015
0.85-VaR-max-normalization for 2 demonstrations: 0.030943
0.9-VaR-max-normalization for 2 demonstrations: 0.039604
0.95-VaR-max-normalization for 2 demonstrations: 0.058497
0.99-VaR-max-normalization for 2 demonstrations: 0.086431
True EVD for 2 demonstrations: 0.021413
Avar bound for threshold 0.1: 0.058497
SUFFICIENT (0.058497 < 0.1)
Avar bound for threshold 0.2: 0.058497
SUFFICIENT (0.058497 < 0.2)
Avar bound for threshold 0.3: 0.058497
SUFFICIENT (0.058497 < 0.3)
Avar bound for threshold 0.4: 0.058497
SUFFICIENT (0.058497 < 0.4)

Running PBIRL with 3 demonstrations for experiment 7
MCMC completed with acceptance ratio: 0.2790
Using 1950 samples after burn-in.
Stored 1950 MCMC samples for demonstration 3
MAP Solution: [-0.10069819  0.43861603  0.89301503]
True reward weights: [-0.59760293  0.24556508  0.76326177]
MAP Policy for current environment:
Information gain 3 demonstrations: -0.020590
0.85-VaR-max-normalization for 3 demonstrations: 0.007108
0.9-VaR-max-normalization for 3 demonstrations: 0.009442
0.95-VaR-max-normalization for 3 demonstrations: 0.010595
0.99-VaR-max-normalization for 3 demonstrations: 0.014363
True EVD for 3 demonstrations: 0.000818
Avar bound for threshold 0.1: 0.010595
SUFFICIENT (0.010595 < 0.1)
Avar bound for threshold 0.2: 0.010595
SUFFICIENT (0.010595 < 0.2)
Avar bound for threshold 0.3: 0.010595
SUFFICIENT (0.010595 < 0.3)
Avar bound for threshold 0.4: 0.010595
SUFFICIENT (0.010595 < 0.4)

Running experiment 8/50...
Shuffled Demos: [(4, 3), (0, 1), (2, 1)]

Running PBIRL with 1 demonstrations for experiment 8
MCMC completed with acceptance ratio: 0.4860
Using 1950 samples after burn-in.
Stored 1950 MCMC samples for demonstration 1
MAP Solution: [-0.32850259 -0.94284733  0.05590141]
True reward weights: [-0.74635145 -0.57484795  0.33542412]
MAP Policy for current environment:
Information gain 1 demonstrations: -0.000086
0.85-VaR-max-normalization for 1 demonstrations: 0.034990
0.9-VaR-max-normalization for 1 demonstrations: 0.048305
0.95-VaR-max-normalization for 1 demonstrations: 0.064278
0.99-VaR-max-normalization for 1 demonstrations: 0.084394
True EVD for 1 demonstrations: 0.027732
Avar bound for threshold 0.1: 0.064278
SUFFICIENT (0.064278 < 0.1)
Avar bound for threshold 0.2: 0.064278
SUFFICIENT (0.064278 < 0.2)
Avar bound for threshold 0.3: 0.064278
SUFFICIENT (0.064278 < 0.3)
Avar bound for threshold 0.4: 0.064278
SUFFICIENT (0.064278 < 0.4)

Running PBIRL with 2 demonstrations for experiment 8
MCMC completed with acceptance ratio: 0.2850
Using 1950 samples after burn-in.
Stored 1950 MCMC samples for demonstration 2
MAP Solution: [-0.82121421 -0.19130803  0.53759507]
True reward weights: [-0.79984009 -0.49116692 -0.34497956]
MAP Policy for current environment:
Information gain 2 demonstrations: -0.006806
0.85-VaR-max-normalization for 2 demonstrations: 0.007521
0.9-VaR-max-normalization for 2 demonstrations: 0.009353
0.95-VaR-max-normalization for 2 demonstrations: 0.011921
0.99-VaR-max-normalization for 2 demonstrations: 0.013925
True EVD for 2 demonstrations: 0.000000
Avar bound for threshold 0.1: 0.011921
SUFFICIENT (0.011921 < 0.1)
Avar bound for threshold 0.2: 0.011921
SUFFICIENT (0.011921 < 0.2)
Avar bound for threshold 0.3: 0.011921
SUFFICIENT (0.011921 < 0.3)
Avar bound for threshold 0.4: 0.011921
SUFFICIENT (0.011921 < 0.4)

Running PBIRL with 3 demonstrations for experiment 8
MCMC completed with acceptance ratio: 0.2837
Using 1950 samples after burn-in.
Stored 1950 MCMC samples for demonstration 3
MAP Solution: [-0.13116289  0.50131901  0.85526344]
True reward weights: [0.11119057 0.32495939 0.93916881]
MAP Policy for current environment:
Information gain 3 demonstrations: 0.002743
0.85-VaR-max-normalization for 3 demonstrations: 0.003032
0.9-VaR-max-normalization for 3 demonstrations: 0.003285
0.95-VaR-max-normalization for 3 demonstrations: 0.003571
0.99-VaR-max-normalization for 3 demonstrations: 0.003797
True EVD for 3 demonstrations: 0.000000
Avar bound for threshold 0.1: 0.003571
SUFFICIENT (0.003571 < 0.1)
Avar bound for threshold 0.2: 0.003571
SUFFICIENT (0.003571 < 0.2)
Avar bound for threshold 0.3: 0.003571
SUFFICIENT (0.003571 < 0.3)
Avar bound for threshold 0.4: 0.003571
SUFFICIENT (0.003571 < 0.4)

Saving results to files...
Results saved successfully.

Running experiment 9/50...
Shuffled Demos: [(2, 1), (4, 3), (0, 1)]

Running PBIRL with 1 demonstrations for experiment 9
MCMC completed with acceptance ratio: 0.4833
Using 1950 samples after burn-in.
Stored 1950 MCMC samples for demonstration 1
MAP Solution: [-0.42241196 -0.76934684  0.47924272]
True reward weights: [-0.0505111  -0.01531811  0.99860602]
MAP Policy for current environment:
Information gain 1 demonstrations: -0.000773
0.85-VaR-max-normalization for 1 demonstrations: 0.027298
0.9-VaR-max-normalization for 1 demonstrations: 0.037945
