Config file loaded successfully.
Feature weights for environment: [-0.97266673 -0.03083248  0.23014951]
Feature weights for environment: [-0.35835056 -0.08647525  0.92957351]
Feature weights for environment: [-0.71046942 -0.64188771  0.28846728]
Feature weights for environment: [-0.89578956 -0.24432685  0.37130237]
Feature weights for environment: [-0.7282924  -0.22722733  0.64649665]
Feature weights for environment: [-0.75022399 -0.57596895  0.32469021]
Feature weights for environment: [-0.70842322 -0.26108332  0.65572254]
Feature weights for environment: [-0.74635145 -0.57484795  0.33542412]
Feature weights for environment: [-0.0505111  -0.01531811  0.99860602]
Feature weights for environment: [-0.76518493 -0.64328377  0.02603879]
Feature weights for environment: [-0.87829137 -0.24439244  0.41094598]
Feature weights for environment: [-0.8497926  -0.50850291  0.13884283]
Feature weights for environment: [-0.34477193 -0.32328333  0.88126058]
Feature weights for environment: [-0.43088031 -0.17122291  0.88601629]
Feature weights for environment: [-0.75433776 -0.02805593  0.65588674]
Feature weights for environment: [-0.92032338 -0.11683579  0.37330186]
Feature weights for environment: [-0.76208548 -0.28664819  0.58056743]
Feature weights for environment: [-0.39174849 -0.30341429  0.86860399]
Feature weights for environment: [-0.92648321 -0.16748955  0.33701054]
Feature weights for environment: [-0.61012931 -0.3129562   0.72787406]
Feature weights for environment: [-0.3738588  -0.3262014   0.86822937]
Feature weights for environment: [-0.70965126 -0.6051058   0.36089066]
Feature weights for environment: [-0.74528522 -0.55533186  0.36899385]
Feature weights for environment: [-0.68144434 -0.29187893  0.6711485 ]
Feature weights for environment: [-0.44714936 -0.30119858  0.84222139]
Feature weights for environment: [-0.7333898  -0.47830978  0.48307263]
Feature weights for environment: [-0.65557811 -0.01374154  0.75500233]
Feature weights for environment: [-0.866301   -0.34967581  0.35672034]
Feature weights for environment: [-0.6535586  -0.23072892  0.72085041]
Feature weights for environment: [-0.81326386 -0.04441834  0.5801973 ]
Feature weights for environment: [-0.27534761 -0.19938474  0.94044108]
Feature weights for environment: [-0.90753571 -0.40234227  0.1204144 ]
Feature weights for environment: [-0.32556312 -0.30396656  0.89532842]
Feature weights for environment: [-0.839382   -0.393236    0.37523766]
Feature weights for environment: [-0.94121751 -0.05112011  0.33391067]
Feature weights for environment: [-0.05456508 -0.040557    0.99768621]
Feature weights for environment: [-0.75478167 -0.33513042  0.563908  ]
Feature weights for environment: [-0.49248773 -0.22865786  0.83974486]
Feature weights for environment: [-0.56481614 -0.46100063  0.68444222]
Feature weights for environment: [-0.6667631  -0.57474284  0.47444455]
Feature weights for environment: [-0.46247666 -0.0267168   0.88622884]
Feature weights for environment: [-0.71505276 -0.68463496  0.14133129]
Feature weights for environment: [-0.94655708 -0.29794542  0.12352418]
Feature weights for environment: [-0.88315502 -0.32822573  0.33511952]
Feature weights for environment: [-0.83381491 -0.37890594  0.40147601]
Feature weights for environment: [-0.82098277 -0.18440172  0.54035479]
Feature weights for environment: [-0.73857451 -0.23755048  0.63093381]
Feature weights for environment: [-0.95541883 -0.18852986  0.22722531]
Feature weights for environment: [-0.98484463 -0.1489005   0.08893646]
Feature weights for environment: [-0.47840873 -0.41855607  0.77196885]
Generated optimal policies for all environments.

Running experiment 1/50...
Shuffled Estops: [([(0, 1), (3, 0), (0, 1), (3, 0)], 0), ([(0, 1), (3, 3), (4, 3), (5, None)], 3), ([(0, 3), (1, 1), (4, 3), (5, None)], 0), ([(0, 3), (1, 3), (2, 1), (5, None)], 0)]

Running PBIRL with 1 demonstrations for experiment 1
MCMC completed with acceptance ratio: 1.0000
Using 3250 samples after burn-in.
MAP Solution: [ 0.64009671  0.63870251 -0.42700738]
True reward weights: [-0.97266673 -0.03083248  0.23014951]
MAP Policy for current environment:
0.9-VaR-max-normalization for 1 demonstrations: 12.587781
0.95-VaR-max-normalization for 1 demonstrations: 14.668215
0.99-VaR-max-normalization for 1 demonstrations: 19.917092
True EVD for 1 demonstrations: 15.879979
Avar bound for threshold 0.1: 14.668215
INSUFFICIENT (14.668215 >= 0.1)
Avar bound for threshold 0.2: 14.668215
INSUFFICIENT (14.668215 >= 0.2)
Avar bound for threshold 0.3: 14.668215
INSUFFICIENT (14.668215 >= 0.3)
Avar bound for threshold 0.4: 14.668215
INSUFFICIENT (14.668215 >= 0.4)

Running PBIRL with 2 demonstrations for experiment 1
MCMC completed with acceptance ratio: 1.0000
Using 3250 samples after burn-in.
MAP Solution: [-0.33663046  0.91932226 -0.20378054]
True reward weights: [-0.97266673 -0.03083248  0.23014951]
MAP Policy for current environment:
0.9-VaR-max-normalization for 2 demonstrations: 11.826699
0.95-VaR-max-normalization for 2 demonstrations: 12.566251
0.99-VaR-max-normalization for 2 demonstrations: 13.147642
True EVD for 2 demonstrations: 5.834776
Avar bound for threshold 0.1: 12.566251
INSUFFICIENT (12.566251 >= 0.1)
Avar bound for threshold 0.2: 12.566251
INSUFFICIENT (12.566251 >= 0.2)
Avar bound for threshold 0.3: 12.566251
INSUFFICIENT (12.566251 >= 0.3)
Avar bound for threshold 0.4: 12.566251
INSUFFICIENT (12.566251 >= 0.4)

Running PBIRL with 3 demonstrations for experiment 1
MCMC completed with acceptance ratio: 0.5960
Using 3250 samples after burn-in.
MAP Solution: [-0.18894581  0.94269944 -0.27498589]
True reward weights: [-0.97266673 -0.03083248  0.23014951]
MAP Policy for current environment:
0.9-VaR-max-normalization for 3 demonstrations: 6.082715
0.95-VaR-max-normalization for 3 demonstrations: 7.522922
0.99-VaR-max-normalization for 3 demonstrations: 8.470341
True EVD for 3 demonstrations: 5.834776
Avar bound for threshold 0.1: 7.522922
INSUFFICIENT (7.522922 >= 0.1)
Avar bound for threshold 0.2: 7.522922
INSUFFICIENT (7.522922 >= 0.2)
Avar bound for threshold 0.3: 7.522922
INSUFFICIENT (7.522922 >= 0.3)
Avar bound for threshold 0.4: 7.522922
INSUFFICIENT (7.522922 >= 0.4)

Running PBIRL with 4 demonstrations for experiment 1
MCMC completed with acceptance ratio: 0.5930
Using 3250 samples after burn-in.
MAP Solution: [0.5872948  0.77444528 0.2352006 ]
True reward weights: [-0.97266673 -0.03083248  0.23014951]
MAP Policy for current environment:
0.9-VaR-max-normalization for 4 demonstrations: 5.673414
0.95-VaR-max-normalization for 4 demonstrations: 7.469573
0.99-VaR-max-normalization for 4 demonstrations: 8.328631
True EVD for 4 demonstrations: 5.834776
Avar bound for threshold 0.1: 7.469573
INSUFFICIENT (7.469573 >= 0.1)
Avar bound for threshold 0.2: 7.469573
INSUFFICIENT (7.469573 >= 0.2)
Avar bound for threshold 0.3: 7.469573
INSUFFICIENT (7.469573 >= 0.3)
Avar bound for threshold 0.4: 7.469573
INSUFFICIENT (7.469573 >= 0.4)

Running experiment 2/50...
Shuffled Estops: [([(0, 1), (3, 0), (0, 1), (3, 0)], 0), ([(0, 3), (1, 1), (4, 3), (5, None)], 3), ([(0, 1), (3, 3), (4, 3), (5, None)], 3), ([(0, 3), (1, 3), (2, 1), (5, None)], 3)]

Running PBIRL with 1 demonstrations for experiment 2
MCMC completed with acceptance ratio: 1.0000
Using 3250 samples after burn-in.
MAP Solution: [ 0.67376918  0.63959865 -0.37006576]
True reward weights: [-0.35835056 -0.08647525  0.92957351]
MAP Policy for current environment:
0.9-VaR-max-normalization for 1 demonstrations: 12.253012
0.95-VaR-max-normalization for 1 demonstrations: 14.761353
0.99-VaR-max-normalization for 1 demonstrations: 19.983166
True EVD for 1 demonstrations: 11.076116
Avar bound for threshold 0.1: 14.761353
INSUFFICIENT (14.761353 >= 0.1)
Avar bound for threshold 0.2: 14.761353
INSUFFICIENT (14.761353 >= 0.2)
Avar bound for threshold 0.3: 14.761353
INSUFFICIENT (14.761353 >= 0.3)
Avar bound for threshold 0.4: 14.761353
INSUFFICIENT (14.761353 >= 0.4)

Running PBIRL with 2 demonstrations for experiment 2
MCMC completed with acceptance ratio: 1.0000
Using 3250 samples after burn-in.
MAP Solution: [-0.34386374  0.63935215 -0.68774018]
True reward weights: [-0.35835056 -0.08647525  0.92957351]
MAP Policy for current environment:
0.9-VaR-max-normalization for 2 demonstrations: 11.820059
0.95-VaR-max-normalization for 2 demonstrations: 12.599067
0.99-VaR-max-normalization for 2 demonstrations: 13.176207
True EVD for 2 demonstrations: 9.818896
Avar bound for threshold 0.1: 12.599067
INSUFFICIENT (12.599067 >= 0.1)
Avar bound for threshold 0.2: 12.599067
INSUFFICIENT (12.599067 >= 0.2)
Avar bound for threshold 0.3: 12.599067
INSUFFICIENT (12.599067 >= 0.3)
Avar bound for threshold 0.4: 12.599067
INSUFFICIENT (12.599067 >= 0.4)

Running PBIRL with 3 demonstrations for experiment 2
MCMC completed with acceptance ratio: 1.0000
Using 3250 samples after burn-in.
MAP Solution: [-0.48456276  0.63969051 -0.59665315]
True reward weights: [-0.35835056 -0.08647525  0.92957351]
MAP Policy for current environment:
0.9-VaR-max-normalization for 3 demonstrations: 11.713586
0.95-VaR-max-normalization for 3 demonstrations: 12.440089
0.99-VaR-max-normalization for 3 demonstrations: 13.141709
True EVD for 3 demonstrations: 9.818896
Avar bound for threshold 0.1: 12.440089
INSUFFICIENT (12.440089 >= 0.1)
Avar bound for threshold 0.2: 12.440089
INSUFFICIENT (12.440089 >= 0.2)
Avar bound for threshold 0.3: 12.440089
INSUFFICIENT (12.440089 >= 0.3)
Avar bound for threshold 0.4: 12.440089
INSUFFICIENT (12.440089 >= 0.4)

Running PBIRL with 4 demonstrations for experiment 2
MCMC completed with acceptance ratio: 1.0000
Using 3250 samples after burn-in.
MAP Solution: [-0.53962439  0.63874889 -0.54845727]
True reward weights: [-0.35835056 -0.08647525  0.92957351]
MAP Policy for current environment:
0.9-VaR-max-normalization for 4 demonstrations: 11.854776
0.95-VaR-max-normalization for 4 demonstrations: 12.616468
0.99-VaR-max-normalization for 4 demonstrations: 13.164490
True EVD for 4 demonstrations: 9.818896
Avar bound for threshold 0.1: 12.616468
INSUFFICIENT (12.616468 >= 0.1)
Avar bound for threshold 0.2: 12.616468
INSUFFICIENT (12.616468 >= 0.2)
Avar bound for threshold 0.3: 12.616468
INSUFFICIENT (12.616468 >= 0.3)
Avar bound for threshold 0.4: 12.616468
INSUFFICIENT (12.616468 >= 0.4)

Saving results to files...
Results saved successfully.

Running experiment 3/50...
Shuffled Estops: [([(0, 1), (3, 0), (0, 1), (3, 0)], 0), ([(0, 3), (1, 1), (4, 3), (5, None)], 0), ([(0, 1), (3, 3), (4, 3), (5, None)], 0), ([(0, 3), (1, 3), (2, 1), (5, None)], 0)]

Running PBIRL with 1 demonstrations for experiment 3
MCMC completed with acceptance ratio: 1.0000
Using 3250 samples after burn-in.
MAP Solution: [-0.76435656  0.63974375 -0.08054185]
True reward weights: [-0.71046942 -0.64188771  0.28846728]
MAP Policy for current environment:
0.9-VaR-max-normalization for 1 demonstrations: 11.691000
0.95-VaR-max-normalization for 1 demonstrations: 12.534749
0.99-VaR-max-normalization for 1 demonstrations: 13.170489
True EVD for 1 demonstrations: 10.190396
Avar bound for threshold 0.1: 12.534749
INSUFFICIENT (12.534749 >= 0.1)
Avar bound for threshold 0.2: 12.534749
INSUFFICIENT (12.534749 >= 0.2)
Avar bound for threshold 0.3: 12.534749
INSUFFICIENT (12.534749 >= 0.3)
Avar bound for threshold 0.4: 12.534749
INSUFFICIENT (12.534749 >= 0.4)

Running PBIRL with 2 demonstrations for experiment 3
MCMC completed with acceptance ratio: 0.5890
Using 3250 samples after burn-in.
MAP Solution: [ 0.75458705  0.63869819 -0.15054236]
True reward weights: [-0.71046942 -0.64188771  0.28846728]
MAP Policy for current environment:
0.9-VaR-max-normalization for 2 demonstrations: 14.659971
0.95-VaR-max-normalization for 2 demonstrations: 17.008622
0.99-VaR-max-normalization for 2 demonstrations: 20.913752
True EVD for 2 demonstrations: 10.549781
Avar bound for threshold 0.1: 17.008622
INSUFFICIENT (17.008622 >= 0.1)
Avar bound for threshold 0.2: 17.008622
INSUFFICIENT (17.008622 >= 0.2)
Avar bound for threshold 0.3: 17.008622
INSUFFICIENT (17.008622 >= 0.3)
Avar bound for threshold 0.4: 17.008622
INSUFFICIENT (17.008622 >= 0.4)

Running PBIRL with 3 demonstrations for experiment 3
MCMC completed with acceptance ratio: 0.5224
Using 3250 samples after burn-in.
MAP Solution: [ 0.00646187  0.63963293 -0.76865334]
True reward weights: [-0.71046942 -0.64188771  0.28846728]
MAP Policy for current environment:
0.9-VaR-max-normalization for 3 demonstrations: 0.182667
0.95-VaR-max-normalization for 3 demonstrations: 0.265937
0.99-VaR-max-normalization for 3 demonstrations: 0.334600
True EVD for 3 demonstrations: 10.190396
Avar bound for threshold 0.1: 0.265937
INSUFFICIENT (0.265937 >= 0.1)
Avar bound for threshold 0.2: 0.265937
INSUFFICIENT (0.265937 >= 0.2)
Avar bound for threshold 0.3: 0.265937
SUFFICIENT (0.265937 < 0.3)
Avar bound for threshold 0.4: 0.265937
SUFFICIENT (0.265937 < 0.4)

Running PBIRL with 4 demonstrations for experiment 3
MCMC completed with acceptance ratio: 0.5268
Using 3250 samples after burn-in.
MAP Solution: [ 0.76869776  0.63893258 -0.02947725]
True reward weights: [-0.71046942 -0.64188771  0.28846728]
MAP Policy for current environment:
0.9-VaR-max-normalization for 4 demonstrations: 1.818185
0.95-VaR-max-normalization for 4 demonstrations: 3.478166
0.99-VaR-max-normalization for 4 demonstrations: 9.645604
True EVD for 4 demonstrations: 10.549781
Avar bound for threshold 0.1: 3.478166
INSUFFICIENT (3.478166 >= 0.1)
Avar bound for threshold 0.2: 3.478166
INSUFFICIENT (3.478166 >= 0.2)
Avar bound for threshold 0.3: 3.478166
INSUFFICIENT (3.478166 >= 0.3)
Avar bound for threshold 0.4: 3.478166
INSUFFICIENT (3.478166 >= 0.4)

Running experiment 4/50...
Shuffled Estops: [([(0, 1), (3, 0), (0, 1), (3, 0)], 0), ([(0, 1), (3, 3), (4, 3), (5, None)], 0), ([(0, 3), (1, 1), (4, 3), (5, None)], 0), ([(0, 3), (1, 3), (2, 1), (5, None)], 0)]

Running PBIRL with 1 demonstrations for experiment 4
MCMC completed with acceptance ratio: 1.0000
Using 3250 samples after burn-in.
MAP Solution: [-0.52903349  0.63896327  0.55843488]
True reward weights: [-0.89578956 -0.24432685  0.37130237]
MAP Policy for current environment:
0.9-VaR-max-normalization for 1 demonstrations: 11.706797
0.95-VaR-max-normalization for 1 demonstrations: 12.466399
0.99-VaR-max-normalization for 1 demonstrations: 13.170104
True EVD for 1 demonstrations: 8.462154
Avar bound for threshold 0.1: 12.466399
INSUFFICIENT (12.466399 >= 0.1)
Avar bound for threshold 0.2: 12.466399
INSUFFICIENT (12.466399 >= 0.2)
Avar bound for threshold 0.3: 12.466399
INSUFFICIENT (12.466399 >= 0.3)
Avar bound for threshold 0.4: 12.466399
INSUFFICIENT (12.466399 >= 0.4)

Running PBIRL with 2 demonstrations for experiment 4
MCMC completed with acceptance ratio: 0.5832
Using 3250 samples after burn-in.
MAP Solution: [-0.89787524  0.31978395 -0.30258599]
True reward weights: [-0.89578956 -0.24432685  0.37130237]
MAP Policy for current environment:
0.9-VaR-max-normalization for 2 demonstrations: 0.570112
0.95-VaR-max-normalization for 2 demonstrations: 0.781383
0.99-VaR-max-normalization for 2 demonstrations: 1.019198
True EVD for 2 demonstrations: 8.462154
Avar bound for threshold 0.1: 0.781383
INSUFFICIENT (0.781383 >= 0.1)
Avar bound for threshold 0.2: 0.781383
INSUFFICIENT (0.781383 >= 0.2)
Avar bound for threshold 0.3: 0.781383
INSUFFICIENT (0.781383 >= 0.3)
Avar bound for threshold 0.4: 0.781383
INSUFFICIENT (0.781383 >= 0.4)

Running PBIRL with 3 demonstrations for experiment 4
MCMC completed with acceptance ratio: 0.5322
Using 3250 samples after burn-in.
MAP Solution: [-0.16522646  0.63977058 -0.75059564]
True reward weights: [-0.89578956 -0.24432685  0.37130237]
MAP Policy for current environment:
0.9-VaR-max-normalization for 3 demonstrations: 0.190056
0.95-VaR-max-normalization for 3 demonstrations: 0.267304
0.99-VaR-max-normalization for 3 demonstrations: 0.337739
True EVD for 3 demonstrations: 8.462154
Avar bound for threshold 0.1: 0.267304
INSUFFICIENT (0.267304 >= 0.1)
Avar bound for threshold 0.2: 0.267304
INSUFFICIENT (0.267304 >= 0.2)
Avar bound for threshold 0.3: 0.267304
SUFFICIENT (0.267304 < 0.3)
Avar bound for threshold 0.4: 0.267304
SUFFICIENT (0.267304 < 0.4)

Running PBIRL with 4 demonstrations for experiment 4
MCMC completed with acceptance ratio: 0.5240
Using 3250 samples after burn-in.
MAP Solution: [-0.19913594  0.63874874 -0.74319912]
True reward weights: [-0.89578956 -0.24432685  0.37130237]
MAP Policy for current environment:
0.9-VaR-max-normalization for 4 demonstrations: 0.183286
0.95-VaR-max-normalization for 4 demonstrations: 0.273771
0.99-VaR-max-normalization for 4 demonstrations: 0.321256
True EVD for 4 demonstrations: 8.462154
Avar bound for threshold 0.1: 0.273771
INSUFFICIENT (0.273771 >= 0.1)
Avar bound for threshold 0.2: 0.273771
INSUFFICIENT (0.273771 >= 0.2)
Avar bound for threshold 0.3: 0.273771
SUFFICIENT (0.273771 < 0.3)
Avar bound for threshold 0.4: 0.273771
SUFFICIENT (0.273771 < 0.4)

Saving results to files...
Results saved successfully.

Running experiment 5/50...
Shuffled Estops: [([(0, 3), (1, 3), (2, 1), (5, None)], 0), ([(0, 3), (1, 1), (4, 3), (5, None)], 0), ([(0, 1), (3, 3), (4, 3), (5, None)], 3), ([(0, 1), (3, 0), (0, 1), (3, 0)], 0)]

Running PBIRL with 1 demonstrations for experiment 5
MCMC completed with acceptance ratio: 0.5882
Using 3250 samples after burn-in.
MAP Solution: [-0.31283369  0.19041501 -0.93052523]
True reward weights: [-0.7282924  -0.22722733  0.64649665]
MAP Policy for current environment:
