Config file loaded successfully.
Feature weights for environment: [-0.97266673 -0.03083248  0.23014951]
Feature weights for environment: [-0.35835056 -0.08647525  0.92957351]
Feature weights for environment: [-0.71046942 -0.64188771  0.28846728]
Feature weights for environment: [-0.89578956 -0.24432685  0.37130237]
Feature weights for environment: [-0.7282924  -0.22722733  0.64649665]
Feature weights for environment: [-0.75022399 -0.57596895  0.32469021]
Feature weights for environment: [-0.70842322 -0.26108332  0.65572254]
Feature weights for environment: [-0.74635145 -0.57484795  0.33542412]
Feature weights for environment: [-0.0505111  -0.01531811  0.99860602]
Feature weights for environment: [-0.76518493 -0.64328377  0.02603879]
Feature weights for environment: [-0.87829137 -0.24439244  0.41094598]
Feature weights for environment: [-0.8497926  -0.50850291  0.13884283]
Feature weights for environment: [-0.34477193 -0.32328333  0.88126058]
Feature weights for environment: [-0.43088031 -0.17122291  0.88601629]
Feature weights for environment: [-0.75433776 -0.02805593  0.65588674]
Feature weights for environment: [-0.92032338 -0.11683579  0.37330186]
Feature weights for environment: [-0.76208548 -0.28664819  0.58056743]
Feature weights for environment: [-0.39174849 -0.30341429  0.86860399]
Feature weights for environment: [-0.92648321 -0.16748955  0.33701054]
Feature weights for environment: [-0.61012931 -0.3129562   0.72787406]
Feature weights for environment: [-0.3738588  -0.3262014   0.86822937]
Feature weights for environment: [-0.70965126 -0.6051058   0.36089066]
Feature weights for environment: [-0.74528522 -0.55533186  0.36899385]
Feature weights for environment: [-0.68144434 -0.29187893  0.6711485 ]
Feature weights for environment: [-0.44714936 -0.30119858  0.84222139]
Feature weights for environment: [-0.7333898  -0.47830978  0.48307263]
Feature weights for environment: [-0.65557811 -0.01374154  0.75500233]
Feature weights for environment: [-0.866301   -0.34967581  0.35672034]
Feature weights for environment: [-0.6535586  -0.23072892  0.72085041]
Feature weights for environment: [-0.81326386 -0.04441834  0.5801973 ]
Feature weights for environment: [-0.27534761 -0.19938474  0.94044108]
Feature weights for environment: [-0.90753571 -0.40234227  0.1204144 ]
Feature weights for environment: [-0.32556312 -0.30396656  0.89532842]
Feature weights for environment: [-0.839382   -0.393236    0.37523766]
Feature weights for environment: [-0.94121751 -0.05112011  0.33391067]
Feature weights for environment: [-0.05456508 -0.040557    0.99768621]
Feature weights for environment: [-0.75478167 -0.33513042  0.563908  ]
Feature weights for environment: [-0.49248773 -0.22865786  0.83974486]
Feature weights for environment: [-0.56481614 -0.46100063  0.68444222]
Feature weights for environment: [-0.6667631  -0.57474284  0.47444455]
Feature weights for environment: [-0.46247666 -0.0267168   0.88622884]
Feature weights for environment: [-0.71505276 -0.68463496  0.14133129]
Feature weights for environment: [-0.94655708 -0.29794542  0.12352418]
Feature weights for environment: [-0.88315502 -0.32822573  0.33511952]
Feature weights for environment: [-0.83381491 -0.37890594  0.40147601]
Feature weights for environment: [-0.82098277 -0.18440172  0.54035479]
Feature weights for environment: [-0.73857451 -0.23755048  0.63093381]
Feature weights for environment: [-0.95541883 -0.18852986  0.22722531]
Feature weights for environment: [-0.98484463 -0.1489005   0.08893646]
Feature weights for environment: [-0.47840873 -0.41855607  0.77196885]
Generated optimal policies for all environments.

Running experiment 1/50...
Same Demos: [([(0, 1), (3, 3), (4, 3), (5, None)], [(0, 3), (1, 1), (4, 3), (5, None)]), ([(0, 1), (3, 3), (4, 3), (5, None)], [(0, 3), (1, 1), (4, 3), (5, None)]), ([(0, 1), (3, 3), (4, 3), (5, None)], [(0, 3), (1, 1), (4, 3), (5, None)])]

Running PBIRL with 1 demonstrations for experiment 1
MCMC completed with acceptance ratio: 0.6232
Using 3250 samples after burn-in.
Stored 3250 MCMC samples for demonstration 1
MAP Solution: [-0.64368599  0.2402159  -0.72661177]
True reward weights: [-0.97266673 -0.03083248  0.23014951]
MAP Policy for current environment:

Running PBIRL with 2 demonstrations for experiment 1
MCMC completed with acceptance ratio: 0.6142
Using 3250 samples after burn-in.
Stored 3250 MCMC samples for demonstration 2
MAP Solution: [-0.99452793 -0.03375123  0.09886882]
True reward weights: [-0.97266673 -0.03083248  0.23014951]
MAP Policy for current environment:

Running PBIRL with 3 demonstrations for experiment 1
MCMC completed with acceptance ratio: 0.6186
Using 3250 samples after burn-in.
Stored 3250 MCMC samples for demonstration 3
MAP Solution: [-0.2137974   0.30636783 -0.92759335]
True reward weights: [-0.97266673 -0.03083248  0.23014951]
MAP Policy for current environment:

Running experiment 2/50...
Same Demos: [([(0, 1), (3, 3), (4, 3), (5, None)], [(0, 3), (1, 3), (2, 1), (5, None)]), ([(0, 1), (3, 3), (4, 3), (5, None)], [(0, 3), (1, 3), (2, 1), (5, None)]), ([(0, 1), (3, 3), (4, 3), (5, None)], [(0, 3), (1, 3), (2, 1), (5, None)])]

Running PBIRL with 1 demonstrations for experiment 2
MCMC completed with acceptance ratio: 0.6128
Using 3250 samples after burn-in.
Stored 3250 MCMC samples for demonstration 1
MAP Solution: [-0.97648445 -0.06547948  0.2054034 ]
True reward weights: [-0.35835056 -0.08647525  0.92957351]
MAP Policy for current environment:

Running PBIRL with 2 demonstrations for experiment 2
MCMC completed with acceptance ratio: 0.6274
Using 3250 samples after burn-in.
Stored 3250 MCMC samples for demonstration 2
MAP Solution: [-0.97495719 -0.06811806  0.2117036 ]
True reward weights: [-0.35835056 -0.08647525  0.92957351]
MAP Policy for current environment:

Running PBIRL with 3 demonstrations for experiment 2
MCMC completed with acceptance ratio: 0.6206
Using 3250 samples after burn-in.
Stored 3250 MCMC samples for demonstration 3
MAP Solution: [-0.8830669  -0.35436014  0.30760648]
True reward weights: [-0.35835056 -0.08647525  0.92957351]
MAP Policy for current environment:

Saving results to files...
Results saved successfully.

Running experiment 3/50...
Same Demos: [([(0, 1), (3, 3), (4, 3), (5, None)], [(0, 1), (3, 0), (0, 1), (3, 0)]), ([(0, 1), (3, 3), (4, 3), (5, None)], [(0, 1), (3, 0), (0, 1), (3, 0)]), ([(0, 1), (3, 3), (4, 3), (5, None)], [(0, 1), (3, 0), (0, 1), (3, 0)])]

Running PBIRL with 1 demonstrations for experiment 3
MCMC completed with acceptance ratio: 0.6290
Using 3250 samples after burn-in.
Stored 3250 MCMC samples for demonstration 1
MAP Solution: [ 0.58457137 -0.25546214  0.77007494]
True reward weights: [-0.71046942 -0.64188771  0.28846728]
MAP Policy for current environment:

Running PBIRL with 2 demonstrations for experiment 3
MCMC completed with acceptance ratio: 0.6160
Using 3250 samples after burn-in.
Stored 3250 MCMC samples for demonstration 2
MAP Solution: [-0.8006444  -0.18728694  0.56911524]
True reward weights: [-0.71046942 -0.64188771  0.28846728]
MAP Policy for current environment:

Running PBIRL with 3 demonstrations for experiment 3
MCMC completed with acceptance ratio: 0.6234
Using 3250 samples after burn-in.
Stored 3250 MCMC samples for demonstration 3
MAP Solution: [-0.92091263 -0.1228346   0.36990754]
True reward weights: [-0.71046942 -0.64188771  0.28846728]
MAP Policy for current environment:

Running experiment 4/50...
Same Demos: [([(0, 1), (3, 3), (4, 3), (5, None)], [(0, 3), (1, 3), (2, 1), (5, None)]), ([(0, 1), (3, 3), (4, 3), (5, None)], [(0, 3), (1, 3), (2, 1), (5, None)]), ([(0, 1), (3, 3), (4, 3), (5, None)], [(0, 3), (1, 3), (2, 1), (5, None)])]

Running PBIRL with 1 demonstrations for experiment 4
MCMC completed with acceptance ratio: 0.6272
Using 3250 samples after burn-in.
Stored 3250 MCMC samples for demonstration 1
MAP Solution: [-0.62651338 -0.24445227  0.74008383]
True reward weights: [-0.89578956 -0.24432685  0.37130237]
MAP Policy for current environment:

Running PBIRL with 2 demonstrations for experiment 4
MCMC completed with acceptance ratio: 0.6136
Using 3250 samples after burn-in.
Stored 3250 MCMC samples for demonstration 2
MAP Solution: [-0.29955216  0.30171142 -0.90511807]
True reward weights: [-0.89578956 -0.24432685  0.37130237]
MAP Policy for current environment:

Running PBIRL with 3 demonstrations for experiment 4
MCMC completed with acceptance ratio: 0.6136
Using 3250 samples after burn-in.
Stored 3250 MCMC samples for demonstration 3
MAP Solution: [-0.43533493  0.2832071  -0.8545626 ]
True reward weights: [-0.89578956 -0.24432685  0.37130237]
MAP Policy for current environment:

Saving results to files...
Results saved successfully.

Running experiment 5/50...
Same Demos: [([(0, 1), (3, 3), (4, 3), (5, None)], [(0, 3), (1, 1), (4, 3), (5, None)]), ([(0, 1), (3, 3), (4, 3), (5, None)], [(0, 3), (1, 1), (4, 3), (5, None)]), ([(0, 1), (3, 3), (4, 3), (5, None)], [(0, 3), (1, 1), (4, 3), (5, None)])]

Running PBIRL with 1 demonstrations for experiment 5
MCMC completed with acceptance ratio: 0.6160
Using 3250 samples after burn-in.
Stored 3250 MCMC samples for demonstration 1
MAP Solution: [-0.88080092  0.15220764 -0.4483554 ]
True reward weights: [-0.7282924  -0.22722733  0.64649665]
MAP Policy for current environment:

Running PBIRL with 2 demonstrations for experiment 5
MCMC completed with acceptance ratio: 0.6236
Using 3250 samples after burn-in.
Stored 3250 MCMC samples for demonstration 2
MAP Solution: [-0.38652495  0.28957967 -0.87563809]
True reward weights: [-0.7282924  -0.22722733  0.64649665]
MAP Policy for current environment:

Running PBIRL with 3 demonstrations for experiment 5
MCMC completed with acceptance ratio: 0.6254
Using 3250 samples after burn-in.
Stored 3250 MCMC samples for demonstration 3
MAP Solution: [-0.52716105  0.26821795 -0.80632522]
True reward weights: [-0.7282924  -0.22722733  0.64649665]
MAP Policy for current environment:

Running experiment 6/50...
Same Demos: [([(0, 1), (3, 3), (4, 3), (5, None)], [(0, 3), (1, 1), (4, 3), (5, None)]), ([(0, 1), (3, 3), (4, 3), (5, None)], [(0, 3), (1, 1), (4, 3), (5, None)]), ([(0, 1), (3, 3), (4, 3), (5, None)], [(0, 3), (1, 1), (4, 3), (5, None)])]

Running PBIRL with 1 demonstrations for experiment 6
MCMC completed with acceptance ratio: 0.6152
Using 3250 samples after burn-in.
Stored 3250 MCMC samples for demonstration 1
MAP Solution: [-0.97154434 -0.07272044  0.22541814]
True reward weights: [-0.75022399 -0.57596895  0.32469021]
MAP Policy for current environment:

Running PBIRL with 2 demonstrations for experiment 6
MCMC completed with acceptance ratio: 0.6308
Using 3250 samples after burn-in.
Stored 3250 MCMC samples for demonstration 2
MAP Solution: [-0.76330545  0.24208317 -0.59896622]
True reward weights: [-0.75022399 -0.57596895  0.32469021]
MAP Policy for current environment:

Running PBIRL with 3 demonstrations for experiment 6
MCMC completed with acceptance ratio: 0.6192
Using 3250 samples after burn-in.
Stored 3250 MCMC samples for demonstration 3
MAP Solution: [-0.93783404 -0.11021438  0.3291202 ]
True reward weights: [-0.75022399 -0.57596895  0.32469021]
MAP Policy for current environment:

Saving results to files...
Results saved successfully.

Running experiment 7/50...
Same Demos: [([(0, 1), (3, 3), (4, 3), (5, None)], [(0, 3), (1, 3), (2, 1), (5, None)]), ([(0, 1), (3, 3), (4, 3), (5, None)], [(0, 3), (1, 3), (2, 1), (5, None)]), ([(0, 1), (3, 3), (4, 3), (5, None)], [(0, 3), (1, 3), (2, 1), (5, None)])]

Running PBIRL with 1 demonstrations for experiment 7
MCMC completed with acceptance ratio: 0.6198
Using 3250 samples after burn-in.
Stored 3250 MCMC samples for demonstration 1
MAP Solution: [-0.96331258  0.08671487 -0.25398703]
True reward weights: [-0.70842322 -0.26108332  0.65572254]
MAP Policy for current environment:

Running PBIRL with 2 demonstrations for experiment 7
MCMC completed with acceptance ratio: 0.6140
Using 3250 samples after burn-in.
Stored 3250 MCMC samples for demonstration 2
MAP Solution: [-0.81129988  0.18711396 -0.55387803]
True reward weights: [-0.70842322 -0.26108332  0.65572254]
MAP Policy for current environment:

Running PBIRL with 3 demonstrations for experiment 7
MCMC completed with acceptance ratio: 0.6254
Using 3250 samples after burn-in.
Stored 3250 MCMC samples for demonstration 3
MAP Solution: [-0.96069454  0.08526733 -0.26418834]
True reward weights: [-0.70842322 -0.26108332  0.65572254]
MAP Policy for current environment:

Running experiment 8/50...
Same Demos: [([(0, 1), (3, 3), (4, 3), (5, None)], [(0, 1), (3, 0), (0, 1), (3, 0)]), ([(0, 1), (3, 3), (4, 3), (5, None)], [(0, 1), (3, 0), (0, 1), (3, 0)]), ([(0, 1), (3, 3), (4, 3), (5, None)], [(0, 1), (3, 0), (0, 1), (3, 0)])]

Running PBIRL with 1 demonstrations for experiment 8
MCMC completed with acceptance ratio: 0.6244
Using 3250 samples after burn-in.
Stored 3250 MCMC samples for demonstration 1
MAP Solution: [ 0.36405226 -0.93082283  0.03216855]
True reward weights: [-0.74635145 -0.57484795  0.33542412]
MAP Policy for current environment:

Running PBIRL with 2 demonstrations for experiment 8
MCMC completed with acceptance ratio: 0.6204
Using 3250 samples after burn-in.
Stored 3250 MCMC samples for demonstration 2
MAP Solution: [-0.88951766 -0.14370932  0.43371184]
True reward weights: [-0.74635145 -0.57484795  0.33542412]
MAP Policy for current environment:

Running PBIRL with 3 demonstrations for experiment 8
MCMC completed with acceptance ratio: 0.6312
Using 3250 samples after burn-in.
Stored 3250 MCMC samples for demonstration 3
MAP Solution: [ 0.89757023 -0.13727553  0.41895479]
True reward weights: [-0.74635145 -0.57484795  0.33542412]
MAP Policy for current environment:

Saving results to files...
Results saved successfully.

Running experiment 9/50...
Same Demos: [([(0, 1), (3, 3), (4, 3), (5, None)], [(0, 1), (3, 0), (0, 1), (3, 0)]), ([(0, 1), (3, 3), (4, 3), (5, None)], [(0, 1), (3, 0), (0, 1), (3, 0)]), ([(0, 1), (3, 3), (4, 3), (5, None)], [(0, 1), (3, 0), (0, 1), (3, 0)])]

Running PBIRL with 1 demonstrations for experiment 9
MCMC completed with acceptance ratio: 0.6224
Using 3250 samples after burn-in.
Stored 3250 MCMC samples for demonstration 1
MAP Solution: [ 0.39561131 -0.29069675  0.87119865]
True reward weights: [-0.0505111  -0.01531811  0.99860602]
MAP Policy for current environment:

Running PBIRL with 2 demonstrations for experiment 9
MCMC completed with acceptance ratio: 0.6208
Using 3250 samples after burn-in.
Stored 3250 MCMC samples for demonstration 2
MAP Solution: [ 0.80108336 -0.18767978  0.56836762]
True reward weights: [-0.0505111  -0.01531811  0.99860602]
MAP Policy for current environment:

Running PBIRL with 3 demonstrations for experiment 9
MCMC completed with acceptance ratio: 0.6160
Using 3250 samples after burn-in.
Stored 3250 MCMC samples for demonstration 3
MAP Solution: [-0.93817907 -0.10848053  0.32871266]
True reward weights: [-0.0505111  -0.01531811  0.99860602]
MAP Policy for current environment:

Running experiment 10/50...
Same Demos: [([(0, 1), (3, 3), (4, 3), (5, None)], [(0, 3), (1, 1), (4, 3), (5, None)]), ([(0, 1), (3, 3), (4, 3), (5, None)], [(0, 3), (1, 1), (4, 3), (5, None)]), ([(0, 1), (3, 3), (4, 3), (5, None)], [(0, 3), (1, 1), (4, 3), (5, None)])]

Running PBIRL with 1 demonstrations for experiment 10
MCMC completed with acceptance ratio: 0.6190
Using 3250 samples after burn-in.
Stored 3250 MCMC samples for demonstration 1
MAP Solution: [-0.44220424  0.28582103 -0.85015396]
True reward weights: [-0.76518493 -0.64328377  0.02603879]
MAP Policy for current environment:

Running PBIRL with 2 demonstrations for experiment 10
MCMC completed with acceptance ratio: 0.6200
Using 3250 samples after burn-in.
Stored 3250 MCMC samples for demonstration 2
MAP Solution: [-0.11569373  0.84240797 -0.52627348]
True reward weights: [-0.76518493 -0.64328377  0.02603879]
MAP Policy for current environment:

Running PBIRL with 3 demonstrations for experiment 10
MCMC completed with acceptance ratio: 0.6102
Using 3250 samples after burn-in.
Stored 3250 MCMC samples for demonstration 3
MAP Solution: [-0.50840057  0.27528101 -0.81593457]
True reward weights: [-0.76518493 -0.64328377  0.02603879]
MAP Policy for current environment:

Saving results to files...
Results saved successfully.

Running experiment 11/50...
Same Demos: [([(0, 1), (3, 3), (4, 3), (5, None)], [(0, 3), (1, 1), (4, 3), (5, None)]), ([(0, 1), (3, 3), (4, 3), (5, None)], [(0, 3), (1, 1), (4, 3), (5, None)]), ([(0, 1), (3, 3), (4, 3), (5, None)], [(0, 3), (1, 1), (4, 3), (5, None)])]

Running PBIRL with 1 demonstrations for experiment 11
MCMC completed with acceptance ratio: 0.6242
Using 3250 samples after burn-in.
Stored 3250 MCMC samples for demonstration 1
MAP Solution: [-0.85693387 -0.1601204   0.48992429]
True reward weights: [-0.87829137 -0.24439244  0.41094598]
MAP Policy for current environment:

Running PBIRL with 2 demonstrations for experiment 11
MCMC completed with acceptance ratio: 0.6196
Using 3250 samples after burn-in.
Stored 3250 MCMC samples for demonstration 2
MAP Solution: [-0.36579604  0.86995709  0.33070821]
True reward weights: [-0.87829137 -0.24439244  0.41094598]
MAP Policy for current environment:

Running PBIRL with 3 demonstrations for experiment 11
MCMC completed with acceptance ratio: 0.6110
Using 3250 samples after burn-in.
Stored 3250 MCMC samples for demonstration 3
MAP Solution: [-0.99143974 -0.0420548   0.12360675]
True reward weights: [-0.87829137 -0.24439244  0.41094598]
MAP Policy for current environment:

Running experiment 12/50...
Same Demos: [([(0, 1), (3, 3), (4, 3), (5, None)], [(0, 3), (1, 3), (2, 1), (5, None)]), ([(0, 1), (3, 3), (4, 3), (5, None)], [(0, 3), (1, 3), (2, 1), (5, None)]), ([(0, 1), (3, 3), (4, 3), (5, None)], [(0, 3), (1, 3), (2, 1), (5, None)])]

Running PBIRL with 1 demonstrations for experiment 12
MCMC completed with acceptance ratio: 0.6214
Using 3250 samples after burn-in.
Stored 3250 MCMC samples for demonstration 1
MAP Solution: [-0.99975258  0.00695328 -0.02112885]
True reward weights: [-0.8497926  -0.50850291  0.13884283]
MAP Policy for current environment:

Running PBIRL with 2 demonstrations for experiment 12
MCMC completed with acceptance ratio: 0.6138
Using 3250 samples after burn-in.
Stored 3250 MCMC samples for demonstration 2
MAP Solution: [-0.93709334 -0.11143379  0.33081504]
True reward weights: [-0.8497926  -0.50850291  0.13884283]
MAP Policy for current environment:

Running PBIRL with 3 demonstrations for experiment 12
MCMC completed with acceptance ratio: 0.6140
Using 3250 samples after burn-in.
Stored 3250 MCMC samples for demonstration 3
MAP Solution: [-0.7368647   0.08187912  0.6710635 ]
True reward weights: [-0.8497926  -0.50850291  0.13884283]
MAP Policy for current environment:

Saving results to files...
Results saved successfully.

Running experiment 13/50...
Same Demos: [([(0, 1), (3, 3), (4, 3), (5, None)], [(0, 1), (3, 0), (0, 1), (3, 0)]), ([(0, 1), (3, 3), (4, 3), (5, None)], [(0, 1), (3, 0), (0, 1), (3, 0)]), ([(0, 1), (3, 3), (4, 3), (5, None)], [(0, 1), (3, 0), (0, 1), (3, 0)])]

Running PBIRL with 1 demonstrations for experiment 13
MCMC completed with acceptance ratio: 0.6214
Using 3250 samples after burn-in.
Stored 3250 MCMC samples for demonstration 1
MAP Solution: [ 0.90065031 -0.13892439  0.41173905]
True reward weights: [-0.34477193 -0.32328333  0.88126058]
MAP Policy for current environment:

Running PBIRL with 2 demonstrations for experiment 13
MCMC completed with acceptance ratio: 0.6256
Using 3250 samples after burn-in.
Stored 3250 MCMC samples for demonstration 2
MAP Solution: [ 0.72771049 -0.21600938  0.65098186]
True reward weights: [-0.34477193 -0.32328333  0.88126058]
MAP Policy for current environment:

Running PBIRL with 3 demonstrations for experiment 13
MCMC completed with acceptance ratio: 0.6246
Using 3250 samples after burn-in.
Stored 3250 MCMC samples for demonstration 3
MAP Solution: [-0.59185559 -0.25482696  0.76470267]
True reward weights: [-0.34477193 -0.32328333  0.88126058]
MAP Policy for current environment:

Running experiment 14/50...
Same Demos: [([(0, 1), (3, 3), (4, 3), (5, None)], [(0, 3), (1, 3), (2, 1), (5, None)]), ([(0, 1), (3, 3), (4, 3), (5, None)], [(0, 3), (1, 3), (2, 1), (5, None)]), ([(0, 1), (3, 3), (4, 3), (5, None)], [(0, 3), (1, 3), (2, 1), (5, None)])]

Running PBIRL with 1 demonstrations for experiment 14
MCMC completed with acceptance ratio: 0.6162
Using 3250 samples after burn-in.
Stored 3250 MCMC samples for demonstration 1
MAP Solution: [-0.76463295  0.2008191  -0.61237908]
True reward weights: [-0.43088031 -0.17122291  0.88601629]
MAP Policy for current environment:

Running PBIRL with 2 demonstrations for experiment 14
MCMC completed with acceptance ratio: 0.6206
Using 3250 samples after burn-in.
Stored 3250 MCMC samples for demonstration 2
MAP Solution: [-0.99964933 -0.00877679  0.02498358]
True reward weights: [-0.43088031 -0.17122291  0.88601629]
MAP Policy for current environment:

Running PBIRL with 3 demonstrations for experiment 14
MCMC completed with acceptance ratio: 0.6072
Using 3250 samples after burn-in.
Stored 3250 MCMC samples for demonstration 3
MAP Solution: [-0.64095753  0.24319141 -0.72803254]
True reward weights: [-0.43088031 -0.17122291  0.88601629]
MAP Policy for current environment:

Saving results to files...
Results saved successfully.

Running experiment 15/50...
Same Demos: [([(0, 1), (3, 3), (4, 3), (5, None)], [(0, 3), (1, 3), (2, 1), (5, None)]), ([(0, 1), (3, 3), (4, 3), (5, None)], [(0, 3), (1, 3), (2, 1), (5, None)]), ([(0, 1), (3, 3), (4, 3), (5, None)], [(0, 3), (1, 3), (2, 1), (5, None)])]

Running PBIRL with 1 demonstrations for experiment 15
MCMC completed with acceptance ratio: 0.6240
Using 3250 samples after burn-in.
Stored 3250 MCMC samples for demonstration 1
MAP Solution: [-0.67927795  0.15816545 -0.71663461]
True reward weights: [-0.75433776 -0.02805593  0.65588674]
MAP Policy for current environment:

Running PBIRL with 2 demonstrations for experiment 15
MCMC completed with acceptance ratio: 0.6204
Using 3250 samples after burn-in.
Stored 3250 MCMC samples for demonstration 2
MAP Solution: [-0.93241147 -0.1128588   0.34332453]
True reward weights: [-0.75433776 -0.02805593  0.65588674]
MAP Policy for current environment:

Running PBIRL with 3 demonstrations for experiment 15
MCMC completed with acceptance ratio: 0.6180
Using 3250 samples after burn-in.
Stored 3250 MCMC samples for demonstration 3
MAP Solution: [-0.8509995   0.16543561 -0.49842844]
True reward weights: [-0.75433776 -0.02805593  0.65588674]
MAP Policy for current environment:

Running experiment 16/50...
Same Demos: [([(0, 1), (3, 3), (4, 3), (5, None)], [(0, 1), (3, 0), (0, 1), (3, 0)]), ([(0, 1), (3, 3), (4, 3), (5, None)], [(0, 1), (3, 0), (0, 1), (3, 0)]), ([(0, 1), (3, 3), (4, 3), (5, None)], [(0, 1), (3, 0), (0, 1), (3, 0)])]

Running PBIRL with 1 demonstrations for experiment 16
MCMC completed with acceptance ratio: 0.6188
Using 3250 samples after burn-in.
Stored 3250 MCMC samples for demonstration 1
MAP Solution: [ 0.48288482 -0.27684867  0.83076896]
True reward weights: [-0.92032338 -0.11683579  0.37330186]
MAP Policy for current environment:

Running PBIRL with 2 demonstrations for experiment 16
MCMC completed with acceptance ratio: 0.6214
Using 3250 samples after burn-in.
Stored 3250 MCMC samples for demonstration 2
MAP Solution: [-0.5406674  -0.26652468  0.79789934]
True reward weights: [-0.92032338 -0.11683579  0.37330186]
MAP Policy for current environment:

Running PBIRL with 3 demonstrations for experiment 16
MCMC completed with acceptance ratio: 0.6204
Using 3250 samples after burn-in.
Stored 3250 MCMC samples for demonstration 3
MAP Solution: [ 0.10537711 -0.31210345  0.94418595]
True reward weights: [-0.92032338 -0.11683579  0.37330186]
MAP Policy for current environment:

Saving results to files...
Results saved successfully.

Running experiment 17/50...
Same Demos: [([(0, 1), (3, 3), (4, 3), (5, None)], [(0, 1), (3, 0), (0, 1), (3, 0)]), ([(0, 1), (3, 3), (4, 3), (5, None)], [(0, 1), (3, 0), (0, 1), (3, 0)]), ([(0, 1), (3, 3), (4, 3), (5, None)], [(0, 1), (3, 0), (0, 1), (3, 0)])]

Running PBIRL with 1 demonstrations for experiment 17
MCMC completed with acceptance ratio: 0.6360
Using 3250 samples after burn-in.
Stored 3250 MCMC samples for demonstration 1
MAP Solution: [-0.56878001 -0.26169381  0.77974717]
True reward weights: [-0.76208548 -0.28664819  0.58056743]
MAP Policy for current environment:

Running PBIRL with 2 demonstrations for experiment 17
MCMC completed with acceptance ratio: 0.6276
Using 3250 samples after burn-in.
Stored 3250 MCMC samples for demonstration 2
MAP Solution: [-0.14741908 -0.31224846  0.93849268]
True reward weights: [-0.76208548 -0.28664819  0.58056743]
MAP Policy for current environment:

Running PBIRL with 3 demonstrations for experiment 17
MCMC completed with acceptance ratio: 0.6168
Using 3250 samples after burn-in.
Stored 3250 MCMC samples for demonstration 3
MAP Solution: [ 0.51263779 -0.26862156  0.81550288]
True reward weights: [-0.76208548 -0.28664819  0.58056743]
MAP Policy for current environment:

Running experiment 18/50...
Same Demos: [([(0, 1), (3, 3), (4, 3), (5, None)], [(0, 1), (3, 0), (0, 1), (3, 0)]), ([(0, 1), (3, 3), (4, 3), (5, None)], [(0, 1), (3, 0), (0, 1), (3, 0)]), ([(0, 1), (3, 3), (4, 3), (5, None)], [(0, 1), (3, 0), (0, 1), (3, 0)])]

Running PBIRL with 1 demonstrations for experiment 18
MCMC completed with acceptance ratio: 0.6234
Using 3250 samples after burn-in.
Stored 3250 MCMC samples for demonstration 1
MAP Solution: [ 0.49195899 -0.80199479  0.338793  ]
True reward weights: [-0.39174849 -0.30341429  0.86860399]
MAP Policy for current environment:

Running PBIRL with 2 demonstrations for experiment 18
MCMC completed with acceptance ratio: 0.6140
Using 3250 samples after burn-in.
Stored 3250 MCMC samples for demonstration 2
MAP Solution: [-0.66867963 -0.23277542  0.70617502]
True reward weights: [-0.39174849 -0.30341429  0.86860399]
MAP Policy for current environment:

Running PBIRL with 3 demonstrations for experiment 18
MCMC completed with acceptance ratio: 0.6050
Using 3250 samples after burn-in.
Stored 3250 MCMC samples for demonstration 3
MAP Solution: [ 0.80836044 -0.18846942  0.55770304]
True reward weights: [-0.39174849 -0.30341429  0.86860399]
MAP Policy for current environment:

Saving results to files...
Results saved successfully.

Running experiment 19/50...
Same Demos: [([(0, 1), (3, 3), (4, 3), (5, None)], [(0, 3), (1, 3), (2, 1), (5, None)]), ([(0, 1), (3, 3), (4, 3), (5, None)], [(0, 3), (1, 3), (2, 1), (5, None)]), ([(0, 1), (3, 3), (4, 3), (5, None)], [(0, 3), (1, 3), (2, 1), (5, None)])]

Running PBIRL with 1 demonstrations for experiment 19
MCMC completed with acceptance ratio: 0.6286
Using 3250 samples after burn-in.
Stored 3250 MCMC samples for demonstration 1
MAP Solution: [-0.16890607  0.3128586  -0.93466049]
True reward weights: [-0.92648321 -0.16748955  0.33701054]
MAP Policy for current environment:

Running PBIRL with 2 demonstrations for experiment 19
MCMC completed with acceptance ratio: 0.6208
Using 3250 samples after burn-in.
Stored 3250 MCMC samples for demonstration 2
MAP Solution: [-0.98063531  0.06025091 -0.18634433]
True reward weights: [-0.92648321 -0.16748955  0.33701054]
MAP Policy for current environment:

Running PBIRL with 3 demonstrations for experiment 19
MCMC completed with acceptance ratio: 0.6182
Using 3250 samples after burn-in.
Stored 3250 MCMC samples for demonstration 3
MAP Solution: [-0.99606564 -0.02984672  0.08344111]
True reward weights: [-0.92648321 -0.16748955  0.33701054]
MAP Policy for current environment:

Running experiment 20/50...
Same Demos: [([(0, 1), (3, 3), (4, 3), (5, None)], [(0, 3), (1, 1), (4, 3), (5, None)]), ([(0, 1), (3, 3), (4, 3), (5, None)], [(0, 3), (1, 1), (4, 3), (5, None)]), ([(0, 1), (3, 3), (4, 3), (5, None)], [(0, 3), (1, 1), (4, 3), (5, None)])]

Running PBIRL with 1 demonstrations for experiment 20
MCMC completed with acceptance ratio: 0.6144
Using 3250 samples after burn-in.
Stored 3250 MCMC samples for demonstration 1
MAP Solution: [-0.29070284  0.29970288 -0.90866388]
True reward weights: [-0.61012931 -0.3129562   0.72787406]
MAP Policy for current environment:

Running PBIRL with 2 demonstrations for experiment 20
MCMC completed with acceptance ratio: 0.6092
Using 3250 samples after burn-in.
Stored 3250 MCMC samples for demonstration 2
MAP Solution: [-0.94070977 -0.10587142  0.32226756]
True reward weights: [-0.61012931 -0.3129562   0.72787406]
MAP Policy for current environment:

Running PBIRL with 3 demonstrations for experiment 20
MCMC completed with acceptance ratio: 0.6306
Using 3250 samples after burn-in.
Stored 3250 MCMC samples for demonstration 3
MAP Solution: [-0.98385688 -0.05826975  0.16920482]
True reward weights: [-0.61012931 -0.3129562   0.72787406]
MAP Policy for current environment:

Saving results to files...
Results saved successfully.

Running experiment 21/50...
Same Demos: [([(0, 1), (3, 3), (4, 3), (5, None)], [(0, 3), (1, 1), (4, 3), (5, None)]), ([(0, 1), (3, 3), (4, 3), (5, None)], [(0, 3), (1, 1), (4, 3), (5, None)]), ([(0, 1), (3, 3), (4, 3), (5, None)], [(0, 3), (1, 1), (4, 3), (5, None)])]

Running PBIRL with 1 demonstrations for experiment 21
MCMC completed with acceptance ratio: 0.6220
Using 3250 samples after burn-in.
Stored 3250 MCMC samples for demonstration 1
MAP Solution: [-0.7901582  -0.19416309  0.58133528]
True reward weights: [-0.3738588  -0.3262014   0.86822937]
MAP Policy for current environment:

Running PBIRL with 2 demonstrations for experiment 21
MCMC completed with acceptance ratio: 0.6086
Using 3250 samples after burn-in.
Stored 3250 MCMC samples for demonstration 2
MAP Solution: [-0.90084479 -0.13801429  0.41161963]
True reward weights: [-0.3738588  -0.3262014   0.86822937]
MAP Policy for current environment:

Running PBIRL with 3 demonstrations for experiment 21
MCMC completed with acceptance ratio: 0.6268
Using 3250 samples after burn-in.
Stored 3250 MCMC samples for demonstration 3
MAP Solution: [-0.50696586  0.27549539 -0.81675449]
True reward weights: [-0.3738588  -0.3262014   0.86822937]
MAP Policy for current environment:

Running experiment 22/50...
Same Demos: [([(0, 1), (3, 3), (4, 3), (5, None)], [(0, 3), (1, 3), (2, 1), (5, None)]), ([(0, 1), (3, 3), (4, 3), (5, None)], [(0, 3), (1, 3), (2, 1), (5, None)]), ([(0, 1), (3, 3), (4, 3), (5, None)], [(0, 3), (1, 3), (2, 1), (5, None)])]

Running PBIRL with 1 demonstrations for experiment 22
MCMC completed with acceptance ratio: 0.6258
Using 3250 samples after burn-in.
Stored 3250 MCMC samples for demonstration 1
MAP Solution: [-0.15402987  0.31041715 -0.93803838]
True reward weights: [-0.70965126 -0.6051058   0.36089066]
MAP Policy for current environment:

Running PBIRL with 2 demonstrations for experiment 22
MCMC completed with acceptance ratio: 0.6232
Using 3250 samples after burn-in.
Stored 3250 MCMC samples for demonstration 2
MAP Solution: [-0.89387748  0.14204621 -0.4252128 ]
True reward weights: [-0.70965126 -0.6051058   0.36089066]
MAP Policy for current environment:

Running PBIRL with 3 demonstrations for experiment 22
MCMC completed with acceptance ratio: 0.6128
Using 3250 samples after burn-in.
Stored 3250 MCMC samples for demonstration 3
MAP Solution: [-0.74763943  0.20717199 -0.63096358]
True reward weights: [-0.70965126 -0.6051058   0.36089066]
MAP Policy for current environment:

Saving results to files...
Results saved successfully.

Running experiment 23/50...
Same Demos: [([(0, 1), (3, 3), (4, 3), (5, None)], [(0, 3), (1, 3), (2, 1), (5, None)]), ([(0, 1), (3, 3), (4, 3), (5, None)], [(0, 3), (1, 3), (2, 1), (5, None)]), ([(0, 1), (3, 3), (4, 3), (5, None)], [(0, 3), (1, 3), (2, 1), (5, None)])]

Running PBIRL with 1 demonstrations for experiment 23
MCMC completed with acceptance ratio: 0.6238
Using 3250 samples after burn-in.
Stored 3250 MCMC samples for demonstration 1
MAP Solution: [-0.70519483  0.22249391 -0.67319886]
True reward weights: [-0.74528522 -0.55533186  0.36899385]
MAP Policy for current environment:

Running PBIRL with 2 demonstrations for experiment 23
MCMC completed with acceptance ratio: 0.6308
Using 3250 samples after burn-in.
Stored 3250 MCMC samples for demonstration 2
MAP Solution: [-0.99789579 -0.01837099  0.0621811 ]
True reward weights: [-0.74528522 -0.55533186  0.36899385]
MAP Policy for current environment:

Running PBIRL with 3 demonstrations for experiment 23
MCMC completed with acceptance ratio: 0.6142
Using 3250 samples after burn-in.
Stored 3250 MCMC samples for demonstration 3
MAP Solution: [-0.3531086   0.2948285  -0.88791355]
True reward weights: [-0.74528522 -0.55533186  0.36899385]
MAP Policy for current environment:

Running experiment 24/50...
Same Demos: [([(0, 1), (3, 3), (4, 3), (5, None)], [(0, 3), (1, 3), (2, 1), (5, None)]), ([(0, 1), (3, 3), (4, 3), (5, None)], [(0, 3), (1, 3), (2, 1), (5, None)]), ([(0, 1), (3, 3), (4, 3), (5, None)], [(0, 3), (1, 3), (2, 1), (5, None)])]

Running PBIRL with 1 demonstrations for experiment 24
MCMC completed with acceptance ratio: 0.6288
Using 3250 samples after burn-in.
Stored 3250 MCMC samples for demonstration 1
MAP Solution: [-0.93918951  0.10922059 -0.32556709]
True reward weights: [-0.68144434 -0.29187893  0.6711485 ]
MAP Policy for current environment:

Running PBIRL with 2 demonstrations for experiment 24
MCMC completed with acceptance ratio: 0.6224
Using 3250 samples after burn-in.
Stored 3250 MCMC samples for demonstration 2
MAP Solution: [-0.99762359 -0.02097725  0.06562866]
True reward weights: [-0.68144434 -0.29187893  0.6711485 ]
MAP Policy for current environment:

Running PBIRL with 3 demonstrations for experiment 24
MCMC completed with acceptance ratio: 0.6214
Using 3250 samples after burn-in.
Stored 3250 MCMC samples for demonstration 3
MAP Solution: [-0.77275865 -0.19810506  0.60299126]
True reward weights: [-0.68144434 -0.29187893  0.6711485 ]
MAP Policy for current environment:

Saving results to files...
Results saved successfully.

Running experiment 25/50...
Same Demos: [([(0, 1), (3, 3), (4, 3), (5, None)], [(0, 3), (1, 3), (2, 1), (5, None)]), ([(0, 1), (3, 3), (4, 3), (5, None)], [(0, 3), (1, 3), (2, 1), (5, None)]), ([(0, 1), (3, 3), (4, 3), (5, None)], [(0, 3), (1, 3), (2, 1), (5, None)])]

Running PBIRL with 1 demonstrations for experiment 25
MCMC completed with acceptance ratio: 0.6222
Using 3250 samples after burn-in.
Stored 3250 MCMC samples for demonstration 1
MAP Solution: [-0.40933722  0.28899278 -0.86540523]
True reward weights: [-0.44714936 -0.30119858  0.84222139]
MAP Policy for current environment:

Running PBIRL with 2 demonstrations for experiment 25
MCMC completed with acceptance ratio: 0.6210
Using 3250 samples after burn-in.
Stored 3250 MCMC samples for demonstration 2
MAP Solution: [-0.45322512  0.28224413 -0.84553252]
True reward weights: [-0.44714936 -0.30119858  0.84222139]
MAP Policy for current environment:

Running PBIRL with 3 demonstrations for experiment 25
MCMC completed with acceptance ratio: 0.6218
Using 3250 samples after burn-in.
Stored 3250 MCMC samples for demonstration 3
MAP Solution: [-0.36551878  0.29282808 -0.88354272]
True reward weights: [-0.44714936 -0.30119858  0.84222139]
MAP Policy for current environment:

Running experiment 26/50...
Same Demos: [([(0, 1), (3, 3), (4, 3), (5, None)], [(0, 3), (1, 1), (4, 3), (5, None)]), ([(0, 1), (3, 3), (4, 3), (5, None)], [(0, 3), (1, 1), (4, 3), (5, None)]), ([(0, 1), (3, 3), (4, 3), (5, None)], [(0, 3), (1, 1), (4, 3), (5, None)])]

Running PBIRL with 1 demonstrations for experiment 26
MCMC completed with acceptance ratio: 0.6270
Using 3250 samples after burn-in.
Stored 3250 MCMC samples for demonstration 1
MAP Solution: [-0.6793391   0.23005577 -0.69683049]
True reward weights: [-0.7333898  -0.47830978  0.48307263]
MAP Policy for current environment:

Running PBIRL with 2 demonstrations for experiment 26
MCMC completed with acceptance ratio: 0.6042
Using 3250 samples after burn-in.
Stored 3250 MCMC samples for demonstration 2
MAP Solution: [-0.73866805  0.2114106  -0.64005864]
True reward weights: [-0.7333898  -0.47830978  0.48307263]
MAP Policy for current environment:

Running PBIRL with 3 demonstrations for experiment 26
MCMC completed with acceptance ratio: 0.6088
Using 3250 samples after burn-in.
Stored 3250 MCMC samples for demonstration 3
MAP Solution: [-0.55935892  0.26029964 -0.78699536]
True reward weights: [-0.7333898  -0.47830978  0.48307263]
MAP Policy for current environment:

Saving results to files...
Results saved successfully.

Running experiment 27/50...
Same Demos: [([(0, 1), (3, 3), (4, 3), (5, None)], [(0, 3), (1, 3), (2, 1), (5, None)]), ([(0, 1), (3, 3), (4, 3), (5, None)], [(0, 3), (1, 3), (2, 1), (5, None)]), ([(0, 1), (3, 3), (4, 3), (5, None)], [(0, 3), (1, 3), (2, 1), (5, None)])]

Running PBIRL with 1 demonstrations for experiment 27
MCMC completed with acceptance ratio: 0.6248
Using 3250 samples after burn-in.
Stored 3250 MCMC samples for demonstration 1
MAP Solution: [-0.99949774  0.01267432 -0.0290454 ]
True reward weights: [-0.65557811 -0.01374154  0.75500233]
MAP Policy for current environment:

Running PBIRL with 2 demonstrations for experiment 27
MCMC completed with acceptance ratio: 0.6196
Using 3250 samples after burn-in.
Stored 3250 MCMC samples for demonstration 2
MAP Solution: [-0.8492818  -0.16695011  0.50084737]
True reward weights: [-0.65557811 -0.01374154  0.75500233]
MAP Policy for current environment:

Running PBIRL with 3 demonstrations for experiment 27
MCMC completed with acceptance ratio: 0.6148
Using 3250 samples after burn-in.
Stored 3250 MCMC samples for demonstration 3
MAP Solution: [-0.27963449  0.30399244 -0.91071025]
True reward weights: [-0.65557811 -0.01374154  0.75500233]
MAP Policy for current environment:

Running experiment 28/50...
Same Demos: [([(0, 1), (3, 3), (4, 3), (5, None)], [(0, 3), (1, 1), (4, 3), (5, None)]), ([(0, 1), (3, 3), (4, 3), (5, None)], [(0, 3), (1, 1), (4, 3), (5, None)]), ([(0, 1), (3, 3), (4, 3), (5, None)], [(0, 3), (1, 1), (4, 3), (5, None)])]

Running PBIRL with 1 demonstrations for experiment 28
MCMC completed with acceptance ratio: 0.6240
Using 3250 samples after burn-in.
Stored 3250 MCMC samples for demonstration 1
MAP Solution: [-0.72164194  0.22152458 -0.65586567]
True reward weights: [-0.866301   -0.34967581  0.35672034]
MAP Policy for current environment:

Running PBIRL with 2 demonstrations for experiment 28
MCMC completed with acceptance ratio: 0.6100
Using 3250 samples after burn-in.
Stored 3250 MCMC samples for demonstration 2
MAP Solution: [-0.61232185  0.25233651 -0.74925846]
True reward weights: [-0.866301   -0.34967581  0.35672034]
MAP Policy for current environment:

Running PBIRL with 3 demonstrations for experiment 28
MCMC completed with acceptance ratio: 0.6258
Using 3250 samples after burn-in.
Stored 3250 MCMC samples for demonstration 3
MAP Solution: [-0.50140205  0.2742336  -0.8206046 ]
True reward weights: [-0.866301   -0.34967581  0.35672034]
MAP Policy for current environment:

Saving results to files...
Results saved successfully.

Running experiment 29/50...
Same Demos: [([(0, 1), (3, 3), (4, 3), (5, None)], [(0, 3), (1, 3), (2, 1), (5, None)]), ([(0, 1), (3, 3), (4, 3), (5, None)], [(0, 3), (1, 3), (2, 1), (5, None)]), ([(0, 1), (3, 3), (4, 3), (5, None)], [(0, 3), (1, 3), (2, 1), (5, None)])]

Running PBIRL with 1 demonstrations for experiment 29
MCMC completed with acceptance ratio: 0.6076
Using 3250 samples after burn-in.
Stored 3250 MCMC samples for demonstration 1
MAP Solution: [-0.87200468 -0.15656551  0.46378344]
True reward weights: [-0.6535586  -0.23072892  0.72085041]
MAP Policy for current environment:

Running PBIRL with 2 demonstrations for experiment 29
MCMC completed with acceptance ratio: 0.6202
Using 3250 samples after burn-in.
Stored 3250 MCMC samples for demonstration 2
MAP Solution: [-0.99850454  0.01946803 -0.05108497]
True reward weights: [-0.6535586  -0.23072892  0.72085041]
MAP Policy for current environment:

Running PBIRL with 3 demonstrations for experiment 29
MCMC completed with acceptance ratio: 0.6072
Using 3250 samples after burn-in.
Stored 3250 MCMC samples for demonstration 3
MAP Solution: [-0.13604935  0.31160918 -0.94042027]
True reward weights: [-0.6535586  -0.23072892  0.72085041]
MAP Policy for current environment:

Running experiment 30/50...
Same Demos: [([(0, 1), (3, 3), (4, 3), (5, None)], [(0, 3), (1, 1), (4, 3), (5, None)]), ([(0, 1), (3, 3), (4, 3), (5, None)], [(0, 3), (1, 1), (4, 3), (5, None)]), ([(0, 1), (3, 3), (4, 3), (5, None)], [(0, 3), (1, 1), (4, 3), (5, None)])]

Running PBIRL with 1 demonstrations for experiment 30
MCMC completed with acceptance ratio: 0.6242
Using 3250 samples after burn-in.
Stored 3250 MCMC samples for demonstration 1
MAP Solution: [-0.82290239 -0.17908422  0.53922212]
True reward weights: [-0.81326386 -0.04441834  0.5801973 ]
MAP Policy for current environment:

Running PBIRL with 2 demonstrations for experiment 30
MCMC completed with acceptance ratio: 0.6268
Using 3250 samples after burn-in.
Stored 3250 MCMC samples for demonstration 2
MAP Solution: [-0.97514134  0.06937616 -0.21044314]
True reward weights: [-0.81326386 -0.04441834  0.5801973 ]
MAP Policy for current environment:

Running PBIRL with 3 demonstrations for experiment 30
MCMC completed with acceptance ratio: 0.6306
Using 3250 samples after burn-in.
Stored 3250 MCMC samples for demonstration 3
MAP Solution: [-0.95997908  0.21243518 -0.18251425]
True reward weights: [-0.81326386 -0.04441834  0.5801973 ]
MAP Policy for current environment:

Saving results to files...
Results saved successfully.

Running experiment 31/50...
Same Demos: [([(0, 1), (3, 3), (4, 3), (5, None)], [(0, 3), (1, 3), (2, 1), (5, None)]), ([(0, 1), (3, 3), (4, 3), (5, None)], [(0, 3), (1, 3), (2, 1), (5, None)]), ([(0, 1), (3, 3), (4, 3), (5, None)], [(0, 3), (1, 3), (2, 1), (5, None)])]

Running PBIRL with 1 demonstrations for experiment 31
MCMC completed with acceptance ratio: 0.6038
Using 3250 samples after burn-in.
Stored 3250 MCMC samples for demonstration 1
MAP Solution: [-0.94959239  0.09834663 -0.29766127]
True reward weights: [-0.27534761 -0.19938474  0.94044108]
MAP Policy for current environment:

Running PBIRL with 2 demonstrations for experiment 31
MCMC completed with acceptance ratio: 0.6228
Using 3250 samples after burn-in.
Stored 3250 MCMC samples for demonstration 2
MAP Solution: [-0.95765586  0.09073331 -0.27324481]
True reward weights: [-0.27534761 -0.19938474  0.94044108]
MAP Policy for current environment:

Running PBIRL with 3 demonstrations for experiment 31
MCMC completed with acceptance ratio: 0.6122
Using 3250 samples after burn-in.
Stored 3250 MCMC samples for demonstration 3
MAP Solution: [0.18718665 0.96292596 0.19425438]
True reward weights: [-0.27534761 -0.19938474  0.94044108]
MAP Policy for current environment:

Running experiment 32/50...
Same Demos: [([(0, 1), (3, 3), (4, 3), (5, None)], [(0, 3), (1, 1), (4, 3), (5, None)]), ([(0, 1), (3, 3), (4, 3), (5, None)], [(0, 3), (1, 1), (4, 3), (5, None)]), ([(0, 1), (3, 3), (4, 3), (5, None)], [(0, 3), (1, 1), (4, 3), (5, None)])]

Running PBIRL with 1 demonstrations for experiment 32
MCMC completed with acceptance ratio: 0.6162
Using 3250 samples after burn-in.
Stored 3250 MCMC samples for demonstration 1
MAP Solution: [-0.21563226  0.30868178 -0.92640072]
True reward weights: [-0.90753571 -0.40234227  0.1204144 ]
MAP Policy for current environment:

Running PBIRL with 2 demonstrations for experiment 32
MCMC completed with acceptance ratio: 0.6264
Using 3250 samples after burn-in.
Stored 3250 MCMC samples for demonstration 2
MAP Solution: [-0.94451591 -0.10371402  0.31166184]
True reward weights: [-0.90753571 -0.40234227  0.1204144 ]
MAP Policy for current environment:

Running PBIRL with 3 demonstrations for experiment 32
MCMC completed with acceptance ratio: 0.6218
Using 3250 samples after burn-in.
Stored 3250 MCMC samples for demonstration 3
MAP Solution: [-0.93038149  0.11594666 -0.34777387]
True reward weights: [-0.90753571 -0.40234227  0.1204144 ]
MAP Policy for current environment:

Saving results to files...
Results saved successfully.

Running experiment 33/50...
Same Demos: [([(0, 1), (3, 3), (4, 3), (5, None)], [(0, 1), (3, 0), (0, 1), (3, 0)]), ([(0, 1), (3, 3), (4, 3), (5, None)], [(0, 1), (3, 0), (0, 1), (3, 0)]), ([(0, 1), (3, 3), (4, 3), (5, None)], [(0, 1), (3, 0), (0, 1), (3, 0)])]

Running PBIRL with 1 demonstrations for experiment 33
MCMC completed with acceptance ratio: 0.6212
Using 3250 samples after burn-in.
Stored 3250 MCMC samples for demonstration 1
MAP Solution: [-0.50678395 -0.72519398  0.46611557]
True reward weights: [-0.32556312 -0.30396656  0.89532842]
MAP Policy for current environment:

Running PBIRL with 2 demonstrations for experiment 33
MCMC completed with acceptance ratio: 0.6138
Using 3250 samples after burn-in.
Stored 3250 MCMC samples for demonstration 2
MAP Solution: [ 0.20252688 -0.30708149  0.92988377]
True reward weights: [-0.32556312 -0.30396656  0.89532842]
MAP Policy for current environment:

Running PBIRL with 3 demonstrations for experiment 33
MCMC completed with acceptance ratio: 0.6184
Using 3250 samples after burn-in.
Stored 3250 MCMC samples for demonstration 3
MAP Solution: [ 0.14113532 -0.31289441  0.93924327]
True reward weights: [-0.32556312 -0.30396656  0.89532842]
MAP Policy for current environment:

Running experiment 34/50...
Same Demos: [([(0, 1), (3, 3), (4, 3), (5, None)], [(0, 3), (1, 1), (4, 3), (5, None)]), ([(0, 1), (3, 3), (4, 3), (5, None)], [(0, 3), (1, 1), (4, 3), (5, None)]), ([(0, 1), (3, 3), (4, 3), (5, None)], [(0, 3), (1, 1), (4, 3), (5, None)])]

Running PBIRL with 1 demonstrations for experiment 34
MCMC completed with acceptance ratio: 0.6268
Using 3250 samples after burn-in.
Stored 3250 MCMC samples for demonstration 1
MAP Solution: [-0.30082561  0.3001178  -0.90522553]
True reward weights: [-0.839382   -0.393236    0.37523766]
MAP Policy for current environment:

Running PBIRL with 2 demonstrations for experiment 34
MCMC completed with acceptance ratio: 0.6112
Using 3250 samples after burn-in.
Stored 3250 MCMC samples for demonstration 2
MAP Solution: [-0.22254151  0.30614691 -0.92560756]
True reward weights: [-0.839382   -0.393236    0.37523766]
MAP Policy for current environment:

Running PBIRL with 3 demonstrations for experiment 34
MCMC completed with acceptance ratio: 0.6120
Using 3250 samples after burn-in.
Stored 3250 MCMC samples for demonstration 3
MAP Solution: [-0.4606753   0.27946471 -0.84242373]
True reward weights: [-0.839382   -0.393236    0.37523766]
MAP Policy for current environment:

Saving results to files...
Results saved successfully.

Running experiment 35/50...
Same Demos: [([(0, 1), (3, 3), (4, 3), (5, None)], [(0, 1), (3, 0), (0, 1), (3, 0)]), ([(0, 1), (3, 3), (4, 3), (5, None)], [(0, 1), (3, 0), (0, 1), (3, 0)]), ([(0, 1), (3, 3), (4, 3), (5, None)], [(0, 1), (3, 0), (0, 1), (3, 0)])]

Running PBIRL with 1 demonstrations for experiment 35
MCMC completed with acceptance ratio: 0.6298
Using 3250 samples after burn-in.
Stored 3250 MCMC samples for demonstration 1
MAP Solution: [-0.88884612 -0.28126843  0.36171902]
True reward weights: [-0.94121751 -0.05112011  0.33391067]
MAP Policy for current environment:

Running PBIRL with 2 demonstrations for experiment 35
MCMC completed with acceptance ratio: 0.6218
Using 3250 samples after burn-in.
Stored 3250 MCMC samples for demonstration 2
MAP Solution: [ 0.12272487 -0.31104204  0.9424391 ]
True reward weights: [-0.94121751 -0.05112011  0.33391067]
MAP Policy for current environment:

Running PBIRL with 3 demonstrations for experiment 35
MCMC completed with acceptance ratio: 0.6240
Using 3250 samples after burn-in.
Stored 3250 MCMC samples for demonstration 3
MAP Solution: [-0.83183229 -0.17756252  0.52585796]
True reward weights: [-0.94121751 -0.05112011  0.33391067]
MAP Policy for current environment:

Running experiment 36/50...
Same Demos: [([(0, 1), (3, 3), (4, 3), (5, None)], [(0, 3), (1, 3), (2, 1), (5, None)]), ([(0, 1), (3, 3), (4, 3), (5, None)], [(0, 3), (1, 3), (2, 1), (5, None)]), ([(0, 1), (3, 3), (4, 3), (5, None)], [(0, 3), (1, 3), (2, 1), (5, None)])]

Running PBIRL with 1 demonstrations for experiment 36
MCMC completed with acceptance ratio: 0.6210
Using 3250 samples after burn-in.
Stored 3250 MCMC samples for demonstration 1
MAP Solution: [-0.7581983  -0.20911177  0.61758207]
True reward weights: [-0.05456508 -0.040557    0.99768621]
MAP Policy for current environment:

Running PBIRL with 2 demonstrations for experiment 36
MCMC completed with acceptance ratio: 0.6228
Using 3250 samples after burn-in.
Stored 3250 MCMC samples for demonstration 2
MAP Solution: [-0.55767786  0.26480116 -0.78668657]
True reward weights: [-0.05456508 -0.040557    0.99768621]
MAP Policy for current environment:

Running PBIRL with 3 demonstrations for experiment 36
MCMC completed with acceptance ratio: 0.6086
Using 3250 samples after burn-in.
Stored 3250 MCMC samples for demonstration 3
MAP Solution: [-0.68478762 -0.23226549  0.69073776]
True reward weights: [-0.05456508 -0.040557    0.99768621]
MAP Policy for current environment:

Saving results to files...
Results saved successfully.

Running experiment 37/50...
Same Demos: [([(0, 1), (3, 3), (4, 3), (5, None)], [(0, 3), (1, 3), (2, 1), (5, None)]), ([(0, 1), (3, 3), (4, 3), (5, None)], [(0, 3), (1, 3), (2, 1), (5, None)]), ([(0, 1), (3, 3), (4, 3), (5, None)], [(0, 3), (1, 3), (2, 1), (5, None)])]

Running PBIRL with 1 demonstrations for experiment 37
MCMC completed with acceptance ratio: 0.6186
Using 3250 samples after burn-in.
Stored 3250 MCMC samples for demonstration 1
MAP Solution: [-0.74272373 -0.21234291  0.63503697]
True reward weights: [-0.75478167 -0.33513042  0.563908  ]
MAP Policy for current environment:

Running PBIRL with 2 demonstrations for experiment 37
MCMC completed with acceptance ratio: 0.6242
Using 3250 samples after burn-in.
Stored 3250 MCMC samples for demonstration 2
MAP Solution: [-0.75793315  0.20589657 -0.61898622]
True reward weights: [-0.75478167 -0.33513042  0.563908  ]
MAP Policy for current environment:

Running PBIRL with 3 demonstrations for experiment 37
MCMC completed with acceptance ratio: 0.6164
Using 3250 samples after burn-in.
Stored 3250 MCMC samples for demonstration 3
MAP Solution: [-0.23371081  0.3075489  -0.92238437]
True reward weights: [-0.75478167 -0.33513042  0.563908  ]
MAP Policy for current environment:

Running experiment 38/50...
Same Demos: [([(0, 1), (3, 3), (4, 3), (5, None)], [(0, 1), (3, 0), (0, 1), (3, 0)]), ([(0, 1), (3, 3), (4, 3), (5, None)], [(0, 1), (3, 0), (0, 1), (3, 0)]), ([(0, 1), (3, 3), (4, 3), (5, None)], [(0, 1), (3, 0), (0, 1), (3, 0)])]

Running PBIRL with 1 demonstrations for experiment 38
MCMC completed with acceptance ratio: 0.6234
Using 3250 samples after burn-in.
Stored 3250 MCMC samples for demonstration 1
MAP Solution: [ 0.26165939 -0.30502263  0.91569403]
True reward weights: [-0.49248773 -0.22865786  0.83974486]
MAP Policy for current environment:

Running PBIRL with 2 demonstrations for experiment 38
MCMC completed with acceptance ratio: 0.6302
Using 3250 samples after burn-in.
Stored 3250 MCMC samples for demonstration 2
MAP Solution: [-0.57779958 -0.25782423  0.77438641]
True reward weights: [-0.49248773 -0.22865786  0.83974486]
MAP Policy for current environment:

Running PBIRL with 3 demonstrations for experiment 38
MCMC completed with acceptance ratio: 0.6042
Using 3250 samples after burn-in.
Stored 3250 MCMC samples for demonstration 3
MAP Solution: [ 0.89831175 -0.14077353  0.41619564]
True reward weights: [-0.49248773 -0.22865786  0.83974486]
MAP Policy for current environment:

Saving results to files...
Results saved successfully.

Running experiment 39/50...
Same Demos: [([(0, 1), (3, 3), (4, 3), (5, None)], [(0, 1), (3, 0), (0, 1), (3, 0)]), ([(0, 1), (3, 3), (4, 3), (5, None)], [(0, 1), (3, 0), (0, 1), (3, 0)]), ([(0, 1), (3, 3), (4, 3), (5, None)], [(0, 1), (3, 0), (0, 1), (3, 0)])]

Running PBIRL with 1 demonstrations for experiment 39
MCMC completed with acceptance ratio: 0.6284
Using 3250 samples after burn-in.
Stored 3250 MCMC samples for demonstration 1
MAP Solution: [ 0.88743609 -0.14317615  0.43812986]
True reward weights: [-0.56481614 -0.46100063  0.68444222]
MAP Policy for current environment:

Running PBIRL with 2 demonstrations for experiment 39
MCMC completed with acceptance ratio: 0.6070
Using 3250 samples after burn-in.
Stored 3250 MCMC samples for demonstration 2
MAP Solution: [ 0.49010593 -0.84906233 -0.19720378]
True reward weights: [-0.56481614 -0.46100063  0.68444222]
MAP Policy for current environment:

Running PBIRL with 3 demonstrations for experiment 39
MCMC completed with acceptance ratio: 0.6192
Using 3250 samples after burn-in.
Stored 3250 MCMC samples for demonstration 3
MAP Solution: [-0.14852024 -0.31315855  0.9380157 ]
True reward weights: [-0.56481614 -0.46100063  0.68444222]
MAP Policy for current environment:

Running experiment 40/50...
Same Demos: [([(0, 1), (3, 3), (4, 3), (5, None)], [(0, 1), (3, 0), (0, 1), (3, 0)]), ([(0, 1), (3, 3), (4, 3), (5, None)], [(0, 1), (3, 0), (0, 1), (3, 0)]), ([(0, 1), (3, 3), (4, 3), (5, None)], [(0, 1), (3, 0), (0, 1), (3, 0)])]

Running PBIRL with 1 demonstrations for experiment 40
MCMC completed with acceptance ratio: 0.6296
Using 3250 samples after burn-in.
Stored 3250 MCMC samples for demonstration 1
MAP Solution: [-0.34129775 -0.29463084  0.8925853 ]
True reward weights: [-0.6667631  -0.57474284  0.47444455]
MAP Policy for current environment:

Running PBIRL with 2 demonstrations for experiment 40
MCMC completed with acceptance ratio: 0.6262
Using 3250 samples after burn-in.
Stored 3250 MCMC samples for demonstration 2
MAP Solution: [ 0.02734775 -0.98065918  0.19380319]
True reward weights: [-0.6667631  -0.57474284  0.47444455]
MAP Policy for current environment:

Running PBIRL with 3 demonstrations for experiment 40
MCMC completed with acceptance ratio: 0.6126
Using 3250 samples after burn-in.
Stored 3250 MCMC samples for demonstration 3
MAP Solution: [0.30406147 0.08871746 0.94851243]
True reward weights: [-0.6667631  -0.57474284  0.47444455]
MAP Policy for current environment:

Saving results to files...
Results saved successfully.

Running experiment 41/50...
Same Demos: [([(0, 1), (3, 3), (4, 3), (5, None)], [(0, 3), (1, 3), (2, 1), (5, None)]), ([(0, 1), (3, 3), (4, 3), (5, None)], [(0, 3), (1, 3), (2, 1), (5, None)]), ([(0, 1), (3, 3), (4, 3), (5, None)], [(0, 3), (1, 3), (2, 1), (5, None)])]

Running PBIRL with 1 demonstrations for experiment 41
MCMC completed with acceptance ratio: 0.6292
Using 3250 samples after burn-in.
Stored 3250 MCMC samples for demonstration 1
MAP Solution: [-0.82132357  0.17868521 -0.54175565]
True reward weights: [-0.46247666 -0.0267168   0.88622884]
MAP Policy for current environment:

Running PBIRL with 2 demonstrations for experiment 41
MCMC completed with acceptance ratio: 0.6162
Using 3250 samples after burn-in.
Stored 3250 MCMC samples for demonstration 2
MAP Solution: [-0.98341996 -0.05595411  0.17249443]
True reward weights: [-0.46247666 -0.0267168   0.88622884]
MAP Policy for current environment:

Running PBIRL with 3 demonstrations for experiment 41
MCMC completed with acceptance ratio: 0.6158
Using 3250 samples after burn-in.
Stored 3250 MCMC samples for demonstration 3
MAP Solution: [-0.78733205  0.19662933 -0.58433308]
True reward weights: [-0.46247666 -0.0267168   0.88622884]
MAP Policy for current environment:

Running experiment 42/50...
Same Demos: [([(0, 1), (3, 3), (4, 3), (5, None)], [(0, 1), (3, 0), (0, 1), (3, 0)]), ([(0, 1), (3, 3), (4, 3), (5, None)], [(0, 1), (3, 0), (0, 1), (3, 0)]), ([(0, 1), (3, 3), (4, 3), (5, None)], [(0, 1), (3, 0), (0, 1), (3, 0)])]

Running PBIRL with 1 demonstrations for experiment 42
MCMC completed with acceptance ratio: 0.6322
Using 3250 samples after burn-in.
Stored 3250 MCMC samples for demonstration 1
MAP Solution: [-0.25468478 -0.30771169  0.91676015]
True reward weights: [-0.71505276 -0.68463496  0.14133129]
MAP Policy for current environment:

Running PBIRL with 2 demonstrations for experiment 42
MCMC completed with acceptance ratio: 0.6168
Using 3250 samples after burn-in.
Stored 3250 MCMC samples for demonstration 2
MAP Solution: [ 0.53054967 -0.26550093  0.80500081]
True reward weights: [-0.71505276 -0.68463496  0.14133129]
MAP Policy for current environment:

Running PBIRL with 3 demonstrations for experiment 42
MCMC completed with acceptance ratio: 0.6260
Using 3250 samples after burn-in.
Stored 3250 MCMC samples for demonstration 3
MAP Solution: [0.11093878 0.51687433 0.84884246]
True reward weights: [-0.71505276 -0.68463496  0.14133129]
MAP Policy for current environment:

Saving results to files...
Results saved successfully.

Running experiment 43/50...
Same Demos: [([(0, 1), (3, 3), (4, 3), (5, None)], [(0, 1), (3, 0), (0, 1), (3, 0)]), ([(0, 1), (3, 3), (4, 3), (5, None)], [(0, 1), (3, 0), (0, 1), (3, 0)]), ([(0, 1), (3, 3), (4, 3), (5, None)], [(0, 1), (3, 0), (0, 1), (3, 0)])]

Running PBIRL with 1 demonstrations for experiment 43
MCMC completed with acceptance ratio: 0.6140
Using 3250 samples after burn-in.
Stored 3250 MCMC samples for demonstration 1
MAP Solution: [-0.87833809 -0.44380305  0.17765428]
True reward weights: [-0.94655708 -0.29794542  0.12352418]
MAP Policy for current environment:

Running PBIRL with 2 demonstrations for experiment 43
MCMC completed with acceptance ratio: 0.6236
Using 3250 samples after burn-in.
Stored 3250 MCMC samples for demonstration 2
MAP Solution: [ 0.5375339  -0.08040289  0.83940019]
True reward weights: [-0.94655708 -0.29794542  0.12352418]
MAP Policy for current environment:

Running PBIRL with 3 demonstrations for experiment 43
MCMC completed with acceptance ratio: 0.6108
Using 3250 samples after burn-in.
Stored 3250 MCMC samples for demonstration 3
MAP Solution: [ 0.06389991 -0.31483441  0.94699319]
True reward weights: [-0.94655708 -0.29794542  0.12352418]
MAP Policy for current environment:

Running experiment 44/50...
Same Demos: [([(0, 1), (3, 3), (4, 3), (5, None)], [(0, 3), (1, 3), (2, 1), (5, None)]), ([(0, 1), (3, 3), (4, 3), (5, None)], [(0, 3), (1, 3), (2, 1), (5, None)]), ([(0, 1), (3, 3), (4, 3), (5, None)], [(0, 3), (1, 3), (2, 1), (5, None)])]

Running PBIRL with 1 demonstrations for experiment 44
MCMC completed with acceptance ratio: 0.6236
Using 3250 samples after burn-in.
Stored 3250 MCMC samples for demonstration 1
MAP Solution: [-0.97015931 -0.07404667  0.23088528]
True reward weights: [-0.88315502 -0.32822573  0.33511952]
MAP Policy for current environment:

Running PBIRL with 2 demonstrations for experiment 44
MCMC completed with acceptance ratio: 0.6126
Using 3250 samples after burn-in.
Stored 3250 MCMC samples for demonstration 2
MAP Solution: [-0.90646249  0.40728741 -0.11154695]
True reward weights: [-0.88315502 -0.32822573  0.33511952]
MAP Policy for current environment:

Running PBIRL with 3 demonstrations for experiment 44
MCMC completed with acceptance ratio: 0.6054
Using 3250 samples after burn-in.
Stored 3250 MCMC samples for demonstration 3
MAP Solution: [-0.65501247  0.23884375 -0.71687679]
True reward weights: [-0.88315502 -0.32822573  0.33511952]
MAP Policy for current environment:

Saving results to files...
Results saved successfully.

Running experiment 45/50...
Same Demos: [([(0, 1), (3, 3), (4, 3), (5, None)], [(0, 3), (1, 1), (4, 3), (5, None)]), ([(0, 1), (3, 3), (4, 3), (5, None)], [(0, 3), (1, 1), (4, 3), (5, None)]), ([(0, 1), (3, 3), (4, 3), (5, None)], [(0, 3), (1, 1), (4, 3), (5, None)])]

Running PBIRL with 1 demonstrations for experiment 45
MCMC completed with acceptance ratio: 0.6182
Using 3250 samples after burn-in.
Stored 3250 MCMC samples for demonstration 1
MAP Solution: [-0.96391271  0.08444948 -0.25246894]
True reward weights: [-0.83381491 -0.37890594  0.40147601]
MAP Policy for current environment:

Running PBIRL with 2 demonstrations for experiment 45
MCMC completed with acceptance ratio: 0.6146
Using 3250 samples after burn-in.
Stored 3250 MCMC samples for demonstration 2
MAP Solution: [-0.51096114  0.26889446 -0.81646463]
True reward weights: [-0.83381491 -0.37890594  0.40147601]
MAP Policy for current environment:

Running PBIRL with 3 demonstrations for experiment 45
MCMC completed with acceptance ratio: 0.6224
Using 3250 samples after burn-in.
Stored 3250 MCMC samples for demonstration 3
MAP Solution: [-0.83705411  0.17546921 -0.51821903]
True reward weights: [-0.83381491 -0.37890594  0.40147601]
MAP Policy for current environment:

Running experiment 46/50...
Same Demos: [([(0, 1), (3, 3), (4, 3), (5, None)], [(0, 3), (1, 1), (4, 3), (5, None)]), ([(0, 1), (3, 3), (4, 3), (5, None)], [(0, 3), (1, 1), (4, 3), (5, None)]), ([(0, 1), (3, 3), (4, 3), (5, None)], [(0, 3), (1, 1), (4, 3), (5, None)])]

Running PBIRL with 1 demonstrations for experiment 46
MCMC completed with acceptance ratio: 0.6342
Using 3250 samples after burn-in.
Stored 3250 MCMC samples for demonstration 1
MAP Solution: [-0.98629255  0.05092864 -0.15694994]
True reward weights: [-0.82098277 -0.18440172  0.54035479]
MAP Policy for current environment:

Running PBIRL with 2 demonstrations for experiment 46
MCMC completed with acceptance ratio: 0.6098
Using 3250 samples after burn-in.
Stored 3250 MCMC samples for demonstration 2
MAP Solution: [-0.20418327  0.31037243 -0.92842778]
True reward weights: [-0.82098277 -0.18440172  0.54035479]
MAP Policy for current environment:

Running PBIRL with 3 demonstrations for experiment 46
MCMC completed with acceptance ratio: 0.6138
Using 3250 samples after burn-in.
Stored 3250 MCMC samples for demonstration 3
MAP Solution: [-0.40632019  0.29138541 -0.86602451]
True reward weights: [-0.82098277 -0.18440172  0.54035479]
MAP Policy for current environment:

Saving results to files...
Results saved successfully.

Running experiment 47/50...
Same Demos: [([(0, 1), (3, 3), (4, 3), (5, None)], [(0, 1), (3, 0), (0, 1), (3, 0)]), ([(0, 1), (3, 3), (4, 3), (5, None)], [(0, 1), (3, 0), (0, 1), (3, 0)]), ([(0, 1), (3, 3), (4, 3), (5, None)], [(0, 1), (3, 0), (0, 1), (3, 0)])]

Running PBIRL with 1 demonstrations for experiment 47
MCMC completed with acceptance ratio: 0.6292
Using 3250 samples after burn-in.
Stored 3250 MCMC samples for demonstration 1
MAP Solution: [-0.48618164 -0.27416214  0.82973643]
True reward weights: [-0.73857451 -0.23755048  0.63093381]
MAP Policy for current environment:

Running PBIRL with 2 demonstrations for experiment 47
MCMC completed with acceptance ratio: 0.6076
Using 3250 samples after burn-in.
Stored 3250 MCMC samples for demonstration 2
MAP Solution: [-0.20101588 -0.97895075 -0.03532755]
True reward weights: [-0.73857451 -0.23755048  0.63093381]
MAP Policy for current environment:

Running PBIRL with 3 demonstrations for experiment 47
MCMC completed with acceptance ratio: 0.6216
Using 3250 samples after burn-in.
Stored 3250 MCMC samples for demonstration 3
MAP Solution: [-0.13322692 -0.31501015  0.93969101]
True reward weights: [-0.73857451 -0.23755048  0.63093381]
MAP Policy for current environment:

Running experiment 48/50...
Same Demos: [([(0, 1), (3, 3), (4, 3), (5, None)], [(0, 3), (1, 1), (4, 3), (5, None)]), ([(0, 1), (3, 3), (4, 3), (5, None)], [(0, 3), (1, 1), (4, 3), (5, None)]), ([(0, 1), (3, 3), (4, 3), (5, None)], [(0, 3), (1, 1), (4, 3), (5, None)])]

Running PBIRL with 1 demonstrations for experiment 48
MCMC completed with acceptance ratio: 0.6350
Using 3250 samples after burn-in.
Stored 3250 MCMC samples for demonstration 1
MAP Solution: [-0.19712934  0.30827617 -0.93064807]
True reward weights: [-0.95541883 -0.18852986  0.22722531]
MAP Policy for current environment:

Running PBIRL with 2 demonstrations for experiment 48
MCMC completed with acceptance ratio: 0.6278
Using 3250 samples after burn-in.
Stored 3250 MCMC samples for demonstration 2
MAP Solution: [-0.62492534 -0.24410112  0.74154094]
True reward weights: [-0.95541883 -0.18852986  0.22722531]
MAP Policy for current environment:

Running PBIRL with 3 demonstrations for experiment 48
MCMC completed with acceptance ratio: 0.6248
Using 3250 samples after burn-in.
Stored 3250 MCMC samples for demonstration 3
MAP Solution: [-0.99999658 -0.00178217  0.00191372]
True reward weights: [-0.95541883 -0.18852986  0.22722531]
MAP Policy for current environment:

Saving results to files...
Results saved successfully.

Running experiment 49/50...
Same Demos: [([(0, 1), (3, 3), (4, 3), (5, None)], [(0, 3), (1, 3), (2, 1), (5, None)]), ([(0, 1), (3, 3), (4, 3), (5, None)], [(0, 3), (1, 3), (2, 1), (5, None)]), ([(0, 1), (3, 3), (4, 3), (5, None)], [(0, 3), (1, 3), (2, 1), (5, None)])]

Running PBIRL with 1 demonstrations for experiment 49
MCMC completed with acceptance ratio: 0.6234
Using 3250 samples after burn-in.
Stored 3250 MCMC samples for demonstration 1
MAP Solution: [-0.95991658 -0.0886631   0.26589285]
True reward weights: [-0.98484463 -0.1489005   0.08893646]
MAP Policy for current environment:

Running PBIRL with 2 demonstrations for experiment 49
MCMC completed with acceptance ratio: 0.6086
Using 3250 samples after burn-in.
Stored 3250 MCMC samples for demonstration 2
MAP Solution: [-0.99100213 -0.04430925  0.12629913]
True reward weights: [-0.98484463 -0.1489005   0.08893646]
MAP Policy for current environment:

Running PBIRL with 3 demonstrations for experiment 49
MCMC completed with acceptance ratio: 0.6080
Using 3250 samples after burn-in.
Stored 3250 MCMC samples for demonstration 3
MAP Solution: [-0.76432722  0.20411709 -0.61166994]
True reward weights: [-0.98484463 -0.1489005   0.08893646]
MAP Policy for current environment:

Running experiment 50/50...
Same Demos: [([(0, 1), (3, 3), (4, 3), (5, None)], [(0, 3), (1, 1), (4, 3), (5, None)]), ([(0, 1), (3, 3), (4, 3), (5, None)], [(0, 3), (1, 1), (4, 3), (5, None)]), ([(0, 1), (3, 3), (4, 3), (5, None)], [(0, 3), (1, 1), (4, 3), (5, None)])]

Running PBIRL with 1 demonstrations for experiment 50
MCMC completed with acceptance ratio: 0.6270
Using 3250 samples after burn-in.
Stored 3250 MCMC samples for demonstration 1
MAP Solution: [-0.94626992  0.10180111 -0.30693609]
True reward weights: [-0.47840873 -0.41855607  0.77196885]
MAP Policy for current environment:

Running PBIRL with 2 demonstrations for experiment 50
MCMC completed with acceptance ratio: 0.6200
Using 3250 samples after burn-in.
Stored 3250 MCMC samples for demonstration 2
MAP Solution: [-0.97378304  0.0746453  -0.21488293]
True reward weights: [-0.47840873 -0.41855607  0.77196885]
MAP Policy for current environment:

Running PBIRL with 3 demonstrations for experiment 50
MCMC completed with acceptance ratio: 0.6026
Using 3250 samples after burn-in.
Stored 3250 MCMC samples for demonstration 3
MAP Solution: [-0.38734772  0.91423501  0.1188953 ]
True reward weights: [-0.47840873 -0.41855607  0.77196885]
MAP Policy for current environment:

Saving results to files...
Results saved successfully.
