Config file loaded successfully.
Feature weights for environment: [-0.97266673 -0.03083248  0.23014951]
Feature weights for environment: [-0.35835056 -0.08647525  0.92957351]
Feature weights for environment: [-0.71046942 -0.64188771  0.28846728]
Feature weights for environment: [-0.89578956 -0.24432685  0.37130237]
Feature weights for environment: [-0.7282924  -0.22722733  0.64649665]
Feature weights for environment: [-0.75022399 -0.57596895  0.32469021]
Feature weights for environment: [-0.70842322 -0.26108332  0.65572254]
Feature weights for environment: [-0.74635145 -0.57484795  0.33542412]
Feature weights for environment: [-0.0505111  -0.01531811  0.99860602]
Feature weights for environment: [-0.76518493 -0.64328377  0.02603879]
Feature weights for environment: [-0.87829137 -0.24439244  0.41094598]
Feature weights for environment: [-0.8497926  -0.50850291  0.13884283]
Feature weights for environment: [-0.34477193 -0.32328333  0.88126058]
Feature weights for environment: [-0.43088031 -0.17122291  0.88601629]
Feature weights for environment: [-0.75433776 -0.02805593  0.65588674]
Feature weights for environment: [-0.92032338 -0.11683579  0.37330186]
Feature weights for environment: [-0.76208548 -0.28664819  0.58056743]
Feature weights for environment: [-0.39174849 -0.30341429  0.86860399]
Feature weights for environment: [-0.92648321 -0.16748955  0.33701054]
Feature weights for environment: [-0.61012931 -0.3129562   0.72787406]
Feature weights for environment: [-0.3738588  -0.3262014   0.86822937]
Feature weights for environment: [-0.70965126 -0.6051058   0.36089066]
Feature weights for environment: [-0.74528522 -0.55533186  0.36899385]
Feature weights for environment: [-0.68144434 -0.29187893  0.6711485 ]
Feature weights for environment: [-0.44714936 -0.30119858  0.84222139]
Feature weights for environment: [-0.7333898  -0.47830978  0.48307263]
Feature weights for environment: [-0.65557811 -0.01374154  0.75500233]
Feature weights for environment: [-0.866301   -0.34967581  0.35672034]
Feature weights for environment: [-0.6535586  -0.23072892  0.72085041]
Feature weights for environment: [-0.81326386 -0.04441834  0.5801973 ]
Feature weights for environment: [-0.27534761 -0.19938474  0.94044108]
Feature weights for environment: [-0.90753571 -0.40234227  0.1204144 ]
Feature weights for environment: [-0.32556312 -0.30396656  0.89532842]
Feature weights for environment: [-0.839382   -0.393236    0.37523766]
Feature weights for environment: [-0.94121751 -0.05112011  0.33391067]
Feature weights for environment: [-0.05456508 -0.040557    0.99768621]
Feature weights for environment: [-0.75478167 -0.33513042  0.563908  ]
Feature weights for environment: [-0.49248773 -0.22865786  0.83974486]
Feature weights for environment: [-0.56481614 -0.46100063  0.68444222]
Feature weights for environment: [-0.6667631  -0.57474284  0.47444455]
Feature weights for environment: [-0.46247666 -0.0267168   0.88622884]
Feature weights for environment: [-0.71505276 -0.68463496  0.14133129]
Feature weights for environment: [-0.94655708 -0.29794542  0.12352418]
Feature weights for environment: [-0.88315502 -0.32822573  0.33511952]
Feature weights for environment: [-0.83381491 -0.37890594  0.40147601]
Feature weights for environment: [-0.82098277 -0.18440172  0.54035479]
Feature weights for environment: [-0.73857451 -0.23755048  0.63093381]
Feature weights for environment: [-0.95541883 -0.18852986  0.22722531]
Feature weights for environment: [-0.98484463 -0.1489005   0.08893646]
Feature weights for environment: [-0.47840873 -0.41855607  0.77196885]
Generated optimal policies for all environments.

Running experiment 1/50...
Shuffled Estops: [([(0, 3), (1, 2), (0, 3), (1, 2), (0, 0), (0, 1), (3, 1), (3, 0), (0, 1), (3, 2)], 0), ([(0, 1), (3, 2), (0, 0), (1, 1), (4, 0), (5, None)], 0), ([(0, 0), (0, 1), (3, 3), (4, 1), (4, 1), (5, None)], 5), ([(0, 1), (3, 0), (0, 0), (0, 1), (0, 2), (0, 2), (0, 2), (0, 0), (0, 3), (1, 2)], 0), ([(0, 2), (0, 3), (1, 1), (2, 2), (1, 1), (4, 3), (5, None)], 0), ([(0, 0), (0, 3), (1, 3), (1, 0), (2, 1), (5, None)], 0)]

Running PBIRL with 1 demonstrations for experiment 1
MCMC completed with acceptance ratio: 0.5639
Using 19500 samples after burn-in.
MAP Solution: [0.21107587 0.95638133 0.20194485]
True reward weights: [-0.97266673 -0.03083248  0.23014951]
MAP Policy for current environment:
Config file loaded successfully.
Feature weights for environment: [-0.97266673 -0.03083248  0.23014951]
Feature weights for environment: [-0.35835056 -0.08647525  0.92957351]
Feature weights for environment: [-0.71046942 -0.64188771  0.28846728]
Feature weights for environment: [-0.89578956 -0.24432685  0.37130237]
Feature weights for environment: [-0.7282924  -0.22722733  0.64649665]
Feature weights for environment: [-0.75022399 -0.57596895  0.32469021]
Feature weights for environment: [-0.70842322 -0.26108332  0.65572254]
Feature weights for environment: [-0.74635145 -0.57484795  0.33542412]
Feature weights for environment: [-0.0505111  -0.01531811  0.99860602]
Feature weights for environment: [-0.76518493 -0.64328377  0.02603879]
Feature weights for environment: [-0.87829137 -0.24439244  0.41094598]
Feature weights for environment: [-0.8497926  -0.50850291  0.13884283]
Feature weights for environment: [-0.34477193 -0.32328333  0.88126058]
Feature weights for environment: [-0.43088031 -0.17122291  0.88601629]
Feature weights for environment: [-0.75433776 -0.02805593  0.65588674]
Feature weights for environment: [-0.92032338 -0.11683579  0.37330186]
Feature weights for environment: [-0.76208548 -0.28664819  0.58056743]
Feature weights for environment: [-0.39174849 -0.30341429  0.86860399]
Feature weights for environment: [-0.92648321 -0.16748955  0.33701054]
Feature weights for environment: [-0.61012931 -0.3129562   0.72787406]
Feature weights for environment: [-0.3738588  -0.3262014   0.86822937]
Feature weights for environment: [-0.70965126 -0.6051058   0.36089066]
Feature weights for environment: [-0.74528522 -0.55533186  0.36899385]
Feature weights for environment: [-0.68144434 -0.29187893  0.6711485 ]
Feature weights for environment: [-0.44714936 -0.30119858  0.84222139]
Feature weights for environment: [-0.7333898  -0.47830978  0.48307263]
Feature weights for environment: [-0.65557811 -0.01374154  0.75500233]
Feature weights for environment: [-0.866301   -0.34967581  0.35672034]
Feature weights for environment: [-0.6535586  -0.23072892  0.72085041]
Feature weights for environment: [-0.81326386 -0.04441834  0.5801973 ]
Feature weights for environment: [-0.27534761 -0.19938474  0.94044108]
Feature weights for environment: [-0.90753571 -0.40234227  0.1204144 ]
Feature weights for environment: [-0.32556312 -0.30396656  0.89532842]
Feature weights for environment: [-0.839382   -0.393236    0.37523766]
Feature weights for environment: [-0.94121751 -0.05112011  0.33391067]
Feature weights for environment: [-0.05456508 -0.040557    0.99768621]
Feature weights for environment: [-0.75478167 -0.33513042  0.563908  ]
Feature weights for environment: [-0.49248773 -0.22865786  0.83974486]
Feature weights for environment: [-0.56481614 -0.46100063  0.68444222]
Feature weights for environment: [-0.6667631  -0.57474284  0.47444455]
Feature weights for environment: [-0.46247666 -0.0267168   0.88622884]
Feature weights for environment: [-0.71505276 -0.68463496  0.14133129]
Feature weights for environment: [-0.94655708 -0.29794542  0.12352418]
Feature weights for environment: [-0.88315502 -0.32822573  0.33511952]
Feature weights for environment: [-0.83381491 -0.37890594  0.40147601]
Feature weights for environment: [-0.82098277 -0.18440172  0.54035479]
Feature weights for environment: [-0.73857451 -0.23755048  0.63093381]
Feature weights for environment: [-0.95541883 -0.18852986  0.22722531]
Feature weights for environment: [-0.98484463 -0.1489005   0.08893646]
Feature weights for environment: [-0.47840873 -0.41855607  0.77196885]
Generated optimal policies for all environments.

Running experiment 1/50...
Shuffled Estops: [([(0, 3), (1, 1), (2, 3), (5, None)], 0), ([(0, 3), (0, 0), (0, 1), (3, 3), (4, 0), (1, 1), (4, 3), (5, None)], 0), ([(0, 0), (0, 1), (3, 3), (4, 3), (5, None)], 4), ([(0, 0), (0, 2), (0, 2), (0, 2), (0, 2), (0, 2), (3, 1), (3, 3), (0, 3), (1, 0)], 0), ([(0, 0), (0, 0), (0, 0), (0, 2), (0, 2), (0, 2), (0, 0), (0, 1), (3, 3), (4, 3), (5, None)], 0), ([(0, 3), (3, 2), (3, 1), (3, 0), (0, 2), (0, 1), (3, 3), (4, 2), (3, 2), (3, 2)], 0)]

Running PBIRL with 1 demonstrations for experiment 1
MCMC completed with acceptance ratio: 0.5849
Using 6500 samples after burn-in.
MAP Solution: [-0.70921693  0.29309448  0.64117624]
True reward weights: [-0.97266673 -0.03083248  0.23014951]
MAP Policy for current environment:
0.85-VaR-max-normalization for 1 demonstrations: 1.099228
0.9-VaR-max-normalization for 1 demonstrations: 1.101658
0.95-VaR-max-normalization for 1 demonstrations: 1.104000
0.99-VaR-max-normalization for 1 demonstrations: 1.105766
True EVD for 1 demonstrations: 0.000000
Avar bound for threshold 0.1: 1.104000
INSUFFICIENT (1.104000 >= 0.1)
Avar bound for threshold 0.2: 1.104000
INSUFFICIENT (1.104000 >= 0.2)
Avar bound for threshold 0.3: 1.104000
INSUFFICIENT (1.104000 >= 0.3)
Avar bound for threshold 0.4: 1.104000
INSUFFICIENT (1.104000 >= 0.4)

Running PBIRL with 2 demonstrations for experiment 1
MCMC completed with acceptance ratio: 0.5803
Using 6500 samples after burn-in.
MAP Solution: [-0.72785909  0.64960215 -0.21963193]
True reward weights: [-0.97266673 -0.03083248  0.23014951]
MAP Policy for current environment:
0.85-VaR-max-normalization for 2 demonstrations: 3.117277
0.9-VaR-max-normalization for 2 demonstrations: 6.341249
0.95-VaR-max-normalization for 2 demonstrations: 7.666749
0.99-VaR-max-normalization for 2 demonstrations: 8.354018
True EVD for 2 demonstrations: 5.834776
Avar bound for threshold 0.1: 7.666749
INSUFFICIENT (7.666749 >= 0.1)
Avar bound for threshold 0.2: 7.666749
INSUFFICIENT (7.666749 >= 0.2)
Avar bound for threshold 0.3: 7.666749
INSUFFICIENT (7.666749 >= 0.3)
Avar bound for threshold 0.4: 7.666749
INSUFFICIENT (7.666749 >= 0.4)

Running PBIRL with 3 demonstrations for experiment 1
MCMC completed with acceptance ratio: 0.5824
Using 6500 samples after burn-in.
MAP Solution: [ 0.35459756  0.77102191 -0.52894782]
True reward weights: [-0.97266673 -0.03083248  0.23014951]
MAP Policy for current environment:
0.85-VaR-max-normalization for 3 demonstrations: 3.268273
0.9-VaR-max-normalization for 3 demonstrations: 5.934666
0.95-VaR-max-normalization for 3 demonstrations: 7.644161
0.99-VaR-max-normalization for 3 demonstrations: 8.392248
True EVD for 3 demonstrations: 5.834776
Avar bound for threshold 0.1: 7.644161
INSUFFICIENT (7.644161 >= 0.1)
Avar bound for threshold 0.2: 7.644161
INSUFFICIENT (7.644161 >= 0.2)
Avar bound for threshold 0.3: 7.644161
INSUFFICIENT (7.644161 >= 0.3)
Avar bound for threshold 0.4: 7.644161
INSUFFICIENT (7.644161 >= 0.4)

Running PBIRL with 4 demonstrations for experiment 1
MCMC completed with acceptance ratio: 0.5156
Using 6500 samples after burn-in.
MAP Solution: [-0.54084791  0.73880448 -0.40205905]
True reward weights: [-0.97266673 -0.03083248  0.23014951]
MAP Policy for current environment:
0.85-VaR-max-normalization for 4 demonstrations: 4.228384
0.9-VaR-max-normalization for 4 demonstrations: 6.328008
0.95-VaR-max-normalization for 4 demonstrations: 7.607036
0.99-VaR-max-normalization for 4 demonstrations: 8.411828
True EVD for 4 demonstrations: 5.834776
Avar bound for threshold 0.1: 7.607036
INSUFFICIENT (7.607036 >= 0.1)
Avar bound for threshold 0.2: 7.607036
INSUFFICIENT (7.607036 >= 0.2)
Avar bound for threshold 0.3: 7.607036
INSUFFICIENT (7.607036 >= 0.3)
Avar bound for threshold 0.4: 7.607036
INSUFFICIENT (7.607036 >= 0.4)

Running PBIRL with 5 demonstrations for experiment 1
MCMC completed with acceptance ratio: 0.4482
Using 6500 samples after burn-in.
MAP Solution: [-0.62243933  0.71769059 -0.31223308]
True reward weights: [-0.97266673 -0.03083248  0.23014951]
MAP Policy for current environment:
0.85-VaR-max-normalization for 5 demonstrations: 0.000000
0.9-VaR-max-normalization for 5 demonstrations: 0.000000
0.95-VaR-max-normalization for 5 demonstrations: 0.000000
0.99-VaR-max-normalization for 5 demonstrations: 0.000000
True EVD for 5 demonstrations: 5.834776
Avar bound for threshold 0.1: 0.000000
SUFFICIENT (0.000000 < 0.1)
Avar bound for threshold 0.2: 0.000000
SUFFICIENT (0.000000 < 0.2)
Avar bound for threshold 0.3: 0.000000
SUFFICIENT (0.000000 < 0.3)
Avar bound for threshold 0.4: 0.000000
SUFFICIENT (0.000000 < 0.4)

Running PBIRL with 6 demonstrations for experiment 1
MCMC completed with acceptance ratio: 0.4625
Using 6500 samples after burn-in.
MAP Solution: [ 0.4841116   0.8679725  -0.11072352]
True reward weights: [-0.97266673 -0.03083248  0.23014951]
MAP Policy for current environment:
0.85-VaR-max-normalization for 6 demonstrations: 0.000000
0.9-VaR-max-normalization for 6 demonstrations: 0.000000
0.95-VaR-max-normalization for 6 demonstrations: 0.000000
0.99-VaR-max-normalization for 6 demonstrations: 0.000000
True EVD for 6 demonstrations: 5.834776
Avar bound for threshold 0.1: 0.000000
SUFFICIENT (0.000000 < 0.1)
Avar bound for threshold 0.2: 0.000000
SUFFICIENT (0.000000 < 0.2)
Avar bound for threshold 0.3: 0.000000
SUFFICIENT (0.000000 < 0.3)
Avar bound for threshold 0.4: 0.000000
SUFFICIENT (0.000000 < 0.4)

Running experiment 2/50...
Shuffled Estops: [([(0, 3), (1, 1), (4, 2), (3, 2), (3, 3), (4, 1), (4, 2), (3, 1), (3, 0), (0, 1)], 0), ([(0, 0), (1, 0), (1, 0), (1, 3), (2, 3), (2, 3), (2, 0), (2, 1), (5, None)], 0), ([(0, 2), (0, 0), (0, 2), (0, 3), (0, 1), (1, 2), (4, 1), (3, 3), (4, 0), (3, 3)], 0), ([(0, 0), (0, 2), (0, 1), (3, 2), (0, 0), (0, 1), (3, 3), (4, 2), (3, 2), (3, 1)], 0), ([(0, 1), (3, 2), (3, 0), (0, 0), (0, 0), (0, 2), (0, 1), (3, 3), (4, 2), (3, 1)], 0), ([(0, 2), (0, 1), (3, 2), (0, 2), (0, 0), (0, 1), (3, 0), (0, 1), (3, 0), (0, 2)], 0)]

Running PBIRL with 1 demonstrations for experiment 2
MCMC completed with acceptance ratio: 0.5815
Using 6500 samples after burn-in.
MAP Solution: [-0.15627148  0.20947608  0.96524556]
True reward weights: [-0.35835056 -0.08647525  0.92957351]
MAP Policy for current environment:
0.85-VaR-max-normalization for 1 demonstrations: 1.094914
0.9-VaR-max-normalization for 1 demonstrations: 1.098453
0.95-VaR-max-normalization for 1 demonstrations: 1.102586
0.99-VaR-max-normalization for 1 demonstrations: 1.105625
True EVD for 1 demonstrations: 0.000000
Avar bound for threshold 0.1: 1.102586
INSUFFICIENT (1.102586 >= 0.1)
Avar bound for threshold 0.2: 1.102586
INSUFFICIENT (1.102586 >= 0.2)
Avar bound for threshold 0.3: 1.102586
INSUFFICIENT (1.102586 >= 0.3)
Avar bound for threshold 0.4: 1.102586
INSUFFICIENT (1.102586 >= 0.4)

Running PBIRL with 2 demonstrations for experiment 2
MCMC completed with acceptance ratio: 0.5483
Using 6500 samples after burn-in.
MAP Solution: [-0.49931596  0.71880548 -0.48373779]
True reward weights: [-0.35835056 -0.08647525  0.92957351]
MAP Policy for current environment:
0.85-VaR-max-normalization for 2 demonstrations: 7.819261
0.9-VaR-max-normalization for 2 demonstrations: 8.682519
0.95-VaR-max-normalization for 2 demonstrations: 9.222201
0.99-VaR-max-normalization for 2 demonstrations: 9.625178
True EVD for 2 demonstrations: 9.818896
Avar bound for threshold 0.1: 9.222201
INSUFFICIENT (9.222201 >= 0.1)
Avar bound for threshold 0.2: 9.222201
INSUFFICIENT (9.222201 >= 0.2)
Avar bound for threshold 0.3: 9.222201
INSUFFICIENT (9.222201 >= 0.3)
Avar bound for threshold 0.4: 9.222201
INSUFFICIENT (9.222201 >= 0.4)

Running PBIRL with 3 demonstrations for experiment 2
MCMC completed with acceptance ratio: 0.5381
Using 6500 samples after burn-in.
MAP Solution: [-0.92942387  0.05067262 -0.36551819]
True reward weights: [-0.35835056 -0.08647525  0.92957351]
MAP Policy for current environment:
0.85-VaR-max-normalization for 3 demonstrations: 7.690406
0.9-VaR-max-normalization for 3 demonstrations: 8.687584
0.95-VaR-max-normalization for 3 demonstrations: 9.285185
0.99-VaR-max-normalization for 3 demonstrations: 9.613711
True EVD for 3 demonstrations: 9.818896
Avar bound for threshold 0.1: 9.285185
INSUFFICIENT (9.285185 >= 0.1)
Avar bound for threshold 0.2: 9.285185
INSUFFICIENT (9.285185 >= 0.2)
Avar bound for threshold 0.3: 9.285185
INSUFFICIENT (9.285185 >= 0.3)
Avar bound for threshold 0.4: 9.285185
INSUFFICIENT (9.285185 >= 0.4)

Running PBIRL with 4 demonstrations for experiment 2
MCMC completed with acceptance ratio: 0.5449
Using 6500 samples after burn-in.
MAP Solution: [-0.3299788   0.90808552 -0.25786561]
True reward weights: [-0.35835056 -0.08647525  0.92957351]
MAP Policy for current environment:
0.85-VaR-max-normalization for 4 demonstrations: 7.715156
0.9-VaR-max-normalization for 4 demonstrations: 8.482649
0.95-VaR-max-normalization for 4 demonstrations: 9.188962
0.99-VaR-max-normalization for 4 demonstrations: 9.589926
True EVD for 4 demonstrations: 9.818896
Avar bound for threshold 0.1: 9.188962
INSUFFICIENT (9.188962 >= 0.1)
Avar bound for threshold 0.2: 9.188962
INSUFFICIENT (9.188962 >= 0.2)
Avar bound for threshold 0.3: 9.188962
INSUFFICIENT (9.188962 >= 0.3)
Avar bound for threshold 0.4: 9.188962
INSUFFICIENT (9.188962 >= 0.4)

Running PBIRL with 5 demonstrations for experiment 2
MCMC completed with acceptance ratio: 0.5502
Using 6500 samples after burn-in.
MAP Solution: [-0.08553834  0.99608408  0.0223541 ]
True reward weights: [-0.35835056 -0.08647525  0.92957351]
MAP Policy for current environment:
0.85-VaR-max-normalization for 5 demonstrations: 7.618527
0.9-VaR-max-normalization for 5 demonstrations: 8.542322
0.95-VaR-max-normalization for 5 demonstrations: 9.215344
0.99-VaR-max-normalization for 5 demonstrations: 9.604372
True EVD for 5 demonstrations: 9.818896
Avar bound for threshold 0.1: 9.215344
INSUFFICIENT (9.215344 >= 0.1)
Avar bound for threshold 0.2: 9.215344
INSUFFICIENT (9.215344 >= 0.2)
Avar bound for threshold 0.3: 9.215344
INSUFFICIENT (9.215344 >= 0.3)
Avar bound for threshold 0.4: 9.215344
INSUFFICIENT (9.215344 >= 0.4)

Running PBIRL with 6 demonstrations for experiment 2
MCMC completed with acceptance ratio: 0.5543
Using 6500 samples after burn-in.
MAP Solution: [-0.01383656  0.9778431   0.20888136]
True reward weights: [-0.35835056 -0.08647525  0.92957351]
MAP Policy for current environment:
0.85-VaR-max-normalization for 6 demonstrations: 7.744105
0.9-VaR-max-normalization for 6 demonstrations: 8.492030
0.95-VaR-max-normalization for 6 demonstrations: 9.183867
0.99-VaR-max-normalization for 6 demonstrations: 9.610623
True EVD for 6 demonstrations: 9.818896
Avar bound for threshold 0.1: 9.183867
INSUFFICIENT (9.183867 >= 0.1)
Avar bound for threshold 0.2: 9.183867
INSUFFICIENT (9.183867 >= 0.2)
Avar bound for threshold 0.3: 9.183867
INSUFFICIENT (9.183867 >= 0.3)
Avar bound for threshold 0.4: 9.183867
INSUFFICIENT (9.183867 >= 0.4)

Saving results to files...
Results saved successfully.

Running experiment 3/50...
Shuffled Estops: [([(0, 1), (1, 0), (1, 3), (2, 3), (2, 3), (2, 3), (2, 0), (2, 0), (2, 0), (2, 2)], 0), ([(0, 1), (3, 1), (3, 1), (3, 0), (0, 2), (0, 3), (1, 0), (1, 0), (1, 3), (2, 3)], 0), ([(0, 0), (0, 1), (1, 3), (2, 3), (2, 0), (2, 3), (2, 2), (1, 2), (0, 3), (1, 2)], 0), ([(0, 2), (3, 2), (3, 1), (3, 0), (0, 3), (1, 2), (0, 2), (0, 1), (0, 1), (3, 1)], 0), ([(0, 3), (0, 0), (0, 3), (1, 0), (1, 0), (1, 1), (4, 3), (5, None)], 0), ([(0, 0), (0, 2), (0, 2), (0, 1), (3, 2), (3, 1), (3, 1), (3, 2), (0, 0), (0, 0)], 0)]

Running PBIRL with 1 demonstrations for experiment 3
MCMC completed with acceptance ratio: 0.5837
Using 6500 samples after burn-in.
MAP Solution: [ 0.43184869  0.83219517 -0.34779003]
True reward weights: [-0.71046942 -0.64188771  0.28846728]
MAP Policy for current environment:
0.85-VaR-max-normalization for 1 demonstrations: 9.017928
0.9-VaR-max-normalization for 1 demonstrations: 9.601398
0.95-VaR-max-normalization for 1 demonstrations: 10.043086
0.99-VaR-max-normalization for 1 demonstrations: 10.297417
True EVD for 1 demonstrations: 10.190396
Avar bound for threshold 0.1: 10.043086
INSUFFICIENT (10.043086 >= 0.1)
Avar bound for threshold 0.2: 10.043086
INSUFFICIENT (10.043086 >= 0.2)
Avar bound for threshold 0.3: 10.043086
INSUFFICIENT (10.043086 >= 0.3)
Avar bound for threshold 0.4: 10.043086
INSUFFICIENT (10.043086 >= 0.4)

Running PBIRL with 2 demonstrations for experiment 3
MCMC completed with acceptance ratio: 0.5752
Using 6500 samples after burn-in.
MAP Solution: [-0.19419766  0.87562575 -0.44222938]
True reward weights: [-0.71046942 -0.64188771  0.28846728]
MAP Policy for current environment:
0.85-VaR-max-normalization for 2 demonstrations: 8.868689
0.9-VaR-max-normalization for 2 demonstrations: 9.478123
0.95-VaR-max-normalization for 2 demonstrations: 9.959871
0.99-VaR-max-normalization for 2 demonstrations: 10.262674
True EVD for 2 demonstrations: 10.190396
Avar bound for threshold 0.1: 9.959871
INSUFFICIENT (9.959871 >= 0.1)
Avar bound for threshold 0.2: 9.959871
INSUFFICIENT (9.959871 >= 0.2)
Avar bound for threshold 0.3: 9.959871
INSUFFICIENT (9.959871 >= 0.3)
Avar bound for threshold 0.4: 9.959871
INSUFFICIENT (9.959871 >= 0.4)

Running PBIRL with 3 demonstrations for experiment 3
MCMC completed with acceptance ratio: 0.5818
Using 6500 samples after burn-in.
MAP Solution: [-0.6200209   0.28513819 -0.73093795]
True reward weights: [-0.71046942 -0.64188771  0.28846728]
MAP Policy for current environment:
0.85-VaR-max-normalization for 3 demonstrations: 8.759299
0.9-VaR-max-normalization for 3 demonstrations: 9.454086
0.95-VaR-max-normalization for 3 demonstrations: 9.963766
0.99-VaR-max-normalization for 3 demonstrations: 10.254590
True EVD for 3 demonstrations: 10.190396
Avar bound for threshold 0.1: 9.963766
INSUFFICIENT (9.963766 >= 0.1)
Avar bound for threshold 0.2: 9.963766
INSUFFICIENT (9.963766 >= 0.2)
Avar bound for threshold 0.3: 9.963766
INSUFFICIENT (9.963766 >= 0.3)
Avar bound for threshold 0.4: 9.963766
INSUFFICIENT (9.963766 >= 0.4)

Running PBIRL with 4 demonstrations for experiment 3
MCMC completed with acceptance ratio: 0.5832
Using 6500 samples after burn-in.
MAP Solution: [-0.21169943  0.94516652 -0.24868375]
True reward weights: [-0.71046942 -0.64188771  0.28846728]
MAP Policy for current environment:
0.85-VaR-max-normalization for 4 demonstrations: 8.809957
0.9-VaR-max-normalization for 4 demonstrations: 9.425698
0.95-VaR-max-normalization for 4 demonstrations: 9.918210
0.99-VaR-max-normalization for 4 demonstrations: 10.257980
True EVD for 4 demonstrations: 10.190396
Avar bound for threshold 0.1: 9.918210
INSUFFICIENT (9.918210 >= 0.1)
Avar bound for threshold 0.2: 9.918210
INSUFFICIENT (9.918210 >= 0.2)
Avar bound for threshold 0.3: 9.918210
INSUFFICIENT (9.918210 >= 0.3)
Avar bound for threshold 0.4: 9.918210
INSUFFICIENT (9.918210 >= 0.4)

Running PBIRL with 5 demonstrations for experiment 3
MCMC completed with acceptance ratio: 0.5472
Using 6500 samples after burn-in.
MAP Solution: [-0.88884526 -0.00540179 -0.45817565]
True reward weights: [-0.71046942 -0.64188771  0.28846728]
MAP Policy for current environment:
0.85-VaR-max-normalization for 5 demonstrations: 7.701780
0.9-VaR-max-normalization for 5 demonstrations: 8.538808
0.95-VaR-max-normalization for 5 demonstrations: 9.162429
0.99-VaR-max-normalization for 5 demonstrations: 9.600462
True EVD for 5 demonstrations: 10.190396
Avar bound for threshold 0.1: 9.162429
INSUFFICIENT (9.162429 >= 0.1)
Avar bound for threshold 0.2: 9.162429
INSUFFICIENT (9.162429 >= 0.2)
Avar bound for threshold 0.3: 9.162429
INSUFFICIENT (9.162429 >= 0.3)
Avar bound for threshold 0.4: 9.162429
INSUFFICIENT (9.162429 >= 0.4)

Running PBIRL with 6 demonstrations for experiment 3
MCMC completed with acceptance ratio: 0.5524
Using 6500 samples after burn-in.
MAP Solution: [0.3832862  0.91677163 0.11234531]
True reward weights: [-0.71046942 -0.64188771  0.28846728]
MAP Policy for current environment:
0.85-VaR-max-normalization for 6 demonstrations: 7.544505
0.9-VaR-max-normalization for 6 demonstrations: 8.452422
0.95-VaR-max-normalization for 6 demonstrations: 9.176128
0.99-VaR-max-normalization for 6 demonstrations: 9.580441
True EVD for 6 demonstrations: 10.190396
Avar bound for threshold 0.1: 9.176128
INSUFFICIENT (9.176128 >= 0.1)
Avar bound for threshold 0.2: 9.176128
INSUFFICIENT (9.176128 >= 0.2)
Avar bound for threshold 0.3: 9.176128
INSUFFICIENT (9.176128 >= 0.3)
Avar bound for threshold 0.4: 9.176128
INSUFFICIENT (9.176128 >= 0.4)

Running experiment 4/50...
Shuffled Estops: [([(0, 3), (3, 3), (4, 3), (5, None)], 0), ([(0, 2), (0, 2), (0, 2), (0, 1), (3, 3), (4, 0), (1, 3), (2, 2), (2, 0), (2, 2)], 0), ([(0, 0), (0, 0), (0, 1), (3, 2), (3, 2), (3, 2), (3, 2), (3, 0), (0, 3), (1, 2)], 0), ([(0, 2), (0, 1), (0, 1), (0, 2), (0, 1), (0, 2), (3, 2), (3, 0), (0, 0), (0, 2)], 0), ([(0, 0), (0, 3), (1, 1), (4, 3), (5, None)], 0), ([(0, 0), (0, 2), (0, 1), (3, 0), (0, 3), (1, 2), (0, 2), (0, 0), (0, 1), (3, 0)], 0)]

Running PBIRL with 1 demonstrations for experiment 4
MCMC completed with acceptance ratio: 0.5848
Using 6500 samples after burn-in.
MAP Solution: [-0.4661525   0.87134465  0.15316772]
True reward weights: [-0.89578956 -0.24432685  0.37130237]
MAP Policy for current environment:
0.85-VaR-max-normalization for 1 demonstrations: 0.385833
0.9-VaR-max-normalization for 1 demonstrations: 0.535785
0.95-VaR-max-normalization for 1 demonstrations: 0.700694
0.99-VaR-max-normalization for 1 demonstrations: 0.970575
True EVD for 1 demonstrations: 8.462154
Avar bound for threshold 0.1: 0.700694
INSUFFICIENT (0.700694 >= 0.1)
Avar bound for threshold 0.2: 0.700694
INSUFFICIENT (0.700694 >= 0.2)
Avar bound for threshold 0.3: 0.700694
INSUFFICIENT (0.700694 >= 0.3)
Avar bound for threshold 0.4: 0.700694
INSUFFICIENT (0.700694 >= 0.4)

Running PBIRL with 2 demonstrations for experiment 4
MCMC completed with acceptance ratio: 0.4509
Using 6500 samples after burn-in.
MAP Solution: [-0.33307593  0.94273202 -0.01779795]
True reward weights: [-0.89578956 -0.24432685  0.37130237]
MAP Policy for current environment:
0.85-VaR-max-normalization for 2 demonstrations: 0.000000
0.9-VaR-max-normalization for 2 demonstrations: 0.000000
