Config file loaded successfully.
Feature weights for environment: [-0.43287867 -0.20494655 -0.09382998  0.87281665]
Feature weights for environment: [-0.2322253  -0.00465236  0.43453482  0.87018921]
Feature weights for environment: [-0.6467127  -0.20075906  0.06245093  0.73318372]
Feature weights for environment: [-0.69449962 -0.28165855  0.22055331  0.62425554]
Feature weights for environment: [-0.58844088 -0.39506705 -0.37329827  0.59858814]
Feature weights for environment: [-0.62480116 -0.58775562  0.29021502  0.42419581]
Feature weights for environment: [-0.86648592 -0.43712062 -0.12519764  0.20604187]
Feature weights for environment: [-0.66202557 -0.27713495  0.4113014   0.56191594]
Feature weights for environment: [-0.70843905 -0.48585435  0.3607345   0.3632221 ]
Feature weights for environment: [-0.59500066 -0.16244209  0.37080191  0.69432898]
Feature weights for environment: [-0.0702138  -0.06544465  0.14444996  0.98484579]
Feature weights for environment: [-0.58571354 -0.27832207  0.48101309  0.59000244]
Feature weights for environment: [-0.83842198 -0.21600546  0.03565977  0.49911783]
Feature weights for environment: [-0.27410583  0.06391249  0.48081808  0.83041867]
Feature weights for environment: [-0.67868375 -0.62331644 -0.1171628   0.3703213 ]
Feature weights for environment: [-0.92679793  0.00735039  0.0581375   0.37096037]
Feature weights for environment: [-0.34813921  0.02418599  0.41049361  0.84244235]
Feature weights for environment: [-0.70806601  0.20943992  0.21689523  0.63854045]
Feature weights for environment: [-0.55653737  0.11873141  0.39462253  0.72141671]
Initialized 19 GridWorld environments.
Generated optimal policies for all environments.
Shuffled demonstration order: [16, 12, 9, 19, 18, 6, 5, 10, 15, 21, 11, 17, 1, 14, 22, 13, 2, 23, 4, 24, 7, 8, 0, 3, 20]

Running experiment 1/19...
Same Demos: [(10, 1), (10, 1), (10, 1), (10, 1), (10, 1), (10, 1), (10, 1), (10, 1), (10, 1), (10, 1), (10, 1), (10, 1), (10, 1), (10, 1), (10, 1)]
Config file loaded successfully.
Feature weights for environment: [-0.43287867 -0.20494655 -0.09382998  0.87281665]
Feature weights for environment: [-0.2322253  -0.00465236  0.43453482  0.87018921]
Feature weights for environment: [-0.6467127  -0.20075906  0.06245093  0.73318372]
Feature weights for environment: [-0.69449962 -0.28165855  0.22055331  0.62425554]
Feature weights for environment: [-0.58844088 -0.39506705 -0.37329827  0.59858814]
Feature weights for environment: [-0.62480116 -0.58775562  0.29021502  0.42419581]
Feature weights for environment: [-0.86648592 -0.43712062 -0.12519764  0.20604187]
Feature weights for environment: [-0.66202557 -0.27713495  0.4113014   0.56191594]
Feature weights for environment: [-0.70843905 -0.48585435  0.3607345   0.3632221 ]
Feature weights for environment: [-0.59500066 -0.16244209  0.37080191  0.69432898]
Feature weights for environment: [-0.0702138  -0.06544465  0.14444996  0.98484579]
Feature weights for environment: [-0.58571354 -0.27832207  0.48101309  0.59000244]
Feature weights for environment: [-0.83842198 -0.21600546  0.03565977  0.49911783]
Feature weights for environment: [-0.27410583  0.06391249  0.48081808  0.83041867]
Feature weights for environment: [-0.67868375 -0.62331644 -0.1171628   0.3703213 ]
Feature weights for environment: [-0.92679793  0.00735039  0.0581375   0.37096037]
Feature weights for environment: [-0.34813921  0.02418599  0.41049361  0.84244235]
Feature weights for environment: [-0.70806601  0.20943992  0.21689523  0.63854045]
Feature weights for environment: [-0.55653737  0.11873141  0.39462253  0.72141671]
Initialized 19 GridWorld environments.
Generated optimal policies for all environments.
Shuffled demonstration order: [16, 12, 9, 19, 18, 6, 5, 10, 15, 21, 11, 17, 1, 14, 22, 13, 2, 23, 4, 24, 7, 8, 0, 3, 20]

Running experiment 1/19...
Shuffled Demos: [(14, 1), (6, 1), (22, 3), (0, 1), (20, 3), (1, 1), (5, 3), (8, 1), (4, 1), (18, 1), (13, 1), (12, 1), (11, 1), (15, 3), (10, 3)]

Running PBIRL with 1 demonstrations for experiment 1
MCMC completed with acceptance ratio: 0.4845
Using 6500 samples after burn-in.
Stored 6500 MCMC samples for demonstration 1
MAP Solution: [ 0.17122553 -0.729991   -0.46444055  0.47126419]
True reward weights: [-0.43287867 -0.20494655 -0.09382998  0.87281665]
MAP Policy for current environment:

Running PBIRL with 2 demonstrations for experiment 1
MCMC completed with acceptance ratio: 0.3259
Using 6500 samples after burn-in.
Stored 6500 MCMC samples for demonstration 2
MAP Solution: [ 0.13270728 -0.62099762 -0.22520154  0.73894181]
True reward weights: [-0.43287867 -0.20494655 -0.09382998  0.87281665]
MAP Policy for current environment:

Running PBIRL with 3 demonstrations for experiment 1
MCMC completed with acceptance ratio: 0.3242
Using 6500 samples after burn-in.
Stored 6500 MCMC samples for demonstration 3
MAP Solution: [-0.0225406  -0.20287147  0.29281484  0.9341277 ]
True reward weights: [-0.43287867 -0.20494655 -0.09382998  0.87281665]
MAP Policy for current environment:

Running PBIRL with 4 demonstrations for experiment 1
MCMC completed with acceptance ratio: 0.3221
Using 6500 samples after burn-in.
Stored 6500 MCMC samples for demonstration 4
MAP Solution: [-0.34335519 -0.75801714 -0.54306864  0.1122216 ]
True reward weights: [-0.43287867 -0.20494655 -0.09382998  0.87281665]
MAP Policy for current environment:

Running PBIRL with 5 demonstrations for experiment 1
MCMC completed with acceptance ratio: 0.3264
Using 6500 samples after burn-in.
Stored 6500 MCMC samples for demonstration 5
MAP Solution: [-0.78681471 -0.55471054 -0.21994404  0.15761806]
True reward weights: [-0.43287867 -0.20494655 -0.09382998  0.87281665]
MAP Policy for current environment:

Running PBIRL with 6 demonstrations for experiment 1
MCMC completed with acceptance ratio: 0.3173
Using 6500 samples after burn-in.
Stored 6500 MCMC samples for demonstration 6
MAP Solution: [-0.9056492  -0.33419862 -0.08743913  0.24589675]
True reward weights: [-0.43287867 -0.20494655 -0.09382998  0.87281665]
MAP Policy for current environment:

Running PBIRL with 7 demonstrations for experiment 1
MCMC completed with acceptance ratio: 0.3155
Using 6500 samples after burn-in.
Stored 6500 MCMC samples for demonstration 7
MAP Solution: [-0.60326572 -0.75102282 -0.20723399  0.17055576]
True reward weights: [-0.43287867 -0.20494655 -0.09382998  0.87281665]
MAP Policy for current environment:

Running PBIRL with 8 demonstrations for experiment 1
MCMC completed with acceptance ratio: 0.3206
Using 6500 samples after burn-in.
Stored 6500 MCMC samples for demonstration 8
MAP Solution: [-0.78407801 -0.56881227 -0.21537634  0.12364185]
True reward weights: [-0.43287867 -0.20494655 -0.09382998  0.87281665]
MAP Policy for current environment:

Running PBIRL with 9 demonstrations for experiment 1
MCMC completed with acceptance ratio: 0.3188
Using 6500 samples after burn-in.
Stored 6500 MCMC samples for demonstration 9
MAP Solution: [-0.63539392 -0.72408285 -0.22840831  0.14074175]
True reward weights: [-0.43287867 -0.20494655 -0.09382998  0.87281665]
MAP Policy for current environment:

Running PBIRL with 10 demonstrations for experiment 1
MCMC completed with acceptance ratio: 0.3193
Using 6500 samples after burn-in.
Stored 6500 MCMC samples for demonstration 10
MAP Solution: [ 0.14511372 -0.19029973  0.49903026  0.83288464]
True reward weights: [-0.43287867 -0.20494655 -0.09382998  0.87281665]
MAP Policy for current environment:

Running PBIRL with 11 demonstrations for experiment 1
MCMC completed with acceptance ratio: 0.3149
Using 6500 samples after burn-in.
Stored 6500 MCMC samples for demonstration 11
MAP Solution: [-0.35364663 -0.87321557 -0.30468748  0.13997919]
True reward weights: [-0.43287867 -0.20494655 -0.09382998  0.87281665]
MAP Policy for current environment:

Running PBIRL with 12 demonstrations for experiment 1
MCMC completed with acceptance ratio: 0.3231
Using 6500 samples after burn-in.
Stored 6500 MCMC samples for demonstration 12
MAP Solution: [-0.82705905 -0.51178926 -0.20589733  0.1079415 ]
True reward weights: [-0.43287867 -0.20494655 -0.09382998  0.87281665]
MAP Policy for current environment:

Running PBIRL with 13 demonstrations for experiment 1
MCMC completed with acceptance ratio: 0.3176
Using 6500 samples after burn-in.
Stored 6500 MCMC samples for demonstration 13
MAP Solution: [-0.8483407  -0.46491043 -0.14923688  0.20470639]
True reward weights: [-0.43287867 -0.20494655 -0.09382998  0.87281665]
MAP Policy for current environment:

Running PBIRL with 14 demonstrations for experiment 1
MCMC completed with acceptance ratio: 0.3183
Using 6500 samples after burn-in.
Stored 6500 MCMC samples for demonstration 14
MAP Solution: [-0.8455671  -0.47636222 -0.11283508  0.21298722]
True reward weights: [-0.43287867 -0.20494655 -0.09382998  0.87281665]
MAP Policy for current environment:

Running PBIRL with 15 demonstrations for experiment 1
MCMC completed with acceptance ratio: 0.3218
Using 6500 samples after burn-in.
Stored 6500 MCMC samples for demonstration 15
MAP Solution: [-0.8266527  -0.50389636 -0.1118014   0.22412989]
True reward weights: [-0.43287867 -0.20494655 -0.09382998  0.87281665]
MAP Policy for current environment:
Config file loaded successfully.
Feature weights for environment: [-0.43287867 -0.20494655 -0.09382998  0.87281665]
Feature weights for environment: [-0.2322253  -0.00465236  0.43453482  0.87018921]
Feature weights for environment: [-0.6467127  -0.20075906  0.06245093  0.73318372]
Feature weights for environment: [-0.69449962 -0.28165855  0.22055331  0.62425554]
Feature weights for environment: [-0.58844088 -0.39506705 -0.37329827  0.59858814]
Feature weights for environment: [-0.62480116 -0.58775562  0.29021502  0.42419581]
Feature weights for environment: [-0.86648592 -0.43712062 -0.12519764  0.20604187]
Feature weights for environment: [-0.66202557 -0.27713495  0.4113014   0.56191594]
Feature weights for environment: [-0.70843905 -0.48585435  0.3607345   0.3632221 ]
Feature weights for environment: [-0.59500066 -0.16244209  0.37080191  0.69432898]
Feature weights for environment: [-0.0702138  -0.06544465  0.14444996  0.98484579]
Feature weights for environment: [-0.58571354 -0.27832207  0.48101309  0.59000244]
Feature weights for environment: [-0.83842198 -0.21600546  0.03565977  0.49911783]
Feature weights for environment: [-0.27410583  0.06391249  0.48081808  0.83041867]
Feature weights for environment: [-0.67868375 -0.62331644 -0.1171628   0.3703213 ]
Feature weights for environment: [-0.92679793  0.00735039  0.0581375   0.37096037]
Feature weights for environment: [-0.34813921  0.02418599  0.41049361  0.84244235]
Feature weights for environment: [-0.70806601  0.20943992  0.21689523  0.63854045]
Feature weights for environment: [-0.55653737  0.11873141  0.39462253  0.72141671]
Initialized 19 GridWorld environments.
Generated optimal policies for all environments.
Shuffled demonstration order: [16, 12, 9, 19, 18, 6, 5, 10, 15, 21, 11, 17, 1, 14, 22, 13, 2, 23, 4, 24, 7, 8, 0, 3, 20]

Running experiment 1/19...
Shuffled Demos: [(14, 1), (6, 1), (22, 3), (0, 3), (20, 3), (1, 3), (5, 1), (8, 3), (4, 1), (18, 1), (13, 3), (12, 1), (11, 3), (15, 1), (10, 3)]

Running PBIRL with 1 demonstrations for experiment 1
MCMC completed with acceptance ratio: 0.4486
Using 6500 samples after burn-in.
Stored 6500 MCMC samples for demonstration 1
MAP Solution: [ 0.40064494 -0.32238958  0.2053986   0.83268242]
True reward weights: [-0.43287867 -0.20494655 -0.09382998  0.87281665]
MAP Policy for current environment:

Running PBIRL with 2 demonstrations for experiment 1
MCMC completed with acceptance ratio: 0.3256
Using 6500 samples after burn-in.
Stored 6500 MCMC samples for demonstration 2
MAP Solution: [ 0.53702407 -0.40565919 -0.44011051  0.59443125]
True reward weights: [-0.43287867 -0.20494655 -0.09382998  0.87281665]
MAP Policy for current environment:

Running PBIRL with 3 demonstrations for experiment 1
MCMC completed with acceptance ratio: 0.3286
Using 6500 samples after burn-in.
Stored 6500 MCMC samples for demonstration 3
MAP Solution: [ 0.50467393 -0.48244559 -0.49007799  0.52189466]
True reward weights: [-0.43287867 -0.20494655 -0.09382998  0.87281665]
MAP Policy for current environment:

Running PBIRL with 4 demonstrations for experiment 1
MCMC completed with acceptance ratio: 0.3174
Using 6500 samples after burn-in.
Stored 6500 MCMC samples for demonstration 4
MAP Solution: [-0.69287656 -0.64441854 -0.27367716  0.17247501]
True reward weights: [-0.43287867 -0.20494655 -0.09382998  0.87281665]
MAP Policy for current environment:

Running PBIRL with 5 demonstrations for experiment 1
MCMC completed with acceptance ratio: 0.3254
Using 6500 samples after burn-in.
Stored 6500 MCMC samples for demonstration 5
MAP Solution: [-0.61270974 -0.64547619 -0.06796838  0.45091857]
True reward weights: [-0.43287867 -0.20494655 -0.09382998  0.87281665]
MAP Policy for current environment:

Running PBIRL with 6 demonstrations for experiment 1
MCMC completed with acceptance ratio: 0.3149
Using 6500 samples after burn-in.
Stored 6500 MCMC samples for demonstration 6
MAP Solution: [-0.80487955 -0.41092415 -0.37373905  0.20887645]
True reward weights: [-0.43287867 -0.20494655 -0.09382998  0.87281665]
MAP Policy for current environment:

Running PBIRL with 7 demonstrations for experiment 1
MCMC completed with acceptance ratio: 0.3257
Using 6500 samples after burn-in.
Stored 6500 MCMC samples for demonstration 7
MAP Solution: [-0.8742858  -0.36592066 -0.30592885  0.09018839]
True reward weights: [-0.43287867 -0.20494655 -0.09382998  0.87281665]
MAP Policy for current environment:

Running PBIRL with 8 demonstrations for experiment 1
MCMC completed with acceptance ratio: 0.3174
Using 6500 samples after burn-in.
Stored 6500 MCMC samples for demonstration 8
MAP Solution: [-0.77751248 -0.4425655  -0.43639245 -0.09576925]
True reward weights: [-0.43287867 -0.20494655 -0.09382998  0.87281665]
MAP Policy for current environment:

Running PBIRL with 9 demonstrations for experiment 1
MCMC completed with acceptance ratio: 0.3190
Using 6500 samples after burn-in.
Stored 6500 MCMC samples for demonstration 9
MAP Solution: [-0.87173865 -0.37306069 -0.28300544  0.14424065]
True reward weights: [-0.43287867 -0.20494655 -0.09382998  0.87281665]
MAP Policy for current environment:

Running PBIRL with 10 demonstrations for experiment 1
MCMC completed with acceptance ratio: 0.3161
Using 6500 samples after burn-in.
Stored 6500 MCMC samples for demonstration 10
MAP Solution: [-0.80407325 -0.03134404  0.22223847  0.55053958]
True reward weights: [-0.43287867 -0.20494655 -0.09382998  0.87281665]
MAP Policy for current environment:

Running PBIRL with 11 demonstrations for experiment 1
MCMC completed with acceptance ratio: 0.3198
Using 6500 samples after burn-in.
Stored 6500 MCMC samples for demonstration 11
MAP Solution: [-0.83451047 -0.05354803  0.19915187  0.51094365]
True reward weights: [-0.43287867 -0.20494655 -0.09382998  0.87281665]
MAP Policy for current environment:

Running PBIRL with 12 demonstrations for experiment 1
MCMC completed with acceptance ratio: 0.3171
Using 6500 samples after burn-in.
Stored 6500 MCMC samples for demonstration 12
MAP Solution: [-0.77852731  0.00788725  0.2668255   0.5680116 ]
True reward weights: [-0.43287867 -0.20494655 -0.09382998  0.87281665]
MAP Policy for current environment:

Running PBIRL with 13 demonstrations for experiment 1
MCMC completed with acceptance ratio: 0.3189
Using 6500 samples after burn-in.
Stored 6500 MCMC samples for demonstration 13
MAP Solution: [-0.78302588 -0.02052325  0.23873988  0.57397956]
True reward weights: [-0.43287867 -0.20494655 -0.09382998  0.87281665]
MAP Policy for current environment:

Running PBIRL with 14 demonstrations for experiment 1
MCMC completed with acceptance ratio: 0.3203
Using 6500 samples after burn-in.
Stored 6500 MCMC samples for demonstration 14
MAP Solution: [-0.72600939  0.05649151  0.31291777  0.60975531]
True reward weights: [-0.43287867 -0.20494655 -0.09382998  0.87281665]
MAP Policy for current environment:

Running PBIRL with 15 demonstrations for experiment 1
MCMC completed with acceptance ratio: 0.3178
Using 6500 samples after burn-in.
Stored 6500 MCMC samples for demonstration 15
MAP Solution: [-0.82033364 -0.06108818  0.19707138  0.53337026]
True reward weights: [-0.43287867 -0.20494655 -0.09382998  0.87281665]
MAP Policy for current environment:

Running experiment 2/19...
Shuffled Demos: [(21, 3), (18, 1), (16, 3), (3, 1), (5, 3), (19, 1), (22, 3), (10, 3), (2, 1), (6, 3), (7, 3), (4, 1), (1, 1), (17, 3), (9, 1)]

Running PBIRL with 1 demonstrations for experiment 2
MCMC completed with acceptance ratio: 0.5408
Using 6500 samples after burn-in.
Stored 6500 MCMC samples for demonstration 1
MAP Solution: [ 0.2241296   0.60563137 -0.25557869 -0.71948322]
True reward weights: [-0.2322253  -0.00465236  0.43453482  0.87018921]
MAP Policy for current environment:

Running PBIRL with 2 demonstrations for experiment 2
MCMC completed with acceptance ratio: 0.4778
Using 6500 samples after burn-in.
Stored 6500 MCMC samples for demonstration 2
MAP Solution: [-0.88951251 -0.26971099 -0.3519915   0.11011569]
True reward weights: [-0.2322253  -0.00465236  0.43453482  0.87018921]
MAP Policy for current environment:

Running PBIRL with 3 demonstrations for experiment 2
MCMC completed with acceptance ratio: 0.3242
Using 6500 samples after burn-in.
Stored 6500 MCMC samples for demonstration 3
MAP Solution: [-0.51265601 -0.11732084  0.17567658  0.83220032]
True reward weights: [-0.2322253  -0.00465236  0.43453482  0.87018921]
MAP Policy for current environment:

Running PBIRL with 4 demonstrations for experiment 2
MCMC completed with acceptance ratio: 0.3128
Using 6500 samples after burn-in.
Stored 6500 MCMC samples for demonstration 4
MAP Solution: [-0.74010127 -0.54386331 -0.35159625  0.18122608]
True reward weights: [-0.2322253  -0.00465236  0.43453482  0.87018921]
MAP Policy for current environment:

Running PBIRL with 5 demonstrations for experiment 2
MCMC completed with acceptance ratio: 0.3198
Using 6500 samples after burn-in.
Stored 6500 MCMC samples for demonstration 5
MAP Solution: [-0.49455045 -0.83310954 -0.1664917   0.18338171]
True reward weights: [-0.2322253  -0.00465236  0.43453482  0.87018921]
MAP Policy for current environment:

Running PBIRL with 6 demonstrations for experiment 2
MCMC completed with acceptance ratio: 0.3233
Using 6500 samples after burn-in.
Stored 6500 MCMC samples for demonstration 6
MAP Solution: [-0.30579856 -0.34834866  0.31157316  0.8294954 ]
True reward weights: [-0.2322253  -0.00465236  0.43453482  0.87018921]
MAP Policy for current environment:

Running PBIRL with 7 demonstrations for experiment 2
MCMC completed with acceptance ratio: 0.3195
Using 6500 samples after burn-in.
Stored 6500 MCMC samples for demonstration 7
MAP Solution: [-0.34351905 -0.86353834 -0.36182862  0.07332284]
True reward weights: [-0.2322253  -0.00465236  0.43453482  0.87018921]
MAP Policy for current environment:

Running PBIRL with 8 demonstrations for experiment 2
MCMC completed with acceptance ratio: 0.3205
Using 6500 samples after burn-in.
Stored 6500 MCMC samples for demonstration 8
MAP Solution: [-0.50719355 -0.21423326  0.38270577  0.74188618]
True reward weights: [-0.2322253  -0.00465236  0.43453482  0.87018921]
MAP Policy for current environment:

Running PBIRL with 9 demonstrations for experiment 2
MCMC completed with acceptance ratio: 0.3187
Using 6500 samples after burn-in.
Stored 6500 MCMC samples for demonstration 9
MAP Solution: [-0.5850077  -0.29708305  0.30484283  0.69034665]
True reward weights: [-0.2322253  -0.00465236  0.43453482  0.87018921]
MAP Policy for current environment:

Running PBIRL with 10 demonstrations for experiment 2
MCMC completed with acceptance ratio: 0.3182
Using 6500 samples after burn-in.
Stored 6500 MCMC samples for demonstration 10
MAP Solution: [-0.62147575 -0.32172954  0.29005759  0.65278219]
True reward weights: [-0.2322253  -0.00465236  0.43453482  0.87018921]
MAP Policy for current environment:

Running PBIRL with 11 demonstrations for experiment 2
MCMC completed with acceptance ratio: 0.3224
Using 6500 samples after burn-in.
Stored 6500 MCMC samples for demonstration 11
MAP Solution: [-0.52449217 -0.21540942  0.39921522  0.72050951]
True reward weights: [-0.2322253  -0.00465236  0.43453482  0.87018921]
MAP Policy for current environment:

Running PBIRL with 12 demonstrations for experiment 2
MCMC completed with acceptance ratio: 0.3201
Using 6500 samples after burn-in.
Stored 6500 MCMC samples for demonstration 12
MAP Solution: [-0.57233725 -0.28226459  0.32557147  0.69768187]
True reward weights: [-0.2322253  -0.00465236  0.43453482  0.87018921]
MAP Policy for current environment:

Running PBIRL with 13 demonstrations for experiment 2
MCMC completed with acceptance ratio: 0.3171
Using 6500 samples after burn-in.
Stored 6500 MCMC samples for demonstration 13
MAP Solution: [-0.69163056 -0.38767038  0.22399004  0.56673389]
True reward weights: [-0.2322253  -0.00465236  0.43453482  0.87018921]
MAP Policy for current environment:

Running PBIRL with 14 demonstrations for experiment 2
MCMC completed with acceptance ratio: 0.3177
Using 6500 samples after burn-in.
Stored 6500 MCMC samples for demonstration 14
MAP Solution: [-0.61454317 -0.3075798   0.3288954   0.64773388]
True reward weights: [-0.2322253  -0.00465236  0.43453482  0.87018921]
MAP Policy for current environment:

Running PBIRL with 15 demonstrations for experiment 2
MCMC completed with acceptance ratio: 0.3191
Using 6500 samples after burn-in.
Stored 6500 MCMC samples for demonstration 15
MAP Solution: [-0.66301222 -0.37947006  0.18603508  0.61790632]
True reward weights: [-0.2322253  -0.00465236  0.43453482  0.87018921]
MAP Policy for current environment:

Saving results to files...
Results saved successfully.

Running experiment 3/19...
Shuffled Demos: [(3, 3), (21, 3), (10, 3), (20, 3), (2, 1), (5, 3), (22, 3), (14, 1), (7, 3), (11, 3), (23, 3), (1, 1), (8, 3), (9, 1), (12, 1)]

Running PBIRL with 1 demonstrations for experiment 3
MCMC completed with acceptance ratio: 0.4426
Using 6500 samples after burn-in.
Stored 6500 MCMC samples for demonstration 1
MAP Solution: [ 0.16907909  0.12235454  0.85227805 -0.47964962]
True reward weights: [-0.6467127  -0.20075906  0.06245093  0.73318372]
MAP Policy for current environment:

Running PBIRL with 2 demonstrations for experiment 3
MCMC completed with acceptance ratio: 0.3325
Using 6500 samples after burn-in.
Stored 6500 MCMC samples for demonstration 2
MAP Solution: [-0.71309275 -0.25609931  0.20072689  0.62098356]
True reward weights: [-0.6467127  -0.20075906  0.06245093  0.73318372]
MAP Policy for current environment:

Running PBIRL with 3 demonstrations for experiment 3
MCMC completed with acceptance ratio: 0.3193
Using 6500 samples after burn-in.
Stored 6500 MCMC samples for demonstration 3
MAP Solution: [-0.10998112 -0.68576229  0.11574479  0.71009674]
True reward weights: [-0.6467127  -0.20075906  0.06245093  0.73318372]
MAP Policy for current environment:

Running PBIRL with 4 demonstrations for experiment 3
MCMC completed with acceptance ratio: 0.3224
Using 6500 samples after burn-in.
Stored 6500 MCMC samples for demonstration 4
MAP Solution: [ 0.0328963  -0.06427591  0.39259434  0.91687301]
True reward weights: [-0.6467127  -0.20075906  0.06245093  0.73318372]
MAP Policy for current environment:

Running PBIRL with 5 demonstrations for experiment 3
MCMC completed with acceptance ratio: 0.3212
Using 6500 samples after burn-in.
Stored 6500 MCMC samples for demonstration 5
MAP Solution: [-0.05925691 -0.53991313  0.58392139  0.60333925]
True reward weights: [-0.6467127  -0.20075906  0.06245093  0.73318372]
MAP Policy for current environment:

Running PBIRL with 6 demonstrations for experiment 3
MCMC completed with acceptance ratio: 0.3192
Using 6500 samples after burn-in.
Stored 6500 MCMC samples for demonstration 6
MAP Solution: [-0.30227823 -0.68796606  0.3273726   0.57285055]
True reward weights: [-0.6467127  -0.20075906  0.06245093  0.73318372]
MAP Policy for current environment:

Running PBIRL with 7 demonstrations for experiment 3
MCMC completed with acceptance ratio: 0.3252
Using 6500 samples after burn-in.
Stored 6500 MCMC samples for demonstration 7
MAP Solution: [-0.43460851 -0.87585363 -0.02537878  0.2082109 ]
True reward weights: [-0.6467127  -0.20075906  0.06245093  0.73318372]
MAP Policy for current environment:

Running PBIRL with 8 demonstrations for experiment 3
MCMC completed with acceptance ratio: 0.3203
Using 6500 samples after burn-in.
Stored 6500 MCMC samples for demonstration 8
MAP Solution: [-0.23276988 -0.63533502  0.25128151  0.69211646]
True reward weights: [-0.6467127  -0.20075906  0.06245093  0.73318372]
MAP Policy for current environment:

Running PBIRL with 9 demonstrations for experiment 3
MCMC completed with acceptance ratio: 0.3219
Using 6500 samples after burn-in.
Stored 6500 MCMC samples for demonstration 9
MAP Solution: [-0.79191356  0.04028115  0.1030189   0.60053098]
True reward weights: [-0.6467127  -0.20075906  0.06245093  0.73318372]
MAP Policy for current environment:

Running PBIRL with 10 demonstrations for experiment 3
MCMC completed with acceptance ratio: 0.3186
Using 6500 samples after burn-in.
Stored 6500 MCMC samples for demonstration 10
MAP Solution: [-0.79364094  0.03902036  0.1017155   0.59855278]
True reward weights: [-0.6467127  -0.20075906  0.06245093  0.73318372]
MAP Policy for current environment:

Running PBIRL with 11 demonstrations for experiment 3
