Config file loaded successfully.
Feature weights for environment: [-0.97266673 -0.03083248  0.23014951]
Feature weights for environment: [-0.35835056 -0.08647525  0.92957351]
Feature weights for environment: [-0.71046942 -0.64188771  0.28846728]
Feature weights for environment: [-0.89578956 -0.24432685  0.37130237]
Feature weights for environment: [-0.7282924  -0.22722733  0.64649665]
Feature weights for environment: [-0.75022399 -0.57596895  0.32469021]
Feature weights for environment: [-0.70842322 -0.26108332  0.65572254]
Feature weights for environment: [-0.74635145 -0.57484795  0.33542412]
Feature weights for environment: [-0.0505111  -0.01531811  0.99860602]
Feature weights for environment: [-0.76518493 -0.64328377  0.02603879]
Feature weights for environment: [-0.87829137 -0.24439244  0.41094598]
Feature weights for environment: [-0.8497926  -0.50850291  0.13884283]
Feature weights for environment: [-0.34477193 -0.32328333  0.88126058]
Feature weights for environment: [-0.43088031 -0.17122291  0.88601629]
Feature weights for environment: [-0.75433776 -0.02805593  0.65588674]
Feature weights for environment: [-0.92032338 -0.11683579  0.37330186]
Feature weights for environment: [-0.76208548 -0.28664819  0.58056743]
Feature weights for environment: [-0.39174849 -0.30341429  0.86860399]
Feature weights for environment: [-0.92648321 -0.16748955  0.33701054]
Feature weights for environment: [-0.61012931 -0.3129562   0.72787406]
Feature weights for environment: [-0.3738588  -0.3262014   0.86822937]
Feature weights for environment: [-0.70965126 -0.6051058   0.36089066]
Feature weights for environment: [-0.74528522 -0.55533186  0.36899385]
Feature weights for environment: [-0.68144434 -0.29187893  0.6711485 ]
Feature weights for environment: [-0.44714936 -0.30119858  0.84222139]
Feature weights for environment: [-0.7333898  -0.47830978  0.48307263]
Feature weights for environment: [-0.65557811 -0.01374154  0.75500233]
Feature weights for environment: [-0.866301   -0.34967581  0.35672034]
Feature weights for environment: [-0.6535586  -0.23072892  0.72085041]
Feature weights for environment: [-0.81326386 -0.04441834  0.5801973 ]
Feature weights for environment: [-0.27534761 -0.19938474  0.94044108]
Feature weights for environment: [-0.90753571 -0.40234227  0.1204144 ]
Feature weights for environment: [-0.32556312 -0.30396656  0.89532842]
Feature weights for environment: [-0.839382   -0.393236    0.37523766]
Feature weights for environment: [-0.94121751 -0.05112011  0.33391067]
Feature weights for environment: [-0.05456508 -0.040557    0.99768621]
Feature weights for environment: [-0.75478167 -0.33513042  0.563908  ]
Feature weights for environment: [-0.49248773 -0.22865786  0.83974486]
Feature weights for environment: [-0.56481614 -0.46100063  0.68444222]
Feature weights for environment: [-0.6667631  -0.57474284  0.47444455]
Feature weights for environment: [-0.46247666 -0.0267168   0.88622884]
Feature weights for environment: [-0.71505276 -0.68463496  0.14133129]
Feature weights for environment: [-0.94655708 -0.29794542  0.12352418]
Feature weights for environment: [-0.88315502 -0.32822573  0.33511952]
Feature weights for environment: [-0.83381491 -0.37890594  0.40147601]
Feature weights for environment: [-0.82098277 -0.18440172  0.54035479]
Feature weights for environment: [-0.73857451 -0.23755048  0.63093381]
Feature weights for environment: [-0.95541883 -0.18852986  0.22722531]
Feature weights for environment: [-0.98484463 -0.1489005   0.08893646]
Feature weights for environment: [-0.47840873 -0.41855607  0.77196885]
Generated optimal policies for all environments.

Running experiment 1/50...
Shuffled Demos: [(0, 1), (2, 1), (4, 3)]

Running PBIRL with 1 demonstrations for experiment 1
MCMC completed with acceptance ratio: 0.4607
Using 1950 samples after burn-in.
Stored 1950 MCMC samples for demonstration 1
MAP Solution: [-0.73292753  0.06128712  0.67754049]
True reward weights: [-0.97266673 -0.03083248  0.23014951]
MAP Policy for current environment:
0.85-VaR-max-normalization for 1 demonstrations: 1.095266
0.9-VaR-max-normalization for 1 demonstrations: 1.100157
0.95-VaR-max-normalization for 1 demonstrations: 1.103381
0.99-VaR-max-normalization for 1 demonstrations: 1.105946
True EVD for 1 demonstrations: 0.004603
Avar bound for threshold 0.1: 1.103381
INSUFFICIENT (1.103381 >= 0.1)
Avar bound for threshold 0.2: 1.103381
INSUFFICIENT (1.103381 >= 0.2)
Avar bound for threshold 0.3: 1.103381
INSUFFICIENT (1.103381 >= 0.3)
Avar bound for threshold 0.4: 1.103381
INSUFFICIENT (1.103381 >= 0.4)

Running PBIRL with 2 demonstrations for experiment 1
MCMC completed with acceptance ratio: 0.2937
Using 1950 samples after burn-in.
Stored 1950 MCMC samples for demonstration 2
MAP Solution: [-0.73670467  0.02397315  0.67578955]
True reward weights: [-0.97266673 -0.03083248  0.23014951]
MAP Policy for current environment:
0.85-VaR-max-normalization for 2 demonstrations: 0.005808
0.9-VaR-max-normalization for 2 demonstrations: 0.008084
0.95-VaR-max-normalization for 2 demonstrations: 0.010231
0.99-VaR-max-normalization for 2 demonstrations: 0.026704
True EVD for 2 demonstrations: 0.004603
Avar bound for threshold 0.1: 0.010231
SUFFICIENT (0.010231 < 0.1)
Avar bound for threshold 0.2: 0.010231
SUFFICIENT (0.010231 < 0.2)
Avar bound for threshold 0.3: 0.010231
SUFFICIENT (0.010231 < 0.3)
Avar bound for threshold 0.4: 0.010231
SUFFICIENT (0.010231 < 0.4)

Running PBIRL with 3 demonstrations for experiment 1
MCMC completed with acceptance ratio: 0.2783
Using 1950 samples after burn-in.
Stored 1950 MCMC samples for demonstration 3
MAP Solution: [-0.6924089   0.07016605  0.7180854 ]
True reward weights: [-0.97266673 -0.03083248  0.23014951]
MAP Policy for current environment:
0.85-VaR-max-normalization for 3 demonstrations: 0.004172
0.9-VaR-max-normalization for 3 demonstrations: 0.005335
0.95-VaR-max-normalization for 3 demonstrations: 0.007106
0.99-VaR-max-normalization for 3 demonstrations: 0.012313
True EVD for 3 demonstrations: 0.004603
Avar bound for threshold 0.1: 0.007106
SUFFICIENT (0.007106 < 0.1)
Avar bound for threshold 0.2: 0.007106
SUFFICIENT (0.007106 < 0.2)
Avar bound for threshold 0.3: 0.007106
SUFFICIENT (0.007106 < 0.3)
Avar bound for threshold 0.4: 0.007106
SUFFICIENT (0.007106 < 0.4)

Running experiment 2/50...
Shuffled Demos: [(4, 3), (2, 1), (0, 1)]

Running PBIRL with 1 demonstrations for experiment 2
MCMC completed with acceptance ratio: 0.4913
Using 1950 samples after burn-in.
Stored 1950 MCMC samples for demonstration 1
MAP Solution: [ 0.00742683 -0.70553374  0.70863742]
True reward weights: [-0.35835056 -0.08647525  0.92957351]
MAP Policy for current environment:
0.85-VaR-max-normalization for 1 demonstrations: 0.027670
0.9-VaR-max-normalization for 1 demonstrations: 0.039499
0.95-VaR-max-normalization for 1 demonstrations: 0.059934
0.99-VaR-max-normalization for 1 demonstrations: 0.093207
True EVD for 1 demonstrations: 0.000492
Avar bound for threshold 0.1: 0.059934
SUFFICIENT (0.059934 < 0.1)
Avar bound for threshold 0.2: 0.059934
SUFFICIENT (0.059934 < 0.2)
Avar bound for threshold 0.3: 0.059934
SUFFICIENT (0.059934 < 0.3)
Avar bound for threshold 0.4: 0.059934
SUFFICIENT (0.059934 < 0.4)

Running PBIRL with 2 demonstrations for experiment 2
MCMC completed with acceptance ratio: 0.4587
Using 1950 samples after burn-in.
Stored 1950 MCMC samples for demonstration 2
MAP Solution: [-0.01383113 -0.70287434  0.71117955]
True reward weights: [-0.35835056 -0.08647525  0.92957351]
MAP Policy for current environment:
0.85-VaR-max-normalization for 2 demonstrations: 0.016920
