Config file loaded successfully.
Feature weights for environment: [-0.97266673 -0.03083248  0.23014951]
Feature weights for environment: [-0.35835056 -0.08647525  0.92957351]
Feature weights for environment: [-0.71046942 -0.64188771  0.28846728]
Feature weights for environment: [-0.89578956 -0.24432685  0.37130237]
Feature weights for environment: [-0.7282924  -0.22722733  0.64649665]
Feature weights for environment: [-0.75022399 -0.57596895  0.32469021]
Feature weights for environment: [-0.70842322 -0.26108332  0.65572254]
Feature weights for environment: [-0.74635145 -0.57484795  0.33542412]
Feature weights for environment: [-0.0505111  -0.01531811  0.99860602]
Feature weights for environment: [-0.76518493 -0.64328377  0.02603879]
Feature weights for environment: [-0.87829137 -0.24439244  0.41094598]
Feature weights for environment: [-0.8497926  -0.50850291  0.13884283]
Feature weights for environment: [-0.34477193 -0.32328333  0.88126058]
Feature weights for environment: [-0.43088031 -0.17122291  0.88601629]
Feature weights for environment: [-0.75433776 -0.02805593  0.65588674]
Feature weights for environment: [-0.92032338 -0.11683579  0.37330186]
Feature weights for environment: [-0.76208548 -0.28664819  0.58056743]
Feature weights for environment: [-0.39174849 -0.30341429  0.86860399]
Feature weights for environment: [-0.92648321 -0.16748955  0.33701054]
Feature weights for environment: [-0.61012931 -0.3129562   0.72787406]
Feature weights for environment: [-0.3738588  -0.3262014   0.86822937]
Feature weights for environment: [-0.70965126 -0.6051058   0.36089066]
Feature weights for environment: [-0.74528522 -0.55533186  0.36899385]
Feature weights for environment: [-0.68144434 -0.29187893  0.6711485 ]
Feature weights for environment: [-0.44714936 -0.30119858  0.84222139]
Feature weights for environment: [-0.7333898  -0.47830978  0.48307263]
Feature weights for environment: [-0.65557811 -0.01374154  0.75500233]
Feature weights for environment: [-0.866301   -0.34967581  0.35672034]
Feature weights for environment: [-0.6535586  -0.23072892  0.72085041]
Feature weights for environment: [-0.81326386 -0.04441834  0.5801973 ]
Feature weights for environment: [-0.27534761 -0.19938474  0.94044108]
Feature weights for environment: [-0.90753571 -0.40234227  0.1204144 ]
Feature weights for environment: [-0.32556312 -0.30396656  0.89532842]
Feature weights for environment: [-0.839382   -0.393236    0.37523766]
Feature weights for environment: [-0.94121751 -0.05112011  0.33391067]
Feature weights for environment: [-0.05456508 -0.040557    0.99768621]
Feature weights for environment: [-0.75478167 -0.33513042  0.563908  ]
Feature weights for environment: [-0.49248773 -0.22865786  0.83974486]
Feature weights for environment: [-0.56481614 -0.46100063  0.68444222]
Feature weights for environment: [-0.6667631  -0.57474284  0.47444455]
Feature weights for environment: [-0.46247666 -0.0267168   0.88622884]
Feature weights for environment: [-0.71505276 -0.68463496  0.14133129]
Feature weights for environment: [-0.94655708 -0.29794542  0.12352418]
Feature weights for environment: [-0.88315502 -0.32822573  0.33511952]
Feature weights for environment: [-0.83381491 -0.37890594  0.40147601]
Feature weights for environment: [-0.82098277 -0.18440172  0.54035479]
Feature weights for environment: [-0.73857451 -0.23755048  0.63093381]
Feature weights for environment: [-0.95541883 -0.18852986  0.22722531]
Feature weights for environment: [-0.98484463 -0.1489005   0.08893646]
Feature weights for environment: [-0.47840873 -0.41855607  0.77196885]
Generated optimal policies for all environments.

Running experiment 1/50...
Same Demos: [(0, 1), (0, 1), (0, 1)]

Running PBIRL with 1 demonstrations for experiment 1
MCMC completed with acceptance ratio: 0.3038
Using 3250 samples after burn-in.
Stored 3250 MCMC samples for demonstration 1
MAP Solution: [-0.63061678  0.10911078  0.76838617]
True reward weights: [-0.97266673 -0.03083248  0.23014951]
MAP Policy for current environment:

Running PBIRL with 2 demonstrations for experiment 1
MCMC completed with acceptance ratio: 0.2886
Using 3250 samples after burn-in.
Stored 3250 MCMC samples for demonstration 2
MAP Solution: [-0.26051884  0.41027113  0.87396083]
True reward weights: [-0.97266673 -0.03083248  0.23014951]
MAP Policy for current environment:

Running PBIRL with 3 demonstrations for experiment 1
MCMC completed with acceptance ratio: 0.2958
Using 3250 samples after burn-in.
Stored 3250 MCMC samples for demonstration 3
MAP Solution: [-0.89834955  0.07987548  0.43195833]
True reward weights: [-0.97266673 -0.03083248  0.23014951]
MAP Policy for current environment:

Running experiment 2/50...
Same Demos: [(2, 1), (2, 1), (2, 1)]

Running PBIRL with 1 demonstrations for experiment 2
MCMC completed with acceptance ratio: 0.4888
Using 3250 samples after burn-in.
Stored 3250 MCMC samples for demonstration 1
MAP Solution: [ 0.42189574 -0.80847507  0.41033162]
True reward weights: [-0.35835056 -0.08647525  0.92957351]
MAP Policy for current environment:

Running PBIRL with 2 demonstrations for experiment 2
MCMC completed with acceptance ratio: 0.4748
Using 3250 samples after burn-in.
Stored 3250 MCMC samples for demonstration 2
MAP Solution: [0.09839369 0.49353119 0.86414446]
True reward weights: [-0.35835056 -0.08647525  0.92957351]
MAP Policy for current environment:

Running PBIRL with 3 demonstrations for experiment 2
MCMC completed with acceptance ratio: 0.4750
Using 3250 samples after burn-in.
Stored 3250 MCMC samples for demonstration 3
MAP Solution: [0.43456368 0.42135694 0.79599795]
True reward weights: [-0.35835056 -0.08647525  0.92957351]
MAP Policy for current environment:

Saving results to files...
Results saved successfully.

Running experiment 3/50...
Same Demos: [(4, 3), (4, 3), (4, 3)]

Running PBIRL with 1 demonstrations for experiment 3
MCMC completed with acceptance ratio: 0.4898
Using 3250 samples after burn-in.
Stored 3250 MCMC samples for demonstration 1
MAP Solution: [-0.85923952 -0.46891032  0.20452519]
True reward weights: [-0.71046942 -0.64188771  0.28846728]
MAP Policy for current environment:

Running PBIRL with 2 demonstrations for experiment 3
MCMC completed with acceptance ratio: 0.4822
Using 3250 samples after burn-in.
Stored 3250 MCMC samples for demonstration 2
MAP Solution: [-0.44406511  0.37203146  0.8151066 ]
True reward weights: [-0.71046942 -0.64188771  0.28846728]
MAP Policy for current environment:

Running PBIRL with 3 demonstrations for experiment 3
MCMC completed with acceptance ratio: 0.4854
Using 3250 samples after burn-in.
Stored 3250 MCMC samples for demonstration 3
MAP Solution: [-0.76745535 -0.52975677  0.36106794]
True reward weights: [-0.71046942 -0.64188771  0.28846728]
MAP Policy for current environment:

Running experiment 4/50...
Same Demos: [(4, 3), (4, 3), (4, 3)]

Running PBIRL with 1 demonstrations for experiment 4
MCMC completed with acceptance ratio: 0.4884
Using 3250 samples after burn-in.
Stored 3250 MCMC samples for demonstration 1
MAP Solution: [ 0.67595369 -0.03936141  0.73589217]
True reward weights: [-0.89578956 -0.24432685  0.37130237]
MAP Policy for current environment:

Running PBIRL with 2 demonstrations for experiment 4
MCMC completed with acceptance ratio: 0.4808
Using 3250 samples after burn-in.
Stored 3250 MCMC samples for demonstration 2
MAP Solution: [ 0.54212522 -0.78364794  0.30330868]
True reward weights: [-0.89578956 -0.24432685  0.37130237]
MAP Policy for current environment:

Running PBIRL with 3 demonstrations for experiment 4
MCMC completed with acceptance ratio: 0.4748
Using 3250 samples after burn-in.
Stored 3250 MCMC samples for demonstration 3
MAP Solution: [-0.30583969 -0.93783114 -0.16411835]
True reward weights: [-0.89578956 -0.24432685  0.37130237]
MAP Policy for current environment:

Saving results to files...
Results saved successfully.

Running experiment 5/50...
Same Demos: [(4, 3), (4, 3), (4, 3)]

Running PBIRL with 1 demonstrations for experiment 5
MCMC completed with acceptance ratio: 0.4900
Using 3250 samples after burn-in.
Stored 3250 MCMC samples for demonstration 1
MAP Solution: [-0.59949661 -0.56579831  0.56610608]
True reward weights: [-0.7282924  -0.22722733  0.64649665]
MAP Policy for current environment:

Running PBIRL with 2 demonstrations for experiment 5
MCMC completed with acceptance ratio: 0.4700
Using 3250 samples after burn-in.
Stored 3250 MCMC samples for demonstration 2
MAP Solution: [-0.40281596  0.45974412  0.79143834]
True reward weights: [-0.7282924  -0.22722733  0.64649665]
MAP Policy for current environment:

Running PBIRL with 3 demonstrations for experiment 5
MCMC completed with acceptance ratio: 0.4874
Using 3250 samples after burn-in.
Stored 3250 MCMC samples for demonstration 3
MAP Solution: [ 0.38953355 -0.46564321  0.794632  ]
True reward weights: [-0.7282924  -0.22722733  0.64649665]
MAP Policy for current environment:

Running experiment 6/50...
Same Demos: [(2, 1), (2, 1), (2, 1)]

Running PBIRL with 1 demonstrations for experiment 6
MCMC completed with acceptance ratio: 0.4788
Using 3250 samples after burn-in.
Stored 3250 MCMC samples for demonstration 1
MAP Solution: [ 0.03259953 -0.72962381  0.68307127]
True reward weights: [-0.75022399 -0.57596895  0.32469021]
MAP Policy for current environment:

Running PBIRL with 2 demonstrations for experiment 6
MCMC completed with acceptance ratio: 0.4832
Using 3250 samples after burn-in.
Stored 3250 MCMC samples for demonstration 2
MAP Solution: [-0.8674292  -0.30049217  0.39657414]
True reward weights: [-0.75022399 -0.57596895  0.32469021]
MAP Policy for current environment:

Running PBIRL with 3 demonstrations for experiment 6
MCMC completed with acceptance ratio: 0.4834
Using 3250 samples after burn-in.
Stored 3250 MCMC samples for demonstration 3
MAP Solution: [ 0.17208793 -0.10684399  0.97927019]
True reward weights: [-0.75022399 -0.57596895  0.32469021]
MAP Policy for current environment:

Saving results to files...
Results saved successfully.

Running experiment 7/50...
Same Demos: [(2, 1), (2, 1), (2, 1)]

Running PBIRL with 1 demonstrations for experiment 7
MCMC completed with acceptance ratio: 0.4726
Using 3250 samples after burn-in.
Stored 3250 MCMC samples for demonstration 1
MAP Solution: [-0.76644846 -0.63993722 -0.05511006]
True reward weights: [-0.70842322 -0.26108332  0.65572254]
MAP Policy for current environment:

Running PBIRL with 2 demonstrations for experiment 7
MCMC completed with acceptance ratio: 0.4764
Using 3250 samples after burn-in.
Stored 3250 MCMC samples for demonstration 2
MAP Solution: [0.10351117 0.26714118 0.95808195]
True reward weights: [-0.70842322 -0.26108332  0.65572254]
MAP Policy for current environment:

Running PBIRL with 3 demonstrations for experiment 7
MCMC completed with acceptance ratio: 0.4888
Using 3250 samples after burn-in.
Stored 3250 MCMC samples for demonstration 3
MAP Solution: [-0.54120855 -0.79077469 -0.28595225]
True reward weights: [-0.70842322 -0.26108332  0.65572254]
MAP Policy for current environment:

Running experiment 8/50...
Same Demos: [(4, 3), (4, 3), (4, 3)]

Running PBIRL with 1 demonstrations for experiment 8
MCMC completed with acceptance ratio: 0.4806
Using 3250 samples after burn-in.
Stored 3250 MCMC samples for demonstration 1
MAP Solution: [ 0.4924904  -0.4294551   0.75698185]
True reward weights: [-0.74635145 -0.57484795  0.33542412]
MAP Policy for current environment:

Running PBIRL with 2 demonstrations for experiment 8
MCMC completed with acceptance ratio: 0.4742
Using 3250 samples after burn-in.
Stored 3250 MCMC samples for demonstration 2
MAP Solution: [-0.09594266 -0.0308481   0.99490874]
True reward weights: [-0.74635145 -0.57484795  0.33542412]
MAP Policy for current environment:

Running PBIRL with 3 demonstrations for experiment 8
MCMC completed with acceptance ratio: 0.4762
Using 3250 samples after burn-in.
Stored 3250 MCMC samples for demonstration 3
MAP Solution: [-0.46474711  0.08550108  0.88130567]
True reward weights: [-0.74635145 -0.57484795  0.33542412]
MAP Policy for current environment:

Saving results to files...
Results saved successfully.

Running experiment 9/50...
Same Demos: [(4, 3), (4, 3), (4, 3)]

Running PBIRL with 1 demonstrations for experiment 9
MCMC completed with acceptance ratio: 0.4762
Using 3250 samples after burn-in.
Stored 3250 MCMC samples for demonstration 1
MAP Solution: [-0.48818471 -0.21025522  0.84703508]
True reward weights: [-0.0505111  -0.01531811  0.99860602]
MAP Policy for current environment:

Running PBIRL with 2 demonstrations for experiment 9
MCMC completed with acceptance ratio: 0.4806
Using 3250 samples after burn-in.
Stored 3250 MCMC samples for demonstration 2
MAP Solution: [-0.2066563  -0.80197094  0.56047817]
True reward weights: [-0.0505111  -0.01531811  0.99860602]
MAP Policy for current environment:

Running PBIRL with 3 demonstrations for experiment 9
MCMC completed with acceptance ratio: 0.4884
Using 3250 samples after burn-in.
Stored 3250 MCMC samples for demonstration 3
MAP Solution: [-0.26850021 -0.54265332  0.7958863 ]
True reward weights: [-0.0505111  -0.01531811  0.99860602]
MAP Policy for current environment:

Running experiment 10/50...
Same Demos: [(4, 3), (4, 3), (4, 3)]

Running PBIRL with 1 demonstrations for experiment 10
MCMC completed with acceptance ratio: 0.4812
Using 3250 samples after burn-in.
Stored 3250 MCMC samples for demonstration 1
MAP Solution: [-0.84611732 -0.53219574  0.02920906]
True reward weights: [-0.76518493 -0.64328377  0.02603879]
MAP Policy for current environment:

Running PBIRL with 2 demonstrations for experiment 10
MCMC completed with acceptance ratio: 0.4892
Using 3250 samples after burn-in.
Stored 3250 MCMC samples for demonstration 2
MAP Solution: [-0.45210604 -0.55903557  0.69503911]
True reward weights: [-0.76518493 -0.64328377  0.02603879]
MAP Policy for current environment:

Running PBIRL with 3 demonstrations for experiment 10
MCMC completed with acceptance ratio: 0.4756
Using 3250 samples after burn-in.
Stored 3250 MCMC samples for demonstration 3
MAP Solution: [0.1535581  0.31987284 0.93493384]
True reward weights: [-0.76518493 -0.64328377  0.02603879]
MAP Policy for current environment:

Saving results to files...
Results saved successfully.

Running experiment 11/50...
Same Demos: [(0, 1), (0, 1), (0, 1)]

Running PBIRL with 1 demonstrations for experiment 11
MCMC completed with acceptance ratio: 0.2960
Using 3250 samples after burn-in.
Stored 3250 MCMC samples for demonstration 1
MAP Solution: [-0.69490501  0.28429416  0.66051787]
True reward weights: [-0.87829137 -0.24439244  0.41094598]
MAP Policy for current environment:

Running PBIRL with 2 demonstrations for experiment 11
MCMC completed with acceptance ratio: 0.2888
Using 3250 samples after burn-in.
Stored 3250 MCMC samples for demonstration 2
MAP Solution: [-0.92595288 -0.24057174  0.29109536]
True reward weights: [-0.87829137 -0.24439244  0.41094598]
MAP Policy for current environment:

Running PBIRL with 3 demonstrations for experiment 11
MCMC completed with acceptance ratio: 0.2886
Using 3250 samples after burn-in.
Stored 3250 MCMC samples for demonstration 3
MAP Solution: [-0.83986071  0.14035611  0.52434163]
True reward weights: [-0.87829137 -0.24439244  0.41094598]
MAP Policy for current environment:

Running experiment 12/50...
Same Demos: [(0, 1), (0, 1), (0, 1)]

Running PBIRL with 1 demonstrations for experiment 12
MCMC completed with acceptance ratio: 0.2974
Using 3250 samples after burn-in.
Stored 3250 MCMC samples for demonstration 1
MAP Solution: [-0.80360846 -0.15039562  0.57584252]
True reward weights: [-0.8497926  -0.50850291  0.13884283]
MAP Policy for current environment:

Running PBIRL with 2 demonstrations for experiment 12
MCMC completed with acceptance ratio: 0.2904
Using 3250 samples after burn-in.
Stored 3250 MCMC samples for demonstration 2
MAP Solution: [-0.42449883  0.33896913  0.83958363]
True reward weights: [-0.8497926  -0.50850291  0.13884283]
MAP Policy for current environment:

Running PBIRL with 3 demonstrations for experiment 12
MCMC completed with acceptance ratio: 0.2910
Using 3250 samples after burn-in.
Stored 3250 MCMC samples for demonstration 3
MAP Solution: [-0.60199658  0.0067486   0.79847015]
True reward weights: [-0.8497926  -0.50850291  0.13884283]
MAP Policy for current environment:

Saving results to files...
Results saved successfully.

Running experiment 13/50...
Same Demos: [(4, 3), (4, 3), (4, 3)]

Running PBIRL with 1 demonstrations for experiment 13
MCMC completed with acceptance ratio: 0.4918
Using 3250 samples after burn-in.
Stored 3250 MCMC samples for demonstration 1
MAP Solution: [-0.5808347   0.38466081  0.71740303]
True reward weights: [-0.34477193 -0.32328333  0.88126058]
MAP Policy for current environment:

Running PBIRL with 2 demonstrations for experiment 13
MCMC completed with acceptance ratio: 0.4754
Using 3250 samples after burn-in.
Stored 3250 MCMC samples for demonstration 2
MAP Solution: [-0.05802501 -0.93149269  0.35910232]
True reward weights: [-0.34477193 -0.32328333  0.88126058]
MAP Policy for current environment:

Running PBIRL with 3 demonstrations for experiment 13
MCMC completed with acceptance ratio: 0.4746
Using 3250 samples after burn-in.
Stored 3250 MCMC samples for demonstration 3
MAP Solution: [-0.62607612 -0.04947787  0.77819061]
True reward weights: [-0.34477193 -0.32328333  0.88126058]
MAP Policy for current environment:

Running experiment 14/50...
Same Demos: [(2, 1), (2, 1), (2, 1)]

Running PBIRL with 1 demonstrations for experiment 14
MCMC completed with acceptance ratio: 0.4876
Using 3250 samples after burn-in.
Stored 3250 MCMC samples for demonstration 1
MAP Solution: [ 0.39253456 -0.34040293  0.85442522]
True reward weights: [-0.43088031 -0.17122291  0.88601629]
MAP Policy for current environment:

Running PBIRL with 2 demonstrations for experiment 14
MCMC completed with acceptance ratio: 0.4770
Using 3250 samples after burn-in.
Stored 3250 MCMC samples for demonstration 2
MAP Solution: [ 0.53182335 -0.18074875  0.82734141]
True reward weights: [-0.43088031 -0.17122291  0.88601629]
MAP Policy for current environment:

Running PBIRL with 3 demonstrations for experiment 14
MCMC completed with acceptance ratio: 0.4876
Using 3250 samples after burn-in.
Stored 3250 MCMC samples for demonstration 3
MAP Solution: [ 0.02387825 -0.81071901  0.5849483 ]
True reward weights: [-0.43088031 -0.17122291  0.88601629]
MAP Policy for current environment:

Saving results to files...
Results saved successfully.

Running experiment 15/50...
Same Demos: [(4, 3), (4, 3), (4, 3)]

Running PBIRL with 1 demonstrations for experiment 15
MCMC completed with acceptance ratio: 0.4824
Using 3250 samples after burn-in.
Stored 3250 MCMC samples for demonstration 1
MAP Solution: [-0.43003452  0.32583717  0.84196226]
True reward weights: [-0.75433776 -0.02805593  0.65588674]
MAP Policy for current environment:

Running PBIRL with 2 demonstrations for experiment 15
MCMC completed with acceptance ratio: 0.4860
Using 3250 samples after burn-in.
Stored 3250 MCMC samples for demonstration 2
MAP Solution: [-0.45325834 -0.89136051  0.00577136]
True reward weights: [-0.75433776 -0.02805593  0.65588674]
MAP Policy for current environment:

Running PBIRL with 3 demonstrations for experiment 15
MCMC completed with acceptance ratio: 0.4896
Using 3250 samples after burn-in.
Stored 3250 MCMC samples for demonstration 3
MAP Solution: [-0.80391417 -0.59397346  0.03029076]
True reward weights: [-0.75433776 -0.02805593  0.65588674]
MAP Policy for current environment:

Running experiment 16/50...
Same Demos: [(2, 1), (2, 1), (2, 1)]

Running PBIRL with 1 demonstrations for experiment 16
MCMC completed with acceptance ratio: 0.4738
Using 3250 samples after burn-in.
Stored 3250 MCMC samples for demonstration 1
MAP Solution: [-0.69889845 -0.70547885 -0.11764586]
True reward weights: [-0.92032338 -0.11683579  0.37330186]
MAP Policy for current environment:

Running PBIRL with 2 demonstrations for experiment 16
MCMC completed with acceptance ratio: 0.4792
Using 3250 samples after burn-in.
Stored 3250 MCMC samples for demonstration 2
MAP Solution: [ 0.27350745 -0.4416123   0.85450117]
True reward weights: [-0.92032338 -0.11683579  0.37330186]
MAP Policy for current environment:

Running PBIRL with 3 demonstrations for experiment 16
MCMC completed with acceptance ratio: 0.4862
Using 3250 samples after burn-in.
Stored 3250 MCMC samples for demonstration 3
MAP Solution: [-0.09203773  0.50577202  0.85774339]
True reward weights: [-0.92032338 -0.11683579  0.37330186]
MAP Policy for current environment:

Saving results to files...
Results saved successfully.

Running experiment 17/50...
Same Demos: [(2, 1), (2, 1), (2, 1)]

Running PBIRL with 1 demonstrations for experiment 17
MCMC completed with acceptance ratio: 0.4880
Using 3250 samples after burn-in.
Stored 3250 MCMC samples for demonstration 1
MAP Solution: [ 0.17112773 -0.30436308  0.93705839]
True reward weights: [-0.76208548 -0.28664819  0.58056743]
MAP Policy for current environment:

Running PBIRL with 2 demonstrations for experiment 17
MCMC completed with acceptance ratio: 0.4874
Using 3250 samples after burn-in.
Stored 3250 MCMC samples for demonstration 2
MAP Solution: [ 0.16955199 -0.97740919  0.12618798]
True reward weights: [-0.76208548 -0.28664819  0.58056743]
MAP Policy for current environment:

Running PBIRL with 3 demonstrations for experiment 17
MCMC completed with acceptance ratio: 0.4734
Using 3250 samples after burn-in.
Stored 3250 MCMC samples for demonstration 3
MAP Solution: [-0.82016451 -0.56024876 -0.11598064]
True reward weights: [-0.76208548 -0.28664819  0.58056743]
MAP Policy for current environment:

Running experiment 18/50...
Same Demos: [(0, 1), (0, 1), (0, 1)]

Running PBIRL with 1 demonstrations for experiment 18
MCMC completed with acceptance ratio: 0.2966
Using 3250 samples after burn-in.
Stored 3250 MCMC samples for demonstration 1
MAP Solution: [-0.48474472  0.38319017  0.78624923]
True reward weights: [-0.39174849 -0.30341429  0.86860399]
MAP Policy for current environment:

Running PBIRL with 2 demonstrations for experiment 18
MCMC completed with acceptance ratio: 0.3004
Using 3250 samples after burn-in.
Stored 3250 MCMC samples for demonstration 2
MAP Solution: [-0.91431633 -0.36929462  0.16627429]
True reward weights: [-0.39174849 -0.30341429  0.86860399]
MAP Policy for current environment:

Running PBIRL with 3 demonstrations for experiment 18
MCMC completed with acceptance ratio: 0.2864
Using 3250 samples after burn-in.
Stored 3250 MCMC samples for demonstration 3
MAP Solution: [-0.91084683 -0.30669279  0.27622018]
True reward weights: [-0.39174849 -0.30341429  0.86860399]
MAP Policy for current environment:

Saving results to files...
Results saved successfully.

Running experiment 19/50...
Same Demos: [(0, 1), (0, 1), (0, 1)]

Running PBIRL with 1 demonstrations for experiment 19
MCMC completed with acceptance ratio: 0.2910
Using 3250 samples after burn-in.
Stored 3250 MCMC samples for demonstration 1
MAP Solution: [-0.71281638  0.27703301  0.64431787]
True reward weights: [-0.92648321 -0.16748955  0.33701054]
MAP Policy for current environment:

Running PBIRL with 2 demonstrations for experiment 19
MCMC completed with acceptance ratio: 0.2890
Using 3250 samples after burn-in.
Stored 3250 MCMC samples for demonstration 2
MAP Solution: [-0.93856643 -0.33748237  0.07210202]
True reward weights: [-0.92648321 -0.16748955  0.33701054]
MAP Policy for current environment:

Running PBIRL with 3 demonstrations for experiment 19
MCMC completed with acceptance ratio: 0.2978
Using 3250 samples after burn-in.
Stored 3250 MCMC samples for demonstration 3
MAP Solution: [-0.9649763  -0.15318194  0.21296956]
True reward weights: [-0.92648321 -0.16748955  0.33701054]
MAP Policy for current environment:

Running experiment 20/50...
Same Demos: [(2, 1), (2, 1), (2, 1)]

Running PBIRL with 1 demonstrations for experiment 20
MCMC completed with acceptance ratio: 0.4888
Using 3250 samples after burn-in.
Stored 3250 MCMC samples for demonstration 1
MAP Solution: [-0.31328813 -0.94915989 -0.030758  ]
True reward weights: [-0.61012931 -0.3129562   0.72787406]
MAP Policy for current environment:

Running PBIRL with 2 demonstrations for experiment 20
MCMC completed with acceptance ratio: 0.4804
Using 3250 samples after burn-in.
Stored 3250 MCMC samples for demonstration 2
MAP Solution: [-0.12896755 -0.84318448  0.52192653]
True reward weights: [-0.61012931 -0.3129562   0.72787406]
MAP Policy for current environment:

Running PBIRL with 3 demonstrations for experiment 20
MCMC completed with acceptance ratio: 0.4848
Using 3250 samples after burn-in.
Stored 3250 MCMC samples for demonstration 3
MAP Solution: [-0.75374144 -0.50763671  0.41734735]
True reward weights: [-0.61012931 -0.3129562   0.72787406]
MAP Policy for current environment:

Saving results to files...
Results saved successfully.

Running experiment 21/50...
Same Demos: [(4, 3), (4, 3), (4, 3)]

Running PBIRL with 1 demonstrations for experiment 21
MCMC completed with acceptance ratio: 0.4852
Using 3250 samples after burn-in.
Stored 3250 MCMC samples for demonstration 1
MAP Solution: [ 0.14704641 -0.49409495  0.85688245]
True reward weights: [-0.3738588  -0.3262014   0.86822937]
MAP Policy for current environment:

Running PBIRL with 2 demonstrations for experiment 21
MCMC completed with acceptance ratio: 0.4856
Using 3250 samples after burn-in.
Stored 3250 MCMC samples for demonstration 2
MAP Solution: [-0.1837257  -0.09121956  0.97873585]
True reward weights: [-0.3738588  -0.3262014   0.86822937]
MAP Policy for current environment:

Running PBIRL with 3 demonstrations for experiment 21
MCMC completed with acceptance ratio: 0.5012
Using 3250 samples after burn-in.
Stored 3250 MCMC samples for demonstration 3
MAP Solution: [ 0.27018076 -0.00813004  0.96277529]
True reward weights: [-0.3738588  -0.3262014   0.86822937]
MAP Policy for current environment:

Running experiment 22/50...
Same Demos: [(2, 1), (2, 1), (2, 1)]

Running PBIRL with 1 demonstrations for experiment 22
MCMC completed with acceptance ratio: 0.4848
Using 3250 samples after burn-in.
Stored 3250 MCMC samples for demonstration 1
MAP Solution: [-0.77545871  0.12282656  0.61933628]
True reward weights: [-0.70965126 -0.6051058   0.36089066]
MAP Policy for current environment:

Running PBIRL with 2 demonstrations for experiment 22
MCMC completed with acceptance ratio: 0.4738
Using 3250 samples after burn-in.
Stored 3250 MCMC samples for demonstration 2
MAP Solution: [ 0.02348243 -0.07472192  0.99692789]
True reward weights: [-0.70965126 -0.6051058   0.36089066]
MAP Policy for current environment:

Running PBIRL with 3 demonstrations for experiment 22
MCMC completed with acceptance ratio: 0.4816
Using 3250 samples after burn-in.
Stored 3250 MCMC samples for demonstration 3
MAP Solution: [-0.53474119 -0.14624947  0.83226375]
True reward weights: [-0.70965126 -0.6051058   0.36089066]
MAP Policy for current environment:

Saving results to files...
Results saved successfully.

Running experiment 23/50...
Same Demos: [(2, 1), (2, 1), (2, 1)]

Running PBIRL with 1 demonstrations for experiment 23
MCMC completed with acceptance ratio: 0.4844
Using 3250 samples after burn-in.
Stored 3250 MCMC samples for demonstration 1
MAP Solution: [-8.63204448e-01 -5.04854510e-01  7.01164926e-05]
True reward weights: [-0.74528522 -0.55533186  0.36899385]
MAP Policy for current environment:

Running PBIRL with 2 demonstrations for experiment 23
MCMC completed with acceptance ratio: 0.4922
Using 3250 samples after burn-in.
Stored 3250 MCMC samples for demonstration 2
MAP Solution: [-0.76468728 -0.35133454  0.54020126]
True reward weights: [-0.74528522 -0.55533186  0.36899385]
MAP Policy for current environment:

Running PBIRL with 3 demonstrations for experiment 23
MCMC completed with acceptance ratio: 0.4804
Using 3250 samples after burn-in.
Stored 3250 MCMC samples for demonstration 3
MAP Solution: [ 0.4483914  -0.62309658  0.64085552]
True reward weights: [-0.74528522 -0.55533186  0.36899385]
MAP Policy for current environment:

Running experiment 24/50...
Same Demos: [(4, 3), (4, 3), (4, 3)]

Running PBIRL with 1 demonstrations for experiment 24
MCMC completed with acceptance ratio: 0.4788
Using 3250 samples after burn-in.
Stored 3250 MCMC samples for demonstration 1
MAP Solution: [ 0.23255324 -0.82527211  0.51463088]
True reward weights: [-0.68144434 -0.29187893  0.6711485 ]
MAP Policy for current environment:

Running PBIRL with 2 demonstrations for experiment 24
MCMC completed with acceptance ratio: 0.4848
Using 3250 samples after burn-in.
Stored 3250 MCMC samples for demonstration 2
MAP Solution: [ 0.04981766 -0.95398032  0.29570213]
True reward weights: [-0.68144434 -0.29187893  0.6711485 ]
MAP Policy for current environment:

Running PBIRL with 3 demonstrations for experiment 24
MCMC completed with acceptance ratio: 0.4778
Using 3250 samples after burn-in.
Stored 3250 MCMC samples for demonstration 3
MAP Solution: [-0.27030829 -0.9033072  -0.3331209 ]
True reward weights: [-0.68144434 -0.29187893  0.6711485 ]
MAP Policy for current environment:

Saving results to files...
Results saved successfully.

Running experiment 25/50...
Same Demos: [(2, 1), (2, 1), (2, 1)]

Running PBIRL with 1 demonstrations for experiment 25
MCMC completed with acceptance ratio: 0.4856
Using 3250 samples after burn-in.
Stored 3250 MCMC samples for demonstration 1
MAP Solution: [-0.59937045 -0.63391702  0.48877835]
True reward weights: [-0.44714936 -0.30119858  0.84222139]
MAP Policy for current environment:

Running PBIRL with 2 demonstrations for experiment 25
MCMC completed with acceptance ratio: 0.4844
Using 3250 samples after burn-in.
Stored 3250 MCMC samples for demonstration 2
MAP Solution: [-0.77702563 -0.62867573  0.03159116]
True reward weights: [-0.44714936 -0.30119858  0.84222139]
MAP Policy for current environment:

Running PBIRL with 3 demonstrations for experiment 25
MCMC completed with acceptance ratio: 0.4918
Using 3250 samples after burn-in.
Stored 3250 MCMC samples for demonstration 3
MAP Solution: [-0.19495999 -0.9668056  -0.16515912]
True reward weights: [-0.44714936 -0.30119858  0.84222139]
MAP Policy for current environment:

Running experiment 26/50...
Same Demos: [(4, 3), (4, 3), (4, 3)]

Running PBIRL with 1 demonstrations for experiment 26
MCMC completed with acceptance ratio: 0.4816
Using 3250 samples after burn-in.
Stored 3250 MCMC samples for demonstration 1
MAP Solution: [-0.56590957  0.37269589  0.73542106]
True reward weights: [-0.7333898  -0.47830978  0.48307263]
MAP Policy for current environment:

Running PBIRL with 2 demonstrations for experiment 26
MCMC completed with acceptance ratio: 0.4848
Using 3250 samples after burn-in.
Stored 3250 MCMC samples for demonstration 2
MAP Solution: [-0.37306135 -0.53171333  0.76033293]
True reward weights: [-0.7333898  -0.47830978  0.48307263]
MAP Policy for current environment:

Running PBIRL with 3 demonstrations for experiment 26
MCMC completed with acceptance ratio: 0.4852
Using 3250 samples after burn-in.
Stored 3250 MCMC samples for demonstration 3
MAP Solution: [-0.07746273 -0.77445771  0.62786526]
True reward weights: [-0.7333898  -0.47830978  0.48307263]
MAP Policy for current environment:

Saving results to files...
Results saved successfully.

Running experiment 27/50...
Same Demos: [(0, 1), (0, 1), (0, 1)]

Running PBIRL with 1 demonstrations for experiment 27
MCMC completed with acceptance ratio: 0.2968
Using 3250 samples after burn-in.
Stored 3250 MCMC samples for demonstration 1
MAP Solution: [-0.92548366 -0.24271196  0.29081075]
True reward weights: [-0.65557811 -0.01374154  0.75500233]
MAP Policy for current environment:

Running PBIRL with 2 demonstrations for experiment 27
MCMC completed with acceptance ratio: 0.2976
Using 3250 samples after burn-in.
Stored 3250 MCMC samples for demonstration 2
MAP Solution: [-0.22981824  0.3213882   0.9186366 ]
True reward weights: [-0.65557811 -0.01374154  0.75500233]
MAP Policy for current environment:

Running PBIRL with 3 demonstrations for experiment 27
MCMC completed with acceptance ratio: 0.2968
Using 3250 samples after burn-in.
Stored 3250 MCMC samples for demonstration 3
MAP Solution: [-0.91974132 -0.19926231  0.33818699]
True reward weights: [-0.65557811 -0.01374154  0.75500233]
MAP Policy for current environment:

Running experiment 28/50...
Same Demos: [(2, 1), (2, 1), (2, 1)]

Running PBIRL with 1 demonstrations for experiment 28
MCMC completed with acceptance ratio: 0.4774
Using 3250 samples after burn-in.
Stored 3250 MCMC samples for demonstration 1
MAP Solution: [-0.46216536 -0.79478416 -0.39334631]
True reward weights: [-0.866301   -0.34967581  0.35672034]
MAP Policy for current environment:

Running PBIRL with 2 demonstrations for experiment 28
MCMC completed with acceptance ratio: 0.4820
Using 3250 samples after burn-in.
Stored 3250 MCMC samples for demonstration 2
MAP Solution: [-0.84111924 -0.53623237 -0.07052145]
True reward weights: [-0.866301   -0.34967581  0.35672034]
MAP Policy for current environment:

Running PBIRL with 3 demonstrations for experiment 28
MCMC completed with acceptance ratio: 0.4746
Using 3250 samples after burn-in.
Stored 3250 MCMC samples for demonstration 3
MAP Solution: [0.46243781 0.15068965 0.87375277]
True reward weights: [-0.866301   -0.34967581  0.35672034]
MAP Policy for current environment:

Saving results to files...
Results saved successfully.

Running experiment 29/50...
Same Demos: [(0, 1), (0, 1), (0, 1)]

Running PBIRL with 1 demonstrations for experiment 29
MCMC completed with acceptance ratio: 0.2912
Using 3250 samples after burn-in.
Stored 3250 MCMC samples for demonstration 1
MAP Solution: [-0.72753469 -0.09759711  0.67909357]
True reward weights: [-0.6535586  -0.23072892  0.72085041]
MAP Policy for current environment:

Running PBIRL with 2 demonstrations for experiment 29
MCMC completed with acceptance ratio: 0.2964
Using 3250 samples after burn-in.
Stored 3250 MCMC samples for demonstration 2
MAP Solution: [-0.52486293  0.26703892  0.80821353]
True reward weights: [-0.6535586  -0.23072892  0.72085041]
MAP Policy for current environment:

Running PBIRL with 3 demonstrations for experiment 29
MCMC completed with acceptance ratio: 0.2996
Using 3250 samples after burn-in.
Stored 3250 MCMC samples for demonstration 3
MAP Solution: [-0.50000033  0.34796951  0.7930428 ]
True reward weights: [-0.6535586  -0.23072892  0.72085041]
MAP Policy for current environment:

Running experiment 30/50...
Same Demos: [(4, 3), (4, 3), (4, 3)]

Running PBIRL with 1 demonstrations for experiment 30
MCMC completed with acceptance ratio: 0.4810
Using 3250 samples after burn-in.
Stored 3250 MCMC samples for demonstration 1
MAP Solution: [0.19028509 0.32889029 0.92499879]
True reward weights: [-0.81326386 -0.04441834  0.5801973 ]
MAP Policy for current environment:

Running PBIRL with 2 demonstrations for experiment 30
MCMC completed with acceptance ratio: 0.4866
Using 3250 samples after burn-in.
Stored 3250 MCMC samples for demonstration 2
MAP Solution: [ 0.7535662  -0.1479661   0.64050294]
True reward weights: [-0.81326386 -0.04441834  0.5801973 ]
MAP Policy for current environment:

Running PBIRL with 3 demonstrations for experiment 30
MCMC completed with acceptance ratio: 0.4830
Using 3250 samples after burn-in.
Stored 3250 MCMC samples for demonstration 3
MAP Solution: [-0.04273369 -0.41741634  0.90770999]
True reward weights: [-0.81326386 -0.04441834  0.5801973 ]
MAP Policy for current environment:

Saving results to files...
Results saved successfully.

Running experiment 31/50...
Same Demos: [(4, 3), (4, 3), (4, 3)]

Running PBIRL with 1 demonstrations for experiment 31
MCMC completed with acceptance ratio: 0.4810
Using 3250 samples after burn-in.
Stored 3250 MCMC samples for demonstration 1
MAP Solution: [-0.72719287 -0.14127904  0.67173712]
True reward weights: [-0.27534761 -0.19938474  0.94044108]
MAP Policy for current environment:

Running PBIRL with 2 demonstrations for experiment 31
MCMC completed with acceptance ratio: 0.4954
Using 3250 samples after burn-in.
Stored 3250 MCMC samples for demonstration 2
MAP Solution: [ 0.1236022  -0.99178713  0.03287537]
True reward weights: [-0.27534761 -0.19938474  0.94044108]
MAP Policy for current environment:

Running PBIRL with 3 demonstrations for experiment 31
MCMC completed with acceptance ratio: 0.4824
Using 3250 samples after burn-in.
Stored 3250 MCMC samples for demonstration 3
MAP Solution: [ 0.03895396 -0.57423038  0.81776651]
True reward weights: [-0.27534761 -0.19938474  0.94044108]
MAP Policy for current environment:

Running experiment 32/50...
Same Demos: [(0, 1), (0, 1), (0, 1)]

Running PBIRL with 1 demonstrations for experiment 32
MCMC completed with acceptance ratio: 0.2888
Using 3250 samples after burn-in.
Stored 3250 MCMC samples for demonstration 1
MAP Solution: [-0.38386458  0.34398274  0.85692698]
True reward weights: [-0.90753571 -0.40234227  0.1204144 ]
MAP Policy for current environment:

Running PBIRL with 2 demonstrations for experiment 32
MCMC completed with acceptance ratio: 0.2944
Using 3250 samples after burn-in.
Stored 3250 MCMC samples for demonstration 2
MAP Solution: [-0.5426405   0.29702875  0.78569409]
True reward weights: [-0.90753571 -0.40234227  0.1204144 ]
MAP Policy for current environment:

Running PBIRL with 3 demonstrations for experiment 32
MCMC completed with acceptance ratio: 0.2930
Using 3250 samples after burn-in.
Stored 3250 MCMC samples for demonstration 3
MAP Solution: [-0.89270335 -0.1836715   0.4115161 ]
True reward weights: [-0.90753571 -0.40234227  0.1204144 ]
MAP Policy for current environment:

Saving results to files...
Results saved successfully.

Running experiment 33/50...
Same Demos: [(0, 1), (0, 1), (0, 1)]

Running PBIRL with 1 demonstrations for experiment 33
MCMC completed with acceptance ratio: 0.2988
Using 3250 samples after burn-in.
Stored 3250 MCMC samples for demonstration 1
MAP Solution: [-0.78395322 -0.17430487  0.59584828]
True reward weights: [-0.32556312 -0.30396656  0.89532842]
MAP Policy for current environment:

Running PBIRL with 2 demonstrations for experiment 33
MCMC completed with acceptance ratio: 0.2998
Using 3250 samples after burn-in.
Stored 3250 MCMC samples for demonstration 2
MAP Solution: [-0.93159755 -0.05121762  0.35986491]
True reward weights: [-0.32556312 -0.30396656  0.89532842]
MAP Policy for current environment:

Running PBIRL with 3 demonstrations for experiment 33
MCMC completed with acceptance ratio: 0.2976
Using 3250 samples after burn-in.
Stored 3250 MCMC samples for demonstration 3
MAP Solution: [-0.84135526 -0.24870416  0.47986203]
True reward weights: [-0.32556312 -0.30396656  0.89532842]
MAP Policy for current environment:

Running experiment 34/50...
Same Demos: [(2, 1), (2, 1), (2, 1)]

Running PBIRL with 1 demonstrations for experiment 34
MCMC completed with acceptance ratio: 0.4806
Using 3250 samples after burn-in.
Stored 3250 MCMC samples for demonstration 1
MAP Solution: [ 0.4047687  -0.85613015  0.32125294]
True reward weights: [-0.839382   -0.393236    0.37523766]
MAP Policy for current environment:

Running PBIRL with 2 demonstrations for experiment 34
MCMC completed with acceptance ratio: 0.4766
Using 3250 samples after burn-in.
Stored 3250 MCMC samples for demonstration 2
MAP Solution: [ 0.15535896 -0.55297412  0.81858611]
True reward weights: [-0.839382   -0.393236    0.37523766]
MAP Policy for current environment:

Running PBIRL with 3 demonstrations for experiment 34
MCMC completed with acceptance ratio: 0.4760
Using 3250 samples after burn-in.
Stored 3250 MCMC samples for demonstration 3
MAP Solution: [-0.72649588 -0.56652569  0.38891179]
True reward weights: [-0.839382   -0.393236    0.37523766]
MAP Policy for current environment:

Saving results to files...
Results saved successfully.

Running experiment 35/50...
Same Demos: [(0, 1), (0, 1), (0, 1)]

Running PBIRL with 1 demonstrations for experiment 35
MCMC completed with acceptance ratio: 0.2980
Using 3250 samples after burn-in.
Stored 3250 MCMC samples for demonstration 1
MAP Solution: [-0.10902121  0.44800002  0.88736146]
True reward weights: [-0.94121751 -0.05112011  0.33391067]
MAP Policy for current environment:

Running PBIRL with 2 demonstrations for experiment 35
MCMC completed with acceptance ratio: 0.2932
Using 3250 samples after burn-in.
Stored 3250 MCMC samples for demonstration 2
MAP Solution: [-0.61118552  0.17292597  0.77236576]
True reward weights: [-0.94121751 -0.05112011  0.33391067]
MAP Policy for current environment:

Running PBIRL with 3 demonstrations for experiment 35
MCMC completed with acceptance ratio: 0.2986
Using 3250 samples after burn-in.
Stored 3250 MCMC samples for demonstration 3
MAP Solution: [-0.77716484  0.17212271  0.60530041]
True reward weights: [-0.94121751 -0.05112011  0.33391067]
MAP Policy for current environment:

Running experiment 36/50...
Same Demos: [(0, 1), (0, 1), (0, 1)]

Running PBIRL with 1 demonstrations for experiment 36
MCMC completed with acceptance ratio: 0.2940
Using 3250 samples after burn-in.
Stored 3250 MCMC samples for demonstration 1
MAP Solution: [-0.71337053  0.09774979  0.69393621]
True reward weights: [-0.05456508 -0.040557    0.99768621]
MAP Policy for current environment:

Running PBIRL with 2 demonstrations for experiment 36
MCMC completed with acceptance ratio: 0.2992
Using 3250 samples after burn-in.
Stored 3250 MCMC samples for demonstration 2
MAP Solution: [-0.2386463   0.31257348  0.91942687]
True reward weights: [-0.05456508 -0.040557    0.99768621]
MAP Policy for current environment:

Running PBIRL with 3 demonstrations for experiment 36
MCMC completed with acceptance ratio: 0.2924
Using 3250 samples after burn-in.
Stored 3250 MCMC samples for demonstration 3
MAP Solution: [-0.43896782  0.11862475  0.89063765]
True reward weights: [-0.05456508 -0.040557    0.99768621]
MAP Policy for current environment:

Saving results to files...
Results saved successfully.

Running experiment 37/50...
Same Demos: [(2, 1), (2, 1), (2, 1)]

Running PBIRL with 1 demonstrations for experiment 37
MCMC completed with acceptance ratio: 0.4796
Using 3250 samples after burn-in.
Stored 3250 MCMC samples for demonstration 1
MAP Solution: [-0.24665817 -0.79021934  0.560993  ]
True reward weights: [-0.75478167 -0.33513042  0.563908  ]
MAP Policy for current environment:

Running PBIRL with 2 demonstrations for experiment 37
MCMC completed with acceptance ratio: 0.4756
Using 3250 samples after burn-in.
Stored 3250 MCMC samples for demonstration 2
MAP Solution: [-0.58637939  0.26345824  0.76599541]
True reward weights: [-0.75478167 -0.33513042  0.563908  ]
MAP Policy for current environment:

Running PBIRL with 3 demonstrations for experiment 37
MCMC completed with acceptance ratio: 0.4776
Using 3250 samples after burn-in.
Stored 3250 MCMC samples for demonstration 3
MAP Solution: [ 0.27899805 -0.60472969  0.74596387]
True reward weights: [-0.75478167 -0.33513042  0.563908  ]
MAP Policy for current environment:

Running experiment 38/50...
Same Demos: [(0, 1), (0, 1), (0, 1)]

Running PBIRL with 1 demonstrations for experiment 38
MCMC completed with acceptance ratio: 0.2908
Using 3250 samples after burn-in.
Stored 3250 MCMC samples for demonstration 1
MAP Solution: [-0.15453285  0.41250382  0.89775286]
True reward weights: [-0.49248773 -0.22865786  0.83974486]
MAP Policy for current environment:

Running PBIRL with 2 demonstrations for experiment 38
MCMC completed with acceptance ratio: 0.2990
Using 3250 samples after burn-in.
Stored 3250 MCMC samples for demonstration 2
MAP Solution: [-0.79400481 -0.1094532   0.59797689]
True reward weights: [-0.49248773 -0.22865786  0.83974486]
MAP Policy for current environment:

Running PBIRL with 3 demonstrations for experiment 38
MCMC completed with acceptance ratio: 0.2952
Using 3250 samples after burn-in.
Stored 3250 MCMC samples for demonstration 3
MAP Solution: [-0.42436944  0.40313887  0.81079568]
True reward weights: [-0.49248773 -0.22865786  0.83974486]
MAP Policy for current environment:

Saving results to files...
Results saved successfully.

Running experiment 39/50...
Same Demos: [(2, 1), (2, 1), (2, 1)]

Running PBIRL with 1 demonstrations for experiment 39
MCMC completed with acceptance ratio: 0.4722
Using 3250 samples after burn-in.
Stored 3250 MCMC samples for demonstration 1
MAP Solution: [ 0.28872476 -0.87213643  0.39498868]
True reward weights: [-0.56481614 -0.46100063  0.68444222]
MAP Policy for current environment:

Running PBIRL with 2 demonstrations for experiment 39
MCMC completed with acceptance ratio: 0.4906
Using 3250 samples after burn-in.
Stored 3250 MCMC samples for demonstration 2
MAP Solution: [0.31107573 0.09163521 0.94595712]
True reward weights: [-0.56481614 -0.46100063  0.68444222]
MAP Policy for current environment:

Running PBIRL with 3 demonstrations for experiment 39
MCMC completed with acceptance ratio: 0.4778
Using 3250 samples after burn-in.
Stored 3250 MCMC samples for demonstration 3
MAP Solution: [ 0.26349569 -0.90022574  0.34664628]
True reward weights: [-0.56481614 -0.46100063  0.68444222]
MAP Policy for current environment:

Running experiment 40/50...
Same Demos: [(4, 3), (4, 3), (4, 3)]

Running PBIRL with 1 demonstrations for experiment 40
MCMC completed with acceptance ratio: 0.4948
Using 3250 samples after burn-in.
Stored 3250 MCMC samples for demonstration 1
MAP Solution: [-0.13709345 -0.96930388 -0.2040965 ]
True reward weights: [-0.6667631  -0.57474284  0.47444455]
MAP Policy for current environment:

Running PBIRL with 2 demonstrations for experiment 40
MCMC completed with acceptance ratio: 0.4760
Using 3250 samples after burn-in.
Stored 3250 MCMC samples for demonstration 2
MAP Solution: [-0.8726058  -0.22329311  0.43439534]
True reward weights: [-0.6667631  -0.57474284  0.47444455]
MAP Policy for current environment:

Running PBIRL with 3 demonstrations for experiment 40
MCMC completed with acceptance ratio: 0.4748
Using 3250 samples after burn-in.
Stored 3250 MCMC samples for demonstration 3
MAP Solution: [0.28091998 0.37325488 0.88417462]
True reward weights: [-0.6667631  -0.57474284  0.47444455]
MAP Policy for current environment:

Saving results to files...
Results saved successfully.

Running experiment 41/50...
Same Demos: [(4, 3), (4, 3), (4, 3)]

Running PBIRL with 1 demonstrations for experiment 41
MCMC completed with acceptance ratio: 0.4822
Using 3250 samples after burn-in.
Stored 3250 MCMC samples for demonstration 1
MAP Solution: [ 0.65090267 -0.10001193  0.75254457]
True reward weights: [-0.46247666 -0.0267168   0.88622884]
MAP Policy for current environment:

Running PBIRL with 2 demonstrations for experiment 41
MCMC completed with acceptance ratio: 0.4768
Using 3250 samples after burn-in.
Stored 3250 MCMC samples for demonstration 2
MAP Solution: [-0.1127787  -0.26684597  0.95711765]
True reward weights: [-0.46247666 -0.0267168   0.88622884]
MAP Policy for current environment:

Running PBIRL with 3 demonstrations for experiment 41
MCMC completed with acceptance ratio: 0.4690
Using 3250 samples after burn-in.
Stored 3250 MCMC samples for demonstration 3
MAP Solution: [-0.26418965 -0.17847061  0.94781437]
True reward weights: [-0.46247666 -0.0267168   0.88622884]
MAP Policy for current environment:

Running experiment 42/50...
Same Demos: [(2, 1), (2, 1), (2, 1)]

Running PBIRL with 1 demonstrations for experiment 42
MCMC completed with acceptance ratio: 0.4838
Using 3250 samples after burn-in.
Stored 3250 MCMC samples for demonstration 1
MAP Solution: [-0.85608381 -0.50350055  0.11665208]
True reward weights: [-0.71505276 -0.68463496  0.14133129]
MAP Policy for current environment:

Running PBIRL with 2 demonstrations for experiment 42
MCMC completed with acceptance ratio: 0.4834
Using 3250 samples after burn-in.
Stored 3250 MCMC samples for demonstration 2
MAP Solution: [ 0.44950492 -0.04599897  0.89209272]
True reward weights: [-0.71505276 -0.68463496  0.14133129]
MAP Policy for current environment:

Running PBIRL with 3 demonstrations for experiment 42
MCMC completed with acceptance ratio: 0.4782
Using 3250 samples after burn-in.
Stored 3250 MCMC samples for demonstration 3
MAP Solution: [-0.1884195  -0.87795058  0.44011461]
True reward weights: [-0.71505276 -0.68463496  0.14133129]
MAP Policy for current environment:

Saving results to files...
Results saved successfully.

Running experiment 43/50...
Same Demos: [(0, 1), (0, 1), (0, 1)]

Running PBIRL with 1 demonstrations for experiment 43
MCMC completed with acceptance ratio: 0.2884
Using 3250 samples after burn-in.
Stored 3250 MCMC samples for demonstration 1
MAP Solution: [-0.30335436  0.47473115  0.82620002]
True reward weights: [-0.94655708 -0.29794542  0.12352418]
MAP Policy for current environment:

Running PBIRL with 2 demonstrations for experiment 43
MCMC completed with acceptance ratio: 0.2862
Using 3250 samples after burn-in.
Stored 3250 MCMC samples for demonstration 2
MAP Solution: [-0.86952998 -0.02696997  0.49314322]
True reward weights: [-0.94655708 -0.29794542  0.12352418]
MAP Policy for current environment:

Running PBIRL with 3 demonstrations for experiment 43
MCMC completed with acceptance ratio: 0.2924
Using 3250 samples after burn-in.
Stored 3250 MCMC samples for demonstration 3
MAP Solution: [-0.83439285 -0.01751554  0.55089181]
True reward weights: [-0.94655708 -0.29794542  0.12352418]
MAP Policy for current environment:

Running experiment 44/50...
Same Demos: [(2, 1), (2, 1), (2, 1)]

Running PBIRL with 1 demonstrations for experiment 44
MCMC completed with acceptance ratio: 0.4946
Using 3250 samples after burn-in.
Stored 3250 MCMC samples for demonstration 1
MAP Solution: [ 0.19694885 -0.09246086  0.97604413]
True reward weights: [-0.88315502 -0.32822573  0.33511952]
MAP Policy for current environment:

Running PBIRL with 2 demonstrations for experiment 44
MCMC completed with acceptance ratio: 0.4864
Using 3250 samples after burn-in.
Stored 3250 MCMC samples for demonstration 2
MAP Solution: [ 0.41980266 -0.82905447  0.36937029]
True reward weights: [-0.88315502 -0.32822573  0.33511952]
MAP Policy for current environment:

Running PBIRL with 3 demonstrations for experiment 44
MCMC completed with acceptance ratio: 0.4882
Using 3250 samples after burn-in.
Stored 3250 MCMC samples for demonstration 3
MAP Solution: [-0.49302604 -0.47537918  0.72865627]
True reward weights: [-0.88315502 -0.32822573  0.33511952]
MAP Policy for current environment:

Saving results to files...
Results saved successfully.

Running experiment 45/50...
Same Demos: [(4, 3), (4, 3), (4, 3)]

Running PBIRL with 1 demonstrations for experiment 45
MCMC completed with acceptance ratio: 0.4766
Using 3250 samples after burn-in.
Stored 3250 MCMC samples for demonstration 1
MAP Solution: [-0.24403504 -0.55244464  0.79702686]
True reward weights: [-0.83381491 -0.37890594  0.40147601]
MAP Policy for current environment:

Running PBIRL with 2 demonstrations for experiment 45
MCMC completed with acceptance ratio: 0.4794
Using 3250 samples after burn-in.
Stored 3250 MCMC samples for demonstration 2
MAP Solution: [-0.95377268 -0.23854522  0.18279457]
True reward weights: [-0.83381491 -0.37890594  0.40147601]
MAP Policy for current environment:

Running PBIRL with 3 demonstrations for experiment 45
MCMC completed with acceptance ratio: 0.4866
Using 3250 samples after burn-in.
Stored 3250 MCMC samples for demonstration 3
MAP Solution: [-0.60832145 -0.31341403  0.72918904]
True reward weights: [-0.83381491 -0.37890594  0.40147601]
MAP Policy for current environment:

Running experiment 46/50...
Same Demos: [(4, 3), (4, 3), (4, 3)]

Running PBIRL with 1 demonstrations for experiment 46
MCMC completed with acceptance ratio: 0.4846
Using 3250 samples after burn-in.
Stored 3250 MCMC samples for demonstration 1
MAP Solution: [-0.6020681   0.20836713  0.77077698]
True reward weights: [-0.82098277 -0.18440172  0.54035479]
MAP Policy for current environment:

Running PBIRL with 2 demonstrations for experiment 46
MCMC completed with acceptance ratio: 0.4832
Using 3250 samples after burn-in.
Stored 3250 MCMC samples for demonstration 2
MAP Solution: [-0.68880338 -0.68366595  0.24114471]
True reward weights: [-0.82098277 -0.18440172  0.54035479]
MAP Policy for current environment:

Running PBIRL with 3 demonstrations for experiment 46
MCMC completed with acceptance ratio: 0.4686
Using 3250 samples after burn-in.
Stored 3250 MCMC samples for demonstration 3
MAP Solution: [0.32670534 0.28412937 0.90140675]
True reward weights: [-0.82098277 -0.18440172  0.54035479]
MAP Policy for current environment:

Saving results to files...
Results saved successfully.

Running experiment 47/50...
Same Demos: [(0, 1), (0, 1), (0, 1)]

Running PBIRL with 1 demonstrations for experiment 47
MCMC completed with acceptance ratio: 0.2942
Using 3250 samples after burn-in.
Stored 3250 MCMC samples for demonstration 1
MAP Solution: [-0.95435706 -0.26574948  0.1363078 ]
True reward weights: [-0.73857451 -0.23755048  0.63093381]
MAP Policy for current environment:

Running PBIRL with 2 demonstrations for experiment 47
MCMC completed with acceptance ratio: 0.2924
Using 3250 samples after burn-in.
Stored 3250 MCMC samples for demonstration 2
MAP Solution: [-0.46572927  0.41555681  0.78128662]
True reward weights: [-0.73857451 -0.23755048  0.63093381]
MAP Policy for current environment:

Running PBIRL with 3 demonstrations for experiment 47
MCMC completed with acceptance ratio: 0.2886
Using 3250 samples after burn-in.
Stored 3250 MCMC samples for demonstration 3
MAP Solution: [-0.36846062  0.40882689  0.83492356]
True reward weights: [-0.73857451 -0.23755048  0.63093381]
MAP Policy for current environment:

Running experiment 48/50...
Same Demos: [(4, 3), (4, 3), (4, 3)]

Running PBIRL with 1 demonstrations for experiment 48
MCMC completed with acceptance ratio: 0.4914
Using 3250 samples after burn-in.
Stored 3250 MCMC samples for demonstration 1
MAP Solution: [-0.95704174 -0.19764679  0.2121482 ]
True reward weights: [-0.95541883 -0.18852986  0.22722531]
MAP Policy for current environment:

Running PBIRL with 2 demonstrations for experiment 48
MCMC completed with acceptance ratio: 0.4826
Using 3250 samples after burn-in.
Stored 3250 MCMC samples for demonstration 2
MAP Solution: [-0.3563711   0.41087457  0.83915537]
True reward weights: [-0.95541883 -0.18852986  0.22722531]
MAP Policy for current environment:

Running PBIRL with 3 demonstrations for experiment 48
MCMC completed with acceptance ratio: 0.4798
Using 3250 samples after burn-in.
Stored 3250 MCMC samples for demonstration 3
MAP Solution: [ 0.02132689 -0.99431494 -0.10432142]
True reward weights: [-0.95541883 -0.18852986  0.22722531]
MAP Policy for current environment:

Saving results to files...
Results saved successfully.

Running experiment 49/50...
Same Demos: [(4, 3), (4, 3), (4, 3)]

Running PBIRL with 1 demonstrations for experiment 49
MCMC completed with acceptance ratio: 0.4946
Using 3250 samples after burn-in.
Stored 3250 MCMC samples for demonstration 1
MAP Solution: [-0.48631954 -0.28164959  0.82714377]
True reward weights: [-0.98484463 -0.1489005   0.08893646]
MAP Policy for current environment:

Running PBIRL with 2 demonstrations for experiment 49
MCMC completed with acceptance ratio: 0.4798
Using 3250 samples after burn-in.
Stored 3250 MCMC samples for demonstration 2
MAP Solution: [-0.07653852 -0.72463889  0.6848652 ]
True reward weights: [-0.98484463 -0.1489005   0.08893646]
MAP Policy for current environment:

Running PBIRL with 3 demonstrations for experiment 49
MCMC completed with acceptance ratio: 0.4758
Using 3250 samples after burn-in.
Stored 3250 MCMC samples for demonstration 3
MAP Solution: [ 0.40963323 -0.07018682  0.90954628]
True reward weights: [-0.98484463 -0.1489005   0.08893646]
MAP Policy for current environment:

Running experiment 50/50...
Same Demos: [(2, 1), (2, 1), (2, 1)]

Running PBIRL with 1 demonstrations for experiment 50
MCMC completed with acceptance ratio: 0.4850
Using 3250 samples after burn-in.
Stored 3250 MCMC samples for demonstration 1
MAP Solution: [-0.30920414 -0.93735413  0.16049933]
True reward weights: [-0.47840873 -0.41855607  0.77196885]
MAP Policy for current environment:

Running PBIRL with 2 demonstrations for experiment 50
MCMC completed with acceptance ratio: 0.4904
Using 3250 samples after burn-in.
Stored 3250 MCMC samples for demonstration 2
MAP Solution: [-0.90142901 -0.11283976  0.41796282]
True reward weights: [-0.47840873 -0.41855607  0.77196885]
MAP Policy for current environment:

Running PBIRL with 3 demonstrations for experiment 50
MCMC completed with acceptance ratio: 0.4880
Using 3250 samples after burn-in.
Stored 3250 MCMC samples for demonstration 3
MAP Solution: [-0.7344423  -0.65076122  0.19262488]
True reward weights: [-0.47840873 -0.41855607  0.77196885]
MAP Policy for current environment:

Saving results to files...
Results saved successfully.
